<?xml version="1.0" encoding="UTF-8"?>
<testsuites name="1-1 Order Test Suite" time="25" tests="2" failures="0" errors="0">
   <testsuite name="1-1 Order Test Suite" tests="2" failures="0" errors="0" time="25" timestamp="2019-06-10 17:09:57" hostname="KennyIC_Chen - Larry_Chen.compal.com" id="Test Suites/1-1 Order Test Suite">
      <properties>
         <property name="deviceName" value=""/>
         <property name="devicePlatform" value=""/>
         <property name="logFolder" value="D:\\Kenny\\D\\Katalon Studio\\PSI\\PSItest\\Reports\\1-1 Order Test Suite\\20190610_170952"/>
         <property name="logFiles" value="D:\\Kenny\\D\\Katalon Studio\\PSI\\PSItest\\Reports\\1-1 Order Test Suite\\20190610_170952\\execution0.log"/>
         <property name="attachments" value="D:\\Kenny\\D\\Katalon Studio\\PSI\\PSItest\\Reports\\1-1 Order Test Suite\\20190610_170952\\1560157821321.png"/>
         <property name="hostName" value="KennyIC_Chen - Larry_Chen.compal.com"/>
         <property name="os" value="Windows 10 64bit"/>
         <property name="katalonVersion" value="5.10.1.1"/>
         <property name="browser" value="Chrome 74.0.3729.169"/>
         <property name="hostAddress" value="192.168.0.140"/>
         <property name="sessionId" value="d9c95166c497fd358cf78f0bbc3a0fd1"/>
         <property name="seleniumVersion" value="3.7.1"/>
         <property name="proxyInformation" value="ProxyInformation{proxyOption=NO_PROXY, proxyServerType=HTTP, password=, proxyServerAddress=, proxyServerPort=0}"/>
         <property name="platform" value="Windows 10"/>
      </properties>
      <testcase name="Test Cases/Others/Login" classname="Test Cases/Others/Login" status="PASSED">
         <system-out><![CDATA[2019-06-10 17:09:58 - [TEST_CASE][PASSED] - Test Cases/Others/Login: Test Cases/Others/Login

2019-06-10 17:09:59 - [TEST_STEP][PASSED] - openBrowser(""): Browser is opened with url: ''

2019-06-10 17:10:00 - [MESSAGE][INFO] - Starting 'Chrome' driver

2019-06-10 17:10:00 - [MESSAGE][INFO] - Action delay is set to 0 seconds

2019-06-10 17:10:05 - [MESSAGE][PASSED] - Browser is opened with url: ''

2019-06-10 17:10:05 - [TEST_STEP][PASSED] - navigateToUrl("https://psi-azcldap.unicore.com.tw/login"): Navigate to 'https://psi-azcldap.unicore.com.tw/login' successfully

2019-06-10 17:10:09 - [MESSAGE][PASSED] - Navigate to 'https://psi-azcldap.unicore.com.tw/login' successfully

2019-06-10 17:10:09 - [TEST_STEP][PASSED] - maximizeWindow(): Current window maximized

2019-06-10 17:10:11 - [MESSAGE][PASSED] - Current window maximized

2019-06-10 17:10:11 - [TEST_STEP][PASSED] - setText(findTestObject("Others/Login/ID-QWE"), "QWE"): Text 'QWE' is set on object 'Object Repository/Others/Login/ID-QWE'

2019-06-10 17:10:11 - [MESSAGE][PASSED] - Text 'QWE' is set on object 'Object Repository/Others/Login/ID-QWE'

2019-06-10 17:10:11 - [TEST_STEP][PASSED] - setEncryptedText(findTestObject("Others/Login/PW-QWE"), "5opu+sh6ATw="): Text ****** has been set on object 'Object Repository/Others/Login/PW-QWE'

2019-06-10 17:10:11 - [MESSAGE][PASSED] - Text ****** has been set on object 'Object Repository/Others/Login/PW-QWE'

2019-06-10 17:10:11 - [TEST_STEP][PASSED] - click(findTestObject("Others/Login/Login Button")): Object: 'Object Repository/Others/Login/Login Button' is clicked on

2019-06-10 17:10:12 - [MESSAGE][PASSED] - Object: 'Object Repository/Others/Login/Login Button' is clicked on

2019-06-10 17:10:12 - [TEST_STEP][PASSED] - verifyElementClickable(findTestObject("Others/Login/Verify button")): Object 'Object Repository/Others/Login/Verify button' is clickable

2019-06-10 17:10:13 - [MESSAGE][PASSED] - Object 'Object Repository/Others/Login/Verify button' is clickable]]></system-out>
         <system-err><![CDATA[]]></system-err>
      </testcase>
      <testcase name="Test Cases/1 In/1-1 Order/1-1 Order-Add" classname="Test Cases/1 In/1-1 Order/1-1 Order-Add" status="PASSED">
         <system-out><![CDATA[2019-06-10 17:10:13 - [TEST_CASE][PASSED] - Test Cases/1 In/1-1 Order/1-1 Order-Add: Test Cases/1 In/1-1 Order/1-1 Order-Add

2019-06-10 17:10:13 - [TEST_STEP][PASSED] - click(findTestObject("1 In/1-1 Order/Add/New button")): Object: 'Object Repository/1 In/1-1 Order/Add/New button' is clicked on

2019-06-10 17:10:13 - [MESSAGE][PASSED] - Object: 'Object Repository/1 In/1-1 Order/Add/New button' is clicked on

2019-06-10 17:10:13 - [TEST_STEP][PASSED] - click(findTestObject("1 In/1-1 Order/Add/Order button")): Object: 'Object Repository/1 In/1-1 Order/Add/Order button' is clicked on

2019-06-10 17:10:14 - [MESSAGE][PASSED] - Object: 'Object Repository/1 In/1-1 Order/Add/Order button' is clicked on

2019-06-10 17:10:14 - [TEST_STEP][PASSED] - click(findTestObject("1 In/1-1 Order/Add/Vendor button")): Object: 'Object Repository/1 In/1-1 Order/Add/Vendor button' is clicked on

2019-06-10 17:10:14 - [MESSAGE][PASSED] - Object: 'Object Repository/1 In/1-1 Order/Add/Vendor button' is clicked on

2019-06-10 17:10:14 - [TEST_STEP][PASSED] - click(findTestObject("1 In/1-1 Order/Add/Vendor 2324")): Object: 'Object Repository/1 In/1-1 Order/Add/Vendor 2324' is clicked on

2019-06-10 17:10:15 - [MESSAGE][PASSED] - Object: 'Object Repository/1 In/1-1 Order/Add/Vendor 2324' is clicked on

2019-06-10 17:10:15 - [TEST_STEP][PASSED] - click(findTestObject("1 In/1-1 Order/Add/OrderDate")): Object: 'Object Repository/1 In/1-1 Order/Add/OrderDate' is clicked on

2019-06-10 17:10:15 - [MESSAGE][PASSED] - Object: 'Object Repository/1 In/1-1 Order/Add/OrderDate' is clicked on

2019-06-10 17:10:15 - [TEST_STEP][PASSED] - click(findTestObject("1 In/1-1 Order/Add/Payment date 1 next month 10", ["xxx":abc(0)])): null

2019-06-10 17:10:15 - [TEST_STEP][PASSED] - today = new java.util.Date(): null

2019-06-10 17:10:15 - [TEST_STEP][PASSED] - day1 = Date().plus(num): null

2019-06-10 17:10:15 - [TEST_STEP][PASSED] - if (day1.format("MM") > today.format("MM")): null

2019-06-10 17:10:15 - [TEST_STEP][PASSED] - else: Object: 'Object Repository/1 In/1-1 Order/Add/Payment date 1 next month 10' is clicked on

2019-06-10 17:10:15 - [TEST_STEP][PASSED] - return day1.format(d): Object: 'Object Repository/1 In/1-1 Order/Add/Payment date 1 next month 10' is clicked on

2019-06-10 17:10:15 - [MESSAGE][PASSED] - Object: 'Object Repository/1 In/1-1 Order/Add/Payment date 1 next month 10' is clicked on

2019-06-10 17:10:15 - [TEST_STEP][PASSED] - click(findTestObject("1 In/1-1 Order/Add/Employee button")): Object: 'Object Repository/1 In/1-1 Order/Add/Employee button' is clicked on

2019-06-10 17:10:16 - [MESSAGE][PASSED] - Object: 'Object Repository/1 In/1-1 Order/Add/Employee button' is clicked on

2019-06-10 17:10:16 - [TEST_STEP][PASSED] - click(findTestObject("1 In/1-1 Order/Add/Emplyee Larry")): Object: 'Object Repository/1 In/1-1 Order/Add/Emplyee Larry' is clicked on

2019-06-10 17:10:16 - [MESSAGE][PASSED] - Object: 'Object Repository/1 In/1-1 Order/Add/Emplyee Larry' is clicked on

2019-06-10 17:10:16 - [TEST_STEP][PASSED] - click(findTestObject("1 In/1-1 Order/Add/Ship button")): Object: 'Object Repository/1 In/1-1 Order/Add/Ship button' is clicked on

2019-06-10 17:10:16 - [MESSAGE][PASSED] - Object: 'Object Repository/1 In/1-1 Order/Add/Ship button' is clicked on

2019-06-10 17:10:16 - [TEST_STEP][PASSED] - click(findTestObject("1 In/1-1 Order/Add/Ship 1")): Object: 'Object Repository/1 In/1-1 Order/Add/Ship 1' is clicked on

2019-06-10 17:10:17 - [MESSAGE][PASSED] - Object: 'Object Repository/1 In/1-1 Order/Add/Ship 1' is clicked on

2019-06-10 17:10:17 - [TEST_STEP][PASSED] - click(findTestObject("1 In/1-1 Order/Add/TAX select")): Object: 'Object Repository/1 In/1-1 Order/Add/TAX select' is clicked on

2019-06-10 17:10:17 - [MESSAGE][PASSED] - Object: 'Object Repository/1 In/1-1 Order/Add/TAX select' is clicked on

2019-06-10 17:10:17 - [TEST_STEP][PASSED] - selectOptionByValue(findTestObject("1 In/1-1 Order/Add/TAX1"), "0: 1", true): All options with value '0: 1' are selected in object 'Object Repository/1 In/1-1 Order/Add/TAX1'  using regular expression

2019-06-10 17:10:18 - [MESSAGE][PASSED] - All options with value '0: 1' are selected in object 'Object Repository/1 In/1-1 Order/Add/TAX1'  using regular expression

2019-06-10 17:10:18 - [TEST_STEP][PASSED] - setText(findTestObject("1 In/1-1 Order/Add/Note"), time()): null

2019-06-10 17:10:18 - [TEST_STEP][PASSED] - date = new java.util.Date(): null

2019-06-10 17:10:18 - [TEST_STEP][PASSED] - sdf = new java.text.SimpleDateFormat(yyyyMMddHHmm): null

2019-06-10 17:10:18 - [TEST_STEP][PASSED] - Time = Note + sdf.format(date): null

2019-06-10 17:10:18 - [TEST_STEP][PASSED] - return internal.GlobalVariable.Time: Text 'Testing201906101710' is set on object 'Object Repository/1 In/1-1 Order/Add/Note'

2019-06-10 17:10:18 - [MESSAGE][PASSED] - Text 'Testing201906101710' is set on object 'Object Repository/1 In/1-1 Order/Add/Note'

2019-06-10 17:10:18 - [TEST_STEP][PASSED] - click(findTestObject("1 In/1-1 Order/Add/Add item")): Object: 'Object Repository/1 In/1-1 Order/Add/Add item' is clicked on

2019-06-10 17:10:18 - [MESSAGE][PASSED] - Object: 'Object Repository/1 In/1-1 Order/Add/Add item' is clicked on

2019-06-10 17:10:18 - [TEST_STEP][PASSED] - click(findTestObject("1 In/1-1 Order/Add/Item IPAD")): Object: 'Object Repository/1 In/1-1 Order/Add/Item IPAD' is clicked on

2019-06-10 17:10:19 - [MESSAGE][PASSED] - Object: 'Object Repository/1 In/1-1 Order/Add/Item IPAD' is clicked on

2019-06-10 17:10:19 - [TEST_STEP][PASSED] - click(findTestObject("1 In/1-1 Order/Add/Unit button")): Object: 'Object Repository/1 In/1-1 Order/Add/Unit button' is clicked on

2019-06-10 17:10:19 - [MESSAGE][PASSED] - Object: 'Object Repository/1 In/1-1 Order/Add/Unit button' is clicked on

2019-06-10 17:10:19 - [TEST_STEP][PASSED] - click(findTestObject("1 In/1-1 Order/Add/Unit Change")): Object: 'Object Repository/1 In/1-1 Order/Add/Unit Change' is clicked on

2019-06-10 17:10:20 - [MESSAGE][PASSED] - Object: 'Object Repository/1 In/1-1 Order/Add/Unit Change' is clicked on

2019-06-10 17:10:20 - [TEST_STEP][PASSED] - setText(findTestObject("1 In/1-1 Order/Add/Qty"), "10"): Text '10' is set on object 'Object Repository/1 In/1-1 Order/Add/Qty'

2019-06-10 17:10:20 - [MESSAGE][PASSED] - Text '10' is set on object 'Object Repository/1 In/1-1 Order/Add/Qty'

2019-06-10 17:10:20 - [TEST_STEP][PASSED] - setText(findTestObject("1 In/1-1 Order/Add/Price"), "200"): Text '200' is set on object 'Object Repository/1 In/1-1 Order/Add/Price'

2019-06-10 17:10:20 - [MESSAGE][PASSED] - Text '200' is set on object 'Object Repository/1 In/1-1 Order/Add/Price'

2019-06-10 17:10:20 - [TEST_STEP][PASSED] - setText(findTestObject("1 In/1-1 Order/Add/Total Price"), "2000"): Text '2000' is set on object 'Object Repository/1 In/1-1 Order/Add/Total Price'

2019-06-10 17:10:21 - [MESSAGE][PASSED] - Text '2000' is set on object 'Object Repository/1 In/1-1 Order/Add/Total Price'

2019-06-10 17:10:21 - [TEST_STEP][PASSED] - takeScreenshot(): Taking screenshot successfully

2019-06-10 17:10:22 - [MESSAGE][PASSED] - Taking screenshot successfully
[[ATTACHMENT|D:\\Kenny\\D\\Katalon Studio\\PSI\\PSItest\\Reports\\1-1 Order Test Suite\\20190610_170952\\1560157821321.png]]

2019-06-10 17:10:22 - [TEST_STEP][PASSED] - click(findTestObject("1 In/1-1 Order/Add/Save")): Object: 'Object Repository/1 In/1-1 Order/Add/Save' is clicked on

2019-06-10 17:10:22 - [MESSAGE][PASSED] - Object: 'Object Repository/1 In/1-1 Order/Add/Save' is clicked on]]></system-out>
         <system-err><![CDATA[]]></system-err>
      </testcase>
      <system-out><![CDATA[2019-06-10 17:09:57 - [TEST_SUITE][PASSED] - 1-1 Order Test Suite: Test Cases/1 In/1-1 Order/1-1 Order-Add]]></system-out>
      <system-err><![CDATA[]]></system-err>
   </testsuite>
</testsuites>
