<?xml version="1.0" encoding="UTF-8"?>
<testsuites name="3-3 Adjust Test Suite" time="33" tests="6" failures="0" errors="0">
   <testsuite name="3-3 Adjust Test Suite" tests="6" failures="0" errors="0" time="33" timestamp="2019-07-03 11:44:50" hostname="KennyIC_Chen - Larry_Chen.compal.com" id="Test Suites/3-3 Adjust Test Suite">
      <properties>
         <property name="deviceName" value=""/>
         <property name="devicePlatform" value=""/>
         <property name="logFolder" value="D:\\Kenny\\D\\Katalon Studio\\PSI\\PSItest\\Reports\\3-3 Adjust Test Suite\\20190703_114444"/>
         <property name="logFiles" value="D:\\Kenny\\D\\Katalon Studio\\PSI\\PSItest\\Reports\\3-3 Adjust Test Suite\\20190703_114444\\execution0.log"/>
         <property name="attachments" value="D:\\Kenny\\D\\Katalon Studio\\PSI\\PSItest\\Reports\\3-3 Adjust Test Suite\\20190703_114444\\1562125510716.png, D:\\Kenny\\D\\Katalon Studio\\PSI\\PSItest\\Reports\\3-3 Adjust Test Suite\\20190703_114444\\1562125515801.png, D:\\Kenny\\D\\Katalon Studio\\PSI\\PSItest\\Reports\\3-3 Adjust Test Suite\\20190703_114444\\1562125518928.png, D:\\Kenny\\D\\Katalon Studio\\PSI\\PSItest\\Reports\\3-3 Adjust Test Suite\\20190703_114444\\1562125521981.png"/>
         <property name="hostName" value="KennyIC_Chen - Larry_Chen.compal.com"/>
         <property name="os" value="Windows 10 64bit"/>
         <property name="katalonVersion" value="5.10.1.1"/>
         <property name="browser" value="Chrome 74.0.3729.169"/>
         <property name="hostAddress" value="10.109.102.145"/>
         <property name="sessionId" value="30ce99c21a4e5e24089aa33861df8524"/>
         <property name="seleniumVersion" value="3.7.1"/>
         <property name="proxyInformation" value="ProxyInformation{proxyOption=NO_PROXY, proxyServerType=HTTP, password=, proxyServerAddress=, proxyServerPort=0}"/>
         <property name="platform" value="Windows 10"/>
      </properties>
      <testcase name="Test Cases/Others/Login" classname="Test Cases/Others/Login" status="PASSED">
         <system-out><![CDATA[2019-07-03 11:44:50 - [TEST_CASE][PASSED] - Test Cases/Others/Login: Test Cases/Others/Login

2019-07-03 11:44:51 - [TEST_STEP][PASSED] - openBrowser(""): Browser is opened with url: ''

2019-07-03 11:44:52 - [MESSAGE][INFO] - Starting 'Chrome' driver

2019-07-03 11:44:52 - [MESSAGE][INFO] - Action delay is set to 0 seconds

2019-07-03 11:44:57 - [MESSAGE][PASSED] - Browser is opened with url: ''

2019-07-03 11:44:57 - [TEST_STEP][PASSED] - navigateToUrl("https://psi-azcldap.unicore.com.tw/login"): Navigate to 'https://psi-azcldap.unicore.com.tw/login' successfully

2019-07-03 11:45:00 - [MESSAGE][PASSED] - Navigate to 'https://psi-azcldap.unicore.com.tw/login' successfully

2019-07-03 11:45:00 - [TEST_STEP][PASSED] - maximizeWindow(): Current window maximized

2019-07-03 11:45:02 - [MESSAGE][PASSED] - Current window maximized

2019-07-03 11:45:02 - [TEST_STEP][PASSED] - setText(findTestObject("Others/Login/ID-QWE"), "QWE"): Text 'QWE' is set on object 'Object Repository/Others/Login/ID-QWE'

2019-07-03 11:45:02 - [MESSAGE][PASSED] - Text 'QWE' is set on object 'Object Repository/Others/Login/ID-QWE'

2019-07-03 11:45:02 - [TEST_STEP][PASSED] - setEncryptedText(findTestObject("Others/Login/PW-QWE"), "5opu+sh6ATw="): Text ****** has been set on object 'Object Repository/Others/Login/PW-QWE'

2019-07-03 11:45:03 - [MESSAGE][PASSED] - Text ****** has been set on object 'Object Repository/Others/Login/PW-QWE'

2019-07-03 11:45:03 - [TEST_STEP][PASSED] - click(findTestObject("Others/Login/Login Button")): Object: 'Object Repository/Others/Login/Login Button' is clicked on

2019-07-03 11:45:03 - [MESSAGE][PASSED] - Object: 'Object Repository/Others/Login/Login Button' is clicked on

2019-07-03 11:45:03 - [TEST_STEP][PASSED] - verifyElementClickable(findTestObject("Others/Login/Verify button")): Object 'Object Repository/Others/Login/Verify button' is clickable

2019-07-03 11:45:03 - [MESSAGE][PASSED] - Object 'Object Repository/Others/Login/Verify button' is clickable]]></system-out>
         <system-err><![CDATA[]]></system-err>
      </testcase>
      <testcase name="Test Cases/3 Stock/3-3 Adjust/3-3 Adjust-Add" classname="Test Cases/3 Stock/3-3 Adjust/3-3 Adjust-Add" status="PASSED">
         <system-out><![CDATA[2019-07-03 11:45:03 - [TEST_CASE][PASSED] - Test Cases/3 Stock/3-3 Adjust/3-3 Adjust-Add: Test Cases/3 Stock/3-3 Adjust/3-3 Adjust-Add

2019-07-03 11:45:04 - [TEST_STEP][PASSED] - click(findTestObject("3 Stock/3-3 Adjust/Add/Adjuset button")): Object: 'Object Repository/3 Stock/3-3 Adjust/Add/Adjuset button' is clicked on

2019-07-03 11:45:04 - [MESSAGE][PASSED] - Object: 'Object Repository/3 Stock/3-3 Adjust/Add/Adjuset button' is clicked on

2019-07-03 11:45:04 - [TEST_STEP][PASSED] - click(findTestObject("3 Stock/3-3 Adjust/Add/Add button")): Object: 'Object Repository/3 Stock/3-3 Adjust/Add/Add button' is clicked on

2019-07-03 11:45:05 - [MESSAGE][PASSED] - Object: 'Object Repository/3 Stock/3-3 Adjust/Add/Add button' is clicked on

2019-07-03 11:45:05 - [TEST_STEP][PASSED] - click(findTestObject("3 Stock/3-3 Adjust/Add/Adjust type button")): Object: 'Object Repository/3 Stock/3-3 Adjust/Add/Adjust type button' is clicked on

2019-07-03 11:45:05 - [MESSAGE][PASSED] - Object: 'Object Repository/3 Stock/3-3 Adjust/Add/Adjust type button' is clicked on

2019-07-03 11:45:05 - [TEST_STEP][PASSED] - selectOptionByValue(findTestObject("3 Stock/3-3 Adjust/Add/Adjust type select"), "0: 2", true): All options with value '0: 2' are selected in object 'Object Repository/3 Stock/3-3 Adjust/Add/Adjust type select'  using regular expression

2019-07-03 11:45:06 - [MESSAGE][PASSED] - All options with value '0: 2' are selected in object 'Object Repository/3 Stock/3-3 Adjust/Add/Adjust type select'  using regular expression

2019-07-03 11:45:06 - [TEST_STEP][PASSED] - click(findTestObject("3 Stock/3-3 Adjust/Add/Adjust employee button")): Object: 'Object Repository/3 Stock/3-3 Adjust/Add/Adjust employee button' is clicked on

2019-07-03 11:45:06 - [MESSAGE][PASSED] - Object: 'Object Repository/3 Stock/3-3 Adjust/Add/Adjust employee button' is clicked on

2019-07-03 11:45:06 - [TEST_STEP][PASSED] - click(findTestObject("3 Stock/3-3 Adjust/Add/Adjust employee")): Object: 'Object Repository/3 Stock/3-3 Adjust/Add/Adjust employee' is clicked on

2019-07-03 11:45:07 - [MESSAGE][PASSED] - Object: 'Object Repository/3 Stock/3-3 Adjust/Add/Adjust employee' is clicked on

2019-07-03 11:45:07 - [TEST_STEP][PASSED] - setText(findTestObject("3 Stock/3-3 Adjust/Add/input__comments"), time()): null

2019-07-03 11:45:07 - [TEST_STEP][PASSED] - date = new java.util.Date(): null

2019-07-03 11:45:07 - [TEST_STEP][PASSED] - sdf = new java.text.SimpleDateFormat(yyyyMMddHHmm): null

2019-07-03 11:45:07 - [TEST_STEP][PASSED] - Time = Note + sdf.format(date): null

2019-07-03 11:45:07 - [TEST_STEP][PASSED] - return (internal.GlobalVariable.Note + sdf.format(date)): Text 'Testing201907031145' is set on object 'Object Repository/3 Stock/3-3 Adjust/Add/input__comments'

2019-07-03 11:45:07 - [MESSAGE][PASSED] - Text 'Testing201907031145' is set on object 'Object Repository/3 Stock/3-3 Adjust/Add/input__comments'

2019-07-03 11:45:07 - [TEST_STEP][PASSED] - click(findTestObject("3 Stock/3-3 Adjust/Add/Adjust item button")): Object: 'Object Repository/3 Stock/3-3 Adjust/Add/Adjust item button' is clicked on

2019-07-03 11:45:07 - [MESSAGE][PASSED] - Object: 'Object Repository/3 Stock/3-3 Adjust/Add/Adjust item button' is clicked on

2019-07-03 11:45:07 - [TEST_STEP][PASSED] - click(findTestObject("3 Stock/3-3 Adjust/Add/item select")): Object: 'Object Repository/3 Stock/3-3 Adjust/Add/item select' is clicked on

2019-07-03 11:45:08 - [MESSAGE][PASSED] - Object: 'Object Repository/3 Stock/3-3 Adjust/Add/item select' is clicked on

2019-07-03 11:45:08 - [TEST_STEP][PASSED] - click(findTestObject("3 Stock/3-3 Adjust/Add/Item unit button")): Object: 'Object Repository/3 Stock/3-3 Adjust/Add/Item unit button' is clicked on

2019-07-03 11:45:08 - [MESSAGE][PASSED] - Object: 'Object Repository/3 Stock/3-3 Adjust/Add/Item unit button' is clicked on

2019-07-03 11:45:08 - [TEST_STEP][PASSED] - click(findTestObject("3 Stock/3-3 Adjust/Add/item unit")): Object: 'Object Repository/3 Stock/3-3 Adjust/Add/item unit' is clicked on

2019-07-03 11:45:09 - [MESSAGE][PASSED] - Object: 'Object Repository/3 Stock/3-3 Adjust/Add/item unit' is clicked on

2019-07-03 11:45:09 - [TEST_STEP][PASSED] - click(findTestObject("3 Stock/3-3 Adjust/Add/item warehouse button")): Object: 'Object Repository/3 Stock/3-3 Adjust/Add/item warehouse button' is clicked on

2019-07-03 11:45:09 - [MESSAGE][PASSED] - Object: 'Object Repository/3 Stock/3-3 Adjust/Add/item warehouse button' is clicked on

2019-07-03 11:45:09 - [TEST_STEP][PASSED] - click(findTestObject("3 Stock/3-3 Adjust/Add/item warehouse")): Object: 'Object Repository/3 Stock/3-3 Adjust/Add/item warehouse' is clicked on

2019-07-03 11:45:10 - [MESSAGE][PASSED] - Object: 'Object Repository/3 Stock/3-3 Adjust/Add/item warehouse' is clicked on

2019-07-03 11:45:10 - [TEST_STEP][PASSED] - setText(findTestObject("3 Stock/3-3 Adjust/Add/item qty"), "10"): Text '10' is set on object 'Object Repository/3 Stock/3-3 Adjust/Add/item qty'

2019-07-03 11:45:10 - [MESSAGE][PASSED] - Text '10' is set on object 'Object Repository/3 Stock/3-3 Adjust/Add/item qty'

2019-07-03 11:45:10 - [TEST_STEP][PASSED] - setText(findTestObject("3 Stock/3-3 Adjust/Add/item price"), "120"): Text '120' is set on object 'Object Repository/3 Stock/3-3 Adjust/Add/item price'

2019-07-03 11:45:10 - [MESSAGE][PASSED] - Text '120' is set on object 'Object Repository/3 Stock/3-3 Adjust/Add/item price'

2019-07-03 11:45:10 - [TEST_STEP][PASSED] - setText(findTestObject("3 Stock/3-3 Adjust/Add/item price 1"), "150"): Text '150' is set on object 'Object Repository/3 Stock/3-3 Adjust/Add/item price 1'

2019-07-03 11:45:10 - [MESSAGE][PASSED] - Text '150' is set on object 'Object Repository/3 Stock/3-3 Adjust/Add/item price 1'

2019-07-03 11:45:10 - [TEST_STEP][PASSED] - takeScreenshot(): Taking screenshot successfully

2019-07-03 11:45:11 - [MESSAGE][PASSED] - Taking screenshot successfully
[[ATTACHMENT|D:\\Kenny\\D\\Katalon Studio\\PSI\\PSItest\\Reports\\3-3 Adjust Test Suite\\20190703_114444\\1562125510716.png]]

2019-07-03 11:45:11 - [TEST_STEP][PASSED] - click(findTestObject("3 Stock/3-3 Adjust/Add/save")): Object: 'Object Repository/3 Stock/3-3 Adjust/Add/save' is clicked on

2019-07-03 11:45:11 - [MESSAGE][PASSED] - Object: 'Object Repository/3 Stock/3-3 Adjust/Add/save' is clicked on]]></system-out>
         <system-err><![CDATA[]]></system-err>
      </testcase>
      <testcase name="Test Cases/Others/Accept and verify" classname="Test Cases/Others/Accept and verify" status="PASSED">
         <system-out><![CDATA[2019-07-03 11:45:11 - [TEST_CASE][PASSED] - Test Cases/Others/Accept and verify: Test Cases/Others/Accept and verify

2019-07-03 11:45:11 - [TEST_STEP][PASSED] - delay(1): Delayed 1 second(s)

2019-07-03 11:45:12 - [MESSAGE][PASSED] - Delayed 1 second(s)

2019-07-03 11:45:12 - [TEST_STEP][PASSED] - waitForAlert(5): Alert is present after 5 second(s).

2019-07-03 11:45:12 - [MESSAGE][PASSED] - Alert is present after 5 second(s).

2019-07-03 11:45:12 - [TEST_STEP][PASSED] - acceptAlert(): Alert accepted

2019-07-03 11:45:12 - [MESSAGE][PASSED] - Alert accepted

2019-07-03 11:45:12 - [TEST_STEP][PASSED] - verifyElementClickable(findTestObject("Others/Accept and verify/Verify button")): Object 'Object Repository/Others/Accept and verify/Verify button' is clickable

2019-07-03 11:45:12 - [MESSAGE][PASSED] - Object 'Object Repository/Others/Accept and verify/Verify button' is clickable]]></system-out>
         <system-err><![CDATA[]]></system-err>
      </testcase>
      <testcase name="Test Cases/3 Stock/3-3 Adjust/3-3 Adjust-Edit" classname="Test Cases/3 Stock/3-3 Adjust/3-3 Adjust-Edit" status="PASSED">
         <system-out><![CDATA[2019-07-03 11:45:12 - [TEST_CASE][PASSED] - Test Cases/3 Stock/3-3 Adjust/3-3 Adjust-Edit: Test Cases/3 Stock/3-3 Adjust/3-3 Adjust-Edit

2019-07-03 11:45:13 - [TEST_STEP][PASSED] - delay(1): Delayed 1 second(s)

2019-07-03 11:45:14 - [MESSAGE][PASSED] - Delayed 1 second(s)

2019-07-03 11:45:14 - [TEST_STEP][PASSED] - click(findTestObject("3 Stock/3-3 Adjust/Edit/Sort by number")): Object: 'Object Repository/3 Stock/3-3 Adjust/Edit/Sort by number' is clicked on

2019-07-03 11:45:14 - [MESSAGE][PASSED] - Object: 'Object Repository/3 Stock/3-3 Adjust/Edit/Sort by number' is clicked on

2019-07-03 11:45:14 - [TEST_STEP][PASSED] - click(findTestObject("3 Stock/3-3 Adjust/Edit/Sort by number")): Object: 'Object Repository/3 Stock/3-3 Adjust/Edit/Sort by number' is clicked on

2019-07-03 11:45:14 - [MESSAGE][PASSED] - Object: 'Object Repository/3 Stock/3-3 Adjust/Edit/Sort by number' is clicked on

2019-07-03 11:45:14 - [TEST_STEP][PASSED] - XXX = Time: null

2019-07-03 11:45:14 - [TEST_STEP][PASSED] - click(findTestObject("3 Stock/3-3 Adjust/Edit/Select by note", ["xxx":XXX])): Object: 'Object Repository/3 Stock/3-3 Adjust/Edit/Select by note' is clicked on

2019-07-03 11:45:14 - [MESSAGE][PASSED] - Object: 'Object Repository/3 Stock/3-3 Adjust/Edit/Select by note' is clicked on

2019-07-03 11:45:14 - [TEST_STEP][PASSED] - click(findTestObject("3 Stock/3-3 Adjust/Edit/Edit button")): Object: 'Object Repository/3 Stock/3-3 Adjust/Edit/Edit button' is clicked on

2019-07-03 11:45:15 - [MESSAGE][PASSED] - Object: 'Object Repository/3 Stock/3-3 Adjust/Edit/Edit button' is clicked on

2019-07-03 11:45:15 - [TEST_STEP][PASSED] - qqq = <not implemented yet for class: org.codehaus.groovy.ast.expr.EmptyExpression>: null

2019-07-03 11:45:15 - [TEST_STEP][PASSED] - qqq = getAttribute(findTestObject("3 Stock/3-3 Adjust/Edit/Edit number"), "value"): Attribute 'value' of object 'Object Repository/3 Stock/3-3 Adjust/Edit/Edit number' is: '10'

2019-07-03 11:45:15 - [MESSAGE][PASSED] - Attribute 'value' of object 'Object Repository/3 Stock/3-3 Adjust/Edit/Edit number' is: '10'

2019-07-03 11:45:15 - [TEST_STEP][PASSED] - qqq = qqq.replaceAll(",", ""): null

2019-07-03 11:45:15 - [TEST_STEP][PASSED] - kkk = qqq.toInteger(): null

2019-07-03 11:45:15 - [TEST_STEP][PASSED] - kkk = kkk + 10: null

2019-07-03 11:45:15 - [TEST_STEP][PASSED] - sendKeys(findTestObject("3 Stock/3-3 Adjust/Edit/Edit number"), Keys.chord(CONTROL, "a")): Keys 'CONTROL + a' sent to object: 'Object Repository/3 Stock/3-3 Adjust/Edit/Edit number'

2019-07-03 11:45:15 - [MESSAGE][PASSED] - Keys 'CONTROL + a' sent to object: 'Object Repository/3 Stock/3-3 Adjust/Edit/Edit number'

2019-07-03 11:45:15 - [TEST_STEP][PASSED] - sendKeys(findTestObject("3 Stock/3-3 Adjust/Edit/Edit number"), Keys.chord(DELETE)): Keys 'DELETE + ' sent to object: 'Object Repository/3 Stock/3-3 Adjust/Edit/Edit number'

2019-07-03 11:45:15 - [MESSAGE][PASSED] - Keys 'DELETE + ' sent to object: 'Object Repository/3 Stock/3-3 Adjust/Edit/Edit number'

2019-07-03 11:45:15 - [TEST_STEP][PASSED] - setText(findTestObject("3 Stock/3-3 Adjust/Edit/Edit number"), kkk.toString()): Text '20' is set on object 'Object Repository/3 Stock/3-3 Adjust/Edit/Edit number'

2019-07-03 11:45:15 - [MESSAGE][PASSED] - Text '20' is set on object 'Object Repository/3 Stock/3-3 Adjust/Edit/Edit number'

2019-07-03 11:45:15 - [TEST_STEP][PASSED] - takeScreenshot(): Taking screenshot successfully

2019-07-03 11:45:16 - [MESSAGE][PASSED] - Taking screenshot successfully
[[ATTACHMENT|D:\\Kenny\\D\\Katalon Studio\\PSI\\PSItest\\Reports\\3-3 Adjust Test Suite\\20190703_114444\\1562125515801.png]]

2019-07-03 11:45:16 - [TEST_STEP][PASSED] - click(findTestObject("3 Stock/3-3 Adjust/Edit/Save button")): Object: 'Object Repository/3 Stock/3-3 Adjust/Edit/Save button' is clicked on

2019-07-03 11:45:16 - [MESSAGE][PASSED] - Object: 'Object Repository/3 Stock/3-3 Adjust/Edit/Save button' is clicked on]]></system-out>
         <system-err><![CDATA[]]></system-err>
      </testcase>
      <testcase name="Test Cases/Others/Accept and verify" classname="Test Cases/Others/Accept and verify" status="PASSED">
         <system-out><![CDATA[2019-07-03 11:45:16 - [TEST_CASE][PASSED] - Test Cases/Others/Accept and verify: Test Cases/Others/Accept and verify

2019-07-03 11:45:16 - [TEST_STEP][PASSED] - delay(1): Delayed 1 second(s)

2019-07-03 11:45:17 - [MESSAGE][PASSED] - Delayed 1 second(s)

2019-07-03 11:45:17 - [TEST_STEP][PASSED] - waitForAlert(5): Alert is present after 5 second(s).

2019-07-03 11:45:17 - [MESSAGE][PASSED] - Alert is present after 5 second(s).

2019-07-03 11:45:17 - [TEST_STEP][PASSED] - acceptAlert(): Alert accepted

2019-07-03 11:45:17 - [MESSAGE][PASSED] - Alert accepted

2019-07-03 11:45:17 - [TEST_STEP][PASSED] - verifyElementClickable(findTestObject("Others/Accept and verify/Verify button")): Object 'Object Repository/Others/Accept and verify/Verify button' is clickable

2019-07-03 11:45:17 - [MESSAGE][PASSED] - Object 'Object Repository/Others/Accept and verify/Verify button' is clickable]]></system-out>
         <system-err><![CDATA[]]></system-err>
      </testcase>
      <testcase name="Test Cases/3 Stock/3-3 Adjust/3-3 Adjust-Delete" classname="Test Cases/3 Stock/3-3 Adjust/3-3 Adjust-Delete" status="PASSED">
         <system-out><![CDATA[2019-07-03 11:45:17 - [TEST_CASE][PASSED] - Test Cases/3 Stock/3-3 Adjust/3-3 Adjust-Delete: Test Cases/3 Stock/3-3 Adjust/3-3 Adjust-Delete

2019-07-03 11:45:18 - [TEST_STEP][PASSED] - click(findTestObject("3 Stock/3-3 Adjust/Delete/Sort by adjust no")): Object: 'Object Repository/3 Stock/3-3 Adjust/Delete/Sort by adjust no' is clicked on

2019-07-03 11:45:18 - [MESSAGE][PASSED] - Object: 'Object Repository/3 Stock/3-3 Adjust/Delete/Sort by adjust no' is clicked on

2019-07-03 11:45:18 - [TEST_STEP][PASSED] - click(findTestObject("3 Stock/3-3 Adjust/Delete/Sort by adjust no")): Object: 'Object Repository/3 Stock/3-3 Adjust/Delete/Sort by adjust no' is clicked on

2019-07-03 11:45:18 - [MESSAGE][PASSED] - Object: 'Object Repository/3 Stock/3-3 Adjust/Delete/Sort by adjust no' is clicked on

2019-07-03 11:45:18 - [TEST_STEP][PASSED] - XXX = Time: null

2019-07-03 11:45:18 - [TEST_STEP][PASSED] - click(findTestObject("3 Stock/3-3 Adjust/Delete/Select adjust by note", ["xxx":XXX])): Object: 'Object Repository/3 Stock/3-3 Adjust/Delete/Select adjust by note' is clicked on

2019-07-03 11:45:18 - [MESSAGE][PASSED] - Object: 'Object Repository/3 Stock/3-3 Adjust/Delete/Select adjust by note' is clicked on

2019-07-03 11:45:18 - [TEST_STEP][PASSED] - click(findTestObject("3 Stock/3-3 Adjust/Delete/Adjust delete button")): Object: 'Object Repository/3 Stock/3-3 Adjust/Delete/Adjust delete button' is clicked on

2019-07-03 11:45:18 - [MESSAGE][PASSED] - Object: 'Object Repository/3 Stock/3-3 Adjust/Delete/Adjust delete button' is clicked on

2019-07-03 11:45:18 - [TEST_STEP][PASSED] - takeScreenshot(): Taking screenshot successfully

2019-07-03 11:45:19 - [MESSAGE][PASSED] - Taking screenshot successfully
[[ATTACHMENT|D:\\Kenny\\D\\Katalon Studio\\PSI\\PSItest\\Reports\\3-3 Adjust Test Suite\\20190703_114444\\1562125518928.png]]

2019-07-03 11:45:19 - [TEST_STEP][PASSED] - click(findTestObject("Object Repository/3 Stock/3-3 Adjust/Delete/Ok button")): Object: 'Object Repository/3 Stock/3-3 Adjust/Delete/Ok button' is clicked on

2019-07-03 11:45:19 - [MESSAGE][PASSED] - Object: 'Object Repository/3 Stock/3-3 Adjust/Delete/Ok button' is clicked on

2019-07-03 11:45:19 - [TEST_STEP][PASSED] - delay(2): Delayed 2 second(s)

2019-07-03 11:45:21 - [MESSAGE][PASSED] - Delayed 2 second(s)

2019-07-03 11:45:21 - [TEST_STEP][PASSED] - click(findTestObject("3 Stock/3-3 Adjust/Delete/Sort by adjust no")): Object: 'Object Repository/3 Stock/3-3 Adjust/Delete/Sort by adjust no' is clicked on

2019-07-03 11:45:21 - [MESSAGE][PASSED] - Object: 'Object Repository/3 Stock/3-3 Adjust/Delete/Sort by adjust no' is clicked on

2019-07-03 11:45:21 - [TEST_STEP][PASSED] - click(findTestObject("3 Stock/3-3 Adjust/Delete/Sort by adjust no")): Object: 'Object Repository/3 Stock/3-3 Adjust/Delete/Sort by adjust no' is clicked on

2019-07-03 11:45:21 - [MESSAGE][PASSED] - Object: 'Object Repository/3 Stock/3-3 Adjust/Delete/Sort by adjust no' is clicked on

2019-07-03 11:45:21 - [TEST_STEP][PASSED] - takeScreenshot(): Taking screenshot successfully

2019-07-03 11:45:22 - [MESSAGE][PASSED] - Taking screenshot successfully
[[ATTACHMENT|D:\\Kenny\\D\\Katalon Studio\\PSI\\PSItest\\Reports\\3-3 Adjust Test Suite\\20190703_114444\\1562125521981.png]]

2019-07-03 11:45:22 - [TEST_STEP][PASSED] - ZZZ = getText(findTestObject("3 Stock/3-3 Adjust/Delete/Select adjust by note")): Text of object 'Object Repository/3 Stock/3-3 Adjust/Delete/Select adjust by note' is: 'Testing201907031142'

2019-07-03 11:45:22 - [MESSAGE][PASSED] - Text of object 'Object Repository/3 Stock/3-3 Adjust/Delete/Select adjust by note' is: 'Testing201907031142'

2019-07-03 11:45:22 - [TEST_STEP][PASSED] - verifyNotMatch(XXX, ZZZ, true): Actual text 'Testing201907031145' and expected text 'Testing201907031142' are not matched  using regular expression

2019-07-03 11:45:22 - [MESSAGE][PASSED] - Actual text 'Testing201907031145' and expected text 'Testing201907031142' are not matched  using regular expression]]></system-out>
         <system-err><![CDATA[]]></system-err>
      </testcase>
      <system-out><![CDATA[2019-07-03 11:44:50 - [TEST_SUITE][PASSED] - 3-3 Adjust Test Suite: Test Cases/3 Stock/3-3 Adjust/3-3 Adjust-Delete]]></system-out>
      <system-err><![CDATA[]]></system-err>
   </testsuite>
</testsuites>
