<?xml version="1.0" encoding="UTF-8"?>
<testsuites name="3-2 Replenishment Test Suite" time="32" tests="3" failures="0" errors="0">
   <testsuite name="3-2 Replenishment Test Suite" tests="3" failures="0" errors="0" time="32" timestamp="2019-04-29 11:34:17" hostname="KennyIC_Chen - KennyIC_Chen.compal.com" id="Test Suites/3-2 Replenishment Test Suite">
      <properties>
         <property name="deviceName" value=""/>
         <property name="devicePlatform" value=""/>
         <property name="logFolder" value="C:\\Users\\KennyIC_chen.COMPAL\\git\\PSItest\\Reports\\3-2 Replenishment Test Suite\\20190429_113415"/>
         <property name="logFiles" value="C:\\Users\\KennyIC_chen.COMPAL\\git\\PSItest\\Reports\\3-2 Replenishment Test Suite\\20190429_113415\\execution0.log"/>
         <property name="attachments" value=""/>
         <property name="hostName" value="KennyIC_Chen - KennyIC_Chen.compal.com"/>
         <property name="os" value="Windows 10 64bit"/>
         <property name="katalonVersion" value="5.10.1.1"/>
         <property name="browser" value="Chrome 73.0.3683.103"/>
         <property name="hostAddress" value="10.109.98.147"/>
         <property name="sessionId" value="2e50d101a0d0a44c21c04e4795ca4d10"/>
         <property name="seleniumVersion" value="3.7.1"/>
         <property name="proxyInformation" value="ProxyInformation{proxyOption=NO_PROXY, proxyServerType=HTTP, password=, proxyServerAddress=, proxyServerPort=0}"/>
         <property name="platform" value="Windows 10"/>
      </properties>
      <testcase name="Test Cases/Others/Login" classname="Test Cases/Others/Login" status="PASSED">
         <system-out><![CDATA[2019-04-29 11:34:17 - [TEST_CASE][PASSED] - Test Cases/Others/Login: Test Cases/Others/Login

2019-04-29 11:34:17 - [TEST_STEP][PASSED] - openBrowser(""): Browser is opened with url: ''

2019-04-29 11:34:17 - [MESSAGE][INFO] - Starting 'Chrome' driver

2019-04-29 11:34:17 - [MESSAGE][INFO] - Action delay is set to 0 seconds

2019-04-29 11:34:21 - [MESSAGE][PASSED] - Browser is opened with url: ''

2019-04-29 11:34:21 - [TEST_STEP][PASSED] - navigateToUrl("https://psi-azcldap.unicore.com.tw/login"): Navigate to 'https://psi-azcldap.unicore.com.tw/login' successfully

2019-04-29 11:34:24 - [MESSAGE][PASSED] - Navigate to 'https://psi-azcldap.unicore.com.tw/login' successfully

2019-04-29 11:34:24 - [TEST_STEP][PASSED] - maximizeWindow(): Current window maximized

2019-04-29 11:34:25 - [MESSAGE][PASSED] - Current window maximized

2019-04-29 11:34:25 - [TEST_STEP][PASSED] - setText(findTestObject("Others/Login/ID-QWE"), "QWE"): Text 'QWE' is set on object 'Object Repository/Others/Login/ID-QWE'

2019-04-29 11:34:25 - [MESSAGE][PASSED] - Text 'QWE' is set on object 'Object Repository/Others/Login/ID-QWE'

2019-04-29 11:34:25 - [TEST_STEP][PASSED] - setEncryptedText(findTestObject("Others/Login/PW-QWE"), "5opu+sh6ATw="): Text ****** has been set on object 'Object Repository/Others/Login/PW-QWE'

2019-04-29 11:34:25 - [MESSAGE][PASSED] - Text ****** has been set on object 'Object Repository/Others/Login/PW-QWE'

2019-04-29 11:34:25 - [TEST_STEP][PASSED] - click(findTestObject("Others/Login/Login Button")): Object: 'Object Repository/Others/Login/Login Button' is clicked on

2019-04-29 11:34:25 - [MESSAGE][PASSED] - Object: 'Object Repository/Others/Login/Login Button' is clicked on

2019-04-29 11:34:25 - [TEST_STEP][PASSED] - verifyElementClickable(findTestObject("Others/Login/Verify button")): Object 'Object Repository/Others/Login/Verify button' is clickable

2019-04-29 11:34:26 - [MESSAGE][PASSED] - Object 'Object Repository/Others/Login/Verify button' is clickable]]></system-out>
         <system-err><![CDATA[]]></system-err>
      </testcase>
      <testcase name="Test Cases/3-2 Replenishment-Add" classname="Test Cases/3-2 Replenishment-Add" status="PASSED">
         <system-out><![CDATA[2019-04-29 11:34:26 - [TEST_CASE][PASSED] - Test Cases/3-2 Replenishment-Add: Test Cases/3-2 Replenishment-Add

2019-04-29 11:34:26 - [TEST_STEP][PASSED] - click(findTestObject("Object Repository/3-2 Replenishment/Replenishment button")): Object: 'Object Repository/3-2 Replenishment/Replenishment button' is clicked on

2019-04-29 11:34:26 - [MESSAGE][PASSED] - Object: 'Object Repository/3-2 Replenishment/Replenishment button' is clicked on

2019-04-29 11:34:26 - [TEST_STEP][PASSED] - delay(1): Delayed 1 second(s)

2019-04-29 11:34:27 - [MESSAGE][PASSED] - Delayed 1 second(s)

2019-04-29 11:34:27 - [TEST_STEP][PASSED] - click(findTestObject("Object Repository/3-2 Replenishment/Replenishment execute button")): Object: 'Object Repository/3-2 Replenishment/Replenishment execute button' is clicked on

2019-04-29 11:34:27 - [MESSAGE][PASSED] - Object: 'Object Repository/3-2 Replenishment/Replenishment execute button' is clicked on

2019-04-29 11:34:27 - [TEST_STEP][PASSED] - click(findTestObject("3-2 Replenishment/Employee button")): Object: 'Object Repository/3-2 Replenishment/Employee button' is clicked on

2019-04-29 11:34:27 - [MESSAGE][PASSED] - Object: 'Object Repository/3-2 Replenishment/Employee button' is clicked on

2019-04-29 11:34:27 - [TEST_STEP][PASSED] - click(findTestObject("Object Repository/3-2 Replenishment/Employee select")): Object: 'Object Repository/3-2 Replenishment/Employee select' is clicked on

2019-04-29 11:34:28 - [MESSAGE][PASSED] - Object: 'Object Repository/3-2 Replenishment/Employee select' is clicked on

2019-04-29 11:34:28 - [TEST_STEP][PASSED] - click(findTestObject("3-2 Replenishment/Ship type button")): Object: 'Object Repository/3-2 Replenishment/Ship type button' is clicked on

2019-04-29 11:34:28 - [MESSAGE][PASSED] - Object: 'Object Repository/3-2 Replenishment/Ship type button' is clicked on

2019-04-29 11:34:28 - [TEST_STEP][PASSED] - click(findTestObject("Object Repository/3-2 Replenishment/Ship type select")): Object: 'Object Repository/3-2 Replenishment/Ship type select' is clicked on

2019-04-29 11:34:29 - [MESSAGE][PASSED] - Object: 'Object Repository/3-2 Replenishment/Ship type select' is clicked on

2019-04-29 11:34:29 - [TEST_STEP][PASSED] - click(findTestObject("3-2 Replenishment/Vendor 1 button")): Object: 'Object Repository/3-2 Replenishment/Vendor 1 button' is clicked on

2019-04-29 11:34:29 - [MESSAGE][PASSED] - Object: 'Object Repository/3-2 Replenishment/Vendor 1 button' is clicked on

2019-04-29 11:34:29 - [TEST_STEP][PASSED] - click(findTestObject("Object Repository/3-2 Replenishment/Vendor 1 select")): Object: 'Object Repository/3-2 Replenishment/Vendor 1 select' is clicked on

2019-04-29 11:34:30 - [MESSAGE][PASSED] - Object: 'Object Repository/3-2 Replenishment/Vendor 1 select' is clicked on

2019-04-29 11:34:30 - [TEST_STEP][PASSED] - setText(findTestObject("Object Repository/3-2 Replenishment/Vendor 1 order qty"), "10"): Text '10' is set on object 'Object Repository/3-2 Replenishment/Vendor 1 order qty'

2019-04-29 11:34:30 - [MESSAGE][PASSED] - Text '10' is set on object 'Object Repository/3-2 Replenishment/Vendor 1 order qty'

2019-04-29 11:34:30 - [TEST_STEP][PASSED] - click(findTestObject("3-2 Replenishment/Vendor 2 button")): Object: 'Object Repository/3-2 Replenishment/Vendor 2 button' is clicked on

2019-04-29 11:34:30 - [MESSAGE][PASSED] - Object: 'Object Repository/3-2 Replenishment/Vendor 2 button' is clicked on

2019-04-29 11:34:30 - [TEST_STEP][PASSED] - click(findTestObject("Object Repository/3-2 Replenishment/Vendor 2 select")): Object: 'Object Repository/3-2 Replenishment/Vendor 2 select' is clicked on

2019-04-29 11:34:30 - [MESSAGE][PASSED] - Object: 'Object Repository/3-2 Replenishment/Vendor 2 select' is clicked on

2019-04-29 11:34:30 - [TEST_STEP][PASSED] - setText(findTestObject("Object Repository/3-2 Replenishment/Vendor 2 order qty"), "10"): Text '10' is set on object 'Object Repository/3-2 Replenishment/Vendor 2 order qty'

2019-04-29 11:34:31 - [MESSAGE][PASSED] - Text '10' is set on object 'Object Repository/3-2 Replenishment/Vendor 2 order qty'

2019-04-29 11:34:31 - [TEST_STEP][PASSED] - click(findTestObject("Object Repository/3-2 Replenishment/Save")): Object: 'Object Repository/3-2 Replenishment/Save' is clicked on

2019-04-29 11:34:31 - [MESSAGE][PASSED] - Object: 'Object Repository/3-2 Replenishment/Save' is clicked on]]></system-out>
         <system-err><![CDATA[]]></system-err>
      </testcase>
      <testcase name="Test Cases/Others/Accept and verify" classname="Test Cases/Others/Accept and verify" status="PASSED">
         <system-out><![CDATA[2019-04-29 11:34:31 - [TEST_CASE][PASSED] - Test Cases/Others/Accept and verify: Test Cases/Others/Accept and verify

2019-04-29 11:34:31 - [TEST_STEP][PASSED] - delay(3): Delayed 3 second(s)

2019-04-29 11:34:34 - [MESSAGE][PASSED] - Delayed 3 second(s)

2019-04-29 11:34:34 - [TEST_STEP][PASSED] - waitForAlert(5): Alert is present after 5 second(s).

2019-04-29 11:34:34 - [MESSAGE][PASSED] - Alert is present after 5 second(s).

2019-04-29 11:34:34 - [TEST_STEP][PASSED] - acceptAlert(): Alert accepted

2019-04-29 11:34:34 - [MESSAGE][PASSED] - Alert accepted

2019-04-29 11:34:34 - [TEST_STEP][PASSED] - verifyElementClickable(findTestObject("Others/Accept and verify/Verify button")): Object 'Object Repository/Others/Accept and verify/Verify button' is clickable

2019-04-29 11:34:49 - [MESSAGE][PASSED] - Object 'Object Repository/Others/Accept and verify/Verify button' is clickable]]></system-out>
         <system-err><![CDATA[]]></system-err>
      </testcase>
      <system-out><![CDATA[2019-04-29 11:34:17 - [TEST_SUITE][PASSED] - 3-2 Replenishment Test Suite: Test Cases/Others/Accept and verify]]></system-out>
      <system-err><![CDATA[]]></system-err>
   </testsuite>
</testsuites>
