<?xml version="1.0" encoding="UTF-8"?>
<testsuites name="1-3 Purchase return Test Suite" time="28" tests="4" failures="0" errors="0">
   <testsuite name="1-3 Purchase return Test Suite" tests="4" failures="0" errors="0" time="28" timestamp="2019-05-16 17:38:15" hostname="KennyIC_Chen - KennyIC_Chen.compal.com" id="Test Suites/1-3 Purchase return Test Suite">
      <properties>
         <property name="deviceName" value=""/>
         <property name="devicePlatform" value=""/>
         <property name="logFolder" value="C:\\Users\\KennyIC_chen.COMPAL\\git\\PSItest\\Reports\\1-3 Purchase return Test Suite\\20190516_173813"/>
         <property name="logFiles" value="C:\\Users\\KennyIC_chen.COMPAL\\git\\PSItest\\Reports\\1-3 Purchase return Test Suite\\20190516_173813\\execution0.log"/>
         <property name="attachments" value=""/>
         <property name="hostName" value="KennyIC_Chen - KennyIC_Chen.compal.com"/>
         <property name="os" value="Windows 10 64bit"/>
         <property name="katalonVersion" value="5.10.1.1"/>
         <property name="browser" value="Chrome 73.0.3683.103"/>
         <property name="hostAddress" value="192.168.43.240"/>
         <property name="sessionId" value="e2287daabc6e049586e76026092407b6"/>
         <property name="seleniumVersion" value="3.7.1"/>
         <property name="proxyInformation" value="ProxyInformation{proxyOption=NO_PROXY, proxyServerType=HTTP, password=, proxyServerAddress=, proxyServerPort=0}"/>
         <property name="platform" value="Windows 10"/>
      </properties>
      <testcase name="Test Cases/Others/Login" classname="Test Cases/Others/Login" status="PASSED">
         <system-out><![CDATA[2019-05-16 17:38:15 - [TEST_CASE][PASSED] - Test Cases/Others/Login: Test Cases/Others/Login

2019-05-16 17:38:15 - [TEST_STEP][PASSED] - openBrowser(""): Browser is opened with url: ''

2019-05-16 17:38:16 - [MESSAGE][INFO] - Starting 'Chrome' driver

2019-05-16 17:38:16 - [MESSAGE][INFO] - Action delay is set to 0 seconds

2019-05-16 17:38:25 - [MESSAGE][PASSED] - Browser is opened with url: ''

2019-05-16 17:38:25 - [TEST_STEP][PASSED] - navigateToUrl("https://psi-azcldap.unicore.com.tw/login"): Navigate to 'https://psi-azcldap.unicore.com.tw/login' successfully

2019-05-16 17:38:28 - [MESSAGE][PASSED] - Navigate to 'https://psi-azcldap.unicore.com.tw/login' successfully

2019-05-16 17:38:28 - [TEST_STEP][PASSED] - maximizeWindow(): Current window maximized

2019-05-16 17:38:29 - [MESSAGE][PASSED] - Current window maximized

2019-05-16 17:38:29 - [TEST_STEP][PASSED] - setText(findTestObject("Others/Login/ID-QWE"), "QWE"): Text 'QWE' is set on object 'Object Repository/Others/Login/ID-QWE'

2019-05-16 17:38:29 - [MESSAGE][PASSED] - Text 'QWE' is set on object 'Object Repository/Others/Login/ID-QWE'

2019-05-16 17:38:29 - [TEST_STEP][PASSED] - setEncryptedText(findTestObject("Others/Login/PW-QWE"), "5opu+sh6ATw="): Text ****** has been set on object 'Object Repository/Others/Login/PW-QWE'

2019-05-16 17:38:29 - [MESSAGE][PASSED] - Text ****** has been set on object 'Object Repository/Others/Login/PW-QWE'

2019-05-16 17:38:29 - [TEST_STEP][PASSED] - click(findTestObject("Others/Login/Login Button")): Object: 'Object Repository/Others/Login/Login Button' is clicked on

2019-05-16 17:38:29 - [MESSAGE][PASSED] - Object: 'Object Repository/Others/Login/Login Button' is clicked on

2019-05-16 17:38:29 - [TEST_STEP][PASSED] - verifyElementClickable(findTestObject("Others/Login/Verify button")): Object 'Object Repository/Others/Login/Verify button' is clickable

2019-05-16 17:38:30 - [MESSAGE][PASSED] - Object 'Object Repository/Others/Login/Verify button' is clickable]]></system-out>
         <system-err><![CDATA[]]></system-err>
      </testcase>
      <testcase name="Test Cases/1 In/1-3 Purchase return/1-3 Purchase return-Add" classname="Test Cases/1 In/1-3 Purchase return/1-3 Purchase return-Add" status="PASSED">
         <system-out><![CDATA[2019-05-16 17:38:30 - [TEST_CASE][PASSED] - Test Cases/1 In/1-3 Purchase return/1-3 Purchase return-Add: Test Cases/1 In/1-3 Purchase return/1-3 Purchase return-Add

2019-05-16 17:38:30 - [TEST_STEP][PASSED] - click(findTestObject("1 In/1-3 Return/Add/Return button")): Object: 'Object Repository/1 In/1-3 Return/Add/Return button' is clicked on

2019-05-16 17:38:30 - [MESSAGE][PASSED] - Object: 'Object Repository/1 In/1-3 Return/Add/Return button' is clicked on

2019-05-16 17:38:30 - [TEST_STEP][PASSED] - click(findTestObject("1 In/1-3 Return/Add/Add button")): Object: 'Object Repository/1 In/1-3 Return/Add/Add button' is clicked on

2019-05-16 17:38:31 - [MESSAGE][PASSED] - Object: 'Object Repository/1 In/1-3 Return/Add/Add button' is clicked on

2019-05-16 17:38:31 - [TEST_STEP][PASSED] - click(findTestObject("1 In/1-3 Return/Add/Customer button")): Object: 'Object Repository/1 In/1-3 Return/Add/Customer button' is clicked on

2019-05-16 17:38:31 - [MESSAGE][PASSED] - Object: 'Object Repository/1 In/1-3 Return/Add/Customer button' is clicked on

2019-05-16 17:38:31 - [TEST_STEP][PASSED] - click(findTestObject("1 In/1-3 Return/Add/Customer 95230")): Object: 'Object Repository/1 In/1-3 Return/Add/Customer 95230' is clicked on

2019-05-16 17:38:31 - [MESSAGE][PASSED] - Object: 'Object Repository/1 In/1-3 Return/Add/Customer 95230' is clicked on

2019-05-16 17:38:31 - [TEST_STEP][PASSED] - click(findTestObject("1 In/1-3 Return/Add/Payment select")): Object: 'Object Repository/1 In/1-3 Return/Add/Payment select' is clicked on

2019-05-16 17:38:31 - [MESSAGE][PASSED] - Object: 'Object Repository/1 In/1-3 Return/Add/Payment select' is clicked on

2019-05-16 17:38:31 - [TEST_STEP][PASSED] - selectOptionByValue(findTestObject("1 In/1-3 Return/Add/Payment"), "0: 1", true): All options with value '0: 1' are selected in object 'Object Repository/1 In/1-3 Return/Add/Payment'  using regular expression

2019-05-16 17:38:32 - [MESSAGE][PASSED] - All options with value '0: 1' are selected in object 'Object Repository/1 In/1-3 Return/Add/Payment'  using regular expression

2019-05-16 17:38:32 - [TEST_STEP][PASSED] - click(findTestObject("1 In/1-3 Return/Add/Payment Date 1")): Object: 'Object Repository/1 In/1-3 Return/Add/Payment Date 1' is clicked on

2019-05-16 17:38:32 - [MESSAGE][PASSED] - Object: 'Object Repository/1 In/1-3 Return/Add/Payment Date 1' is clicked on

2019-05-16 17:38:32 - [TEST_STEP][PASSED] - click(findTestObject("1 In/1-3 Return/Add/Payment date 1 next month 10", ["xxx":abc(5)])): null

2019-05-16 17:38:32 - [TEST_STEP][PASSED] - today = new java.util.Date(): null

2019-05-16 17:38:32 - [TEST_STEP][PASSED] - day1 = Date().plus(num): null

2019-05-16 17:38:32 - [TEST_STEP][PASSED] - if (day1.format("MM") > today.format("MM")): null

2019-05-16 17:38:32 - [TEST_STEP][PASSED] - else: Object: 'Object Repository/1 In/1-3 Return/Add/Payment date 1 next month 10' is clicked on

2019-05-16 17:38:32 - [TEST_STEP][PASSED] - return day1.format(d): Object: 'Object Repository/1 In/1-3 Return/Add/Payment date 1 next month 10' is clicked on

2019-05-16 17:38:32 - [MESSAGE][PASSED] - Object: 'Object Repository/1 In/1-3 Return/Add/Payment date 1 next month 10' is clicked on

2019-05-16 17:38:32 - [TEST_STEP][PASSED] - click(findTestObject("1 In/1-3 Return/Add/Payment Date 2")): Object: 'Object Repository/1 In/1-3 Return/Add/Payment Date 2' is clicked on

2019-05-16 17:38:32 - [MESSAGE][PASSED] - Object: 'Object Repository/1 In/1-3 Return/Add/Payment Date 2' is clicked on

2019-05-16 17:38:32 - [TEST_STEP][PASSED] - click(findTestObject("1 In/1-3 Return/Add/Payment date 2 next month 15", ["xxx":abc(10)])): null

2019-05-16 17:38:32 - [TEST_STEP][PASSED] - today = new java.util.Date(): null

2019-05-16 17:38:32 - [TEST_STEP][PASSED] - day1 = Date().plus(num): null

2019-05-16 17:38:32 - [TEST_STEP][PASSED] - if (day1.format("MM") > today.format("MM")): null

2019-05-16 17:38:32 - [TEST_STEP][PASSED] - else: Object: 'Object Repository/1 In/1-3 Return/Add/Payment date 2 next month 15' is clicked on

2019-05-16 17:38:32 - [TEST_STEP][PASSED] - return day1.format(d): Object: 'Object Repository/1 In/1-3 Return/Add/Payment date 2 next month 15' is clicked on

2019-05-16 17:38:32 - [MESSAGE][PASSED] - Object: 'Object Repository/1 In/1-3 Return/Add/Payment date 2 next month 15' is clicked on

2019-05-16 17:38:32 - [TEST_STEP][PASSED] - click(findTestObject("1 In/1-3 Return/Add/Payment Date 3")): Object: 'Object Repository/1 In/1-3 Return/Add/Payment Date 3' is clicked on

2019-05-16 17:38:32 - [MESSAGE][PASSED] - Object: 'Object Repository/1 In/1-3 Return/Add/Payment Date 3' is clicked on

2019-05-16 17:38:32 - [TEST_STEP][PASSED] - click(findTestObject("1 In/1-3 Return/Add/Payment date 3 next month 20", ["xxx":abc(15)])): null

2019-05-16 17:38:32 - [TEST_STEP][PASSED] - today = new java.util.Date(): null

2019-05-16 17:38:32 - [TEST_STEP][PASSED] - day1 = Date().plus(num): null

2019-05-16 17:38:32 - [TEST_STEP][PASSED] - if (day1.format("MM") > today.format("MM")): null

2019-05-16 17:38:32 - [TEST_STEP][PASSED] - else: Object: 'Object Repository/1 In/1-3 Return/Add/Payment date 3 next month 20' is clicked on

2019-05-16 17:38:32 - [TEST_STEP][PASSED] - return day1.format(d): Object: 'Object Repository/1 In/1-3 Return/Add/Payment date 3 next month 20' is clicked on

2019-05-16 17:38:32 - [MESSAGE][PASSED] - Object: 'Object Repository/1 In/1-3 Return/Add/Payment date 3 next month 20' is clicked on

2019-05-16 17:38:32 - [TEST_STEP][PASSED] - click(findTestObject("1 In/1-3 Return/Add/Invoice select")): Object: 'Object Repository/1 In/1-3 Return/Add/Invoice select' is clicked on

2019-05-16 17:38:32 - [MESSAGE][PASSED] - Object: 'Object Repository/1 In/1-3 Return/Add/Invoice select' is clicked on

2019-05-16 17:38:32 - [TEST_STEP][PASSED] - selectOptionByValue(findTestObject("1 In/1-3 Return/Add/Invoice"), "3: 4", true): All options with value '3: 4' are selected in object 'Object Repository/1 In/1-3 Return/Add/Invoice'  using regular expression

2019-05-16 17:38:32 - [MESSAGE][PASSED] - All options with value '3: 4' are selected in object 'Object Repository/1 In/1-3 Return/Add/Invoice'  using regular expression

2019-05-16 17:38:32 - [TEST_STEP][PASSED] - setText(findTestObject("1 In/1-3 Return/Add/Invoice number"), Invoice_number): Text 'AB-12345678' is set on object 'Object Repository/1 In/1-3 Return/Add/Invoice number'

2019-05-16 17:38:32 - [MESSAGE][PASSED] - Text 'AB-12345678' is set on object 'Object Repository/1 In/1-3 Return/Add/Invoice number'

2019-05-16 17:38:32 - [TEST_STEP][PASSED] - click(findTestObject("1 In/1-3 Return/Add/Empolyee button")): Object: 'Object Repository/1 In/1-3 Return/Add/Empolyee button' is clicked on

2019-05-16 17:38:33 - [MESSAGE][PASSED] - Object: 'Object Repository/1 In/1-3 Return/Add/Empolyee button' is clicked on

2019-05-16 17:38:33 - [TEST_STEP][PASSED] - click(findTestObject("1 In/1-3 Return/Add/Employee Larry")): Object: 'Object Repository/1 In/1-3 Return/Add/Employee Larry' is clicked on

2019-05-16 17:38:33 - [MESSAGE][PASSED] - Object: 'Object Repository/1 In/1-3 Return/Add/Employee Larry' is clicked on

2019-05-16 17:38:33 - [TEST_STEP][PASSED] - setText(findTestObject("1 In/1-3 Return/Add/Purchase number"), "BB87654321"): Text 'BB87654321' is set on object 'Object Repository/1 In/1-3 Return/Add/Purchase number'

2019-05-16 17:38:33 - [MESSAGE][PASSED] - Text 'BB87654321' is set on object 'Object Repository/1 In/1-3 Return/Add/Purchase number'

2019-05-16 17:38:33 - [TEST_STEP][PASSED] - setText(findTestObject("1 In/1-3 Return/Add/Note"), time()): null

2019-05-16 17:38:33 - [TEST_STEP][PASSED] - date = new java.util.Date(): null

2019-05-16 17:38:33 - [TEST_STEP][PASSED] - sdf = new java.text.SimpleDateFormat(yyyyMMddHHmm): null

2019-05-16 17:38:33 - [TEST_STEP][PASSED] - Time = Note + sdf.format(date): null

2019-05-16 17:38:33 - [TEST_STEP][PASSED] - return internal.GlobalVariable.Time: Text 'Testing201905161738' is set on object 'Object Repository/1 In/1-3 Return/Add/Note'

2019-05-16 17:38:33 - [MESSAGE][PASSED] - Text 'Testing201905161738' is set on object 'Object Repository/1 In/1-3 Return/Add/Note'

2019-05-16 17:38:33 - [TEST_STEP][PASSED] - click(findTestObject("1 In/1-3 Return/Add/New item button")): Object: 'Object Repository/1 In/1-3 Return/Add/New item button' is clicked on

2019-05-16 17:38:34 - [MESSAGE][PASSED] - Object: 'Object Repository/1 In/1-3 Return/Add/New item button' is clicked on

2019-05-16 17:38:34 - [TEST_STEP][PASSED] - click(findTestObject("1 In/1-3 Return/Add/Item IPAD")): Object: 'Object Repository/1 In/1-3 Return/Add/Item IPAD' is clicked on

2019-05-16 17:38:35 - [MESSAGE][PASSED] - Object: 'Object Repository/1 In/1-3 Return/Add/Item IPAD' is clicked on

2019-05-16 17:38:35 - [TEST_STEP][PASSED] - click(findTestObject("1 In/1-3 Return/Add/Unit button")): Object: 'Object Repository/1 In/1-3 Return/Add/Unit button' is clicked on

2019-05-16 17:38:35 - [MESSAGE][PASSED] - Object: 'Object Repository/1 In/1-3 Return/Add/Unit button' is clicked on

2019-05-16 17:38:35 - [TEST_STEP][PASSED] - click(findTestObject("1 In/1-3 Return/Add/Unit Change")): Object: 'Object Repository/1 In/1-3 Return/Add/Unit Change' is clicked on

2019-05-16 17:38:35 - [MESSAGE][PASSED] - Object: 'Object Repository/1 In/1-3 Return/Add/Unit Change' is clicked on

2019-05-16 17:38:35 - [TEST_STEP][PASSED] - setText(findTestObject("1 In/1-3 Return/Add/Number"), "10"): Text '10' is set on object 'Object Repository/1 In/1-3 Return/Add/Number'

2019-05-16 17:38:36 - [MESSAGE][PASSED] - Text '10' is set on object 'Object Repository/1 In/1-3 Return/Add/Number'

2019-05-16 17:38:36 - [TEST_STEP][PASSED] - setText(findTestObject("1 In/1-3 Return/Add/Price"), "200"): Text '200' is set on object 'Object Repository/1 In/1-3 Return/Add/Price'

2019-05-16 17:38:36 - [MESSAGE][PASSED] - Text '200' is set on object 'Object Repository/1 In/1-3 Return/Add/Price'

2019-05-16 17:38:36 - [TEST_STEP][PASSED] - setText(findTestObject("1 In/1-3 Return/Add/Total price"), "2000"): Text '2000' is set on object 'Object Repository/1 In/1-3 Return/Add/Total price'

2019-05-16 17:38:36 - [MESSAGE][PASSED] - Text '2000' is set on object 'Object Repository/1 In/1-3 Return/Add/Total price'

2019-05-16 17:38:36 - [TEST_STEP][PASSED] - click(findTestObject("1 In/1-3 Return/Add/Warehouse button")): Object: 'Object Repository/1 In/1-3 Return/Add/Warehouse button' is clicked on

2019-05-16 17:38:36 - [MESSAGE][PASSED] - Object: 'Object Repository/1 In/1-3 Return/Add/Warehouse button' is clicked on

2019-05-16 17:38:36 - [TEST_STEP][PASSED] - click(findTestObject("1 In/1-3 Return/Add/Warehouse 111")): Object: 'Object Repository/1 In/1-3 Return/Add/Warehouse 111' is clicked on

2019-05-16 17:38:36 - [MESSAGE][PASSED] - Object: 'Object Repository/1 In/1-3 Return/Add/Warehouse 111' is clicked on

2019-05-16 17:38:36 - [TEST_STEP][PASSED] - click(findTestObject("1 In/1-3 Return/Add/Save")): Object: 'Object Repository/1 In/1-3 Return/Add/Save' is clicked on

2019-05-16 17:38:36 - [MESSAGE][PASSED] - Object: 'Object Repository/1 In/1-3 Return/Add/Save' is clicked on]]></system-out>
         <system-err><![CDATA[]]></system-err>
      </testcase>
      <testcase name="Test Cases/Others/Accept and verify" classname="Test Cases/Others/Accept and verify" status="PASSED">
         <system-out><![CDATA[2019-05-16 17:38:36 - [TEST_CASE][PASSED] - Test Cases/Others/Accept and verify: Test Cases/Others/Accept and verify

2019-05-16 17:38:37 - [TEST_STEP][PASSED] - delay(3): Delayed 3 second(s)

2019-05-16 17:38:40 - [MESSAGE][PASSED] - Delayed 3 second(s)

2019-05-16 17:38:40 - [TEST_STEP][PASSED] - waitForAlert(5): Alert is present after 5 second(s).

2019-05-16 17:38:40 - [MESSAGE][PASSED] - Alert is present after 5 second(s).

2019-05-16 17:38:40 - [TEST_STEP][PASSED] - acceptAlert(): Alert accepted

2019-05-16 17:38:40 - [MESSAGE][PASSED] - Alert accepted

2019-05-16 17:38:40 - [TEST_STEP][PASSED] - verifyElementClickable(findTestObject("Others/Accept and verify/Verify button")): Object 'Object Repository/Others/Accept and verify/Verify button' is clickable

2019-05-16 17:38:40 - [MESSAGE][PASSED] - Object 'Object Repository/Others/Accept and verify/Verify button' is clickable]]></system-out>
         <system-err><![CDATA[]]></system-err>
      </testcase>
      <testcase name="Test Cases/1 In/1-3 Purchase return/1-3 Purchase return-Edit" classname="Test Cases/1 In/1-3 Purchase return/1-3 Purchase return-Edit" status="PASSED">
         <system-out><![CDATA[2019-05-16 17:38:40 - [TEST_CASE][PASSED] - Test Cases/1 In/1-3 Purchase return/1-3 Purchase return-Edit: Test Cases/1 In/1-3 Purchase return/1-3 Purchase return-Edit

2019-05-16 17:38:40 - [TEST_STEP][PASSED] - click(findTestObject("Object Repository/1 In/1-3 Return/Edit/Sort button by no")): Object: 'Object Repository/1 In/1-3 Return/Edit/Sort button by no' is clicked on

2019-05-16 17:38:40 - [MESSAGE][PASSED] - Object: 'Object Repository/1 In/1-3 Return/Edit/Sort button by no' is clicked on

2019-05-16 17:38:40 - [TEST_STEP][PASSED] - click(findTestObject("Object Repository/1 In/1-3 Return/Edit/Sort button by no")): Object: 'Object Repository/1 In/1-3 Return/Edit/Sort button by no' is clicked on

2019-05-16 17:38:40 - [MESSAGE][PASSED] - Object: 'Object Repository/1 In/1-3 Return/Edit/Sort button by no' is clicked on

2019-05-16 17:38:40 - [TEST_STEP][PASSED] - XXX = Time: null

2019-05-16 17:38:40 - [TEST_STEP][PASSED] - click(findTestObject("1 In/1-3 Return/Edit/Select Purchase Return by note", ["xxx":XXX])): Object: 'Object Repository/1 In/1-3 Return/Edit/Select Purchase Return by note' is clicked on

2019-05-16 17:38:41 - [MESSAGE][PASSED] - Object: 'Object Repository/1 In/1-3 Return/Edit/Select Purchase Return by note' is clicked on

2019-05-16 17:38:41 - [TEST_STEP][PASSED] - click(findTestObject("Object Repository/1 In/1-3 Return/Edit/Edit button")): Object: 'Object Repository/1 In/1-3 Return/Edit/Edit button' is clicked on

2019-05-16 17:38:41 - [MESSAGE][PASSED] - Object: 'Object Repository/1 In/1-3 Return/Edit/Edit button' is clicked on

2019-05-16 17:38:41 - [TEST_STEP][PASSED] - click(findTestObject("Object Repository/1 In/1-3 Return/Edit/Add item button")): Object: 'Object Repository/1 In/1-3 Return/Edit/Add item button' is clicked on

2019-05-16 17:38:41 - [MESSAGE][PASSED] - Object: 'Object Repository/1 In/1-3 Return/Edit/Add item button' is clicked on

2019-05-16 17:38:41 - [TEST_STEP][PASSED] - click(findTestObject("Object Repository/1 In/1-3 Return/Edit/Select item")): Object: 'Object Repository/1 In/1-3 Return/Edit/Select item' is clicked on

2019-05-16 17:38:42 - [MESSAGE][PASSED] - Object: 'Object Repository/1 In/1-3 Return/Edit/Select item' is clicked on

2019-05-16 17:38:42 - [TEST_STEP][PASSED] - click(findTestObject("Object Repository/1 In/1-3 Return/Edit/Number button")): Object: 'Object Repository/1 In/1-3 Return/Edit/Number button' is clicked on

2019-05-16 17:38:42 - [MESSAGE][PASSED] - Object: 'Object Repository/1 In/1-3 Return/Edit/Number button' is clicked on

2019-05-16 17:38:42 - [TEST_STEP][PASSED] - setText(findTestObject("Object Repository/1 In/1-3 Return/Edit/Number text"), "5"): Text '5' is set on object 'Object Repository/1 In/1-3 Return/Edit/Number text'

2019-05-16 17:38:42 - [MESSAGE][PASSED] - Text '5' is set on object 'Object Repository/1 In/1-3 Return/Edit/Number text'

2019-05-16 17:38:42 - [TEST_STEP][PASSED] - setText(findTestObject("Object Repository/1 In/1-3 Return/Edit/Total price text"), "5"): Text '5' is set on object 'Object Repository/1 In/1-3 Return/Edit/Total price text'

2019-05-16 17:38:42 - [MESSAGE][PASSED] - Text '5' is set on object 'Object Repository/1 In/1-3 Return/Edit/Total price text'

2019-05-16 17:38:42 - [TEST_STEP][PASSED] - click(findTestObject("Object Repository/1 In/1-3 Return/Edit/Warehouse button")): Object: 'Object Repository/1 In/1-3 Return/Edit/Warehouse button' is clicked on

2019-05-16 17:38:42 - [MESSAGE][PASSED] - Object: 'Object Repository/1 In/1-3 Return/Edit/Warehouse button' is clicked on

2019-05-16 17:38:42 - [TEST_STEP][PASSED] - click(findTestObject("Object Repository/1 In/1-3 Return/Edit/Warehouse select")): Object: 'Object Repository/1 In/1-3 Return/Edit/Warehouse select' is clicked on

2019-05-16 17:38:43 - [MESSAGE][PASSED] - Object: 'Object Repository/1 In/1-3 Return/Edit/Warehouse select' is clicked on

2019-05-16 17:38:43 - [TEST_STEP][PASSED] - click(findTestObject("Object Repository/1 In/1-3 Return/Edit/Save button")): Object: 'Object Repository/1 In/1-3 Return/Edit/Save button' is clicked on

2019-05-16 17:38:43 - [MESSAGE][PASSED] - Object: 'Object Repository/1 In/1-3 Return/Edit/Save button' is clicked on]]></system-out>
         <system-err><![CDATA[]]></system-err>
      </testcase>
      <system-out><![CDATA[2019-05-16 17:38:15 - [TEST_SUITE][PASSED] - 1-3 Purchase return Test Suite: Test Cases/1 In/1-3 Purchase return/1-3 Purchase return-Edit]]></system-out>
      <system-err><![CDATA[]]></system-err>
   </testsuite>
</testsuites>
