<?xml version="1.0" encoding="UTF-8"?>
<testsuites name="Purchase Test Suite" time="20" tests="3" failures="0" errors="0">
   <testsuite name="Purchase Test Suite" tests="3" failures="0" errors="0" time="20" timestamp="2019-04-17 00:55:27" hostname="KB - DESKTOP-Q62N4RQ" id="Test Suites/Purchase Test Suite">
      <properties>
         <property name="deviceName" value=""/>
         <property name="devicePlatform" value=""/>
         <property name="logFolder" value="C:\\Users\\KB\\git\\PSItesting\\PSItest\\Reports\\Purchase Test Suite\\20190417_005456"/>
         <property name="logFiles" value="C:\\Users\\KB\\git\\PSItesting\\PSItest\\Reports\\Purchase Test Suite\\20190417_005456\\execution0.log"/>
         <property name="attachments" value=""/>
         <property name="hostName" value="KB - DESKTOP-Q62N4RQ"/>
         <property name="os" value="Windows 10 64bit"/>
         <property name="katalonVersion" value="6.1.0.1"/>
         <property name="browser" value="Chrome 73.0.3683.86"/>
         <property name="hostAddress" value="192.168.1.106"/>
         <property name="sessionId" value="4cd5e8d9e7e052414a3e755c45f73149"/>
         <property name="seleniumVersion" value="3.7.1"/>
         <property name="proxyInformation" value="ProxyInformation{proxyOption=NO_PROXY, proxyServerType=HTTP, password=, proxyServerAddress=, proxyServerPort=0}"/>
         <property name="platform" value="Windows 10"/>
      </properties>
      <testcase name="Test Cases/Login" classname="Test Cases/Login" status="PASSED">
         <system-out><![CDATA[2019-04-17 00:55:28 - [TEST_CASE][PASSED] - Test Cases/Login: Test Cases/Login

2019-04-17 00:55:29 - [TEST_STEP][PASSED] - openBrowser(""): Browser is opened with url: ''

2019-04-17 00:55:29 - [MESSAGE][INFO] - Starting 'Chrome' driver

2019-04-17 00:55:29 - [MESSAGE][INFO] - Action delay is set to 0 seconds

2019-04-17 00:55:33 - [MESSAGE][PASSED] - Browser is opened with url: ''

2019-04-17 00:55:33 - [TEST_STEP][PASSED] - navigateToUrl("https://psi-azcldap.unicore.com.tw/login"): Navigate to 'https://psi-azcldap.unicore.com.tw/login' successfully

2019-04-17 00:55:35 - [MESSAGE][PASSED] - Navigate to 'https://psi-azcldap.unicore.com.tw/login' successfully

2019-04-17 00:55:35 - [TEST_STEP][PASSED] - maximizeWindow(): Current window maximized

2019-04-17 00:55:36 - [MESSAGE][PASSED] - Current window maximized

2019-04-17 00:55:36 - [TEST_STEP][PASSED] - setText(findTestObject("Login/ID-QWE"), "QWE"): Text 'QWE' is set on object 'Object Repository/Login/ID-QWE'

2019-04-17 00:55:36 - [MESSAGE][PASSED] - Text 'QWE' is set on object 'Object Repository/Login/ID-QWE'

2019-04-17 00:55:36 - [TEST_STEP][PASSED] - setEncryptedText(findTestObject("Login/PW-QWE"), "5opu+sh6ATw="): Text ****** has been set on object 'Object Repository/Login/PW-QWE'

2019-04-17 00:55:37 - [MESSAGE][PASSED] - Text ****** has been set on object 'Object Repository/Login/PW-QWE'

2019-04-17 00:55:37 - [TEST_STEP][PASSED] - click(findTestObject("Login/Login Button")): Object: 'Object Repository/Login/Login Button' is clicked on

2019-04-17 00:55:37 - [MESSAGE][PASSED] - Object: 'Object Repository/Login/Login Button' is clicked on

2019-04-17 00:55:37 - [TEST_STEP][PASSED] - verifyElementClickable(findTestObject("Login/Verify button")): Object 'Object Repository/Login/Verify button' is clickable

2019-04-17 00:55:37 - [MESSAGE][PASSED] - Object 'Object Repository/Login/Verify button' is clickable]]></system-out>
         <system-err><![CDATA[]]></system-err>
      </testcase>
      <testcase name="Test Cases/Purchase-Add" classname="Test Cases/Purchase-Add" status="PASSED">
         <system-out><![CDATA[2019-04-17 00:55:37 - [TEST_CASE][PASSED] - Test Cases/Purchase-Add: Test Cases/Purchase-Add

2019-04-17 00:55:38 - [TEST_STEP][PASSED] - click(findTestObject("Purchase/Purchase button")): Object: 'Object Repository/Purchase/Purchase button' is clicked on

2019-04-17 00:55:38 - [MESSAGE][PASSED] - Object: 'Object Repository/Purchase/Purchase button' is clicked on

2019-04-17 00:55:38 - [TEST_STEP][PASSED] - click(findTestObject("Purchase/Add button")): Object: 'Object Repository/Purchase/Add button' is clicked on

2019-04-17 00:55:38 - [MESSAGE][PASSED] - Object: 'Object Repository/Purchase/Add button' is clicked on

2019-04-17 00:55:38 - [TEST_STEP][PASSED] - click(findTestObject("Purchase/Vendor button")): Object: 'Object Repository/Purchase/Vendor button' is clicked on

2019-04-17 00:55:39 - [MESSAGE][PASSED] - Object: 'Object Repository/Purchase/Vendor button' is clicked on

2019-04-17 00:55:39 - [TEST_STEP][PASSED] - click(findTestObject("Purchase/Vendor 2324")): Object: 'Object Repository/Purchase/Vendor 2324' is clicked on

2019-04-17 00:55:39 - [MESSAGE][PASSED] - Object: 'Object Repository/Purchase/Vendor 2324' is clicked on

2019-04-17 00:55:39 - [TEST_STEP][PASSED] - click(findTestObject("Purchase/Payment select")): Object: 'Object Repository/Purchase/Payment select' is clicked on

2019-04-17 00:55:39 - [MESSAGE][PASSED] - Object: 'Object Repository/Purchase/Payment select' is clicked on

2019-04-17 00:55:39 - [TEST_STEP][PASSED] - selectOptionByValue(findTestObject("Purchase/Payment Cash"), "0: 1", true): All options with value '0: 1' are selected in object 'Object Repository/Purchase/Payment Cash'  using regular expression

2019-04-17 00:55:40 - [MESSAGE][PASSED] - All options with value '0: 1' are selected in object 'Object Repository/Purchase/Payment Cash'  using regular expression

2019-04-17 00:55:40 - [TEST_STEP][PASSED] - click(findTestObject("Purchase/Payment date 1")): Object: 'Object Repository/Purchase/Payment date 1' is clicked on

2019-04-17 00:55:40 - [MESSAGE][PASSED] - Object: 'Object Repository/Purchase/Payment date 1' is clicked on

2019-04-17 00:55:40 - [TEST_STEP][PASSED] - click(findTestObject("Purchase/Payment date 1 next month")): Object: 'Object Repository/Purchase/Payment date 1 next month' is clicked on

2019-04-17 00:55:40 - [MESSAGE][PASSED] - Object: 'Object Repository/Purchase/Payment date 1 next month' is clicked on

2019-04-17 00:55:40 - [TEST_STEP][PASSED] - click(findTestObject("Purchase/Payment date 1 next month_10")): Object: 'Object Repository/Purchase/Payment date 1 next month_10' is clicked on

2019-04-17 00:55:40 - [MESSAGE][PASSED] - Object: 'Object Repository/Purchase/Payment date 1 next month_10' is clicked on

2019-04-17 00:55:40 - [TEST_STEP][PASSED] - click(findTestObject("Purchase/Payment date 2")): Object: 'Object Repository/Purchase/Payment date 2' is clicked on

2019-04-17 00:55:40 - [MESSAGE][PASSED] - Object: 'Object Repository/Purchase/Payment date 2' is clicked on

2019-04-17 00:55:40 - [TEST_STEP][PASSED] - click(findTestObject("Purchase/Payment date 2 next month")): Object: 'Object Repository/Purchase/Payment date 2 next month' is clicked on

2019-04-17 00:55:40 - [MESSAGE][PASSED] - Object: 'Object Repository/Purchase/Payment date 2 next month' is clicked on

2019-04-17 00:55:40 - [TEST_STEP][PASSED] - click(findTestObject("Purchase/Payment date 2 next month_15")): Object: 'Object Repository/Purchase/Payment date 2 next month_15' is clicked on

2019-04-17 00:55:41 - [MESSAGE][PASSED] - Object: 'Object Repository/Purchase/Payment date 2 next month_15' is clicked on

2019-04-17 00:55:41 - [TEST_STEP][PASSED] - click(findTestObject("Purchase/Payment date 3")): Object: 'Object Repository/Purchase/Payment date 3' is clicked on

2019-04-17 00:55:41 - [MESSAGE][PASSED] - Object: 'Object Repository/Purchase/Payment date 3' is clicked on

2019-04-17 00:55:41 - [TEST_STEP][PASSED] - click(findTestObject("Purchase/Payment date 3 next month")): Object: 'Object Repository/Purchase/Payment date 3 next month' is clicked on

2019-04-17 00:55:41 - [MESSAGE][PASSED] - Object: 'Object Repository/Purchase/Payment date 3 next month' is clicked on

2019-04-17 00:55:41 - [TEST_STEP][PASSED] - click(findTestObject("Purchase/Payment date 3 next month_20")): Object: 'Object Repository/Purchase/Payment date 3 next month_20' is clicked on

2019-04-17 00:55:41 - [MESSAGE][PASSED] - Object: 'Object Repository/Purchase/Payment date 3 next month_20' is clicked on

2019-04-17 00:55:41 - [TEST_STEP][PASSED] - click(findTestObject("Purchase/Invoice select")): Object: 'Object Repository/Purchase/Invoice select' is clicked on

2019-04-17 00:55:41 - [MESSAGE][PASSED] - Object: 'Object Repository/Purchase/Invoice select' is clicked on

2019-04-17 00:55:41 - [TEST_STEP][PASSED] - selectOptionByValue(findTestObject("Purchase/Invoice 1"), "3: 4", true): All options with value '3: 4' are selected in object 'Object Repository/Purchase/Invoice 1'  using regular expression

2019-04-17 00:55:42 - [MESSAGE][PASSED] - All options with value '3: 4' are selected in object 'Object Repository/Purchase/Invoice 1'  using regular expression

2019-04-17 00:55:42 - [TEST_STEP][PASSED] - click(findTestObject("Purchase/Employee button")): Object: 'Object Repository/Purchase/Employee button' is clicked on

2019-04-17 00:55:42 - [MESSAGE][PASSED] - Object: 'Object Repository/Purchase/Employee button' is clicked on

2019-04-17 00:55:42 - [TEST_STEP][PASSED] - click(findTestObject("Purchase/Emplyee Larry")): Object: 'Object Repository/Purchase/Emplyee Larry' is clicked on

2019-04-17 00:55:43 - [MESSAGE][PASSED] - Object: 'Object Repository/Purchase/Emplyee Larry' is clicked on

2019-04-17 00:55:43 - [TEST_STEP][PASSED] - setText(findTestObject("Purchase/Note"), "Test"): Text 'Test' is set on object 'Object Repository/Purchase/Note'

2019-04-17 00:55:43 - [MESSAGE][PASSED] - Text 'Test' is set on object 'Object Repository/Purchase/Note'

2019-04-17 00:55:43 - [TEST_STEP][PASSED] - setText(findTestObject("Purchase/Invoice number"), "AA888888"): Text 'AA888888' is set on object 'Object Repository/Purchase/Invoice number'

2019-04-17 00:55:43 - [MESSAGE][PASSED] - Text 'AA888888' is set on object 'Object Repository/Purchase/Invoice number'

2019-04-17 00:55:43 - [TEST_STEP][PASSED] - click(findTestObject("Purchase/Add item button")): Object: 'Object Repository/Purchase/Add item button' is clicked on

2019-04-17 00:55:43 - [MESSAGE][PASSED] - Object: 'Object Repository/Purchase/Add item button' is clicked on

2019-04-17 00:55:43 - [TEST_STEP][PASSED] - click(findTestObject("Purchase/Item IPAD")): Object: 'Object Repository/Purchase/Item IPAD' is clicked on

2019-04-17 00:55:44 - [MESSAGE][PASSED] - Object: 'Object Repository/Purchase/Item IPAD' is clicked on

2019-04-17 00:55:44 - [TEST_STEP][PASSED] - click(findTestObject("Purchase/Unit button")): Object: 'Object Repository/Purchase/Unit button' is clicked on

2019-04-17 00:55:44 - [MESSAGE][PASSED] - Object: 'Object Repository/Purchase/Unit button' is clicked on

2019-04-17 00:55:44 - [TEST_STEP][PASSED] - click(findTestObject("Purchase/Unit Change")): Object: 'Object Repository/Purchase/Unit Change' is clicked on

2019-04-17 00:55:45 - [MESSAGE][PASSED] - Object: 'Object Repository/Purchase/Unit Change' is clicked on

2019-04-17 00:55:45 - [TEST_STEP][PASSED] - setText(findTestObject("Purchase/Qty"), "10"): Text '10' is set on object 'Object Repository/Purchase/Qty'

2019-04-17 00:55:45 - [MESSAGE][PASSED] - Text '10' is set on object 'Object Repository/Purchase/Qty'

2019-04-17 00:55:45 - [TEST_STEP][PASSED] - setText(findTestObject("Purchase/Price"), "200"): Text '200' is set on object 'Object Repository/Purchase/Price'

2019-04-17 00:55:45 - [MESSAGE][PASSED] - Text '200' is set on object 'Object Repository/Purchase/Price'

2019-04-17 00:55:45 - [TEST_STEP][PASSED] - setText(findTestObject("Purchase/Total price"), "2000"): Text '2000' is set on object 'Object Repository/Purchase/Total price'

2019-04-17 00:55:45 - [MESSAGE][PASSED] - Text '2000' is set on object 'Object Repository/Purchase/Total price'

2019-04-17 00:55:45 - [TEST_STEP][PASSED] - click(findTestObject("Purchase/Warehouse button")): Object: 'Object Repository/Purchase/Warehouse button' is clicked on

2019-04-17 00:55:46 - [MESSAGE][PASSED] - Object: 'Object Repository/Purchase/Warehouse button' is clicked on

2019-04-17 00:55:46 - [TEST_STEP][PASSED] - click(findTestObject("Purchase/Warehouse 111")): Object: 'Object Repository/Purchase/Warehouse 111' is clicked on

2019-04-17 00:55:46 - [MESSAGE][PASSED] - Object: 'Object Repository/Purchase/Warehouse 111' is clicked on

2019-04-17 00:55:46 - [TEST_STEP][PASSED] - click(findTestObject("Purchase/Save")): Object: 'Object Repository/Purchase/Save' is clicked on

2019-04-17 00:55:46 - [MESSAGE][PASSED] - Object: 'Object Repository/Purchase/Save' is clicked on]]></system-out>
         <system-err><![CDATA[]]></system-err>
      </testcase>
      <testcase name="Test Cases/Accept and verify" classname="Test Cases/Accept and verify" status="PASSED">
         <system-out><![CDATA[2019-04-17 00:55:46 - [TEST_CASE][PASSED] - Test Cases/Accept and verify: Test Cases/Accept and verify

2019-04-17 00:55:47 - [TEST_STEP][PASSED] - acceptAlert(): Alert accepted

2019-04-17 00:55:47 - [MESSAGE][PASSED] - Alert accepted

2019-04-17 00:55:47 - [TEST_STEP][PASSED] - verifyElementClickable(findTestObject("Accept and verify/Verify button")): Object 'Object Repository/Accept and verify/Verify button' is clickable

2019-04-17 00:55:47 - [MESSAGE][PASSED] - Object 'Object Repository/Accept and verify/Verify button' is clickable]]></system-out>
         <system-err><![CDATA[]]></system-err>
      </testcase>
      <system-out><![CDATA[2019-04-17 00:55:27 - [TEST_SUITE][PASSED] - Purchase Test Suite: Test Cases/Accept and verify]]></system-out>
      <system-err><![CDATA[]]></system-err>
   </testsuite>
</testsuites>
