<?xml version="1.0" encoding="UTF-8"?>
<testsuites name="3-1 Stock Take Test Suite" time="20" tests="3" failures="0" errors="0">
   <testsuite name="3-1 Stock Take Test Suite" tests="3" failures="0" errors="0" time="20" timestamp="2019-05-17 16:58:01" hostname="KennyIC_Chen - KennyIC_Chen.compal.com" id="Test Suites/3-1 Stock Take Test Suite">
      <properties>
         <property name="deviceName" value=""/>
         <property name="devicePlatform" value=""/>
         <property name="logFolder" value="C:\\Users\\KennyIC_chen.COMPAL\\git\\PSItest\\Reports\\3-1 Stock Take Test Suite\\20190517_165759"/>
         <property name="logFiles" value="C:\\Users\\KennyIC_chen.COMPAL\\git\\PSItest\\Reports\\3-1 Stock Take Test Suite\\20190517_165759\\execution0.log"/>
         <property name="attachments" value=""/>
         <property name="hostName" value="KennyIC_Chen - KennyIC_Chen.compal.com"/>
         <property name="os" value="Windows 10 64bit"/>
         <property name="katalonVersion" value="5.10.1.1"/>
         <property name="browser" value="Chrome 73.0.3683.103"/>
         <property name="hostAddress" value="10.109.102.148"/>
         <property name="sessionId" value="a4ba845e53b6602e90bb03d6287774b7"/>
         <property name="seleniumVersion" value="3.7.1"/>
         <property name="proxyInformation" value="ProxyInformation{proxyOption=NO_PROXY, proxyServerType=HTTP, password=, proxyServerAddress=, proxyServerPort=0}"/>
         <property name="platform" value="Windows 10"/>
      </properties>
      <testcase name="Test Cases/Others/Login" classname="Test Cases/Others/Login" status="PASSED">
         <system-out><![CDATA[2019-05-17 16:58:01 - [TEST_CASE][PASSED] - Test Cases/Others/Login: Test Cases/Others/Login

2019-05-17 16:58:01 - [TEST_STEP][PASSED] - openBrowser(""): Browser is opened with url: ''

2019-05-17 16:58:02 - [MESSAGE][INFO] - Starting 'Chrome' driver

2019-05-17 16:58:02 - [MESSAGE][INFO] - Action delay is set to 0 seconds

2019-05-17 16:58:08 - [MESSAGE][PASSED] - Browser is opened with url: ''

2019-05-17 16:58:08 - [TEST_STEP][PASSED] - navigateToUrl("https://psi-azcldap.unicore.com.tw/login"): Navigate to 'https://psi-azcldap.unicore.com.tw/login' successfully

2019-05-17 16:58:11 - [MESSAGE][PASSED] - Navigate to 'https://psi-azcldap.unicore.com.tw/login' successfully

2019-05-17 16:58:11 - [TEST_STEP][PASSED] - maximizeWindow(): Current window maximized

2019-05-17 16:58:12 - [MESSAGE][PASSED] - Current window maximized

2019-05-17 16:58:12 - [TEST_STEP][PASSED] - setText(findTestObject("Others/Login/ID-QWE"), "QWE"): Text 'QWE' is set on object 'Object Repository/Others/Login/ID-QWE'

2019-05-17 16:58:12 - [MESSAGE][PASSED] - Text 'QWE' is set on object 'Object Repository/Others/Login/ID-QWE'

2019-05-17 16:58:12 - [TEST_STEP][PASSED] - setEncryptedText(findTestObject("Others/Login/PW-QWE"), "5opu+sh6ATw="): Text ****** has been set on object 'Object Repository/Others/Login/PW-QWE'

2019-05-17 16:58:13 - [MESSAGE][PASSED] - Text ****** has been set on object 'Object Repository/Others/Login/PW-QWE'

2019-05-17 16:58:13 - [TEST_STEP][PASSED] - click(findTestObject("Others/Login/Login Button")): Object: 'Object Repository/Others/Login/Login Button' is clicked on

2019-05-17 16:58:13 - [MESSAGE][PASSED] - Object: 'Object Repository/Others/Login/Login Button' is clicked on

2019-05-17 16:58:13 - [TEST_STEP][PASSED] - verifyElementClickable(findTestObject("Others/Login/Verify button")): Object 'Object Repository/Others/Login/Verify button' is clickable

2019-05-17 16:58:13 - [MESSAGE][PASSED] - Object 'Object Repository/Others/Login/Verify button' is clickable]]></system-out>
         <system-err><![CDATA[]]></system-err>
      </testcase>
      <testcase name="Test Cases/3 Stock/3-1 Stock Take/3-1 Stock Take-Add" classname="Test Cases/3 Stock/3-1 Stock Take/3-1 Stock Take-Add" status="PASSED">
         <system-out><![CDATA[2019-05-17 16:58:13 - [TEST_CASE][PASSED] - Test Cases/3 Stock/3-1 Stock Take/3-1 Stock Take-Add: Test Cases/3 Stock/3-1 Stock Take/3-1 Stock Take-Add

2019-05-17 16:58:13 - [TEST_STEP][PASSED] - click(findTestObject("3 Stock/3-1 Stock take/Stock take button")): Object: 'Object Repository/3 Stock/3-1 Stock take/Stock take button' is clicked on

2019-05-17 16:58:14 - [MESSAGE][PASSED] - Object: 'Object Repository/3 Stock/3-1 Stock take/Stock take button' is clicked on

2019-05-17 16:58:14 - [TEST_STEP][PASSED] - click(findTestObject("3 Stock/3-1 Stock take/Add button")): Object: 'Object Repository/3 Stock/3-1 Stock take/Add button' is clicked on

2019-05-17 16:58:14 - [MESSAGE][PASSED] - Object: 'Object Repository/3 Stock/3-1 Stock take/Add button' is clicked on

2019-05-17 16:58:14 - [TEST_STEP][PASSED] - click(findTestObject("3 Stock/3-1 Stock take/Stock take date")): Object: 'Object Repository/3 Stock/3-1 Stock take/Stock take date' is clicked on

2019-05-17 16:58:14 - [MESSAGE][PASSED] - Object: 'Object Repository/3 Stock/3-1 Stock take/Stock take date' is clicked on

2019-05-17 16:58:14 - [TEST_STEP][PASSED] - click(findTestObject("3 Stock/3-1 Stock take/Date 18", ["date":today_check()])): null

2019-05-17 16:58:14 - [TEST_STEP][PASSED] - today = new java.util.Date(): null

2019-05-17 16:58:14 - [TEST_STEP][PASSED] - return today.format(d): Object: 'Object Repository/3 Stock/3-1 Stock take/Date 18' is clicked on

2019-05-17 16:58:14 - [MESSAGE][PASSED] - Object: 'Object Repository/3 Stock/3-1 Stock take/Date 18' is clicked on

2019-05-17 16:58:14 - [TEST_STEP][PASSED] - click(findTestObject("3 Stock/3-1 Stock take/Employee button")): Object: 'Object Repository/3 Stock/3-1 Stock take/Employee button' is clicked on

2019-05-17 16:58:14 - [MESSAGE][PASSED] - Object: 'Object Repository/3 Stock/3-1 Stock take/Employee button' is clicked on

2019-05-17 16:58:14 - [TEST_STEP][PASSED] - click(findTestObject("3 Stock/3-1 Stock take/Employee Larry")): Object: 'Object Repository/3 Stock/3-1 Stock take/Employee Larry' is clicked on

2019-05-17 16:58:15 - [MESSAGE][PASSED] - Object: 'Object Repository/3 Stock/3-1 Stock take/Employee Larry' is clicked on

2019-05-17 16:58:15 - [TEST_STEP][PASSED] - click(findTestObject("3 Stock/3-1 Stock take/Warehouse button")): Object: 'Object Repository/3 Stock/3-1 Stock take/Warehouse button' is clicked on

2019-05-17 16:58:15 - [MESSAGE][PASSED] - Object: 'Object Repository/3 Stock/3-1 Stock take/Warehouse button' is clicked on

2019-05-17 16:58:15 - [TEST_STEP][PASSED] - click(findTestObject("3 Stock/3-1 Stock take/Warehouse 111")): Object: 'Object Repository/3 Stock/3-1 Stock take/Warehouse 111' is clicked on

2019-05-17 16:58:16 - [MESSAGE][PASSED] - Object: 'Object Repository/3 Stock/3-1 Stock take/Warehouse 111' is clicked on

2019-05-17 16:58:16 - [TEST_STEP][PASSED] - click(findTestObject("3 Stock/3-1 Stock take/Class button")): Object: 'Object Repository/3 Stock/3-1 Stock take/Class button' is clicked on

2019-05-17 16:58:16 - [MESSAGE][PASSED] - Object: 'Object Repository/3 Stock/3-1 Stock take/Class button' is clicked on

2019-05-17 16:58:16 - [TEST_STEP][PASSED] - click(findTestObject("3 Stock/3-1 Stock take/Class IPAD")): Object: 'Object Repository/3 Stock/3-1 Stock take/Class IPAD' is clicked on

2019-05-17 16:58:17 - [MESSAGE][PASSED] - Object: 'Object Repository/3 Stock/3-1 Stock take/Class IPAD' is clicked on

2019-05-17 16:58:17 - [TEST_STEP][PASSED] - click(findTestObject("3 Stock/3-1 Stock take/Class ok button")): Object: 'Object Repository/3 Stock/3-1 Stock take/Class ok button' is clicked on

2019-05-17 16:58:17 - [MESSAGE][PASSED] - Object: 'Object Repository/3 Stock/3-1 Stock take/Class ok button' is clicked on

2019-05-17 16:58:17 - [TEST_STEP][PASSED] - setText(findTestObject("3 Stock/3-1 Stock take/Note"), time()): null

2019-05-17 16:58:17 - [TEST_STEP][PASSED] - date = new java.util.Date(): null

2019-05-17 16:58:17 - [TEST_STEP][PASSED] - sdf = new java.text.SimpleDateFormat(yyyyMMddHHmm): null

2019-05-17 16:58:17 - [TEST_STEP][PASSED] - return (internal.GlobalVariable.Note + sdf.format(date)): Text 'Testing201905171658' is set on object 'Object Repository/3 Stock/3-1 Stock take/Note'

2019-05-17 16:58:17 - [MESSAGE][PASSED] - Text 'Testing201905171658' is set on object 'Object Repository/3 Stock/3-1 Stock take/Note'

2019-05-17 16:58:17 - [TEST_STEP][PASSED] - clearText(findTestObject("3 Stock/3-1 Stock take/Stock number")): Text of object 'Object Repository/3 Stock/3-1 Stock take/Stock number' is cleared

2019-05-17 16:58:17 - [MESSAGE][PASSED] - Text of object 'Object Repository/3 Stock/3-1 Stock take/Stock number' is cleared

2019-05-17 16:58:17 - [TEST_STEP][PASSED] - sendKeys(findTestObject("3 Stock/3-1 Stock take/Stock number"), "600"): Keys '600' sent to object: 'Object Repository/3 Stock/3-1 Stock take/Stock number'

2019-05-17 16:58:17 - [MESSAGE][PASSED] - Keys '600' sent to object: 'Object Repository/3 Stock/3-1 Stock take/Stock number'

2019-05-17 16:58:17 - [TEST_STEP][PASSED] - selectOptionByValue(findTestObject("3 Stock/3-1 Stock take/Stock take done"), "Y", true): All options with value 'Y' are selected in object 'Object Repository/3 Stock/3-1 Stock take/Stock take done'  using regular expression

2019-05-17 16:58:17 - [MESSAGE][PASSED] - All options with value 'Y' are selected in object 'Object Repository/3 Stock/3-1 Stock take/Stock take done'  using regular expression

2019-05-17 16:58:17 - [TEST_STEP][PASSED] - setText(findTestObject("3 Stock/3-1 Stock take/Stock take IPAD note"), "-10"): Text '-10' is set on object 'Object Repository/3 Stock/3-1 Stock take/Stock take IPAD note'

2019-05-17 16:58:17 - [MESSAGE][PASSED] - Text '-10' is set on object 'Object Repository/3 Stock/3-1 Stock take/Stock take IPAD note'

2019-05-17 16:58:17 - [TEST_STEP][PASSED] - selectOptionByValue(findTestObject("3 Stock/3-1 Stock take/Done select"), "Y", true): All options with value 'Y' are selected in object 'Object Repository/3 Stock/3-1 Stock take/Done select'  using regular expression

2019-05-17 16:58:18 - [MESSAGE][PASSED] - All options with value 'Y' are selected in object 'Object Repository/3 Stock/3-1 Stock take/Done select'  using regular expression

2019-05-17 16:58:18 - [TEST_STEP][PASSED] - click(findTestObject("3 Stock/3-1 Stock take/Done")): Object: 'Object Repository/3 Stock/3-1 Stock take/Done' is clicked on

2019-05-17 16:58:18 - [MESSAGE][PASSED] - Object: 'Object Repository/3 Stock/3-1 Stock take/Done' is clicked on]]></system-out>
         <system-err><![CDATA[]]></system-err>
      </testcase>
      <testcase name="Test Cases/Others/Accept and verify" classname="Test Cases/Others/Accept and verify" status="PASSED">
         <system-out><![CDATA[2019-05-17 16:58:18 - [TEST_CASE][PASSED] - Test Cases/Others/Accept and verify: Test Cases/Others/Accept and verify

2019-05-17 16:58:18 - [TEST_STEP][PASSED] - delay(3): Delayed 3 second(s)

2019-05-17 16:58:21 - [MESSAGE][PASSED] - Delayed 3 second(s)

2019-05-17 16:58:21 - [TEST_STEP][PASSED] - waitForAlert(5): Alert is present after 5 second(s).

2019-05-17 16:58:21 - [MESSAGE][PASSED] - Alert is present after 5 second(s).

2019-05-17 16:58:21 - [TEST_STEP][PASSED] - acceptAlert(): Alert accepted

2019-05-17 16:58:21 - [MESSAGE][PASSED] - Alert accepted

2019-05-17 16:58:21 - [TEST_STEP][PASSED] - verifyElementClickable(findTestObject("Others/Accept and verify/Verify button")): Object 'Object Repository/Others/Accept and verify/Verify button' is clickable

2019-05-17 16:58:21 - [MESSAGE][PASSED] - Object 'Object Repository/Others/Accept and verify/Verify button' is clickable]]></system-out>
         <system-err><![CDATA[]]></system-err>
      </testcase>
      <system-out><![CDATA[2019-05-17 16:58:01 - [TEST_SUITE][PASSED] - 3-1 Stock Take Test Suite: Test Cases/Others/Accept and verify]]></system-out>
      <system-err><![CDATA[]]></system-err>
   </testsuite>
</testsuites>
