<?xml version="1.0" encoding="UTF-8"?>
<testsuites name="2-1 Sale Test Suite" time="13" tests="2" failures="0" errors="0">
   <testsuite name="2-1 Sale Test Suite" tests="2" failures="0" errors="0" time="13" timestamp="2019-04-29 11:08:47" hostname="KennyIC_Chen - KennyIC_Chen.compal.com" id="Test Suites/2-1 Sale Test Suite">
      <properties>
         <property name="deviceName" value=""/>
         <property name="devicePlatform" value=""/>
         <property name="logFolder" value="C:\\Users\\KennyIC_chen.COMPAL\\git\\PSItest\\Reports\\2-1 Sale Test Suite\\20190429_110835"/>
         <property name="logFiles" value="C:\\Users\\KennyIC_chen.COMPAL\\git\\PSItest\\Reports\\2-1 Sale Test Suite\\20190429_110835\\execution0.log"/>
         <property name="attachments" value=""/>
         <property name="hostName" value="KennyIC_Chen - KennyIC_Chen.compal.com"/>
         <property name="os" value="Windows 10 64bit"/>
         <property name="katalonVersion" value="5.10.1.1"/>
         <property name="browser" value="Chrome 73.0.3683.103"/>
         <property name="hostAddress" value="10.109.98.147"/>
         <property name="sessionId" value="2c2af41e6c1e03d8d469b2a777c7ea57"/>
         <property name="seleniumVersion" value="3.7.1"/>
         <property name="proxyInformation" value="ProxyInformation{proxyOption=NO_PROXY, proxyServerType=HTTP, password=, proxyServerAddress=, proxyServerPort=0}"/>
         <property name="platform" value="Windows 10"/>
      </properties>
      <testcase name="Test Cases/Others/Login" classname="Test Cases/Others/Login" status="PASSED">
         <system-out><![CDATA[2019-04-29 11:08:47 - [TEST_CASE][PASSED] - Test Cases/Others/Login: Test Cases/Others/Login

2019-04-29 11:08:47 - [TEST_STEP][PASSED] - openBrowser(""): Browser is opened with url: ''

2019-04-29 11:08:48 - [MESSAGE][INFO] - Starting 'Chrome' driver

2019-04-29 11:08:48 - [MESSAGE][INFO] - Action delay is set to 0 seconds

2019-04-29 11:08:53 - [MESSAGE][PASSED] - Browser is opened with url: ''

2019-04-29 11:08:53 - [TEST_STEP][PASSED] - navigateToUrl("https://psi-azcldap.unicore.com.tw/login"): Navigate to 'https://psi-azcldap.unicore.com.tw/login' successfully

2019-04-29 11:08:58 - [MESSAGE][PASSED] - Navigate to 'https://psi-azcldap.unicore.com.tw/login' successfully

2019-04-29 11:08:58 - [TEST_STEP][PASSED] - maximizeWindow(): Current window maximized

2019-04-29 11:08:59 - [MESSAGE][PASSED] - Current window maximized

2019-04-29 11:08:59 - [TEST_STEP][PASSED] - setText(findTestObject("Others/Login/ID-QWE"), "QWE"): Text 'QWE' is set on object 'Object Repository/Others/Login/ID-QWE'

2019-04-29 11:08:59 - [MESSAGE][PASSED] - Text 'QWE' is set on object 'Object Repository/Others/Login/ID-QWE'

2019-04-29 11:08:59 - [TEST_STEP][PASSED] - setEncryptedText(findTestObject("Others/Login/PW-QWE"), "5opu+sh6ATw="): Text ****** has been set on object 'Object Repository/Others/Login/PW-QWE'

2019-04-29 11:08:59 - [MESSAGE][PASSED] - Text ****** has been set on object 'Object Repository/Others/Login/PW-QWE'

2019-04-29 11:08:59 - [TEST_STEP][PASSED] - click(findTestObject("Others/Login/Login Button")): Object: 'Object Repository/Others/Login/Login Button' is clicked on

2019-04-29 11:09:00 - [MESSAGE][PASSED] - Object: 'Object Repository/Others/Login/Login Button' is clicked on

2019-04-29 11:09:00 - [TEST_STEP][PASSED] - verifyElementClickable(findTestObject("Others/Login/Verify button")): Object 'Object Repository/Others/Login/Verify button' is clickable

2019-04-29 11:09:00 - [MESSAGE][PASSED] - Object 'Object Repository/Others/Login/Verify button' is clickable]]></system-out>
         <system-err><![CDATA[]]></system-err>
      </testcase>
      <testcase name="Test Cases/2-1 Sale-add" classname="Test Cases/2-1 Sale-add" status="PASSED">
         <system-out><![CDATA[2019-04-29 11:09:00 - [TEST_CASE][PASSED] - Test Cases/2-1 Sale-add: null]]></system-out>
         <system-err><![CDATA[]]></system-err>
      </testcase>
      <system-out><![CDATA[2019-04-29 11:08:47 - [TEST_SUITE][INCOMPLETE] - 2-1 Sale Test Suite: null]]></system-out>
      <system-err><![CDATA[2019-04-29 11:08:47 - [TEST_SUITE][INCOMPLETE] - 2-1 Sale Test Suite: null]]></system-err>
   </testsuite>
</testsuites>
