<?xml version="1.0" encoding="UTF-8"?>
<testsuites name="3-1 Stock Take Test Suite" time="35" tests="6" failures="0" errors="0">
   <testsuite name="3-1 Stock Take Test Suite" tests="6" failures="0" errors="0" time="35" timestamp="2019-07-03 11:04:30" hostname="KennyIC_Chen - Larry_Chen.compal.com" id="Test Suites/3-1 Stock Take Test Suite">
      <properties>
         <property name="deviceName" value=""/>
         <property name="devicePlatform" value=""/>
         <property name="logFolder" value="D:\\Kenny\\D\\Katalon Studio\\PSI\\PSItest\\Reports\\3-1 Stock Take Test Suite\\20190703_110425"/>
         <property name="logFiles" value="D:\\Kenny\\D\\Katalon Studio\\PSI\\PSItest\\Reports\\3-1 Stock Take Test Suite\\20190703_110425\\execution0.log"/>
         <property name="attachments" value="D:\\Kenny\\D\\Katalon Studio\\PSI\\PSItest\\Reports\\3-1 Stock Take Test Suite\\20190703_110425\\1562123091987.png, D:\\Kenny\\D\\Katalon Studio\\PSI\\PSItest\\Reports\\3-1 Stock Take Test Suite\\20190703_110425\\1562123097916.png, D:\\Kenny\\D\\Katalon Studio\\PSI\\PSItest\\Reports\\3-1 Stock Take Test Suite\\20190703_110425\\1562123101007.png, D:\\Kenny\\D\\Katalon Studio\\PSI\\PSItest\\Reports\\3-1 Stock Take Test Suite\\20190703_110425\\1562123104158.png"/>
         <property name="hostName" value="KennyIC_Chen - Larry_Chen.compal.com"/>
         <property name="os" value="Windows 10 64bit"/>
         <property name="katalonVersion" value="5.10.1.1"/>
         <property name="browser" value="Chrome 74.0.3729.169"/>
         <property name="hostAddress" value="10.109.102.145"/>
         <property name="sessionId" value="585a0d8231608ea1c7a0e1eb33de99c1"/>
         <property name="seleniumVersion" value="3.7.1"/>
         <property name="proxyInformation" value="ProxyInformation{proxyOption=NO_PROXY, proxyServerType=HTTP, password=, proxyServerAddress=, proxyServerPort=0}"/>
         <property name="platform" value="Windows 10"/>
      </properties>
      <testcase name="Test Cases/Others/Login" classname="Test Cases/Others/Login" status="PASSED">
         <system-out><![CDATA[2019-07-03 11:04:30 - [TEST_CASE][PASSED] - Test Cases/Others/Login: Test Cases/Others/Login

2019-07-03 11:04:31 - [TEST_STEP][PASSED] - openBrowser(""): Browser is opened with url: ''

2019-07-03 11:04:32 - [MESSAGE][INFO] - Starting 'Chrome' driver

2019-07-03 11:04:32 - [MESSAGE][INFO] - Action delay is set to 0 seconds

2019-07-03 11:04:37 - [MESSAGE][PASSED] - Browser is opened with url: ''

2019-07-03 11:04:37 - [TEST_STEP][PASSED] - navigateToUrl("https://psi-azcldap.unicore.com.tw/login"): Navigate to 'https://psi-azcldap.unicore.com.tw/login' successfully

2019-07-03 11:04:41 - [MESSAGE][PASSED] - Navigate to 'https://psi-azcldap.unicore.com.tw/login' successfully

2019-07-03 11:04:41 - [TEST_STEP][PASSED] - maximizeWindow(): Current window maximized

2019-07-03 11:04:42 - [MESSAGE][PASSED] - Current window maximized

2019-07-03 11:04:42 - [TEST_STEP][PASSED] - setText(findTestObject("Others/Login/ID-QWE"), "QWE"): Text 'QWE' is set on object 'Object Repository/Others/Login/ID-QWE'

2019-07-03 11:04:43 - [MESSAGE][PASSED] - Text 'QWE' is set on object 'Object Repository/Others/Login/ID-QWE'

2019-07-03 11:04:43 - [TEST_STEP][PASSED] - setEncryptedText(findTestObject("Others/Login/PW-QWE"), "5opu+sh6ATw="): Text ****** has been set on object 'Object Repository/Others/Login/PW-QWE'

2019-07-03 11:04:43 - [MESSAGE][PASSED] - Text ****** has been set on object 'Object Repository/Others/Login/PW-QWE'

2019-07-03 11:04:43 - [TEST_STEP][PASSED] - click(findTestObject("Others/Login/Login Button")): Object: 'Object Repository/Others/Login/Login Button' is clicked on

2019-07-03 11:04:43 - [MESSAGE][PASSED] - Object: 'Object Repository/Others/Login/Login Button' is clicked on

2019-07-03 11:04:43 - [TEST_STEP][PASSED] - verifyElementClickable(findTestObject("Others/Login/Verify button")): Object 'Object Repository/Others/Login/Verify button' is clickable

2019-07-03 11:04:44 - [MESSAGE][PASSED] - Object 'Object Repository/Others/Login/Verify button' is clickable]]></system-out>
         <system-err><![CDATA[]]></system-err>
      </testcase>
      <testcase name="Test Cases/3 Stock/3-1 Stock Take/3-1 Stock Take-Add" classname="Test Cases/3 Stock/3-1 Stock Take/3-1 Stock Take-Add" status="PASSED">
         <system-out><![CDATA[2019-07-03 11:04:44 - [TEST_CASE][PASSED] - Test Cases/3 Stock/3-1 Stock Take/3-1 Stock Take-Add: Test Cases/3 Stock/3-1 Stock Take/3-1 Stock Take-Add

2019-07-03 11:04:45 - [TEST_STEP][PASSED] - click(findTestObject("3 Stock/3-1 Stock Take/Add/Stock take button")): Object: 'Object Repository/3 Stock/3-1 Stock Take/Add/Stock take button' is clicked on

2019-07-03 11:04:45 - [MESSAGE][PASSED] - Object: 'Object Repository/3 Stock/3-1 Stock Take/Add/Stock take button' is clicked on

2019-07-03 11:04:45 - [TEST_STEP][PASSED] - click(findTestObject("3 Stock/3-1 Stock Take/Add/Add button")): Object: 'Object Repository/3 Stock/3-1 Stock Take/Add/Add button' is clicked on

2019-07-03 11:04:46 - [MESSAGE][PASSED] - Object: 'Object Repository/3 Stock/3-1 Stock Take/Add/Add button' is clicked on

2019-07-03 11:04:46 - [TEST_STEP][PASSED] - click(findTestObject("3 Stock/3-1 Stock Take/Add/Stock take date")): Object: 'Object Repository/3 Stock/3-1 Stock Take/Add/Stock take date' is clicked on

2019-07-03 11:04:47 - [MESSAGE][PASSED] - Object: 'Object Repository/3 Stock/3-1 Stock Take/Add/Stock take date' is clicked on

2019-07-03 11:04:47 - [TEST_STEP][PASSED] - click(findTestObject("3 Stock/3-1 Stock Take/Add/Date 18", ["date":today_check()])): null

2019-07-03 11:04:47 - [TEST_STEP][PASSED] - today = new java.util.Date(): null

2019-07-03 11:04:47 - [TEST_STEP][PASSED] - return today.format(d): Object: 'Object Repository/3 Stock/3-1 Stock Take/Add/Date 18' is clicked on

2019-07-03 11:04:47 - [MESSAGE][PASSED] - Object: 'Object Repository/3 Stock/3-1 Stock Take/Add/Date 18' is clicked on

2019-07-03 11:04:47 - [TEST_STEP][PASSED] - click(findTestObject("3 Stock/3-1 Stock Take/Add/Employee button")): Object: 'Object Repository/3 Stock/3-1 Stock Take/Add/Employee button' is clicked on

2019-07-03 11:04:47 - [MESSAGE][PASSED] - Object: 'Object Repository/3 Stock/3-1 Stock Take/Add/Employee button' is clicked on

2019-07-03 11:04:47 - [TEST_STEP][PASSED] - click(findTestObject("3 Stock/3-1 Stock Take/Add/Employee Larry")): Object: 'Object Repository/3 Stock/3-1 Stock Take/Add/Employee Larry' is clicked on

2019-07-03 11:04:48 - [MESSAGE][PASSED] - Object: 'Object Repository/3 Stock/3-1 Stock Take/Add/Employee Larry' is clicked on

2019-07-03 11:04:48 - [TEST_STEP][PASSED] - click(findTestObject("3 Stock/3-1 Stock Take/Add/Warehouse button")): Object: 'Object Repository/3 Stock/3-1 Stock Take/Add/Warehouse button' is clicked on

2019-07-03 11:04:48 - [MESSAGE][PASSED] - Object: 'Object Repository/3 Stock/3-1 Stock Take/Add/Warehouse button' is clicked on

2019-07-03 11:04:48 - [TEST_STEP][PASSED] - click(findTestObject("3 Stock/3-1 Stock Take/Add/Warehouse 111")): Object: 'Object Repository/3 Stock/3-1 Stock Take/Add/Warehouse 111' is clicked on

2019-07-03 11:04:49 - [MESSAGE][PASSED] - Object: 'Object Repository/3 Stock/3-1 Stock Take/Add/Warehouse 111' is clicked on

2019-07-03 11:04:49 - [TEST_STEP][PASSED] - click(findTestObject("3 Stock/3-1 Stock Take/Add/Class button")): Object: 'Object Repository/3 Stock/3-1 Stock Take/Add/Class button' is clicked on

2019-07-03 11:04:49 - [MESSAGE][PASSED] - Object: 'Object Repository/3 Stock/3-1 Stock Take/Add/Class button' is clicked on

2019-07-03 11:04:49 - [TEST_STEP][PASSED] - click(findTestObject("3 Stock/3-1 Stock Take/Add/Class IPAD")): Object: 'Object Repository/3 Stock/3-1 Stock Take/Add/Class IPAD' is clicked on

2019-07-03 11:04:50 - [MESSAGE][PASSED] - Object: 'Object Repository/3 Stock/3-1 Stock Take/Add/Class IPAD' is clicked on

2019-07-03 11:04:50 - [TEST_STEP][PASSED] - click(findTestObject("3 Stock/3-1 Stock Take/Add/Class ok button")): Object: 'Object Repository/3 Stock/3-1 Stock Take/Add/Class ok button' is clicked on

2019-07-03 11:04:50 - [MESSAGE][PASSED] - Object: 'Object Repository/3 Stock/3-1 Stock Take/Add/Class ok button' is clicked on

2019-07-03 11:04:50 - [TEST_STEP][PASSED] - setText(findTestObject("3 Stock/3-1 Stock Take/Add/Note"), time()): null

2019-07-03 11:04:50 - [TEST_STEP][PASSED] - date = new java.util.Date(): null

2019-07-03 11:04:50 - [TEST_STEP][PASSED] - sdf = new java.text.SimpleDateFormat(yyyyMMddHHmm): null

2019-07-03 11:04:50 - [TEST_STEP][PASSED] - Time = Note + sdf.format(date): null

2019-07-03 11:04:50 - [TEST_STEP][PASSED] - return (internal.GlobalVariable.Note + sdf.format(date)): Text 'Testing201907031104' is set on object 'Object Repository/3 Stock/3-1 Stock Take/Add/Note'

2019-07-03 11:04:51 - [MESSAGE][PASSED] - Text 'Testing201907031104' is set on object 'Object Repository/3 Stock/3-1 Stock Take/Add/Note'

2019-07-03 11:04:51 - [TEST_STEP][PASSED] - qqq = <not implemented yet for class: org.codehaus.groovy.ast.expr.EmptyExpression>: null

2019-07-03 11:04:51 - [TEST_STEP][PASSED] - qqq = getAttribute(findTestObject("3 Stock/3-1 Stock Take/Add/Stock number"), "value"): Attribute 'value' of object 'Object Repository/3 Stock/3-1 Stock Take/Add/Stock number' is: '-2,575'

2019-07-03 11:04:51 - [MESSAGE][PASSED] - Attribute 'value' of object 'Object Repository/3 Stock/3-1 Stock Take/Add/Stock number' is: '-2,575'

2019-07-03 11:04:51 - [TEST_STEP][PASSED] - qqq = qqq.replaceAll(",", ""): null

2019-07-03 11:04:51 - [TEST_STEP][PASSED] - kkk = qqq.toInteger(): null

2019-07-03 11:04:51 - [TEST_STEP][PASSED] - kkk = kkk - 10: null

2019-07-03 11:04:51 - [TEST_STEP][PASSED] - sendKeys(findTestObject("3 Stock/3-1 Stock Take/Add/Stock number"), Keys.chord(CONTROL, "a")): Keys 'CONTROL + a' sent to object: 'Object Repository/3 Stock/3-1 Stock Take/Add/Stock number'

2019-07-03 11:04:51 - [MESSAGE][PASSED] - Keys 'CONTROL + a' sent to object: 'Object Repository/3 Stock/3-1 Stock Take/Add/Stock number'

2019-07-03 11:04:51 - [TEST_STEP][PASSED] - sendKeys(findTestObject("3 Stock/3-1 Stock Take/Add/Stock number"), Keys.chord(DELETE)): Keys 'DELETE + ' sent to object: 'Object Repository/3 Stock/3-1 Stock Take/Add/Stock number'

2019-07-03 11:04:51 - [MESSAGE][PASSED] - Keys 'DELETE + ' sent to object: 'Object Repository/3 Stock/3-1 Stock Take/Add/Stock number'

2019-07-03 11:04:51 - [TEST_STEP][PASSED] - sendKeys(findTestObject("3 Stock/3-1 Stock Take/Add/Stock number"), kkk.toString()): Keys '-2585' sent to object: 'Object Repository/3 Stock/3-1 Stock Take/Add/Stock number'

2019-07-03 11:04:51 - [MESSAGE][PASSED] - Keys '-2585' sent to object: 'Object Repository/3 Stock/3-1 Stock Take/Add/Stock number'

2019-07-03 11:04:51 - [TEST_STEP][PASSED] - selectOptionByValue(findTestObject("3 Stock/3-1 Stock Take/Add/Stock take done"), "Y", true): All options with value 'Y' are selected in object 'Object Repository/3 Stock/3-1 Stock Take/Add/Stock take done'  using regular expression

2019-07-03 11:04:51 - [MESSAGE][PASSED] - All options with value 'Y' are selected in object 'Object Repository/3 Stock/3-1 Stock Take/Add/Stock take done'  using regular expression

2019-07-03 11:04:51 - [TEST_STEP][PASSED] - setText(findTestObject("3 Stock/3-1 Stock Take/Add/Stock take IPAD note"), "-10"): Text '-10' is set on object 'Object Repository/3 Stock/3-1 Stock Take/Add/Stock take IPAD note'

2019-07-03 11:04:51 - [MESSAGE][PASSED] - Text '-10' is set on object 'Object Repository/3 Stock/3-1 Stock Take/Add/Stock take IPAD note'

2019-07-03 11:04:51 - [TEST_STEP][PASSED] - selectOptionByValue(findTestObject("3 Stock/3-1 Stock Take/Add/Done select"), "Y", true): All options with value 'Y' are selected in object 'Object Repository/3 Stock/3-1 Stock Take/Add/Done select'  using regular expression

2019-07-03 11:04:51 - [MESSAGE][PASSED] - All options with value 'Y' are selected in object 'Object Repository/3 Stock/3-1 Stock Take/Add/Done select'  using regular expression

2019-07-03 11:04:51 - [TEST_STEP][PASSED] - takeScreenshot(): Taking screenshot successfully

2019-07-03 11:04:52 - [MESSAGE][PASSED] - Taking screenshot successfully
[[ATTACHMENT|D:\\Kenny\\D\\Katalon Studio\\PSI\\PSItest\\Reports\\3-1 Stock Take Test Suite\\20190703_110425\\1562123091987.png]]

2019-07-03 11:04:52 - [TEST_STEP][PASSED] - click(findTestObject("3 Stock/3-1 Stock Take/Add/Done")): Object: 'Object Repository/3 Stock/3-1 Stock Take/Add/Done' is clicked on

2019-07-03 11:04:52 - [MESSAGE][PASSED] - Object: 'Object Repository/3 Stock/3-1 Stock Take/Add/Done' is clicked on]]></system-out>
         <system-err><![CDATA[]]></system-err>
      </testcase>
      <testcase name="Test Cases/Others/Accept and verify" classname="Test Cases/Others/Accept and verify" status="PASSED">
         <system-out><![CDATA[2019-07-03 11:04:52 - [TEST_CASE][PASSED] - Test Cases/Others/Accept and verify: Test Cases/Others/Accept and verify

2019-07-03 11:04:52 - [TEST_STEP][PASSED] - delay(1): Delayed 1 second(s)

2019-07-03 11:04:53 - [MESSAGE][PASSED] - Delayed 1 second(s)

2019-07-03 11:04:53 - [TEST_STEP][PASSED] - waitForAlert(5): Alert is present after 5 second(s).

2019-07-03 11:04:53 - [MESSAGE][PASSED] - Alert is present after 5 second(s).

2019-07-03 11:04:53 - [TEST_STEP][PASSED] - acceptAlert(): Alert accepted

2019-07-03 11:04:53 - [MESSAGE][PASSED] - Alert accepted

2019-07-03 11:04:53 - [TEST_STEP][PASSED] - verifyElementClickable(findTestObject("Others/Accept and verify/Verify button")): Object 'Object Repository/Others/Accept and verify/Verify button' is clickable

2019-07-03 11:04:54 - [MESSAGE][PASSED] - Object 'Object Repository/Others/Accept and verify/Verify button' is clickable]]></system-out>
         <system-err><![CDATA[]]></system-err>
      </testcase>
      <testcase name="Test Cases/3 Stock/3-1 Stock Take/3-1 Stock Take-Edit" classname="Test Cases/3 Stock/3-1 Stock Take/3-1 Stock Take-Edit" status="PASSED">
         <system-out><![CDATA[2019-07-03 11:04:54 - [TEST_CASE][PASSED] - Test Cases/3 Stock/3-1 Stock Take/3-1 Stock Take-Edit: Test Cases/3 Stock/3-1 Stock Take/3-1 Stock Take-Edit

2019-07-03 11:04:54 - [TEST_STEP][PASSED] - delay(1): Delayed 1 second(s)

2019-07-03 11:04:55 - [MESSAGE][PASSED] - Delayed 1 second(s)

2019-07-03 11:04:55 - [TEST_STEP][PASSED] - click(findTestObject("3 Stock/3-1 Stock Take/Edit/Sort by no")): Object: 'Object Repository/3 Stock/3-1 Stock Take/Edit/Sort by no' is clicked on

2019-07-03 11:04:55 - [MESSAGE][PASSED] - Object: 'Object Repository/3 Stock/3-1 Stock Take/Edit/Sort by no' is clicked on

2019-07-03 11:04:55 - [TEST_STEP][PASSED] - click(findTestObject("3 Stock/3-1 Stock Take/Edit/Sort by no")): Object: 'Object Repository/3 Stock/3-1 Stock Take/Edit/Sort by no' is clicked on

2019-07-03 11:04:56 - [MESSAGE][PASSED] - Object: 'Object Repository/3 Stock/3-1 Stock Take/Edit/Sort by no' is clicked on

2019-07-03 11:04:56 - [TEST_STEP][PASSED] - XXX = Time: null

2019-07-03 11:04:56 - [TEST_STEP][PASSED] - click(findTestObject("3 Stock/3-1 Stock Take/Edit/Select by note", ["xxx":XXX])): Object: 'Object Repository/3 Stock/3-1 Stock Take/Edit/Select by note' is clicked on

2019-07-03 11:04:56 - [MESSAGE][PASSED] - Object: 'Object Repository/3 Stock/3-1 Stock Take/Edit/Select by note' is clicked on

2019-07-03 11:04:56 - [TEST_STEP][PASSED] - click(findTestObject("3 Stock/3-1 Stock Take/Edit/Edit button")): Object: 'Object Repository/3 Stock/3-1 Stock Take/Edit/Edit button' is clicked on

2019-07-03 11:04:56 - [MESSAGE][PASSED] - Object: 'Object Repository/3 Stock/3-1 Stock Take/Edit/Edit button' is clicked on

2019-07-03 11:04:56 - [TEST_STEP][PASSED] - qqq = <not implemented yet for class: org.codehaus.groovy.ast.expr.EmptyExpression>: null

2019-07-03 11:04:56 - [TEST_STEP][PASSED] - qqq = getAttribute(findTestObject("3 Stock/3-1 Stock Take/Edit/Edit number"), "value"): Attribute 'value' of object 'Object Repository/3 Stock/3-1 Stock Take/Edit/Edit number' is: '-2,585'

2019-07-03 11:04:57 - [MESSAGE][PASSED] - Attribute 'value' of object 'Object Repository/3 Stock/3-1 Stock Take/Edit/Edit number' is: '-2,585'

2019-07-03 11:04:57 - [TEST_STEP][PASSED] - qqq = qqq.replaceAll(",", ""): null

2019-07-03 11:04:57 - [TEST_STEP][PASSED] - kkk = qqq.toInteger(): null

2019-07-03 11:04:57 - [TEST_STEP][PASSED] - kkk = kkk - 10: null

2019-07-03 11:04:57 - [TEST_STEP][PASSED] - sendKeys(findTestObject("3 Stock/3-1 Stock Take/Edit/Edit number"), Keys.chord(CONTROL, "a")): Keys 'CONTROL + a' sent to object: 'Object Repository/3 Stock/3-1 Stock Take/Edit/Edit number'

2019-07-03 11:04:57 - [MESSAGE][PASSED] - Keys 'CONTROL + a' sent to object: 'Object Repository/3 Stock/3-1 Stock Take/Edit/Edit number'

2019-07-03 11:04:57 - [TEST_STEP][PASSED] - sendKeys(findTestObject("3 Stock/3-1 Stock Take/Edit/Edit number"), Keys.chord(DELETE)): Keys 'DELETE + ' sent to object: 'Object Repository/3 Stock/3-1 Stock Take/Edit/Edit number'

2019-07-03 11:04:57 - [MESSAGE][PASSED] - Keys 'DELETE + ' sent to object: 'Object Repository/3 Stock/3-1 Stock Take/Edit/Edit number'

2019-07-03 11:04:57 - [TEST_STEP][PASSED] - setText(findTestObject("3 Stock/3-1 Stock Take/Edit/Edit number"), kkk.toString()): Text '-2595' is set on object 'Object Repository/3 Stock/3-1 Stock Take/Edit/Edit number'

2019-07-03 11:04:57 - [MESSAGE][PASSED] - Text '-2595' is set on object 'Object Repository/3 Stock/3-1 Stock Take/Edit/Edit number'

2019-07-03 11:04:57 - [TEST_STEP][PASSED] - sendKeys(findTestObject("3 Stock/3-1 Stock Take/Edit/Edit note"), Keys.chord(CONTROL, "a")): Keys 'CONTROL + a' sent to object: 'Object Repository/3 Stock/3-1 Stock Take/Edit/Edit note'

2019-07-03 11:04:57 - [MESSAGE][PASSED] - Keys 'CONTROL + a' sent to object: 'Object Repository/3 Stock/3-1 Stock Take/Edit/Edit note'

2019-07-03 11:04:57 - [TEST_STEP][PASSED] - sendKeys(findTestObject("3 Stock/3-1 Stock Take/Edit/Edit note"), Keys.chord(DELETE)): Keys 'DELETE + ' sent to object: 'Object Repository/3 Stock/3-1 Stock Take/Edit/Edit note'

2019-07-03 11:04:57 - [MESSAGE][PASSED] - Keys 'DELETE + ' sent to object: 'Object Repository/3 Stock/3-1 Stock Take/Edit/Edit note'

2019-07-03 11:04:57 - [TEST_STEP][PASSED] - setText(findTestObject("3 Stock/3-1 Stock Take/Edit/Edit note"), "-20"): Text '-20' is set on object 'Object Repository/3 Stock/3-1 Stock Take/Edit/Edit note'

2019-07-03 11:04:57 - [MESSAGE][PASSED] - Text '-20' is set on object 'Object Repository/3 Stock/3-1 Stock Take/Edit/Edit note'

2019-07-03 11:04:57 - [TEST_STEP][PASSED] - takeScreenshot(): Taking screenshot successfully

2019-07-03 11:04:58 - [MESSAGE][PASSED] - Taking screenshot successfully
[[ATTACHMENT|D:\\Kenny\\D\\Katalon Studio\\PSI\\PSItest\\Reports\\3-1 Stock Take Test Suite\\20190703_110425\\1562123097916.png]]

2019-07-03 11:04:58 - [TEST_STEP][PASSED] - click(findTestObject("3 Stock/3-1 Stock Take/Edit/Save button")): Object: 'Object Repository/3 Stock/3-1 Stock Take/Edit/Save button' is clicked on

2019-07-03 11:04:58 - [MESSAGE][PASSED] - Object: 'Object Repository/3 Stock/3-1 Stock Take/Edit/Save button' is clicked on]]></system-out>
         <system-err><![CDATA[]]></system-err>
      </testcase>
      <testcase name="Test Cases/Others/Accept and verify" classname="Test Cases/Others/Accept and verify" status="PASSED">
         <system-out><![CDATA[2019-07-03 11:04:58 - [TEST_CASE][PASSED] - Test Cases/Others/Accept and verify: Test Cases/Others/Accept and verify

2019-07-03 11:04:58 - [TEST_STEP][PASSED] - delay(1): Delayed 1 second(s)

2019-07-03 11:04:59 - [MESSAGE][PASSED] - Delayed 1 second(s)

2019-07-03 11:04:59 - [TEST_STEP][PASSED] - waitForAlert(5): Alert is present after 5 second(s).

2019-07-03 11:04:59 - [MESSAGE][PASSED] - Alert is present after 5 second(s).

2019-07-03 11:04:59 - [TEST_STEP][PASSED] - acceptAlert(): Alert accepted

2019-07-03 11:04:59 - [MESSAGE][PASSED] - Alert accepted

2019-07-03 11:04:59 - [TEST_STEP][PASSED] - verifyElementClickable(findTestObject("Others/Accept and verify/Verify button")): Object 'Object Repository/Others/Accept and verify/Verify button' is clickable

2019-07-03 11:04:59 - [MESSAGE][PASSED] - Object 'Object Repository/Others/Accept and verify/Verify button' is clickable]]></system-out>
         <system-err><![CDATA[]]></system-err>
      </testcase>
      <testcase name="Test Cases/3 Stock/3-1 Stock Take/3-1 Stock Take-Delete" classname="Test Cases/3 Stock/3-1 Stock Take/3-1 Stock Take-Delete" status="PASSED">
         <system-out><![CDATA[2019-07-03 11:04:59 - [TEST_CASE][PASSED] - Test Cases/3 Stock/3-1 Stock Take/3-1 Stock Take-Delete: Test Cases/3 Stock/3-1 Stock Take/3-1 Stock Take-Delete

2019-07-03 11:05:00 - [TEST_STEP][PASSED] - click(findTestObject("3 Stock/3-1 Stock Take/Delete/Sort by stock take no")): Object: 'Object Repository/3 Stock/3-1 Stock Take/Delete/Sort by stock take no' is clicked on

2019-07-03 11:05:00 - [MESSAGE][PASSED] - Object: 'Object Repository/3 Stock/3-1 Stock Take/Delete/Sort by stock take no' is clicked on

2019-07-03 11:05:00 - [TEST_STEP][PASSED] - click(findTestObject("3 Stock/3-1 Stock Take/Delete/Sort by stock take no")): Object: 'Object Repository/3 Stock/3-1 Stock Take/Delete/Sort by stock take no' is clicked on

2019-07-03 11:05:00 - [MESSAGE][PASSED] - Object: 'Object Repository/3 Stock/3-1 Stock Take/Delete/Sort by stock take no' is clicked on

2019-07-03 11:05:00 - [TEST_STEP][PASSED] - XXX = Time: null

2019-07-03 11:05:00 - [TEST_STEP][PASSED] - click(findTestObject("3 Stock/3-1 Stock Take/Delete/Select stock take by note", ["xxx":XXX])): Object: 'Object Repository/3 Stock/3-1 Stock Take/Delete/Select stock take by note' is clicked on

2019-07-03 11:05:00 - [MESSAGE][PASSED] - Object: 'Object Repository/3 Stock/3-1 Stock Take/Delete/Select stock take by note' is clicked on

2019-07-03 11:05:00 - [TEST_STEP][PASSED] - click(findTestObject("3 Stock/3-1 Stock Take/Delete/Stock take delete button")): Object: 'Object Repository/3 Stock/3-1 Stock Take/Delete/Stock take delete button' is clicked on

2019-07-03 11:05:01 - [MESSAGE][PASSED] - Object: 'Object Repository/3 Stock/3-1 Stock Take/Delete/Stock take delete button' is clicked on

2019-07-03 11:05:01 - [TEST_STEP][PASSED] - takeScreenshot(): Taking screenshot successfully

2019-07-03 11:05:01 - [MESSAGE][PASSED] - Taking screenshot successfully
[[ATTACHMENT|D:\\Kenny\\D\\Katalon Studio\\PSI\\PSItest\\Reports\\3-1 Stock Take Test Suite\\20190703_110425\\1562123101007.png]]

2019-07-03 11:05:01 - [TEST_STEP][PASSED] - click(findTestObject("Object Repository/3 Stock/3-1 Stock Take/Delete/Ok button")): Object: 'Object Repository/3 Stock/3-1 Stock Take/Delete/Ok button' is clicked on

2019-07-03 11:05:01 - [MESSAGE][PASSED] - Object: 'Object Repository/3 Stock/3-1 Stock Take/Delete/Ok button' is clicked on

2019-07-03 11:05:01 - [TEST_STEP][PASSED] - delay(2): Delayed 2 second(s)

2019-07-03 11:05:03 - [MESSAGE][PASSED] - Delayed 2 second(s)

2019-07-03 11:05:03 - [TEST_STEP][PASSED] - click(findTestObject("3 Stock/3-1 Stock Take/Delete/Sort by stock take no")): Object: 'Object Repository/3 Stock/3-1 Stock Take/Delete/Sort by stock take no' is clicked on

2019-07-03 11:05:04 - [MESSAGE][PASSED] - Object: 'Object Repository/3 Stock/3-1 Stock Take/Delete/Sort by stock take no' is clicked on

2019-07-03 11:05:04 - [TEST_STEP][PASSED] - click(findTestObject("3 Stock/3-1 Stock Take/Delete/Sort by stock take no")): Object: 'Object Repository/3 Stock/3-1 Stock Take/Delete/Sort by stock take no' is clicked on

2019-07-03 11:05:04 - [MESSAGE][PASSED] - Object: 'Object Repository/3 Stock/3-1 Stock Take/Delete/Sort by stock take no' is clicked on

2019-07-03 11:05:04 - [TEST_STEP][PASSED] - takeScreenshot(): Taking screenshot successfully

2019-07-03 11:05:04 - [MESSAGE][PASSED] - Taking screenshot successfully
[[ATTACHMENT|D:\\Kenny\\D\\Katalon Studio\\PSI\\PSItest\\Reports\\3-1 Stock Take Test Suite\\20190703_110425\\1562123104158.png]]

2019-07-03 11:05:04 - [TEST_STEP][PASSED] - ZZZ = getText(findTestObject("3 Stock/3-1 Stock Take/Delete/Select stock take by note")): Text of object 'Object Repository/3 Stock/3-1 Stock Take/Delete/Select stock take by note' is: 'Testing201907031057'

2019-07-03 11:05:04 - [MESSAGE][PASSED] - Text of object 'Object Repository/3 Stock/3-1 Stock Take/Delete/Select stock take by note' is: 'Testing201907031057'

2019-07-03 11:05:04 - [TEST_STEP][PASSED] - verifyNotMatch(XXX, ZZZ, true): Actual text 'Testing201907031104' and expected text 'Testing201907031057' are not matched  using regular expression

2019-07-03 11:05:04 - [MESSAGE][PASSED] - Actual text 'Testing201907031104' and expected text 'Testing201907031057' are not matched  using regular expression]]></system-out>
         <system-err><![CDATA[]]></system-err>
      </testcase>
      <system-out><![CDATA[2019-07-03 11:04:30 - [TEST_SUITE][PASSED] - 3-1 Stock Take Test Suite: Test Cases/3 Stock/3-1 Stock Take/3-1 Stock Take-Delete]]></system-out>
      <system-err><![CDATA[]]></system-err>
   </testsuite>
</testsuites>
