<?xml version="1.0" encoding="UTF-8"?>
<testsuites name="2-1 Sale Test Suite" time="38" tests="5" failures="0" errors="0">
   <testsuite name="2-1 Sale Test Suite" tests="5" failures="0" errors="0" time="38" timestamp="2019-06-05 10:22:18" hostname="KennyIC_Chen - Larry_Chen.compal.com" id="Test Suites/2-1 Sale Test Suite">
      <properties>
         <property name="deviceName" value=""/>
         <property name="devicePlatform" value=""/>
         <property name="logFolder" value="D:\\Kenny\\D\\Katalon Studio\\PSI\\PSItest\\Reports\\2-1 Sale Test Suite\\20190605_101617"/>
         <property name="logFiles" value="D:\\Kenny\\D\\Katalon Studio\\PSI\\PSItest\\Reports\\2-1 Sale Test Suite\\20190605_101617\\execution0.log"/>
         <property name="attachments" value=""/>
         <property name="hostName" value="KennyIC_Chen - Larry_Chen.compal.com"/>
         <property name="os" value="Windows 10 64bit"/>
         <property name="katalonVersion" value="5.10.1.1"/>
         <property name="browser" value="Chrome 74.0.3729.169"/>
         <property name="hostAddress" value="10.109.102.145"/>
         <property name="sessionId" value="53d0cb0bc7b4e89f83c5a471f00b6f78"/>
         <property name="seleniumVersion" value="3.7.1"/>
         <property name="proxyInformation" value="ProxyInformation{proxyOption=NO_PROXY, proxyServerType=HTTP, password=, proxyServerAddress=, proxyServerPort=0}"/>
         <property name="platform" value="Windows 10"/>
      </properties>
      <testcase name="Test Cases/Others/Login" classname="Test Cases/Others/Login" status="PASSED">
         <system-out><![CDATA[2019-06-05 10:22:19 - [TEST_CASE][PASSED] - Test Cases/Others/Login: Test Cases/Others/Login

2019-06-05 10:22:20 - [TEST_STEP][PASSED] - openBrowser(""): Browser is opened with url: ''

2019-06-05 10:22:20 - [MESSAGE][INFO] - Starting 'Chrome' driver

2019-06-05 10:22:21 - [MESSAGE][INFO] - Action delay is set to 0 seconds

2019-06-05 10:22:25 - [MESSAGE][PASSED] - Browser is opened with url: ''

2019-06-05 10:22:25 - [TEST_STEP][PASSED] - navigateToUrl("https://psi-azcldap.unicore.com.tw/login"): Navigate to 'https://psi-azcldap.unicore.com.tw/login' successfully

2019-06-05 10:22:28 - [MESSAGE][PASSED] - Navigate to 'https://psi-azcldap.unicore.com.tw/login' successfully

2019-06-05 10:22:28 - [TEST_STEP][PASSED] - maximizeWindow(): Current window maximized

2019-06-05 10:22:29 - [MESSAGE][PASSED] - Current window maximized

2019-06-05 10:22:29 - [TEST_STEP][PASSED] - setText(findTestObject("Others/Login/ID-QWE"), "QWE"): Text 'QWE' is set on object 'Object Repository/Others/Login/ID-QWE'

2019-06-05 10:22:30 - [MESSAGE][PASSED] - Text 'QWE' is set on object 'Object Repository/Others/Login/ID-QWE'

2019-06-05 10:22:30 - [TEST_STEP][PASSED] - setEncryptedText(findTestObject("Others/Login/PW-QWE"), "5opu+sh6ATw="): Text ****** has been set on object 'Object Repository/Others/Login/PW-QWE'

2019-06-05 10:22:30 - [MESSAGE][PASSED] - Text ****** has been set on object 'Object Repository/Others/Login/PW-QWE'

2019-06-05 10:22:30 - [TEST_STEP][PASSED] - click(findTestObject("Others/Login/Login Button")): Object: 'Object Repository/Others/Login/Login Button' is clicked on

2019-06-05 10:22:30 - [MESSAGE][PASSED] - Object: 'Object Repository/Others/Login/Login Button' is clicked on

2019-06-05 10:22:30 - [TEST_STEP][PASSED] - verifyElementClickable(findTestObject("Others/Login/Verify button")): Object 'Object Repository/Others/Login/Verify button' is clickable

2019-06-05 10:22:31 - [MESSAGE][PASSED] - Object 'Object Repository/Others/Login/Verify button' is clickable]]></system-out>
         <system-err><![CDATA[]]></system-err>
      </testcase>
      <testcase name="Test Cases/2 Out/2-1 Sale/2-1 Sale-add" classname="Test Cases/2 Out/2-1 Sale/2-1 Sale-add" status="PASSED">
         <system-out><![CDATA[2019-06-05 10:22:31 - [TEST_CASE][PASSED] - Test Cases/2 Out/2-1 Sale/2-1 Sale-add: Test Cases/2 Out/2-1 Sale/2-1 Sale-add

2019-06-05 10:22:32 - [TEST_STEP][PASSED] - click(findTestObject("2 Out/2-1 Sale/2-1 Sale-add/Sale button")): Object: 'Object Repository/2 Out/2-1 Sale/2-1 Sale-add/Sale button' is clicked on

2019-06-05 10:22:32 - [MESSAGE][PASSED] - Object: 'Object Repository/2 Out/2-1 Sale/2-1 Sale-add/Sale button' is clicked on

2019-06-05 10:22:32 - [TEST_STEP][PASSED] - click(findTestObject("2 Out/2-1 Sale/2-1 Sale-add/Sale add button")): Object: 'Object Repository/2 Out/2-1 Sale/2-1 Sale-add/Sale add button' is clicked on

2019-06-05 10:22:33 - [MESSAGE][PASSED] - Object: 'Object Repository/2 Out/2-1 Sale/2-1 Sale-add/Sale add button' is clicked on

2019-06-05 10:22:33 - [TEST_STEP][PASSED] - click(findTestObject("2 Out/2-1 Sale/2-1 Sale-add/Sale customer button")): Object: 'Object Repository/2 Out/2-1 Sale/2-1 Sale-add/Sale customer button' is clicked on

2019-06-05 10:22:33 - [MESSAGE][PASSED] - Object: 'Object Repository/2 Out/2-1 Sale/2-1 Sale-add/Sale customer button' is clicked on

2019-06-05 10:22:33 - [TEST_STEP][PASSED] - click(findTestObject("2 Out/2-1 Sale/2-1 Sale-add/Sale customer 95230")): Object: 'Object Repository/2 Out/2-1 Sale/2-1 Sale-add/Sale customer 95230' is clicked on

2019-06-05 10:22:34 - [MESSAGE][PASSED] - Object: 'Object Repository/2 Out/2-1 Sale/2-1 Sale-add/Sale customer 95230' is clicked on

2019-06-05 10:22:34 - [TEST_STEP][PASSED] - click(findTestObject("2 Out/2-1 Sale/2-1 Sale-add/Sale date button")): Object: 'Object Repository/2 Out/2-1 Sale/2-1 Sale-add/Sale date button' is clicked on

2019-06-05 10:22:34 - [MESSAGE][PASSED] - Object: 'Object Repository/2 Out/2-1 Sale/2-1 Sale-add/Sale date button' is clicked on

2019-06-05 10:22:34 - [TEST_STEP][PASSED] - click(findTestObject("2 Out/2-1 Sale/2-1 Sale-add/Sale date today", ["date":today_check()])): null

2019-06-05 10:22:34 - [TEST_STEP][PASSED] - today = new java.util.Date(): null

2019-06-05 10:22:34 - [TEST_STEP][PASSED] - return today.format(d): Object: 'Object Repository/2 Out/2-1 Sale/2-1 Sale-add/Sale date today' is clicked on

2019-06-05 10:22:34 - [MESSAGE][PASSED] - Object: 'Object Repository/2 Out/2-1 Sale/2-1 Sale-add/Sale date today' is clicked on

2019-06-05 10:22:34 - [TEST_STEP][PASSED] - click(findTestObject("2 Out/2-1 Sale/2-1 Sale-add/Sale sales button")): Object: 'Object Repository/2 Out/2-1 Sale/2-1 Sale-add/Sale sales button' is clicked on

2019-06-05 10:22:35 - [MESSAGE][PASSED] - Object: 'Object Repository/2 Out/2-1 Sale/2-1 Sale-add/Sale sales button' is clicked on

2019-06-05 10:22:35 - [TEST_STEP][PASSED] - click(findTestObject("2 Out/2-1 Sale/2-1 Sale-add/Sale sales 0001")): Object: 'Object Repository/2 Out/2-1 Sale/2-1 Sale-add/Sale sales 0001' is clicked on

2019-06-05 10:22:35 - [MESSAGE][PASSED] - Object: 'Object Repository/2 Out/2-1 Sale/2-1 Sale-add/Sale sales 0001' is clicked on

2019-06-05 10:22:35 - [TEST_STEP][PASSED] - click(findTestObject("2 Out/2-1 Sale/2-1 Sale-add/Sale ship type button")): Object: 'Object Repository/2 Out/2-1 Sale/2-1 Sale-add/Sale ship type button' is clicked on

2019-06-05 10:22:36 - [MESSAGE][PASSED] - Object: 'Object Repository/2 Out/2-1 Sale/2-1 Sale-add/Sale ship type button' is clicked on

2019-06-05 10:22:36 - [TEST_STEP][PASSED] - selectOptionByValue(findTestObject("2 Out/2-1 Sale/2-1 Sale-add/Sale ship type select"), "0: 2", true): All options with value '0: 2' are selected in object 'Object Repository/2 Out/2-1 Sale/2-1 Sale-add/Sale ship type select'  using regular expression

2019-06-05 10:22:36 - [MESSAGE][PASSED] - All options with value '0: 2' are selected in object 'Object Repository/2 Out/2-1 Sale/2-1 Sale-add/Sale ship type select'  using regular expression

2019-06-05 10:22:36 - [TEST_STEP][PASSED] - click(findTestObject("2 Out/2-1 Sale/2-1 Sale-add/Sale payment type button")): Object: 'Object Repository/2 Out/2-1 Sale/2-1 Sale-add/Sale payment type button' is clicked on

2019-06-05 10:22:36 - [MESSAGE][PASSED] - Object: 'Object Repository/2 Out/2-1 Sale/2-1 Sale-add/Sale payment type button' is clicked on

2019-06-05 10:22:36 - [TEST_STEP][PASSED] - selectOptionByValue(findTestObject("2 Out/2-1 Sale/2-1 Sale-add/Sale payment type select"), "0: 4", true): All options with value '0: 4' are selected in object 'Object Repository/2 Out/2-1 Sale/2-1 Sale-add/Sale payment type select'  using regular expression

2019-06-05 10:22:37 - [MESSAGE][PASSED] - All options with value '0: 4' are selected in object 'Object Repository/2 Out/2-1 Sale/2-1 Sale-add/Sale payment type select'  using regular expression

2019-06-05 10:22:37 - [TEST_STEP][PASSED] - click(findTestObject("2 Out/2-1 Sale/2-1 Sale-add/Sale payment 1")): Object: 'Object Repository/2 Out/2-1 Sale/2-1 Sale-add/Sale payment 1' is clicked on

2019-06-05 10:22:37 - [MESSAGE][PASSED] - Object: 'Object Repository/2 Out/2-1 Sale/2-1 Sale-add/Sale payment 1' is clicked on

2019-06-05 10:22:37 - [TEST_STEP][PASSED] - click(findTestObject("2 Out/2-1 Sale/2-1 Sale-add/Sale payment 1 next month 10", ["xxx":month_check(5)])): null

2019-06-05 10:22:37 - [TEST_STEP][PASSED] - today = new java.util.Date(): null

2019-06-05 10:22:37 - [TEST_STEP][PASSED] - day1 = Date().plus(num): null

2019-06-05 10:22:37 - [TEST_STEP][PASSED] - if (day1.format("MM") > today.format("MM")): null

2019-06-05 10:22:37 - [TEST_STEP][PASSED] - else: Object: 'Object Repository/2 Out/2-1 Sale/2-1 Sale-add/Sale payment 1 next month 10' is clicked on

2019-06-05 10:22:37 - [TEST_STEP][PASSED] - return day1.format(d): Object: 'Object Repository/2 Out/2-1 Sale/2-1 Sale-add/Sale payment 1 next month 10' is clicked on

2019-06-05 10:22:37 - [MESSAGE][PASSED] - Object: 'Object Repository/2 Out/2-1 Sale/2-1 Sale-add/Sale payment 1 next month 10' is clicked on

2019-06-05 10:22:37 - [TEST_STEP][PASSED] - click(findTestObject("2 Out/2-1 Sale/2-1 Sale-add/Sale payment 2")): Object: 'Object Repository/2 Out/2-1 Sale/2-1 Sale-add/Sale payment 2' is clicked on

2019-06-05 10:22:37 - [MESSAGE][PASSED] - Object: 'Object Repository/2 Out/2-1 Sale/2-1 Sale-add/Sale payment 2' is clicked on

2019-06-05 10:22:37 - [TEST_STEP][PASSED] - click(findTestObject("2 Out/2-1 Sale/2-1 Sale-add/Sale payment 2 next month 15", ["xxx":month_check(10)])): null

2019-06-05 10:22:37 - [TEST_STEP][PASSED] - today = new java.util.Date(): null

2019-06-05 10:22:37 - [TEST_STEP][PASSED] - day1 = Date().plus(num): null

2019-06-05 10:22:37 - [TEST_STEP][PASSED] - if (day1.format("MM") > today.format("MM")): null

2019-06-05 10:22:37 - [TEST_STEP][PASSED] - else: Object: 'Object Repository/2 Out/2-1 Sale/2-1 Sale-add/Sale payment 2 next month 15' is clicked on

2019-06-05 10:22:37 - [TEST_STEP][PASSED] - return day1.format(d): Object: 'Object Repository/2 Out/2-1 Sale/2-1 Sale-add/Sale payment 2 next month 15' is clicked on

2019-06-05 10:22:38 - [MESSAGE][PASSED] - Object: 'Object Repository/2 Out/2-1 Sale/2-1 Sale-add/Sale payment 2 next month 15' is clicked on

2019-06-05 10:22:38 - [TEST_STEP][PASSED] - click(findTestObject("2 Out/2-1 Sale/2-1 Sale-add/Sale payment 3")): Object: 'Object Repository/2 Out/2-1 Sale/2-1 Sale-add/Sale payment 3' is clicked on

2019-06-05 10:22:38 - [MESSAGE][PASSED] - Object: 'Object Repository/2 Out/2-1 Sale/2-1 Sale-add/Sale payment 3' is clicked on

2019-06-05 10:22:38 - [TEST_STEP][PASSED] - click(findTestObject("2 Out/2-1 Sale/2-1 Sale-add/Sale payment 3 next month 20", ["xxx":month_check(15)])): null

2019-06-05 10:22:38 - [TEST_STEP][PASSED] - today = new java.util.Date(): null

2019-06-05 10:22:38 - [TEST_STEP][PASSED] - day1 = Date().plus(num): null

2019-06-05 10:22:38 - [TEST_STEP][PASSED] - if (day1.format("MM") > today.format("MM")): null

2019-06-05 10:22:38 - [TEST_STEP][PASSED] - else: Object: 'Object Repository/2 Out/2-1 Sale/2-1 Sale-add/Sale payment 3 next month 20' is clicked on

2019-06-05 10:22:38 - [TEST_STEP][PASSED] - return day1.format(d): Object: 'Object Repository/2 Out/2-1 Sale/2-1 Sale-add/Sale payment 3 next month 20' is clicked on

2019-06-05 10:22:38 - [MESSAGE][PASSED] - Object: 'Object Repository/2 Out/2-1 Sale/2-1 Sale-add/Sale payment 3 next month 20' is clicked on

2019-06-05 10:22:38 - [TEST_STEP][PASSED] - click(findTestObject("2 Out/2-1 Sale/2-1 Sale-add/Sale invoice number")): Object: 'Object Repository/2 Out/2-1 Sale/2-1 Sale-add/Sale invoice number' is clicked on

2019-06-05 10:22:38 - [MESSAGE][PASSED] - Object: 'Object Repository/2 Out/2-1 Sale/2-1 Sale-add/Sale invoice number' is clicked on

2019-06-05 10:22:38 - [TEST_STEP][PASSED] - selectOptionByValue(findTestObject("2 Out/2-1 Sale/2-1 Sale-add/Sale invoice select"), "3: 4", true): All options with value '3: 4' are selected in object 'Object Repository/2 Out/2-1 Sale/2-1 Sale-add/Sale invoice select'  using regular expression

2019-06-05 10:22:39 - [MESSAGE][PASSED] - All options with value '3: 4' are selected in object 'Object Repository/2 Out/2-1 Sale/2-1 Sale-add/Sale invoice select'  using regular expression

2019-06-05 10:22:39 - [TEST_STEP][PASSED] - click(findTestObject("2 Out/2-1 Sale/2-1 Sale-add/Sale TAX button")): Object: 'Object Repository/2 Out/2-1 Sale/2-1 Sale-add/Sale TAX button' is clicked on

2019-06-05 10:22:39 - [MESSAGE][PASSED] - Object: 'Object Repository/2 Out/2-1 Sale/2-1 Sale-add/Sale TAX button' is clicked on

2019-06-05 10:22:39 - [TEST_STEP][PASSED] - selectOptionByValue(findTestObject("2 Out/2-1 Sale/2-1 Sale-add/Sale TAX select"), "1: 2", true): All options with value '1: 2' are selected in object 'Object Repository/2 Out/2-1 Sale/2-1 Sale-add/Sale TAX select'  using regular expression

2019-06-05 10:22:39 - [MESSAGE][PASSED] - All options with value '1: 2' are selected in object 'Object Repository/2 Out/2-1 Sale/2-1 Sale-add/Sale TAX select'  using regular expression

2019-06-05 10:22:39 - [TEST_STEP][PASSED] - setText(findTestObject("2 Out/2-1 Sale/2-1 Sale-add/Sale invoice number"), Invoice_number): Text 'AB-12345678' is set on object 'Object Repository/2 Out/2-1 Sale/2-1 Sale-add/Sale invoice number'

2019-06-05 10:22:40 - [MESSAGE][PASSED] - Text 'AB-12345678' is set on object 'Object Repository/2 Out/2-1 Sale/2-1 Sale-add/Sale invoice number'

2019-06-05 10:22:40 - [TEST_STEP][PASSED] - setText(findTestObject("2 Out/2-1 Sale/2-1 Sale-add/Sale GUI number"), "12345678"): Text '12345678' is set on object 'Object Repository/2 Out/2-1 Sale/2-1 Sale-add/Sale GUI number'

2019-06-05 10:22:40 - [MESSAGE][PASSED] - Text '12345678' is set on object 'Object Repository/2 Out/2-1 Sale/2-1 Sale-add/Sale GUI number'

2019-06-05 10:22:40 - [TEST_STEP][PASSED] - click(findTestObject("2 Out/2-1 Sale/2-1 Sale-add/Sale contact window button")): Object: 'Object Repository/2 Out/2-1 Sale/2-1 Sale-add/Sale contact window button' is clicked on

2019-06-05 10:22:40 - [MESSAGE][PASSED] - Object: 'Object Repository/2 Out/2-1 Sale/2-1 Sale-add/Sale contact window button' is clicked on

2019-06-05 10:22:40 - [TEST_STEP][PASSED] - click(findTestObject("2 Out/2-1 Sale/2-1 Sale-add/Sale contact window 0001")): Object: 'Object Repository/2 Out/2-1 Sale/2-1 Sale-add/Sale contact window 0001' is clicked on

2019-06-05 10:22:41 - [MESSAGE][PASSED] - Object: 'Object Repository/2 Out/2-1 Sale/2-1 Sale-add/Sale contact window 0001' is clicked on

2019-06-05 10:22:41 - [TEST_STEP][PASSED] - selectOptionByValue(findTestObject("2 Out/2-1 Sale/2-1 Sale-add/Sale city select"), "1: 2", true): All options with value '1: 2' are selected in object 'Object Repository/2 Out/2-1 Sale/2-1 Sale-add/Sale city select'  using regular expression

2019-06-05 10:22:42 - [MESSAGE][PASSED] - All options with value '1: 2' are selected in object 'Object Repository/2 Out/2-1 Sale/2-1 Sale-add/Sale city select'  using regular expression

2019-06-05 10:22:42 - [TEST_STEP][PASSED] - selectOptionByValue(findTestObject("2 Out/2-1 Sale/2-1 Sale-add/Sale dist select"), "9: 17", true): All options with value '9: 17' are selected in object 'Object Repository/2 Out/2-1 Sale/2-1 Sale-add/Sale dist select'  using regular expression

2019-06-05 10:22:42 - [MESSAGE][PASSED] - All options with value '9: 17' are selected in object 'Object Repository/2 Out/2-1 Sale/2-1 Sale-add/Sale dist select'  using regular expression

2019-06-05 10:22:42 - [TEST_STEP][PASSED] - setText(findTestObject("2 Out/2-1 Sale/2-1 Sale-add/Sale address"), "瑞光路584號"): Text '瑞光路584號' is set on object 'Object Repository/2 Out/2-1 Sale/2-1 Sale-add/Sale address'

2019-06-05 10:22:43 - [MESSAGE][PASSED] - Text '瑞光路584號' is set on object 'Object Repository/2 Out/2-1 Sale/2-1 Sale-add/Sale address'

2019-06-05 10:22:43 - [TEST_STEP][PASSED] - setText(findTestObject("2 Out/2-1 Sale/2-1 Sale-add/Sale note"), time()): null

2019-06-05 10:22:43 - [TEST_STEP][PASSED] - date = new java.util.Date(): null

2019-06-05 10:22:43 - [TEST_STEP][PASSED] - sdf = new java.text.SimpleDateFormat(yyyyMMddHHmm): null

2019-06-05 10:22:43 - [TEST_STEP][PASSED] - Time = Note + sdf.format(date): null

2019-06-05 10:22:43 - [TEST_STEP][PASSED] - return internal.GlobalVariable.Time: Text 'Testing201906051022' is set on object 'Object Repository/2 Out/2-1 Sale/2-1 Sale-add/Sale note'

2019-06-05 10:22:43 - [MESSAGE][PASSED] - Text 'Testing201906051022' is set on object 'Object Repository/2 Out/2-1 Sale/2-1 Sale-add/Sale note'

2019-06-05 10:22:43 - [TEST_STEP][PASSED] - click(findTestObject("2 Out/2-1 Sale/2-1 Sale-add/Item add button")): Object: 'Object Repository/2 Out/2-1 Sale/2-1 Sale-add/Item add button' is clicked on

2019-06-05 10:22:43 - [MESSAGE][PASSED] - Object: 'Object Repository/2 Out/2-1 Sale/2-1 Sale-add/Item add button' is clicked on

2019-06-05 10:22:43 - [TEST_STEP][PASSED] - click(findTestObject("2 Out/2-1 Sale/2-1 Sale-add/Item ipad")): Object: 'Object Repository/2 Out/2-1 Sale/2-1 Sale-add/Item ipad' is clicked on

2019-06-05 10:22:44 - [MESSAGE][PASSED] - Object: 'Object Repository/2 Out/2-1 Sale/2-1 Sale-add/Item ipad' is clicked on

2019-06-05 10:22:44 - [TEST_STEP][PASSED] - setText(findTestObject("2 Out/2-1 Sale/2-1 Sale-add/Item number"), "2"): Text '2' is set on object 'Object Repository/2 Out/2-1 Sale/2-1 Sale-add/Item number'

2019-06-05 10:22:45 - [MESSAGE][PASSED] - Text '2' is set on object 'Object Repository/2 Out/2-1 Sale/2-1 Sale-add/Item number'

2019-06-05 10:22:45 - [TEST_STEP][PASSED] - setText(findTestObject("2 Out/2-1 Sale/2-1 Sale-add/Item price"), "300"): Text '300' is set on object 'Object Repository/2 Out/2-1 Sale/2-1 Sale-add/Item price'

2019-06-05 10:22:45 - [MESSAGE][PASSED] - Text '300' is set on object 'Object Repository/2 Out/2-1 Sale/2-1 Sale-add/Item price'

2019-06-05 10:22:45 - [TEST_STEP][PASSED] - setText(findTestObject("2 Out/2-1 Sale/2-1 Sale-add/Item total price"), "600"): Text '600' is set on object 'Object Repository/2 Out/2-1 Sale/2-1 Sale-add/Item total price'

2019-06-05 10:22:45 - [MESSAGE][PASSED] - Text '600' is set on object 'Object Repository/2 Out/2-1 Sale/2-1 Sale-add/Item total price'

2019-06-05 10:22:45 - [TEST_STEP][PASSED] - setText(findTestObject("2 Out/2-1 Sale/2-1 Sale-add/Item discount"), "0.9"): Text '0.9' is set on object 'Object Repository/2 Out/2-1 Sale/2-1 Sale-add/Item discount'

2019-06-05 10:22:45 - [MESSAGE][PASSED] - Text '0.9' is set on object 'Object Repository/2 Out/2-1 Sale/2-1 Sale-add/Item discount'

2019-06-05 10:22:45 - [TEST_STEP][PASSED] - click(findTestObject("2 Out/2-1 Sale/2-1 Sale-add/Item warehouse button")): Object: 'Object Repository/2 Out/2-1 Sale/2-1 Sale-add/Item warehouse button' is clicked on

2019-06-05 10:22:46 - [MESSAGE][PASSED] - Object: 'Object Repository/2 Out/2-1 Sale/2-1 Sale-add/Item warehouse button' is clicked on

2019-06-05 10:22:46 - [TEST_STEP][PASSED] - click(findTestObject("2 Out/2-1 Sale/2-1 Sale-add/Item warehouse 0testwarehous0")): Object: 'Object Repository/2 Out/2-1 Sale/2-1 Sale-add/Item warehouse 0testwarehous0' is clicked on

2019-06-05 10:22:46 - [MESSAGE][PASSED] - Object: 'Object Repository/2 Out/2-1 Sale/2-1 Sale-add/Item warehouse 0testwarehous0' is clicked on

2019-06-05 10:22:46 - [TEST_STEP][PASSED] - setText(findTestObject("2 Out/2-1 Sale/2-1 Sale-add/Item note"), "item testing"): Text 'item testing' is set on object 'Object Repository/2 Out/2-1 Sale/2-1 Sale-add/Item note'

2019-06-05 10:22:47 - [MESSAGE][PASSED] - Text 'item testing' is set on object 'Object Repository/2 Out/2-1 Sale/2-1 Sale-add/Item note'

2019-06-05 10:22:47 - [TEST_STEP][PASSED] - click(findTestObject("2 Out/2-1 Sale/2-1 Sale-add/Sale save button")): Object: 'Object Repository/2 Out/2-1 Sale/2-1 Sale-add/Sale save button' is clicked on

2019-06-05 10:22:47 - [MESSAGE][PASSED] - Object: 'Object Repository/2 Out/2-1 Sale/2-1 Sale-add/Sale save button' is clicked on]]></system-out>
         <system-err><![CDATA[]]></system-err>
      </testcase>
      <testcase name="Test Cases/Others/Accept and verify" classname="Test Cases/Others/Accept and verify" status="PASSED">
         <system-out><![CDATA[2019-06-05 10:22:47 - [TEST_CASE][PASSED] - Test Cases/Others/Accept and verify: Test Cases/Others/Accept and verify

2019-06-05 10:22:47 - [TEST_STEP][PASSED] - delay(1): Delayed 1 second(s)

2019-06-05 10:22:48 - [MESSAGE][PASSED] - Delayed 1 second(s)

2019-06-05 10:22:48 - [TEST_STEP][PASSED] - waitForAlert(5): Alert is present after 5 second(s).

2019-06-05 10:22:48 - [MESSAGE][PASSED] - Alert is present after 5 second(s).

2019-06-05 10:22:48 - [TEST_STEP][PASSED] - acceptAlert(): Alert accepted

2019-06-05 10:22:49 - [MESSAGE][PASSED] - Alert accepted

2019-06-05 10:22:49 - [TEST_STEP][PASSED] - verifyElementClickable(findTestObject("Others/Accept and verify/Verify button")): Object 'Object Repository/Others/Accept and verify/Verify button' is clickable

2019-06-05 10:22:49 - [MESSAGE][PASSED] - Object 'Object Repository/Others/Accept and verify/Verify button' is clickable]]></system-out>
         <system-err><![CDATA[]]></system-err>
      </testcase>
      <testcase name="Test Cases/2 Out/2-1 Sale/2-1 Sale-edit" classname="Test Cases/2 Out/2-1 Sale/2-1 Sale-edit" status="PASSED">
         <system-out><![CDATA[2019-06-05 10:22:49 - [TEST_CASE][PASSED] - Test Cases/2 Out/2-1 Sale/2-1 Sale-edit: Test Cases/2 Out/2-1 Sale/2-1 Sale-edit

2019-06-05 10:22:49 - [TEST_STEP][PASSED] - click(findTestObject("Object Repository/2 Out/2-1 Sale/2-1 Sale-edit/Sort by number")): Object: 'Object Repository/2 Out/2-1 Sale/2-1 Sale-edit/Sort by number' is clicked on

2019-06-05 10:22:49 - [MESSAGE][PASSED] - Object: 'Object Repository/2 Out/2-1 Sale/2-1 Sale-edit/Sort by number' is clicked on

2019-06-05 10:22:49 - [TEST_STEP][PASSED] - click(findTestObject("Object Repository/2 Out/2-1 Sale/2-1 Sale-edit/Sort by number")): Object: 'Object Repository/2 Out/2-1 Sale/2-1 Sale-edit/Sort by number' is clicked on

2019-06-05 10:22:50 - [MESSAGE][PASSED] - Object: 'Object Repository/2 Out/2-1 Sale/2-1 Sale-edit/Sort by number' is clicked on

2019-06-05 10:22:50 - [TEST_STEP][PASSED] - XXX = Time: null

2019-06-05 10:22:50 - [TEST_STEP][PASSED] - click(findTestObject("Object Repository/2 Out/2-1 Sale/2-1 Sale-edit/Select by note", ["xxx":XXX])): Object: 'Object Repository/2 Out/2-1 Sale/2-1 Sale-edit/Select by note' is clicked on

2019-06-05 10:22:50 - [MESSAGE][PASSED] - Object: 'Object Repository/2 Out/2-1 Sale/2-1 Sale-edit/Select by note' is clicked on

2019-06-05 10:22:50 - [TEST_STEP][PASSED] - click(findTestObject("Object Repository/2 Out/2-1 Sale/2-1 Sale-edit/Edit button")): Object: 'Object Repository/2 Out/2-1 Sale/2-1 Sale-edit/Edit button' is clicked on

2019-06-05 10:22:50 - [MESSAGE][PASSED] - Object: 'Object Repository/2 Out/2-1 Sale/2-1 Sale-edit/Edit button' is clicked on

2019-06-05 10:22:50 - [TEST_STEP][PASSED] - click(findTestObject("Object Repository/2 Out/2-1 Sale/2-1 Sale-edit/New item button")): Object: 'Object Repository/2 Out/2-1 Sale/2-1 Sale-edit/New item button' is clicked on

2019-06-05 10:22:51 - [MESSAGE][PASSED] - Object: 'Object Repository/2 Out/2-1 Sale/2-1 Sale-edit/New item button' is clicked on

2019-06-05 10:22:51 - [TEST_STEP][PASSED] - click(findTestObject("Object Repository/2 Out/2-1 Sale/2-1 Sale-edit/Select item")): Object: 'Object Repository/2 Out/2-1 Sale/2-1 Sale-edit/Select item' is clicked on

2019-06-05 10:22:52 - [MESSAGE][PASSED] - Object: 'Object Repository/2 Out/2-1 Sale/2-1 Sale-edit/Select item' is clicked on

2019-06-05 10:22:52 - [TEST_STEP][PASSED] - setText(findTestObject("2 Out/2-1 Sale/2-1 Sale-edit/Item number"), "5"): Text '5' is set on object 'Object Repository/2 Out/2-1 Sale/2-1 Sale-edit/Item number'

2019-06-05 10:22:52 - [MESSAGE][PASSED] - Text '5' is set on object 'Object Repository/2 Out/2-1 Sale/2-1 Sale-edit/Item number'

2019-06-05 10:22:52 - [TEST_STEP][PASSED] - setText(findTestObject("2 Out/2-1 Sale/2-1 Sale-edit/Item price"), "1"): Text '1' is set on object 'Object Repository/2 Out/2-1 Sale/2-1 Sale-edit/Item price'

2019-06-05 10:22:52 - [MESSAGE][PASSED] - Text '1' is set on object 'Object Repository/2 Out/2-1 Sale/2-1 Sale-edit/Item price'

2019-06-05 10:22:52 - [TEST_STEP][PASSED] - setText(findTestObject("2 Out/2-1 Sale/2-1 Sale-edit/Item total price"), "5"): Text '5' is set on object 'Object Repository/2 Out/2-1 Sale/2-1 Sale-edit/Item total price'

2019-06-05 10:22:53 - [MESSAGE][PASSED] - Text '5' is set on object 'Object Repository/2 Out/2-1 Sale/2-1 Sale-edit/Item total price'

2019-06-05 10:22:53 - [TEST_STEP][PASSED] - click(findTestObject("2 Out/2-1 Sale/2-1 Sale-edit/Item warehouse button")): Object: 'Object Repository/2 Out/2-1 Sale/2-1 Sale-edit/Item warehouse button' is clicked on

2019-06-05 10:22:53 - [MESSAGE][PASSED] - Object: 'Object Repository/2 Out/2-1 Sale/2-1 Sale-edit/Item warehouse button' is clicked on

2019-06-05 10:22:53 - [TEST_STEP][PASSED] - click(findTestObject("Object Repository/2 Out/2-1 Sale/2-1 Sale-edit/Select warehouse")): Object: 'Object Repository/2 Out/2-1 Sale/2-1 Sale-edit/Select warehouse' is clicked on

2019-06-05 10:22:54 - [MESSAGE][PASSED] - Object: 'Object Repository/2 Out/2-1 Sale/2-1 Sale-edit/Select warehouse' is clicked on

2019-06-05 10:22:54 - [TEST_STEP][PASSED] - click(findTestObject("Object Repository/2 Out/2-1 Sale/2-1 Sale-edit/Save button")): Object: 'Object Repository/2 Out/2-1 Sale/2-1 Sale-edit/Save button' is clicked on

2019-06-05 10:22:54 - [MESSAGE][PASSED] - Object: 'Object Repository/2 Out/2-1 Sale/2-1 Sale-edit/Save button' is clicked on]]></system-out>
         <system-err><![CDATA[]]></system-err>
      </testcase>
      <testcase name="Test Cases/Others/Accept and verify" classname="Test Cases/Others/Accept and verify" status="PASSED">
         <system-out><![CDATA[2019-06-05 10:22:54 - [TEST_CASE][PASSED] - Test Cases/Others/Accept and verify: Test Cases/Others/Accept and verify

2019-06-05 10:22:54 - [TEST_STEP][PASSED] - delay(1): Delayed 1 second(s)

2019-06-05 10:22:55 - [MESSAGE][PASSED] - Delayed 1 second(s)

2019-06-05 10:22:55 - [TEST_STEP][PASSED] - waitForAlert(5): Alert is present after 5 second(s).

2019-06-05 10:22:55 - [MESSAGE][PASSED] - Alert is present after 5 second(s).

2019-06-05 10:22:55 - [TEST_STEP][PASSED] - acceptAlert(): Alert accepted

2019-06-05 10:22:55 - [MESSAGE][PASSED] - Alert accepted

2019-06-05 10:22:55 - [TEST_STEP][PASSED] - verifyElementClickable(findTestObject("Others/Accept and verify/Verify button")): Object 'Object Repository/Others/Accept and verify/Verify button' is clickable

2019-06-05 10:22:55 - [MESSAGE][PASSED] - Object 'Object Repository/Others/Accept and verify/Verify button' is clickable]]></system-out>
         <system-err><![CDATA[]]></system-err>
      </testcase>
      <system-out><![CDATA[2019-06-05 10:22:18 - [TEST_SUITE][PASSED] - 2-1 Sale Test Suite: Test Cases/Others/Accept and verify]]></system-out>
      <system-err><![CDATA[]]></system-err>
   </testsuite>
</testsuites>
