<?xml version="1.0" encoding="UTF-8"?>
<testsuites name="Return Test Suite" time="21" tests="3" failures="0" errors="0">
   <testsuite name="Return Test Suite" tests="3" failures="0" errors="0" time="21" timestamp="2019-04-17 00:55:51" hostname="KB - DESKTOP-Q62N4RQ" id="Test Suites/Return Test Suite">
      <properties>
         <property name="deviceName" value=""/>
         <property name="devicePlatform" value=""/>
         <property name="logFolder" value="C:\\Users\\KB\\git\\PSItesting\\PSItest\\Reports\\Return Test Suite\\20190417_005457"/>
         <property name="logFiles" value="C:\\Users\\KB\\git\\PSItesting\\PSItest\\Reports\\Return Test Suite\\20190417_005457\\execution0.log"/>
         <property name="attachments" value=""/>
         <property name="hostName" value="KB - DESKTOP-Q62N4RQ"/>
         <property name="os" value="Windows 10 64bit"/>
         <property name="katalonVersion" value="6.1.0.1"/>
         <property name="browser" value="Chrome 73.0.3683.86"/>
         <property name="hostAddress" value="192.168.1.106"/>
         <property name="sessionId" value="7f09318f33fe2c7f8ed60e78df03a1c5"/>
         <property name="seleniumVersion" value="3.7.1"/>
         <property name="proxyInformation" value="ProxyInformation{proxyOption=NO_PROXY, proxyServerType=HTTP, password=, proxyServerAddress=, proxyServerPort=0}"/>
         <property name="platform" value="Windows 10"/>
      </properties>
      <testcase name="Test Cases/Login" classname="Test Cases/Login" status="PASSED">
         <system-out><![CDATA[2019-04-17 00:55:52 - [TEST_CASE][PASSED] - Test Cases/Login: Test Cases/Login

2019-04-17 00:55:52 - [TEST_STEP][PASSED] - openBrowser(""): Browser is opened with url: ''

2019-04-17 00:55:53 - [MESSAGE][INFO] - Starting 'Chrome' driver

2019-04-17 00:55:53 - [MESSAGE][INFO] - Action delay is set to 0 seconds

2019-04-17 00:55:57 - [MESSAGE][PASSED] - Browser is opened with url: ''

2019-04-17 00:55:57 - [TEST_STEP][PASSED] - navigateToUrl("https://psi-azcldap.unicore.com.tw/login"): Navigate to 'https://psi-azcldap.unicore.com.tw/login' successfully

2019-04-17 00:56:00 - [MESSAGE][PASSED] - Navigate to 'https://psi-azcldap.unicore.com.tw/login' successfully

2019-04-17 00:56:00 - [TEST_STEP][PASSED] - maximizeWindow(): Current window maximized

2019-04-17 00:56:01 - [MESSAGE][PASSED] - Current window maximized

2019-04-17 00:56:01 - [TEST_STEP][PASSED] - setText(findTestObject("Login/ID-QWE"), "QWE"): Text 'QWE' is set on object 'Object Repository/Login/ID-QWE'

2019-04-17 00:56:01 - [MESSAGE][PASSED] - Text 'QWE' is set on object 'Object Repository/Login/ID-QWE'

2019-04-17 00:56:01 - [TEST_STEP][PASSED] - setEncryptedText(findTestObject("Login/PW-QWE"), "5opu+sh6ATw="): Text ****** has been set on object 'Object Repository/Login/PW-QWE'

2019-04-17 00:56:01 - [MESSAGE][PASSED] - Text ****** has been set on object 'Object Repository/Login/PW-QWE'

2019-04-17 00:56:01 - [TEST_STEP][PASSED] - click(findTestObject("Login/Login Button")): Object: 'Object Repository/Login/Login Button' is clicked on

2019-04-17 00:56:02 - [MESSAGE][PASSED] - Object: 'Object Repository/Login/Login Button' is clicked on

2019-04-17 00:56:02 - [TEST_STEP][PASSED] - verifyElementClickable(findTestObject("Login/Verify button")): Object 'Object Repository/Login/Verify button' is clickable

2019-04-17 00:56:02 - [MESSAGE][PASSED] - Object 'Object Repository/Login/Verify button' is clickable]]></system-out>
         <system-err><![CDATA[]]></system-err>
      </testcase>
      <testcase name="Test Cases/Return-Add" classname="Test Cases/Return-Add" status="PASSED">
         <system-out><![CDATA[2019-04-17 00:56:02 - [TEST_CASE][PASSED] - Test Cases/Return-Add: Test Cases/Return-Add

2019-04-17 00:56:03 - [TEST_STEP][PASSED] - click(findTestObject("Return/Return button")): Object: 'Object Repository/Return/Return button' is clicked on

2019-04-17 00:56:03 - [MESSAGE][PASSED] - Object: 'Object Repository/Return/Return button' is clicked on

2019-04-17 00:56:03 - [TEST_STEP][PASSED] - click(findTestObject("Return/Add button")): Object: 'Object Repository/Return/Add button' is clicked on

2019-04-17 00:56:03 - [MESSAGE][PASSED] - Object: 'Object Repository/Return/Add button' is clicked on

2019-04-17 00:56:03 - [TEST_STEP][PASSED] - click(findTestObject("Return/Vendor button")): Object: 'Object Repository/Return/Vendor button' is clicked on

2019-04-17 00:56:04 - [MESSAGE][PASSED] - Object: 'Object Repository/Return/Vendor button' is clicked on

2019-04-17 00:56:04 - [TEST_STEP][PASSED] - click(findTestObject("Return/Vendor 2324")): Object: 'Object Repository/Return/Vendor 2324' is clicked on

2019-04-17 00:56:04 - [MESSAGE][PASSED] - Object: 'Object Repository/Return/Vendor 2324' is clicked on

2019-04-17 00:56:04 - [TEST_STEP][PASSED] - click(findTestObject("Return/Payment select")): Object: 'Object Repository/Return/Payment select' is clicked on

2019-04-17 00:56:04 - [MESSAGE][PASSED] - Object: 'Object Repository/Return/Payment select' is clicked on

2019-04-17 00:56:04 - [TEST_STEP][PASSED] - selectOptionByValue(findTestObject("Return/Payment"), "0: 1", true): All options with value '0: 1' are selected in object 'Object Repository/Return/Payment'  using regular expression

2019-04-17 00:56:05 - [MESSAGE][PASSED] - All options with value '0: 1' are selected in object 'Object Repository/Return/Payment'  using regular expression

2019-04-17 00:56:05 - [TEST_STEP][PASSED] - click(findTestObject("Return/Payment date 1")): Object: 'Object Repository/Return/Payment date 1' is clicked on

2019-04-17 00:56:05 - [MESSAGE][PASSED] - Object: 'Object Repository/Return/Payment date 1' is clicked on

2019-04-17 00:56:05 - [TEST_STEP][PASSED] - click(findTestObject("Return/Payment date 1 next month")): Object: 'Object Repository/Return/Payment date 1 next month' is clicked on

2019-04-17 00:56:05 - [MESSAGE][PASSED] - Object: 'Object Repository/Return/Payment date 1 next month' is clicked on

2019-04-17 00:56:05 - [TEST_STEP][PASSED] - click(findTestObject("Return/Payment date 1 next month 10")): Object: 'Object Repository/Return/Payment date 1 next month 10' is clicked on

2019-04-17 00:56:05 - [MESSAGE][PASSED] - Object: 'Object Repository/Return/Payment date 1 next month 10' is clicked on

2019-04-17 00:56:05 - [TEST_STEP][PASSED] - click(findTestObject("Return/Payment date 2")): Object: 'Object Repository/Return/Payment date 2' is clicked on

2019-04-17 00:56:05 - [MESSAGE][PASSED] - Object: 'Object Repository/Return/Payment date 2' is clicked on

2019-04-17 00:56:05 - [TEST_STEP][PASSED] - click(findTestObject("Return/Payment date 2 next month")): Object: 'Object Repository/Return/Payment date 2 next month' is clicked on

2019-04-17 00:56:05 - [MESSAGE][PASSED] - Object: 'Object Repository/Return/Payment date 2 next month' is clicked on

2019-04-17 00:56:05 - [TEST_STEP][PASSED] - click(findTestObject("Return/Payment date 2 next month 15")): Object: 'Object Repository/Return/Payment date 2 next month 15' is clicked on

2019-04-17 00:56:06 - [MESSAGE][PASSED] - Object: 'Object Repository/Return/Payment date 2 next month 15' is clicked on

2019-04-17 00:56:06 - [TEST_STEP][PASSED] - click(findTestObject("Return/Payment date 3")): Object: 'Object Repository/Return/Payment date 3' is clicked on

2019-04-17 00:56:06 - [MESSAGE][PASSED] - Object: 'Object Repository/Return/Payment date 3' is clicked on

2019-04-17 00:56:06 - [TEST_STEP][PASSED] - click(findTestObject("Return/Payment date 3 next month")): Object: 'Object Repository/Return/Payment date 3 next month' is clicked on

2019-04-17 00:56:06 - [MESSAGE][PASSED] - Object: 'Object Repository/Return/Payment date 3 next month' is clicked on

2019-04-17 00:56:06 - [TEST_STEP][PASSED] - click(findTestObject("Return/Payment date 3 next month 20")): Object: 'Object Repository/Return/Payment date 3 next month 20' is clicked on

2019-04-17 00:56:06 - [MESSAGE][PASSED] - Object: 'Object Repository/Return/Payment date 3 next month 20' is clicked on

2019-04-17 00:56:06 - [TEST_STEP][PASSED] - click(findTestObject("Return/Invoice select")): Object: 'Object Repository/Return/Invoice select' is clicked on

2019-04-17 00:56:06 - [MESSAGE][PASSED] - Object: 'Object Repository/Return/Invoice select' is clicked on

2019-04-17 00:56:06 - [TEST_STEP][PASSED] - selectOptionByValue(findTestObject("Return/Invoice"), "3: 4", true): All options with value '3: 4' are selected in object 'Object Repository/Return/Invoice'  using regular expression

2019-04-17 00:56:07 - [MESSAGE][PASSED] - All options with value '3: 4' are selected in object 'Object Repository/Return/Invoice'  using regular expression

2019-04-17 00:56:07 - [TEST_STEP][PASSED] - setText(findTestObject("Return/Invoice number"), "AA123456"): Text 'AA123456' is set on object 'Object Repository/Return/Invoice number'

2019-04-17 00:56:07 - [MESSAGE][PASSED] - Text 'AA123456' is set on object 'Object Repository/Return/Invoice number'

2019-04-17 00:56:07 - [TEST_STEP][PASSED] - click(findTestObject("Return/Empolyee button")): Object: 'Object Repository/Return/Empolyee button' is clicked on

2019-04-17 00:56:07 - [MESSAGE][PASSED] - Object: 'Object Repository/Return/Empolyee button' is clicked on

2019-04-17 00:56:07 - [TEST_STEP][PASSED] - click(findTestObject("Return/Employee Larry")): Object: 'Object Repository/Return/Employee Larry' is clicked on

2019-04-17 00:56:08 - [MESSAGE][PASSED] - Object: 'Object Repository/Return/Employee Larry' is clicked on

2019-04-17 00:56:08 - [TEST_STEP][PASSED] - setText(findTestObject("Return/Purchase number"), "BB87654321"): Text 'BB87654321' is set on object 'Object Repository/Return/Purchase number'

2019-04-17 00:56:08 - [MESSAGE][PASSED] - Text 'BB87654321' is set on object 'Object Repository/Return/Purchase number'

2019-04-17 00:56:08 - [TEST_STEP][PASSED] - setText(findTestObject("Return/Comment"), "Test"): Text 'Test' is set on object 'Object Repository/Return/Comment'

2019-04-17 00:56:08 - [MESSAGE][PASSED] - Text 'Test' is set on object 'Object Repository/Return/Comment'

2019-04-17 00:56:08 - [TEST_STEP][PASSED] - click(findTestObject("Return/New item button")): Object: 'Object Repository/Return/New item button' is clicked on

2019-04-17 00:56:09 - [MESSAGE][PASSED] - Object: 'Object Repository/Return/New item button' is clicked on

2019-04-17 00:56:09 - [TEST_STEP][PASSED] - click(findTestObject("Return/Item IPAD")): Object: 'Object Repository/Return/Item IPAD' is clicked on

2019-04-17 00:56:09 - [MESSAGE][PASSED] - Object: 'Object Repository/Return/Item IPAD' is clicked on

2019-04-17 00:56:09 - [TEST_STEP][PASSED] - click(findTestObject("Return/Unit button")): Object: 'Object Repository/Return/Unit button' is clicked on

2019-04-17 00:56:09 - [MESSAGE][PASSED] - Object: 'Object Repository/Return/Unit button' is clicked on

2019-04-17 00:56:09 - [TEST_STEP][PASSED] - click(findTestObject("Return/Unit Change")): Object: 'Object Repository/Return/Unit Change' is clicked on

2019-04-17 00:56:10 - [MESSAGE][PASSED] - Object: 'Object Repository/Return/Unit Change' is clicked on

2019-04-17 00:56:10 - [TEST_STEP][PASSED] - setText(findTestObject("Return/Number"), "10"): Text '10' is set on object 'Object Repository/Return/Number'

2019-04-17 00:56:10 - [MESSAGE][PASSED] - Text '10' is set on object 'Object Repository/Return/Number'

2019-04-17 00:56:10 - [TEST_STEP][PASSED] - setText(findTestObject("Return/Price"), "200"): Text '200' is set on object 'Object Repository/Return/Price'

2019-04-17 00:56:11 - [MESSAGE][PASSED] - Text '200' is set on object 'Object Repository/Return/Price'

2019-04-17 00:56:11 - [TEST_STEP][PASSED] - setText(findTestObject("Return/Total price"), "2000"): Text '2000' is set on object 'Object Repository/Return/Total price'

2019-04-17 00:56:11 - [MESSAGE][PASSED] - Text '2000' is set on object 'Object Repository/Return/Total price'

2019-04-17 00:56:11 - [TEST_STEP][PASSED] - click(findTestObject("Return/Warehouse button")): Object: 'Object Repository/Return/Warehouse button' is clicked on

2019-04-17 00:56:11 - [MESSAGE][PASSED] - Object: 'Object Repository/Return/Warehouse button' is clicked on

2019-04-17 00:56:11 - [TEST_STEP][PASSED] - click(findTestObject("Return/Warehouse 111")): Object: 'Object Repository/Return/Warehouse 111' is clicked on

2019-04-17 00:56:12 - [MESSAGE][PASSED] - Object: 'Object Repository/Return/Warehouse 111' is clicked on

2019-04-17 00:56:12 - [TEST_STEP][PASSED] - click(findTestObject("Return/Save")): Object: 'Object Repository/Return/Save' is clicked on

2019-04-17 00:56:12 - [MESSAGE][PASSED] - Object: 'Object Repository/Return/Save' is clicked on]]></system-out>
         <system-err><![CDATA[]]></system-err>
      </testcase>
      <testcase name="Test Cases/Accept and verify" classname="Test Cases/Accept and verify" status="PASSED">
         <system-out><![CDATA[2019-04-17 00:56:12 - [TEST_CASE][PASSED] - Test Cases/Accept and verify: Test Cases/Accept and verify

2019-04-17 00:56:12 - [TEST_STEP][PASSED] - acceptAlert(): Alert accepted

2019-04-17 00:56:12 - [MESSAGE][PASSED] - Alert accepted

2019-04-17 00:56:12 - [TEST_STEP][PASSED] - verifyElementClickable(findTestObject("Accept and verify/Verify button")): Object 'Object Repository/Accept and verify/Verify button' is clickable

2019-04-17 00:56:12 - [MESSAGE][PASSED] - Object 'Object Repository/Accept and verify/Verify button' is clickable]]></system-out>
         <system-err><![CDATA[]]></system-err>
      </testcase>
      <system-out><![CDATA[2019-04-17 00:55:51 - [TEST_SUITE][PASSED] - Return Test Suite: Test Cases/Accept and verify]]></system-out>
      <system-err><![CDATA[]]></system-err>
   </testsuite>
</testsuites>
