<?xml version="1.0" encoding="UTF-8"?>
<testsuites name="3-3 Adjust Test Suite" time="27" tests="3" failures="0" errors="0">
   <testsuite name="3-3 Adjust Test Suite" tests="3" failures="0" errors="0" time="27" timestamp="2019-04-23 11:34:42" hostname="KennyIC_Chen - KennyIC_Chen.compal.com" id="Test Suites/3-3 Adjust Test Suite">
      <properties>
         <property name="deviceName" value=""/>
         <property name="devicePlatform" value=""/>
         <property name="logFolder" value="C:\\Users\\KennyIC_chen.COMPAL\\git\\PSItest\\Reports\\3-3 Adjust Test Suite\\20190423_113430"/>
         <property name="logFiles" value="C:\\Users\\KennyIC_chen.COMPAL\\git\\PSItest\\Reports\\3-3 Adjust Test Suite\\20190423_113430\\execution0.log"/>
         <property name="attachments" value=""/>
         <property name="hostName" value="KennyIC_Chen - KennyIC_Chen.compal.com"/>
         <property name="os" value="Windows 10 64bit"/>
         <property name="katalonVersion" value="5.10.1.1"/>
         <property name="browser" value="Chrome 73.0.3683.103"/>
         <property name="hostAddress" value="10.109.102.148"/>
         <property name="sessionId" value="7b24f65c32f2fef5670f39fc3463c981"/>
         <property name="seleniumVersion" value="3.7.1"/>
         <property name="proxyInformation" value="ProxyInformation{proxyOption=NO_PROXY, proxyServerType=HTTP, password=, proxyServerAddress=, proxyServerPort=0}"/>
         <property name="platform" value="Windows 10"/>
      </properties>
      <testcase name="Test Cases/others/Login" classname="Test Cases/others/Login" status="PASSED">
         <system-out><![CDATA[2019-04-23 11:34:43 - [TEST_CASE][PASSED] - Test Cases/others/Login: Test Cases/others/Login

2019-04-23 11:34:43 - [TEST_STEP][PASSED] - openBrowser(""): Browser is opened with url: ''

2019-04-23 11:34:43 - [MESSAGE][INFO] - Starting 'Chrome' driver

2019-04-23 11:34:43 - [MESSAGE][INFO] - Action delay is set to 0 seconds

2019-04-23 11:34:55 - [MESSAGE][PASSED] - Browser is opened with url: ''

2019-04-23 11:34:55 - [TEST_STEP][PASSED] - navigateToUrl("https://psi-azcldap.unicore.com.tw/login"): Navigate to 'https://psi-azcldap.unicore.com.tw/login' successfully

2019-04-23 11:35:01 - [MESSAGE][PASSED] - Navigate to 'https://psi-azcldap.unicore.com.tw/login' successfully

2019-04-23 11:35:01 - [TEST_STEP][PASSED] - maximizeWindow(): Current window maximized

2019-04-23 11:35:02 - [MESSAGE][PASSED] - Current window maximized

2019-04-23 11:35:02 - [TEST_STEP][PASSED] - setText(findTestObject("Other/Login/ID-QWE"), "QWE"): Text 'QWE' is set on object 'Object Repository/Other/Login/ID-QWE'

2019-04-23 11:35:02 - [MESSAGE][PASSED] - Text 'QWE' is set on object 'Object Repository/Other/Login/ID-QWE'

2019-04-23 11:35:02 - [TEST_STEP][PASSED] - setEncryptedText(findTestObject("Other/Login/PW-QWE"), "5opu+sh6ATw="): Text ****** has been set on object 'Object Repository/Other/Login/PW-QWE'

2019-04-23 11:35:02 - [MESSAGE][PASSED] - Text ****** has been set on object 'Object Repository/Other/Login/PW-QWE'

2019-04-23 11:35:02 - [TEST_STEP][PASSED] - click(findTestObject("Other/Login/Login Button")): Object: 'Object Repository/Other/Login/Login Button' is clicked on

2019-04-23 11:35:02 - [MESSAGE][PASSED] - Object: 'Object Repository/Other/Login/Login Button' is clicked on

2019-04-23 11:35:02 - [TEST_STEP][PASSED] - verifyElementClickable(findTestObject("Other/Login/Verify button")): Object 'Object Repository/Other/Login/Verify button' is clickable

2019-04-23 11:35:04 - [MESSAGE][PASSED] - Object 'Object Repository/Other/Login/Verify button' is clickable]]></system-out>
         <system-err><![CDATA[]]></system-err>
      </testcase>
      <testcase name="Test Cases/3-3 Adjust-add" classname="Test Cases/3-3 Adjust-add" status="PASSED">
         <system-out><![CDATA[2019-04-23 11:35:04 - [TEST_CASE][PASSED] - Test Cases/3-3 Adjust-add: Test Cases/3-3 Adjust-add

2019-04-23 11:35:05 - [TEST_STEP][PASSED] - click(findTestObject("Object Repository/3-3 Adjuset/Adjuset button")): Object: 'Object Repository/3-3 Adjuset/Adjuset button' is clicked on

2019-04-23 11:35:05 - [MESSAGE][PASSED] - Object: 'Object Repository/3-3 Adjuset/Adjuset button' is clicked on

2019-04-23 11:35:05 - [TEST_STEP][PASSED] - click(findTestObject("Object Repository/3-3 Adjuset/Add button")): Object: 'Object Repository/3-3 Adjuset/Add button' is clicked on

2019-04-23 11:35:05 - [MESSAGE][PASSED] - Object: 'Object Repository/3-3 Adjuset/Add button' is clicked on

2019-04-23 11:35:05 - [TEST_STEP][PASSED] - click(findTestObject("3-3 Adjuset/Adjust type button")): Object: 'Object Repository/3-3 Adjuset/Adjust type button' is clicked on

2019-04-23 11:35:06 - [MESSAGE][PASSED] - Object: 'Object Repository/3-3 Adjuset/Adjust type button' is clicked on

2019-04-23 11:35:06 - [TEST_STEP][PASSED] - selectOptionByValue(findTestObject("3-3 Adjuset/Adjust type select"), "0: 2", true): All options with value '0: 2' are selected in object 'Object Repository/3-3 Adjuset/Adjust type select'  using regular expression

2019-04-23 11:35:06 - [MESSAGE][PASSED] - All options with value '0: 2' are selected in object 'Object Repository/3-3 Adjuset/Adjust type select'  using regular expression

2019-04-23 11:35:06 - [TEST_STEP][PASSED] - click(findTestObject("3-3 Adjuset/Adjust employee button")): Object: 'Object Repository/3-3 Adjuset/Adjust employee button' is clicked on

2019-04-23 11:35:06 - [MESSAGE][PASSED] - Object: 'Object Repository/3-3 Adjuset/Adjust employee button' is clicked on

2019-04-23 11:35:06 - [TEST_STEP][PASSED] - click(findTestObject("Object Repository/3-3 Adjuset/Adjust employee")): Object: 'Object Repository/3-3 Adjuset/Adjust employee' is clicked on

2019-04-23 11:35:06 - [MESSAGE][PASSED] - Object: 'Object Repository/3-3 Adjuset/Adjust employee' is clicked on

2019-04-23 11:35:06 - [TEST_STEP][PASSED] - setText(findTestObject("Object Repository/3-3 Adjuset/input__comments"), "Testing"): Text 'Testing' is set on object 'Object Repository/3-3 Adjuset/input__comments'

2019-04-23 11:35:07 - [MESSAGE][PASSED] - Text 'Testing' is set on object 'Object Repository/3-3 Adjuset/input__comments'

2019-04-23 11:35:07 - [TEST_STEP][PASSED] - click(findTestObject("Object Repository/3-3 Adjuset/Adjust item button")): Object: 'Object Repository/3-3 Adjuset/Adjust item button' is clicked on

2019-04-23 11:35:07 - [MESSAGE][PASSED] - Object: 'Object Repository/3-3 Adjuset/Adjust item button' is clicked on

2019-04-23 11:35:07 - [TEST_STEP][PASSED] - click(findTestObject("Object Repository/3-3 Adjuset/item select")): Object: 'Object Repository/3-3 Adjuset/item select' is clicked on

2019-04-23 11:35:07 - [MESSAGE][PASSED] - Object: 'Object Repository/3-3 Adjuset/item select' is clicked on

2019-04-23 11:35:07 - [TEST_STEP][PASSED] - click(findTestObject("3-3 Adjuset/Item unit button")): Object: 'Object Repository/3-3 Adjuset/Item unit button' is clicked on

2019-04-23 11:35:07 - [MESSAGE][PASSED] - Object: 'Object Repository/3-3 Adjuset/Item unit button' is clicked on

2019-04-23 11:35:07 - [TEST_STEP][PASSED] - click(findTestObject("Object Repository/3-3 Adjuset/item unit")): Object: 'Object Repository/3-3 Adjuset/item unit' is clicked on

2019-04-23 11:35:08 - [MESSAGE][PASSED] - Object: 'Object Repository/3-3 Adjuset/item unit' is clicked on

2019-04-23 11:35:08 - [TEST_STEP][PASSED] - click(findTestObject("3-3 Adjuset/item warehouse button")): Object: 'Object Repository/3-3 Adjuset/item warehouse button' is clicked on

2019-04-23 11:35:08 - [MESSAGE][PASSED] - Object: 'Object Repository/3-3 Adjuset/item warehouse button' is clicked on

2019-04-23 11:35:08 - [TEST_STEP][PASSED] - click(findTestObject("Object Repository/3-3 Adjuset/item warehouse")): Object: 'Object Repository/3-3 Adjuset/item warehouse' is clicked on

2019-04-23 11:35:09 - [MESSAGE][PASSED] - Object: 'Object Repository/3-3 Adjuset/item warehouse' is clicked on

2019-04-23 11:35:09 - [TEST_STEP][PASSED] - setText(findTestObject("Object Repository/3-3 Adjuset/item qty"), "10"): Text '10' is set on object 'Object Repository/3-3 Adjuset/item qty'

2019-04-23 11:35:09 - [MESSAGE][PASSED] - Text '10' is set on object 'Object Repository/3-3 Adjuset/item qty'

2019-04-23 11:35:09 - [TEST_STEP][PASSED] - setText(findTestObject("Object Repository/3-3 Adjuset/item price"), "120"): Text '120' is set on object 'Object Repository/3-3 Adjuset/item price'

2019-04-23 11:35:09 - [MESSAGE][PASSED] - Text '120' is set on object 'Object Repository/3-3 Adjuset/item price'

2019-04-23 11:35:09 - [TEST_STEP][PASSED] - setText(findTestObject("Object Repository/3-3 Adjuset/item price 1"), "150"): Text '150' is set on object 'Object Repository/3-3 Adjuset/item price 1'

2019-04-23 11:35:09 - [MESSAGE][PASSED] - Text '150' is set on object 'Object Repository/3-3 Adjuset/item price 1'

2019-04-23 11:35:09 - [TEST_STEP][PASSED] - click(findTestObject("Object Repository/3-3 Adjuset/save")): Object: 'Object Repository/3-3 Adjuset/save' is clicked on

2019-04-23 11:35:09 - [MESSAGE][PASSED] - Object: 'Object Repository/3-3 Adjuset/save' is clicked on]]></system-out>
         <system-err><![CDATA[]]></system-err>
      </testcase>
      <testcase name="Test Cases/others/Accept and verify" classname="Test Cases/others/Accept and verify" status="PASSED">
         <system-out><![CDATA[2019-04-23 11:35:09 - [TEST_CASE][PASSED] - Test Cases/others/Accept and verify: Test Cases/others/Accept and verify

2019-04-23 11:35:09 - [TEST_STEP][PASSED] - waitForAlert(5): Alert is present after 5 second(s).

2019-04-23 11:35:09 - [MESSAGE][PASSED] - Alert is present after 5 second(s).

2019-04-23 11:35:09 - [TEST_STEP][PASSED] - acceptAlert(): Alert accepted

2019-04-23 11:35:09 - [MESSAGE][PASSED] - Alert accepted

2019-04-23 11:35:09 - [TEST_STEP][PASSED] - verifyElementClickable(findTestObject("Other/Accept and verify/Verify button")): Object 'Object Repository/Other/Accept and verify/Verify button' is clickable

2019-04-23 11:35:09 - [MESSAGE][PASSED] - Object 'Object Repository/Other/Accept and verify/Verify button' is clickable]]></system-out>
         <system-err><![CDATA[]]></system-err>
      </testcase>
      <system-out><![CDATA[2019-04-23 11:34:42 - [TEST_SUITE][PASSED] - 3-3 Adjust Test Suite: Test Cases/others/Accept and verify]]></system-out>
      <system-err><![CDATA[]]></system-err>
   </testsuite>
</testsuites>
