<?xml version="1.0" encoding="UTF-8"?>
<testsuites name="1-2 Purchase Test Suite" time="73" tests="3" failures="0" errors="0">
   <testsuite name="1-2 Purchase Test Suite" tests="3" failures="0" errors="0" time="73" timestamp="2019-04-25 14:00:59" hostname="KennyIC_Chen - KennyIC_Chen.compal.com" id="Test Suites/1-2 Purchase Test Suite">
      <properties>
         <property name="deviceName" value=""/>
         <property name="devicePlatform" value=""/>
         <property name="logFolder" value="C:\\Users\\KennyIC_chen.COMPAL\\git\\PSItest\\Reports\\1-2 Purchase Test Suite\\20190425_140048"/>
         <property name="logFiles" value="C:\\Users\\KennyIC_chen.COMPAL\\git\\PSItest\\Reports\\1-2 Purchase Test Suite\\20190425_140048\\execution0.log"/>
         <property name="attachments" value=""/>
         <property name="hostName" value="KennyIC_Chen - KennyIC_Chen.compal.com"/>
         <property name="os" value="Windows 10 64bit"/>
         <property name="katalonVersion" value="5.10.1.1"/>
         <property name="browser" value="Chrome 73.0.3683.103"/>
         <property name="hostAddress" value="10.109.102.148"/>
         <property name="sessionId" value="773bcd2f23577f6d39f31e86f1c52272"/>
         <property name="seleniumVersion" value="3.7.1"/>
         <property name="proxyInformation" value="ProxyInformation{proxyOption=NO_PROXY, proxyServerType=HTTP, password=, proxyServerAddress=, proxyServerPort=0}"/>
         <property name="platform" value="Windows 10"/>
      </properties>
      <testcase name="Test Cases/Others/Login" classname="Test Cases/Others/Login" status="PASSED">
         <system-out><![CDATA[2019-04-25 14:01:00 - [TEST_CASE][PASSED] - Test Cases/Others/Login: Test Cases/Others/Login

2019-04-25 14:01:00 - [TEST_STEP][PASSED] - openBrowser(""): Browser is opened with url: ''

2019-04-25 14:01:01 - [MESSAGE][INFO] - Starting 'Chrome' driver

2019-04-25 14:01:01 - [MESSAGE][INFO] - Action delay is set to 0 seconds

2019-04-25 14:01:54 - [MESSAGE][PASSED] - Browser is opened with url: ''

2019-04-25 14:01:54 - [TEST_STEP][PASSED] - navigateToUrl("https://psi-azcldap.unicore.com.tw/login"): Navigate to 'https://psi-azcldap.unicore.com.tw/login' successfully

2019-04-25 14:01:59 - [MESSAGE][PASSED] - Navigate to 'https://psi-azcldap.unicore.com.tw/login' successfully

2019-04-25 14:01:59 - [TEST_STEP][PASSED] - maximizeWindow(): Current window maximized

2019-04-25 14:02:00 - [MESSAGE][PASSED] - Current window maximized

2019-04-25 14:02:00 - [TEST_STEP][PASSED] - setText(findTestObject("Others/Login/ID-QWE"), "QWE"): Text 'QWE' is set on object 'Object Repository/Others/Login/ID-QWE'

2019-04-25 14:02:01 - [MESSAGE][PASSED] - Text 'QWE' is set on object 'Object Repository/Others/Login/ID-QWE'

2019-04-25 14:02:01 - [TEST_STEP][PASSED] - setEncryptedText(findTestObject("Others/Login/PW-QWE"), "5opu+sh6ATw="): Text ****** has been set on object 'Object Repository/Others/Login/PW-QWE'

2019-04-25 14:02:02 - [MESSAGE][PASSED] - Text ****** has been set on object 'Object Repository/Others/Login/PW-QWE'

2019-04-25 14:02:02 - [TEST_STEP][PASSED] - click(findTestObject("Others/Login/Login Button")): Object: 'Object Repository/Others/Login/Login Button' is clicked on

2019-04-25 14:02:02 - [MESSAGE][PASSED] - Object: 'Object Repository/Others/Login/Login Button' is clicked on

2019-04-25 14:02:02 - [TEST_STEP][PASSED] - verifyElementClickable(findTestObject("Others/Login/Verify button")): Object 'Object Repository/Others/Login/Verify button' is clickable

2019-04-25 14:02:02 - [MESSAGE][PASSED] - Object 'Object Repository/Others/Login/Verify button' is clickable]]></system-out>
         <system-err><![CDATA[]]></system-err>
      </testcase>
      <testcase name="Test Cases/1-2 Purchase-Add" classname="Test Cases/1-2 Purchase-Add" status="PASSED">
         <system-out><![CDATA[2019-04-25 14:02:02 - [TEST_CASE][PASSED] - Test Cases/1-2 Purchase-Add: Test Cases/1-2 Purchase-Add

2019-04-25 14:02:02 - [TEST_STEP][PASSED] - click(findTestObject("1-2 Purchase/Purchase button")): Object: 'Object Repository/1-2 Purchase/Purchase button' is clicked on

2019-04-25 14:02:03 - [MESSAGE][PASSED] - Object: 'Object Repository/1-2 Purchase/Purchase button' is clicked on

2019-04-25 14:02:03 - [TEST_STEP][PASSED] - callTestCase(findTestCase("Others/Get Today"), [:], STOP_ON_FAILURE): Call Test Case 'Test Cases/Others/Get Today' successfully

2019-04-25 14:02:03 - [TEST_CASE][PASSED] - Test Cases/Others/Get Today: Test Cases/Others/Get Today

2019-04-25 14:02:03 - [MESSAGE][PASSED] - Call Test Case 'Test Cases/Others/Get Today' successfully

2019-04-25 14:02:03 - [TEST_STEP][PASSED] - click(findTestObject("1-2 Purchase/Add button")): Object: 'Object Repository/1-2 Purchase/Add button' is clicked on

2019-04-25 14:02:03 - [MESSAGE][PASSED] - Object: 'Object Repository/1-2 Purchase/Add button' is clicked on

2019-04-25 14:02:03 - [TEST_STEP][PASSED] - click(findTestObject("1-2 Purchase/Vendor button")): Object: 'Object Repository/1-2 Purchase/Vendor button' is clicked on

2019-04-25 14:02:03 - [MESSAGE][PASSED] - Object: 'Object Repository/1-2 Purchase/Vendor button' is clicked on

2019-04-25 14:02:03 - [TEST_STEP][PASSED] - click(findTestObject("1-2 Purchase/Vendor 2324")): Object: 'Object Repository/1-2 Purchase/Vendor 2324' is clicked on

2019-04-25 14:02:03 - [MESSAGE][PASSED] - Object: 'Object Repository/1-2 Purchase/Vendor 2324' is clicked on

2019-04-25 14:02:03 - [TEST_STEP][PASSED] - click(findTestObject("1-2 Purchase/Payment select")): Object: 'Object Repository/1-2 Purchase/Payment select' is clicked on

2019-04-25 14:02:04 - [MESSAGE][PASSED] - Object: 'Object Repository/1-2 Purchase/Payment select' is clicked on

2019-04-25 14:02:04 - [TEST_STEP][PASSED] - selectOptionByValue(findTestObject("1-2 Purchase/Payment Cash"), "0: 1", true): All options with value '0: 1' are selected in object 'Object Repository/1-2 Purchase/Payment Cash'  using regular expression

2019-04-25 14:02:04 - [MESSAGE][PASSED] - All options with value '0: 1' are selected in object 'Object Repository/1-2 Purchase/Payment Cash'  using regular expression

2019-04-25 14:02:04 - [TEST_STEP][PASSED] - click(findTestObject("1-2 Purchase/Payment date 1")): Object: 'Object Repository/1-2 Purchase/Payment date 1' is clicked on

2019-04-25 14:02:05 - [MESSAGE][PASSED] - Object: 'Object Repository/1-2 Purchase/Payment date 1' is clicked on

2019-04-25 14:02:05 - [TEST_STEP][PASSED] - click(findTestObject("1-2 Purchase/Payment date 1 next month_10", ["xxx":abc(1)])): null

2019-04-25 14:02:05 - [TEST_STEP][PASSED] - today = new java.util.Date(): null

2019-04-25 14:02:05 - [TEST_STEP][PASSED] - day1 = Date().plus(num): null

2019-04-25 14:02:05 - [TEST_STEP][PASSED] - if (today.format("dd") > day1.format("dd")): null

2019-04-25 14:02:05 - [TEST_STEP][PASSED] - else: Object: 'Object Repository/1-2 Purchase/Payment date 1 next month_10' is clicked on

2019-04-25 14:02:05 - [TEST_STEP][PASSED] - return num: Object: 'Object Repository/1-2 Purchase/Payment date 1 next month_10' is clicked on

2019-04-25 14:02:05 - [MESSAGE][PASSED] - Object: 'Object Repository/1-2 Purchase/Payment date 1 next month_10' is clicked on

2019-04-25 14:02:05 - [TEST_STEP][PASSED] - click(findTestObject("1-2 Purchase/Payment date 2")): Object: 'Object Repository/1-2 Purchase/Payment date 2' is clicked on

2019-04-25 14:02:05 - [MESSAGE][PASSED] - Object: 'Object Repository/1-2 Purchase/Payment date 2' is clicked on

2019-04-25 14:02:05 - [TEST_STEP][PASSED] - click(findTestObject("1-2 Purchase/Payment date 2 next month_15", ["xxx":abc(11)])): null

2019-04-25 14:02:05 - [TEST_STEP][PASSED] - today = new java.util.Date(): null

2019-04-25 14:02:05 - [TEST_STEP][PASSED] - day1 = Date().plus(num): null

2019-04-25 14:02:05 - [TEST_STEP][PASSED] - if (today.format("dd") > day1.format("dd")): Object: 'Object Repository/1-2 Purchase/Payment date 2 next month_15' is clicked on

2019-04-25 14:02:05 - [TEST_STEP][PASSED] - click(findTestObject("1-2 Purchase/Payment date 1 next month")): Object: 'Object Repository/1-2 Purchase/Payment date 1 next month' is clicked on

2019-04-25 14:02:05 - [MESSAGE][PASSED] - Object: 'Object Repository/1-2 Purchase/Payment date 1 next month' is clicked on

2019-04-25 14:02:05 - [TEST_STEP][PASSED] - return num: Object: 'Object Repository/1-2 Purchase/Payment date 2 next month_15' is clicked on

2019-04-25 14:02:05 - [MESSAGE][PASSED] - Object: 'Object Repository/1-2 Purchase/Payment date 2 next month_15' is clicked on

2019-04-25 14:02:05 - [TEST_STEP][PASSED] - click(findTestObject("1-2 Purchase/Payment date 3")): Object: 'Object Repository/1-2 Purchase/Payment date 3' is clicked on

2019-04-25 14:02:06 - [MESSAGE][PASSED] - Object: 'Object Repository/1-2 Purchase/Payment date 3' is clicked on

2019-04-25 14:02:06 - [TEST_STEP][PASSED] - click(findTestObject("1-2 Purchase/Payment date 3 next month_20", ["xxx":abc(21)])): null

2019-04-25 14:02:06 - [TEST_STEP][PASSED] - today = new java.util.Date(): null

2019-04-25 14:02:06 - [TEST_STEP][PASSED] - day1 = Date().plus(num): null

2019-04-25 14:02:06 - [TEST_STEP][PASSED] - if (today.format("dd") > day1.format("dd")): Object: 'Object Repository/1-2 Purchase/Payment date 3 next month_20' is clicked on

2019-04-25 14:02:06 - [TEST_STEP][PASSED] - click(findTestObject("1-2 Purchase/Payment date 1 next month")): Object: 'Object Repository/1-2 Purchase/Payment date 1 next month' is clicked on

2019-04-25 14:02:06 - [MESSAGE][PASSED] - Object: 'Object Repository/1-2 Purchase/Payment date 1 next month' is clicked on

2019-04-25 14:02:06 - [TEST_STEP][PASSED] - return num: Object: 'Object Repository/1-2 Purchase/Payment date 3 next month_20' is clicked on

2019-04-25 14:02:06 - [MESSAGE][PASSED] - Object: 'Object Repository/1-2 Purchase/Payment date 3 next month_20' is clicked on

2019-04-25 14:02:06 - [TEST_STEP][PASSED] - click(findTestObject("1-2 Purchase/Invoice select")): Object: 'Object Repository/1-2 Purchase/Invoice select' is clicked on

2019-04-25 14:02:06 - [MESSAGE][PASSED] - Object: 'Object Repository/1-2 Purchase/Invoice select' is clicked on

2019-04-25 14:02:06 - [TEST_STEP][PASSED] - selectOptionByValue(findTestObject("1-2 Purchase/Invoice 1"), "3: 4", true): All options with value '3: 4' are selected in object 'Object Repository/1-2 Purchase/Invoice 1'  using regular expression

2019-04-25 14:02:06 - [MESSAGE][PASSED] - All options with value '3: 4' are selected in object 'Object Repository/1-2 Purchase/Invoice 1'  using regular expression

2019-04-25 14:02:06 - [TEST_STEP][PASSED] - click(findTestObject("1-2 Purchase/Employee button")): Object: 'Object Repository/1-2 Purchase/Employee button' is clicked on

2019-04-25 14:02:06 - [MESSAGE][PASSED] - Object: 'Object Repository/1-2 Purchase/Employee button' is clicked on

2019-04-25 14:02:06 - [TEST_STEP][PASSED] - click(findTestObject("1-2 Purchase/Emplyee Larry")): Object: 'Object Repository/1-2 Purchase/Emplyee Larry' is clicked on

2019-04-25 14:02:07 - [MESSAGE][PASSED] - Object: 'Object Repository/1-2 Purchase/Emplyee Larry' is clicked on

2019-04-25 14:02:07 - [TEST_STEP][PASSED] - setText(findTestObject("1-2 Purchase/Note"), time()): null

2019-04-25 14:02:07 - [TEST_STEP][PASSED] - date = new java.util.Date(): null

2019-04-25 14:02:07 - [TEST_STEP][PASSED] - sdf = new java.text.SimpleDateFormat(yyyy-MM-dd HH:mm): null

2019-04-25 14:02:07 - [TEST_STEP][PASSED] - return (internal.GlobalVariable.Note + sdf.format(date)): Text 'Testing2019-04-25 14:02' is set on object 'Object Repository/1-2 Purchase/Note'

2019-04-25 14:02:07 - [MESSAGE][PASSED] - Text 'Testing2019-04-25 14:02' is set on object 'Object Repository/1-2 Purchase/Note'

2019-04-25 14:02:07 - [TEST_STEP][PASSED] - setText(findTestObject("1-2 Purchase/Invoice number"), Invoice_number): Text 'AB-12345678' is set on object 'Object Repository/1-2 Purchase/Invoice number'

2019-04-25 14:02:08 - [MESSAGE][PASSED] - Text 'AB-12345678' is set on object 'Object Repository/1-2 Purchase/Invoice number'

2019-04-25 14:02:08 - [TEST_STEP][PASSED] - click(findTestObject("1-2 Purchase/Add item button")): Object: 'Object Repository/1-2 Purchase/Add item button' is clicked on

2019-04-25 14:02:08 - [MESSAGE][PASSED] - Object: 'Object Repository/1-2 Purchase/Add item button' is clicked on

2019-04-25 14:02:08 - [TEST_STEP][PASSED] - click(findTestObject("1-2 Purchase/Item IPAD")): Object: 'Object Repository/1-2 Purchase/Item IPAD' is clicked on

2019-04-25 14:02:09 - [MESSAGE][PASSED] - Object: 'Object Repository/1-2 Purchase/Item IPAD' is clicked on

2019-04-25 14:02:09 - [TEST_STEP][PASSED] - click(findTestObject("1-2 Purchase/Unit button")): Object: 'Object Repository/1-2 Purchase/Unit button' is clicked on

2019-04-25 14:02:09 - [MESSAGE][PASSED] - Object: 'Object Repository/1-2 Purchase/Unit button' is clicked on

2019-04-25 14:02:09 - [TEST_STEP][PASSED] - click(findTestObject("1-2 Purchase/Unit Change")): Object: 'Object Repository/1-2 Purchase/Unit Change' is clicked on

2019-04-25 14:02:09 - [MESSAGE][PASSED] - Object: 'Object Repository/1-2 Purchase/Unit Change' is clicked on

2019-04-25 14:02:09 - [TEST_STEP][PASSED] - setText(findTestObject("1-2 Purchase/Qty"), "10"): Text '10' is set on object 'Object Repository/1-2 Purchase/Qty'

2019-04-25 14:02:09 - [MESSAGE][PASSED] - Text '10' is set on object 'Object Repository/1-2 Purchase/Qty'

2019-04-25 14:02:09 - [TEST_STEP][PASSED] - setText(findTestObject("1-2 Purchase/Price"), "200"): Text '200' is set on object 'Object Repository/1-2 Purchase/Price'

2019-04-25 14:02:10 - [MESSAGE][PASSED] - Text '200' is set on object 'Object Repository/1-2 Purchase/Price'

2019-04-25 14:02:10 - [TEST_STEP][PASSED] - setText(findTestObject("1-2 Purchase/Total price"), "2000"): Text '2000' is set on object 'Object Repository/1-2 Purchase/Total price'

2019-04-25 14:02:10 - [MESSAGE][PASSED] - Text '2000' is set on object 'Object Repository/1-2 Purchase/Total price'

2019-04-25 14:02:10 - [TEST_STEP][PASSED] - click(findTestObject("1-2 Purchase/Warehouse button")): Object: 'Object Repository/1-2 Purchase/Warehouse button' is clicked on

2019-04-25 14:02:10 - [MESSAGE][PASSED] - Object: 'Object Repository/1-2 Purchase/Warehouse button' is clicked on

2019-04-25 14:02:10 - [TEST_STEP][PASSED] - click(findTestObject("1-2 Purchase/Warehouse 111")): Object: 'Object Repository/1-2 Purchase/Warehouse 111' is clicked on

2019-04-25 14:02:10 - [MESSAGE][PASSED] - Object: 'Object Repository/1-2 Purchase/Warehouse 111' is clicked on

2019-04-25 14:02:10 - [TEST_STEP][PASSED] - click(findTestObject("1-2 Purchase/Save")): Object: 'Object Repository/1-2 Purchase/Save' is clicked on

2019-04-25 14:02:11 - [MESSAGE][PASSED] - Object: 'Object Repository/1-2 Purchase/Save' is clicked on]]></system-out>
         <system-err><![CDATA[]]></system-err>
      </testcase>
      <testcase name="Test Cases/Others/Accept and verify" classname="Test Cases/Others/Accept and verify" status="PASSED">
         <system-out><![CDATA[2019-04-25 14:02:11 - [TEST_CASE][PASSED] - Test Cases/Others/Accept and verify: Test Cases/Others/Accept and verify

2019-04-25 14:02:11 - [TEST_STEP][PASSED] - waitForAlert(5): Alert is present after 5 second(s).

2019-04-25 14:02:11 - [MESSAGE][PASSED] - Alert is present after 5 second(s).

2019-04-25 14:02:11 - [TEST_STEP][PASSED] - acceptAlert(): Alert accepted

2019-04-25 14:02:11 - [MESSAGE][PASSED] - Alert accepted

2019-04-25 14:02:11 - [TEST_STEP][PASSED] - verifyElementClickable(findTestObject("Others/Accept and verify/Verify button")): Object 'Object Repository/Others/Accept and verify/Verify button' is clickable

2019-04-25 14:02:11 - [MESSAGE][PASSED] - Object 'Object Repository/Others/Accept and verify/Verify button' is clickable]]></system-out>
         <system-err><![CDATA[]]></system-err>
      </testcase>
      <system-out><![CDATA[2019-04-25 14:00:59 - [TEST_SUITE][PASSED] - 1-2 Purchase Test Suite: Test Cases/Others/Accept and verify]]></system-out>
      <system-err><![CDATA[]]></system-err>
   </testsuite>
</testsuites>
