<?xml version="1.0" encoding="UTF-8"?>
<testsuites name="3-4 Transfer Test suite" time="36" tests="6" failures="0" errors="0">
   <testsuite name="3-4 Transfer Test suite" tests="6" failures="0" errors="0" time="36" timestamp="2019-07-03 11:52:20" hostname="KennyIC_Chen - Larry_Chen.compal.com" id="Test Suites/3-4 Transfer Test suite">
      <properties>
         <property name="deviceName" value=""/>
         <property name="devicePlatform" value=""/>
         <property name="logFolder" value="D:\\Kenny\\D\\Katalon Studio\\PSI\\PSItest\\Reports\\3-4 Transfer Test suite\\20190703_115214"/>
         <property name="logFiles" value="D:\\Kenny\\D\\Katalon Studio\\PSI\\PSItest\\Reports\\3-4 Transfer Test suite\\20190703_115214\\execution0.log"/>
         <property name="attachments" value="D:\\Kenny\\D\\Katalon Studio\\PSI\\PSItest\\Reports\\3-4 Transfer Test suite\\20190703_115214\\1562125963756.png, D:\\Kenny\\D\\Katalon Studio\\PSI\\PSItest\\Reports\\3-4 Transfer Test suite\\20190703_115214\\1562125968584.png, D:\\Kenny\\D\\Katalon Studio\\PSI\\PSItest\\Reports\\3-4 Transfer Test suite\\20190703_115214\\1562125971690.png, D:\\Kenny\\D\\Katalon Studio\\PSI\\PSItest\\Reports\\3-4 Transfer Test suite\\20190703_115214\\1562125974746.png"/>
         <property name="hostName" value="KennyIC_Chen - Larry_Chen.compal.com"/>
         <property name="os" value="Windows 10 64bit"/>
         <property name="katalonVersion" value="5.10.1.1"/>
         <property name="browser" value="Chrome 74.0.3729.169"/>
         <property name="hostAddress" value="10.109.102.145"/>
         <property name="sessionId" value="759fa6f775f32b9fea63907eb9d42994"/>
         <property name="seleniumVersion" value="3.7.1"/>
         <property name="proxyInformation" value="ProxyInformation{proxyOption=NO_PROXY, proxyServerType=HTTP, password=, proxyServerAddress=, proxyServerPort=0}"/>
         <property name="platform" value="Windows 10"/>
      </properties>
      <testcase name="Test Cases/Others/Login" classname="Test Cases/Others/Login" status="PASSED">
         <system-out><![CDATA[2019-07-03 11:52:21 - [TEST_CASE][PASSED] - Test Cases/Others/Login: Test Cases/Others/Login

2019-07-03 11:52:21 - [TEST_STEP][PASSED] - openBrowser(""): Browser is opened with url: ''

2019-07-03 11:52:22 - [MESSAGE][INFO] - Starting 'Chrome' driver

2019-07-03 11:52:22 - [MESSAGE][INFO] - Action delay is set to 0 seconds

2019-07-03 11:52:28 - [MESSAGE][PASSED] - Browser is opened with url: ''

2019-07-03 11:52:28 - [TEST_STEP][PASSED] - navigateToUrl("https://psi-azcldap.unicore.com.tw/login"): Navigate to 'https://psi-azcldap.unicore.com.tw/login' successfully

2019-07-03 11:52:33 - [MESSAGE][PASSED] - Navigate to 'https://psi-azcldap.unicore.com.tw/login' successfully

2019-07-03 11:52:33 - [TEST_STEP][PASSED] - maximizeWindow(): Current window maximized

2019-07-03 11:52:34 - [MESSAGE][PASSED] - Current window maximized

2019-07-03 11:52:34 - [TEST_STEP][PASSED] - setText(findTestObject("Others/Login/ID-QWE"), "QWE"): Text 'QWE' is set on object 'Object Repository/Others/Login/ID-QWE'

2019-07-03 11:52:34 - [MESSAGE][PASSED] - Text 'QWE' is set on object 'Object Repository/Others/Login/ID-QWE'

2019-07-03 11:52:34 - [TEST_STEP][PASSED] - setEncryptedText(findTestObject("Others/Login/PW-QWE"), "5opu+sh6ATw="): Text ****** has been set on object 'Object Repository/Others/Login/PW-QWE'

2019-07-03 11:52:35 - [MESSAGE][PASSED] - Text ****** has been set on object 'Object Repository/Others/Login/PW-QWE'

2019-07-03 11:52:35 - [TEST_STEP][PASSED] - click(findTestObject("Others/Login/Login Button")): Object: 'Object Repository/Others/Login/Login Button' is clicked on

2019-07-03 11:52:35 - [MESSAGE][PASSED] - Object: 'Object Repository/Others/Login/Login Button' is clicked on

2019-07-03 11:52:35 - [TEST_STEP][PASSED] - verifyElementClickable(findTestObject("Others/Login/Verify button")): Object 'Object Repository/Others/Login/Verify button' is clickable

2019-07-03 11:52:36 - [MESSAGE][PASSED] - Object 'Object Repository/Others/Login/Verify button' is clickable]]></system-out>
         <system-err><![CDATA[]]></system-err>
      </testcase>
      <testcase name="Test Cases/3 Stock/3-4 Transfer/3-4 Transfer-Add" classname="Test Cases/3 Stock/3-4 Transfer/3-4 Transfer-Add" status="PASSED">
         <system-out><![CDATA[2019-07-03 11:52:36 - [TEST_CASE][PASSED] - Test Cases/3 Stock/3-4 Transfer/3-4 Transfer-Add: Test Cases/3 Stock/3-4 Transfer/3-4 Transfer-Add

2019-07-03 11:52:36 - [TEST_STEP][PASSED] - click(findTestObject("3 Stock/3-4 Transfer/Add/Transfer button")): Object: 'Object Repository/3 Stock/3-4 Transfer/Add/Transfer button' is clicked on

2019-07-03 11:52:37 - [MESSAGE][PASSED] - Object: 'Object Repository/3 Stock/3-4 Transfer/Add/Transfer button' is clicked on

2019-07-03 11:52:37 - [TEST_STEP][PASSED] - click(findTestObject("3 Stock/3-4 Transfer/Add/Transfer note add")): Object: 'Object Repository/3 Stock/3-4 Transfer/Add/Transfer note add' is clicked on

2019-07-03 11:52:37 - [MESSAGE][PASSED] - Object: 'Object Repository/3 Stock/3-4 Transfer/Add/Transfer note add' is clicked on

2019-07-03 11:52:37 - [TEST_STEP][PASSED] - click(findTestObject("3 Stock/3-4 Transfer/Add/Transfer employee button")): Object: 'Object Repository/3 Stock/3-4 Transfer/Add/Transfer employee button' is clicked on

2019-07-03 11:52:38 - [MESSAGE][PASSED] - Object: 'Object Repository/3 Stock/3-4 Transfer/Add/Transfer employee button' is clicked on

2019-07-03 11:52:38 - [TEST_STEP][PASSED] - click(findTestObject("3 Stock/3-4 Transfer/Add/Transfer employee")): Object: 'Object Repository/3 Stock/3-4 Transfer/Add/Transfer employee' is clicked on

2019-07-03 11:52:38 - [MESSAGE][PASSED] - Object: 'Object Repository/3 Stock/3-4 Transfer/Add/Transfer employee' is clicked on

2019-07-03 11:52:38 - [TEST_STEP][PASSED] - setText(findTestObject("3 Stock/3-4 Transfer/Add/Transfer note"), time()): null

2019-07-03 11:52:38 - [TEST_STEP][PASSED] - date = new java.util.Date(): null

2019-07-03 11:52:38 - [TEST_STEP][PASSED] - sdf = new java.text.SimpleDateFormat(yyyyMMddHHmm): null

2019-07-03 11:52:38 - [TEST_STEP][PASSED] - Time = Note + sdf.format(date): null

2019-07-03 11:52:38 - [TEST_STEP][PASSED] - return (internal.GlobalVariable.Note + sdf.format(date)): Text 'Testing201907031152' is set on object 'Object Repository/3 Stock/3-4 Transfer/Add/Transfer note'

2019-07-03 11:52:39 - [MESSAGE][PASSED] - Text 'Testing201907031152' is set on object 'Object Repository/3 Stock/3-4 Transfer/Add/Transfer note'

2019-07-03 11:52:39 - [TEST_STEP][PASSED] - click(findTestObject("3 Stock/3-4 Transfer/Add/Transfer item add")): Object: 'Object Repository/3 Stock/3-4 Transfer/Add/Transfer item add' is clicked on

2019-07-03 11:52:40 - [MESSAGE][PASSED] - Object: 'Object Repository/3 Stock/3-4 Transfer/Add/Transfer item add' is clicked on

2019-07-03 11:52:40 - [TEST_STEP][PASSED] - click(findTestObject("3 Stock/3-4 Transfer/Add/Transfer item add select")): Object: 'Object Repository/3 Stock/3-4 Transfer/Add/Transfer item add select' is clicked on

2019-07-03 11:52:40 - [MESSAGE][PASSED] - Object: 'Object Repository/3 Stock/3-4 Transfer/Add/Transfer item add select' is clicked on

2019-07-03 11:52:40 - [TEST_STEP][PASSED] - click(findTestObject("3 Stock/3-4 Transfer/Add/Item unit select button")): Object: 'Object Repository/3 Stock/3-4 Transfer/Add/Item unit select button' is clicked on

2019-07-03 11:52:41 - [MESSAGE][PASSED] - Object: 'Object Repository/3 Stock/3-4 Transfer/Add/Item unit select button' is clicked on

2019-07-03 11:52:41 - [TEST_STEP][PASSED] - click(findTestObject("3 Stock/3-4 Transfer/Add/Item unit select")): Object: 'Object Repository/3 Stock/3-4 Transfer/Add/Item unit select' is clicked on

2019-07-03 11:52:41 - [MESSAGE][PASSED] - Object: 'Object Repository/3 Stock/3-4 Transfer/Add/Item unit select' is clicked on

2019-07-03 11:52:41 - [TEST_STEP][PASSED] - click(findTestObject("3 Stock/3-4 Transfer/Add/Item warehouse 1 button")): Object: 'Object Repository/3 Stock/3-4 Transfer/Add/Item warehouse 1 button' is clicked on

2019-07-03 11:52:42 - [MESSAGE][PASSED] - Object: 'Object Repository/3 Stock/3-4 Transfer/Add/Item warehouse 1 button' is clicked on

2019-07-03 11:52:42 - [TEST_STEP][PASSED] - click(findTestObject("3 Stock/3-4 Transfer/Add/Item warehouse 1 select")): Object: 'Object Repository/3 Stock/3-4 Transfer/Add/Item warehouse 1 select' is clicked on

2019-07-03 11:52:42 - [MESSAGE][PASSED] - Object: 'Object Repository/3 Stock/3-4 Transfer/Add/Item warehouse 1 select' is clicked on

2019-07-03 11:52:42 - [TEST_STEP][PASSED] - click(findTestObject("3 Stock/3-4 Transfer/Add/Item warehouse 2 button")): Object: 'Object Repository/3 Stock/3-4 Transfer/Add/Item warehouse 2 button' is clicked on

2019-07-03 11:52:42 - [MESSAGE][PASSED] - Object: 'Object Repository/3 Stock/3-4 Transfer/Add/Item warehouse 2 button' is clicked on

2019-07-03 11:52:42 - [TEST_STEP][PASSED] - click(findTestObject("3 Stock/3-4 Transfer/Add/Item warehouse 2 select")): Object: 'Object Repository/3 Stock/3-4 Transfer/Add/Item warehouse 2 select' is clicked on

2019-07-03 11:52:43 - [MESSAGE][PASSED] - Object: 'Object Repository/3 Stock/3-4 Transfer/Add/Item warehouse 2 select' is clicked on

2019-07-03 11:52:43 - [TEST_STEP][PASSED] - setText(findTestObject("3 Stock/3-4 Transfer/Add/Item QTY"), "1"): Text '1' is set on object 'Object Repository/3 Stock/3-4 Transfer/Add/Item QTY'

2019-07-03 11:52:43 - [MESSAGE][PASSED] - Text '1' is set on object 'Object Repository/3 Stock/3-4 Transfer/Add/Item QTY'

2019-07-03 11:52:43 - [TEST_STEP][NOT_RUN] - setText(findTestObject("3 Stock/3-4 Transfer/Add/Item Batch number"), "88888888"): NOT_RUN: setText(findTestObject("3 Stock/3-4 Transfer/Add/Item Batch number"), "88888888")

2019-07-03 11:52:43 - [MESSAGE][NOT_RUN] - NOT_RUN: setText(findTestObject("3 Stock/3-4 Transfer/Add/Item Batch number"), "88888888")

2019-07-03 11:52:43 - [TEST_STEP][PASSED] - takeScreenshot(): Taking screenshot successfully

2019-07-03 11:52:44 - [MESSAGE][PASSED] - Taking screenshot successfully
[[ATTACHMENT|D:\\Kenny\\D\\Katalon Studio\\PSI\\PSItest\\Reports\\3-4 Transfer Test suite\\20190703_115214\\1562125963756.png]]

2019-07-03 11:52:44 - [TEST_STEP][PASSED] - click(findTestObject("3 Stock/3-4 Transfer/Add/Save button")): Object: 'Object Repository/3 Stock/3-4 Transfer/Add/Save button' is clicked on

2019-07-03 11:52:44 - [MESSAGE][PASSED] - Object: 'Object Repository/3 Stock/3-4 Transfer/Add/Save button' is clicked on]]></system-out>
         <system-err><![CDATA[]]></system-err>
      </testcase>
      <testcase name="Test Cases/Others/Accept and verify" classname="Test Cases/Others/Accept and verify" status="PASSED">
         <system-out><![CDATA[2019-07-03 11:52:44 - [TEST_CASE][PASSED] - Test Cases/Others/Accept and verify: Test Cases/Others/Accept and verify

2019-07-03 11:52:44 - [TEST_STEP][PASSED] - delay(1): Delayed 1 second(s)

2019-07-03 11:52:45 - [MESSAGE][PASSED] - Delayed 1 second(s)

2019-07-03 11:52:45 - [TEST_STEP][PASSED] - waitForAlert(5): Alert is present after 5 second(s).

2019-07-03 11:52:45 - [MESSAGE][PASSED] - Alert is present after 5 second(s).

2019-07-03 11:52:45 - [TEST_STEP][PASSED] - acceptAlert(): Alert accepted

2019-07-03 11:52:45 - [MESSAGE][PASSED] - Alert accepted

2019-07-03 11:52:45 - [TEST_STEP][PASSED] - verifyElementClickable(findTestObject("Others/Accept and verify/Verify button")): Object 'Object Repository/Others/Accept and verify/Verify button' is clickable

2019-07-03 11:52:45 - [MESSAGE][PASSED] - Object 'Object Repository/Others/Accept and verify/Verify button' is clickable]]></system-out>
         <system-err><![CDATA[]]></system-err>
      </testcase>
      <testcase name="Test Cases/3 Stock/3-4 Transfer/3-4 Transfer-Edit" classname="Test Cases/3 Stock/3-4 Transfer/3-4 Transfer-Edit" status="PASSED">
         <system-out><![CDATA[2019-07-03 11:52:45 - [TEST_CASE][PASSED] - Test Cases/3 Stock/3-4 Transfer/3-4 Transfer-Edit: Test Cases/3 Stock/3-4 Transfer/3-4 Transfer-Edit

2019-07-03 11:52:46 - [TEST_STEP][PASSED] - delay(1): Delayed 1 second(s)

2019-07-03 11:52:47 - [MESSAGE][PASSED] - Delayed 1 second(s)

2019-07-03 11:52:47 - [TEST_STEP][PASSED] - click(findTestObject("3 Stock/3-4 Transfer/Edit/Sort by number")): Object: 'Object Repository/3 Stock/3-4 Transfer/Edit/Sort by number' is clicked on

2019-07-03 11:52:47 - [MESSAGE][PASSED] - Object: 'Object Repository/3 Stock/3-4 Transfer/Edit/Sort by number' is clicked on

2019-07-03 11:52:47 - [TEST_STEP][PASSED] - click(findTestObject("3 Stock/3-4 Transfer/Edit/Sort by number")): Object: 'Object Repository/3 Stock/3-4 Transfer/Edit/Sort by number' is clicked on

2019-07-03 11:52:47 - [MESSAGE][PASSED] - Object: 'Object Repository/3 Stock/3-4 Transfer/Edit/Sort by number' is clicked on

2019-07-03 11:52:47 - [TEST_STEP][PASSED] - XXX = Time: null

2019-07-03 11:52:47 - [TEST_STEP][PASSED] - click(findTestObject("3 Stock/3-4 Transfer/Edit/Select by note", ["xxx":XXX])): Object: 'Object Repository/3 Stock/3-4 Transfer/Edit/Select by note' is clicked on

2019-07-03 11:52:47 - [MESSAGE][PASSED] - Object: 'Object Repository/3 Stock/3-4 Transfer/Edit/Select by note' is clicked on

2019-07-03 11:52:47 - [TEST_STEP][PASSED] - click(findTestObject("3 Stock/3-4 Transfer/Edit/Edit button")): Object: 'Object Repository/3 Stock/3-4 Transfer/Edit/Edit button' is clicked on

2019-07-03 11:52:47 - [MESSAGE][PASSED] - Object: 'Object Repository/3 Stock/3-4 Transfer/Edit/Edit button' is clicked on

2019-07-03 11:52:47 - [TEST_STEP][PASSED] - qqq = <not implemented yet for class: org.codehaus.groovy.ast.expr.EmptyExpression>: null

2019-07-03 11:52:47 - [TEST_STEP][PASSED] - qqq = getAttribute(findTestObject("3 Stock/3-4 Transfer/Edit/number"), "value"): Attribute 'value' of object 'Object Repository/3 Stock/3-4 Transfer/Edit/number' is: '1'

2019-07-03 11:52:48 - [MESSAGE][PASSED] - Attribute 'value' of object 'Object Repository/3 Stock/3-4 Transfer/Edit/number' is: '1'

2019-07-03 11:52:48 - [TEST_STEP][PASSED] - qqq = qqq.replaceAll(",", ""): null

2019-07-03 11:52:48 - [TEST_STEP][PASSED] - kkk = qqq.toInteger(): null

2019-07-03 11:52:48 - [TEST_STEP][PASSED] - kkk = kkk + 10: null

2019-07-03 11:52:48 - [TEST_STEP][PASSED] - sendKeys(findTestObject("3 Stock/3-4 Transfer/Edit/number"), Keys.chord(CONTROL, "a")): Keys 'CONTROL + a' sent to object: 'Object Repository/3 Stock/3-4 Transfer/Edit/number'

2019-07-03 11:52:48 - [MESSAGE][PASSED] - Keys 'CONTROL + a' sent to object: 'Object Repository/3 Stock/3-4 Transfer/Edit/number'

2019-07-03 11:52:48 - [TEST_STEP][PASSED] - sendKeys(findTestObject("3 Stock/3-4 Transfer/Edit/number"), Keys.chord(DELETE)): Keys 'DELETE + ' sent to object: 'Object Repository/3 Stock/3-4 Transfer/Edit/number'

2019-07-03 11:52:48 - [MESSAGE][PASSED] - Keys 'DELETE + ' sent to object: 'Object Repository/3 Stock/3-4 Transfer/Edit/number'

2019-07-03 11:52:48 - [TEST_STEP][PASSED] - setText(findTestObject("3 Stock/3-4 Transfer/Edit/number"), kkk.toString()): Text '11' is set on object 'Object Repository/3 Stock/3-4 Transfer/Edit/number'

2019-07-03 11:52:48 - [MESSAGE][PASSED] - Text '11' is set on object 'Object Repository/3 Stock/3-4 Transfer/Edit/number'

2019-07-03 11:52:48 - [TEST_STEP][PASSED] - takeScreenshot(): Taking screenshot successfully

2019-07-03 11:52:49 - [MESSAGE][PASSED] - Taking screenshot successfully
[[ATTACHMENT|D:\\Kenny\\D\\Katalon Studio\\PSI\\PSItest\\Reports\\3-4 Transfer Test suite\\20190703_115214\\1562125968584.png]]

2019-07-03 11:52:49 - [TEST_STEP][PASSED] - click(findTestObject("3 Stock/3-4 Transfer/Edit/Save button")): Object: 'Object Repository/3 Stock/3-4 Transfer/Edit/Save button' is clicked on

2019-07-03 11:52:49 - [MESSAGE][PASSED] - Object: 'Object Repository/3 Stock/3-4 Transfer/Edit/Save button' is clicked on]]></system-out>
         <system-err><![CDATA[]]></system-err>
      </testcase>
      <testcase name="Test Cases/Others/Accept and verify" classname="Test Cases/Others/Accept and verify" status="PASSED">
         <system-out><![CDATA[2019-07-03 11:52:49 - [TEST_CASE][PASSED] - Test Cases/Others/Accept and verify: Test Cases/Others/Accept and verify

2019-07-03 11:52:49 - [TEST_STEP][PASSED] - delay(1): Delayed 1 second(s)

2019-07-03 11:52:50 - [MESSAGE][PASSED] - Delayed 1 second(s)

2019-07-03 11:52:50 - [TEST_STEP][PASSED] - waitForAlert(5): Alert is present after 5 second(s).

2019-07-03 11:52:50 - [MESSAGE][PASSED] - Alert is present after 5 second(s).

2019-07-03 11:52:50 - [TEST_STEP][PASSED] - acceptAlert(): Alert accepted

2019-07-03 11:52:50 - [MESSAGE][PASSED] - Alert accepted

2019-07-03 11:52:50 - [TEST_STEP][PASSED] - verifyElementClickable(findTestObject("Others/Accept and verify/Verify button")): Object 'Object Repository/Others/Accept and verify/Verify button' is clickable

2019-07-03 11:52:50 - [MESSAGE][PASSED] - Object 'Object Repository/Others/Accept and verify/Verify button' is clickable]]></system-out>
         <system-err><![CDATA[]]></system-err>
      </testcase>
      <testcase name="Test Cases/3 Stock/3-4 Transfer/3-4 Transfer-Delete" classname="Test Cases/3 Stock/3-4 Transfer/3-4 Transfer-Delete" status="PASSED">
         <system-out><![CDATA[2019-07-03 11:52:50 - [TEST_CASE][PASSED] - Test Cases/3 Stock/3-4 Transfer/3-4 Transfer-Delete: Test Cases/3 Stock/3-4 Transfer/3-4 Transfer-Delete

2019-07-03 11:52:51 - [TEST_STEP][PASSED] - click(findTestObject("3 Stock/3-4 Transfer/Delete/Sort by transfer no")): Object: 'Object Repository/3 Stock/3-4 Transfer/Delete/Sort by transfer no' is clicked on

2019-07-03 11:52:51 - [MESSAGE][PASSED] - Object: 'Object Repository/3 Stock/3-4 Transfer/Delete/Sort by transfer no' is clicked on

2019-07-03 11:52:51 - [TEST_STEP][PASSED] - click(findTestObject("3 Stock/3-4 Transfer/Delete/Sort by transfer no")): Object: 'Object Repository/3 Stock/3-4 Transfer/Delete/Sort by transfer no' is clicked on

2019-07-03 11:52:51 - [MESSAGE][PASSED] - Object: 'Object Repository/3 Stock/3-4 Transfer/Delete/Sort by transfer no' is clicked on

2019-07-03 11:52:51 - [TEST_STEP][PASSED] - XXX = Time: null

2019-07-03 11:52:51 - [TEST_STEP][PASSED] - click(findTestObject("3 Stock/3-4 Transfer/Delete/Select transfer by note")): Object: 'Object Repository/3 Stock/3-4 Transfer/Delete/Select transfer by note' is clicked on

2019-07-03 11:52:51 - [MESSAGE][PASSED] - Object: 'Object Repository/3 Stock/3-4 Transfer/Delete/Select transfer by note' is clicked on

2019-07-03 11:52:51 - [TEST_STEP][PASSED] - click(findTestObject("3 Stock/3-4 Transfer/Delete/Transfer delete button")): Object: 'Object Repository/3 Stock/3-4 Transfer/Delete/Transfer delete button' is clicked on

2019-07-03 11:52:51 - [MESSAGE][PASSED] - Object: 'Object Repository/3 Stock/3-4 Transfer/Delete/Transfer delete button' is clicked on

2019-07-03 11:52:51 - [TEST_STEP][PASSED] - takeScreenshot(): Taking screenshot successfully

2019-07-03 11:52:52 - [MESSAGE][PASSED] - Taking screenshot successfully
[[ATTACHMENT|D:\\Kenny\\D\\Katalon Studio\\PSI\\PSItest\\Reports\\3-4 Transfer Test suite\\20190703_115214\\1562125971690.png]]

2019-07-03 11:52:52 - [TEST_STEP][PASSED] - click(findTestObject("3 Stock/3-4 Transfer/Delete/Ok button")): Object: 'Object Repository/3 Stock/3-4 Transfer/Delete/Ok button' is clicked on

2019-07-03 11:52:52 - [MESSAGE][PASSED] - Object: 'Object Repository/3 Stock/3-4 Transfer/Delete/Ok button' is clicked on

2019-07-03 11:52:52 - [TEST_STEP][PASSED] - delay(2): Delayed 2 second(s)

2019-07-03 11:52:54 - [MESSAGE][PASSED] - Delayed 2 second(s)

2019-07-03 11:52:54 - [TEST_STEP][PASSED] - click(findTestObject("3 Stock/3-4 Transfer/Delete/Sort by transfer no")): Object: 'Object Repository/3 Stock/3-4 Transfer/Delete/Sort by transfer no' is clicked on

2019-07-03 11:52:54 - [MESSAGE][PASSED] - Object: 'Object Repository/3 Stock/3-4 Transfer/Delete/Sort by transfer no' is clicked on

2019-07-03 11:52:54 - [TEST_STEP][PASSED] - click(findTestObject("3 Stock/3-4 Transfer/Delete/Sort by transfer no")): Object: 'Object Repository/3 Stock/3-4 Transfer/Delete/Sort by transfer no' is clicked on

2019-07-03 11:52:54 - [MESSAGE][PASSED] - Object: 'Object Repository/3 Stock/3-4 Transfer/Delete/Sort by transfer no' is clicked on

2019-07-03 11:52:54 - [TEST_STEP][PASSED] - takeScreenshot(): Taking screenshot successfully

2019-07-03 11:52:55 - [MESSAGE][PASSED] - Taking screenshot successfully
[[ATTACHMENT|D:\\Kenny\\D\\Katalon Studio\\PSI\\PSItest\\Reports\\3-4 Transfer Test suite\\20190703_115214\\1562125974746.png]]

2019-07-03 11:52:55 - [TEST_STEP][PASSED] - ZZZ = getText(findTestObject("3 Stock/3-4 Transfer/Delete/Select transfer by note")): Text of object 'Object Repository/3 Stock/3-4 Transfer/Delete/Select transfer by note' is: 'Testing201907031151'

2019-07-03 11:52:55 - [MESSAGE][PASSED] - Text of object 'Object Repository/3 Stock/3-4 Transfer/Delete/Select transfer by note' is: 'Testing201907031151'

2019-07-03 11:52:55 - [TEST_STEP][PASSED] - verifyNotMatch(XXX, ZZZ, true): Actual text 'Testing201907031152' and expected text 'Testing201907031151' are not matched  using regular expression

2019-07-03 11:52:55 - [MESSAGE][PASSED] - Actual text 'Testing201907031152' and expected text 'Testing201907031151' are not matched  using regular expression]]></system-out>
         <system-err><![CDATA[]]></system-err>
      </testcase>
      <system-out><![CDATA[2019-07-03 11:52:20 - [TEST_SUITE][PASSED] - 3-4 Transfer Test suite: Test Cases/3 Stock/3-4 Transfer/3-4 Transfer-Delete]]></system-out>
      <system-err><![CDATA[]]></system-err>
   </testsuite>
</testsuites>
