<?xml version="1.0" encoding="UTF-8"?>
<testsuites name="Stock Take Suite" time="16" tests="3" failures="0" errors="0">
   <testsuite name="Stock Take Suite" tests="3" failures="0" errors="0" time="16" timestamp="2019-04-19 16:22:17" hostname="KennyIC_Chen - KennyIC_Chen.compal.com" id="Test Suites/Stock Take Suite">
      <properties>
         <property name="deviceName" value=""/>
         <property name="devicePlatform" value=""/>
         <property name="logFolder" value="C:\\Users\\KennyIC_chen.COMPAL\\git\\PSItest\\Reports\\Stock Take Suite\\20190419_161607"/>
         <property name="logFiles" value="C:\\Users\\KennyIC_chen.COMPAL\\git\\PSItest\\Reports\\Stock Take Suite\\20190419_161607\\execution0.log"/>
         <property name="attachments" value=""/>
         <property name="hostName" value="KennyIC_Chen - KennyIC_Chen.compal.com"/>
         <property name="os" value="Windows 10 64bit"/>
         <property name="katalonVersion" value="5.10.1.1"/>
         <property name="browser" value="Chrome 73.0.3683.103"/>
         <property name="hostAddress" value="10.109.102.148"/>
         <property name="sessionId" value="a548e2807a70a19bb67fbf1ef3c0af77"/>
         <property name="seleniumVersion" value="3.7.1"/>
         <property name="proxyInformation" value="ProxyInformation{proxyOption=NO_PROXY, proxyServerType=HTTP, password=, proxyServerAddress=, proxyServerPort=0}"/>
         <property name="platform" value="Windows 10"/>
      </properties>
      <testcase name="Test Cases/Login" classname="Test Cases/Login" status="PASSED">
         <system-out><![CDATA[2019-04-19 16:22:17 - [TEST_CASE][PASSED] - Test Cases/Login: Test Cases/Login

2019-04-19 16:22:17 - [TEST_STEP][PASSED] - openBrowser(""): Browser is opened with url: ''

2019-04-19 16:22:17 - [MESSAGE][INFO] - Starting 'Chrome' driver

2019-04-19 16:22:17 - [MESSAGE][INFO] - Action delay is set to 0 seconds

2019-04-19 16:22:20 - [MESSAGE][PASSED] - Browser is opened with url: ''

2019-04-19 16:22:20 - [TEST_STEP][PASSED] - navigateToUrl("https://psi-azcldap.unicore.com.tw/login"): Navigate to 'https://psi-azcldap.unicore.com.tw/login' successfully

2019-04-19 16:22:26 - [MESSAGE][PASSED] - Navigate to 'https://psi-azcldap.unicore.com.tw/login' successfully

2019-04-19 16:22:26 - [TEST_STEP][PASSED] - maximizeWindow(): Current window maximized

2019-04-19 16:22:27 - [MESSAGE][PASSED] - Current window maximized

2019-04-19 16:22:27 - [TEST_STEP][PASSED] - setText(findTestObject("Login/ID-QWE"), "QWE"): Text 'QWE' is set on object 'Object Repository/Login/ID-QWE'

2019-04-19 16:22:27 - [MESSAGE][PASSED] - Text 'QWE' is set on object 'Object Repository/Login/ID-QWE'

2019-04-19 16:22:27 - [TEST_STEP][PASSED] - setEncryptedText(findTestObject("Login/PW-QWE"), "5opu+sh6ATw="): Text ****** has been set on object 'Object Repository/Login/PW-QWE'

2019-04-19 16:22:27 - [MESSAGE][PASSED] - Text ****** has been set on object 'Object Repository/Login/PW-QWE'

2019-04-19 16:22:27 - [TEST_STEP][PASSED] - click(findTestObject("Login/Login Button")): Object: 'Object Repository/Login/Login Button' is clicked on

2019-04-19 16:22:27 - [MESSAGE][PASSED] - Object: 'Object Repository/Login/Login Button' is clicked on

2019-04-19 16:22:27 - [TEST_STEP][PASSED] - verifyElementClickable(findTestObject("Login/Verify button")): Object 'Object Repository/Login/Verify button' is clickable

2019-04-19 16:22:28 - [MESSAGE][PASSED] - Object 'Object Repository/Login/Verify button' is clickable]]></system-out>
         <system-err><![CDATA[]]></system-err>
      </testcase>
      <testcase name="Test Cases/Stock Take-Add" classname="Test Cases/Stock Take-Add" status="PASSED">
         <system-out><![CDATA[2019-04-19 16:22:28 - [TEST_CASE][PASSED] - Test Cases/Stock Take-Add: Test Cases/Stock Take-Add

2019-04-19 16:22:28 - [TEST_STEP][PASSED] - click(findTestObject("Stock take/Stock take button")): Object: 'Object Repository/Stock take/Stock take button' is clicked on

2019-04-19 16:22:29 - [MESSAGE][PASSED] - Object: 'Object Repository/Stock take/Stock take button' is clicked on

2019-04-19 16:22:29 - [TEST_STEP][PASSED] - click(findTestObject("Object Repository/Stock take/Add button")): Object: 'Object Repository/Stock take/Add button' is clicked on

2019-04-19 16:22:29 - [MESSAGE][PASSED] - Object: 'Object Repository/Stock take/Add button' is clicked on

2019-04-19 16:22:29 - [TEST_STEP][PASSED] - click(findTestObject("Stock take/Stock take date")): Object: 'Object Repository/Stock take/Stock take date' is clicked on

2019-04-19 16:22:29 - [MESSAGE][PASSED] - Object: 'Object Repository/Stock take/Stock take date' is clicked on

2019-04-19 16:22:29 - [TEST_STEP][PASSED] - click(findTestObject("Stock take/Date 18")): Object: 'Object Repository/Stock take/Date 18' is clicked on

2019-04-19 16:22:29 - [MESSAGE][PASSED] - Object: 'Object Repository/Stock take/Date 18' is clicked on

2019-04-19 16:22:29 - [TEST_STEP][PASSED] - click(findTestObject("Stock take/Employee button")): Object: 'Object Repository/Stock take/Employee button' is clicked on

2019-04-19 16:22:29 - [MESSAGE][PASSED] - Object: 'Object Repository/Stock take/Employee button' is clicked on

2019-04-19 16:22:29 - [TEST_STEP][PASSED] - click(findTestObject("Object Repository/Stock take/Employee Larry")): Object: 'Object Repository/Stock take/Employee Larry' is clicked on

2019-04-19 16:22:30 - [MESSAGE][PASSED] - Object: 'Object Repository/Stock take/Employee Larry' is clicked on

2019-04-19 16:22:30 - [TEST_STEP][PASSED] - click(findTestObject("Stock take/Warehouse button")): Object: 'Object Repository/Stock take/Warehouse button' is clicked on

2019-04-19 16:22:30 - [MESSAGE][PASSED] - Object: 'Object Repository/Stock take/Warehouse button' is clicked on

2019-04-19 16:22:30 - [TEST_STEP][PASSED] - click(findTestObject("Object Repository/Stock take/Warehouse 111")): Object: 'Object Repository/Stock take/Warehouse 111' is clicked on

2019-04-19 16:22:30 - [MESSAGE][PASSED] - Object: 'Object Repository/Stock take/Warehouse 111' is clicked on

2019-04-19 16:22:30 - [TEST_STEP][PASSED] - click(findTestObject("Stock take/Class button")): Object: 'Object Repository/Stock take/Class button' is clicked on

2019-04-19 16:22:30 - [MESSAGE][PASSED] - Object: 'Object Repository/Stock take/Class button' is clicked on

2019-04-19 16:22:30 - [TEST_STEP][PASSED] - click(findTestObject("Object Repository/Stock take/Class IPAD")): Object: 'Object Repository/Stock take/Class IPAD' is clicked on

2019-04-19 16:22:31 - [MESSAGE][PASSED] - Object: 'Object Repository/Stock take/Class IPAD' is clicked on

2019-04-19 16:22:31 - [TEST_STEP][PASSED] - click(findTestObject("Object Repository/Stock take/Class ok button")): Object: 'Object Repository/Stock take/Class ok button' is clicked on

2019-04-19 16:22:31 - [MESSAGE][PASSED] - Object: 'Object Repository/Stock take/Class ok button' is clicked on

2019-04-19 16:22:31 - [TEST_STEP][PASSED] - setText(findTestObject("Object Repository/Stock take/Note"), "Testing"): Text 'Testing' is set on object 'Object Repository/Stock take/Note'

2019-04-19 16:22:31 - [MESSAGE][PASSED] - Text 'Testing' is set on object 'Object Repository/Stock take/Note'

2019-04-19 16:22:31 - [TEST_STEP][PASSED] - clearText(findTestObject("Stock take/Stock number")): Text of object 'Object Repository/Stock take/Stock number' is cleared

2019-04-19 16:22:31 - [MESSAGE][PASSED] - Text of object 'Object Repository/Stock take/Stock number' is cleared

2019-04-19 16:22:31 - [TEST_STEP][PASSED] - sendKeys(findTestObject("Stock take/Stock number"), "600"): Keys '600' sent to object: 'Object Repository/Stock take/Stock number'

2019-04-19 16:22:31 - [MESSAGE][PASSED] - Keys '600' sent to object: 'Object Repository/Stock take/Stock number'

2019-04-19 16:22:31 - [TEST_STEP][PASSED] - selectOptionByValue(findTestObject("Object Repository/Stock take/Stock take done"), "Y", true): All options with value 'Y' are selected in object 'Object Repository/Stock take/Stock take done'  using regular expression

2019-04-19 16:22:31 - [MESSAGE][PASSED] - All options with value 'Y' are selected in object 'Object Repository/Stock take/Stock take done'  using regular expression

2019-04-19 16:22:31 - [TEST_STEP][PASSED] - setText(findTestObject("Object Repository/Stock take/Stock take IPAD note"), "-10"): Text '-10' is set on object 'Object Repository/Stock take/Stock take IPAD note'

2019-04-19 16:22:32 - [MESSAGE][PASSED] - Text '-10' is set on object 'Object Repository/Stock take/Stock take IPAD note'

2019-04-19 16:22:32 - [TEST_STEP][PASSED] - selectOptionByValue(findTestObject("Stock take/Done select"), "Y", true): All options with value 'Y' are selected in object 'Object Repository/Stock take/Done select'  using regular expression

2019-04-19 16:22:32 - [MESSAGE][PASSED] - All options with value 'Y' are selected in object 'Object Repository/Stock take/Done select'  using regular expression

2019-04-19 16:22:32 - [TEST_STEP][PASSED] - click(findTestObject("Object Repository/Stock take/Done")): Object: 'Object Repository/Stock take/Done' is clicked on

2019-04-19 16:22:32 - [MESSAGE][PASSED] - Object: 'Object Repository/Stock take/Done' is clicked on]]></system-out>
         <system-err><![CDATA[]]></system-err>
      </testcase>
      <testcase name="Test Cases/Accept and verify" classname="Test Cases/Accept and verify" status="PASSED">
         <system-out><![CDATA[2019-04-19 16:22:32 - [TEST_CASE][PASSED] - Test Cases/Accept and verify: Test Cases/Accept and verify

2019-04-19 16:22:32 - [TEST_STEP][PASSED] - acceptAlert(): Alert accepted

2019-04-19 16:22:32 - [MESSAGE][PASSED] - Alert accepted

2019-04-19 16:22:32 - [TEST_STEP][PASSED] - verifyElementClickable(findTestObject("Accept and verify/Verify button")): Object 'Object Repository/Accept and verify/Verify button' is clickable

2019-04-19 16:22:32 - [MESSAGE][PASSED] - Object 'Object Repository/Accept and verify/Verify button' is clickable]]></system-out>
         <system-err><![CDATA[]]></system-err>
      </testcase>
      <system-out><![CDATA[2019-04-19 16:22:17 - [TEST_SUITE][PASSED] - Stock Take Suite: Test Cases/Accept and verify]]></system-out>
      <system-err><![CDATA[]]></system-err>
   </testsuite>
</testsuites>
