<?xml version="1.0" encoding="UTF-8"?>
<testsuites name="1-3 Purchase return Test Suite" time="12" tests="2" failures="0" errors="0">
   <testsuite name="1-3 Purchase return Test Suite" tests="2" failures="0" errors="0" time="12" timestamp="2019-04-25 15:47:15" hostname="KennyIC_Chen - KennyIC_Chen.compal.com" id="Test Suites/1-3 Purchase return Test Suite">
      <properties>
         <property name="deviceName" value=""/>
         <property name="devicePlatform" value=""/>
         <property name="logFolder" value="C:\\Users\\KennyIC_chen.COMPAL\\git\\PSItest\\Reports\\1-3 Purchase return Test Suite\\20190425_154713"/>
         <property name="logFiles" value="C:\\Users\\KennyIC_chen.COMPAL\\git\\PSItest\\Reports\\1-3 Purchase return Test Suite\\20190425_154713\\execution0.log"/>
         <property name="attachments" value=""/>
         <property name="hostName" value="KennyIC_Chen - KennyIC_Chen.compal.com"/>
         <property name="os" value="Windows 10 64bit"/>
         <property name="katalonVersion" value="5.10.1.1"/>
         <property name="browser" value="Chrome 73.0.3683.103"/>
         <property name="hostAddress" value="10.109.102.148"/>
         <property name="sessionId" value="2005317ba4942101fbb0b25333def6bb"/>
         <property name="seleniumVersion" value="3.7.1"/>
         <property name="proxyInformation" value="ProxyInformation{proxyOption=NO_PROXY, proxyServerType=HTTP, password=, proxyServerAddress=, proxyServerPort=0}"/>
         <property name="platform" value="Windows 10"/>
      </properties>
      <testcase name="Test Cases/Others/Login" classname="Test Cases/Others/Login" status="PASSED">
         <system-out><![CDATA[2019-04-25 15:47:15 - [TEST_CASE][PASSED] - Test Cases/Others/Login: Test Cases/Others/Login

2019-04-25 15:47:16 - [TEST_STEP][PASSED] - openBrowser(""): Browser is opened with url: ''

2019-04-25 15:47:16 - [MESSAGE][INFO] - Starting 'Chrome' driver

2019-04-25 15:47:16 - [MESSAGE][INFO] - Action delay is set to 0 seconds

2019-04-25 15:47:19 - [MESSAGE][PASSED] - Browser is opened with url: ''

2019-04-25 15:47:19 - [TEST_STEP][PASSED] - navigateToUrl("https://psi-azcldap.unicore.com.tw/login"): Navigate to 'https://psi-azcldap.unicore.com.tw/login' successfully

2019-04-25 15:47:26 - [MESSAGE][PASSED] - Navigate to 'https://psi-azcldap.unicore.com.tw/login' successfully

2019-04-25 15:47:26 - [TEST_STEP][PASSED] - maximizeWindow(): Current window maximized

2019-04-25 15:47:27 - [MESSAGE][PASSED] - Current window maximized

2019-04-25 15:47:27 - [TEST_STEP][PASSED] - setText(findTestObject("Others/Login/ID-QWE"), "QWE"): Text 'QWE' is set on object 'Object Repository/Others/Login/ID-QWE'

2019-04-25 15:47:27 - [MESSAGE][PASSED] - Text 'QWE' is set on object 'Object Repository/Others/Login/ID-QWE'

2019-04-25 15:47:27 - [TEST_STEP][PASSED] - setEncryptedText(findTestObject("Others/Login/PW-QWE"), "5opu+sh6ATw="): Text ****** has been set on object 'Object Repository/Others/Login/PW-QWE'

2019-04-25 15:47:27 - [MESSAGE][PASSED] - Text ****** has been set on object 'Object Repository/Others/Login/PW-QWE'

2019-04-25 15:47:27 - [TEST_STEP][PASSED] - click(findTestObject("Others/Login/Login Button")): Object: 'Object Repository/Others/Login/Login Button' is clicked on

2019-04-25 15:47:27 - [MESSAGE][PASSED] - Object: 'Object Repository/Others/Login/Login Button' is clicked on

2019-04-25 15:47:27 - [TEST_STEP][PASSED] - verifyElementClickable(findTestObject("Others/Login/Verify button")): Object 'Object Repository/Others/Login/Verify button' is clickable

2019-04-25 15:47:28 - [MESSAGE][PASSED] - Object 'Object Repository/Others/Login/Verify button' is clickable]]></system-out>
         <system-err><![CDATA[]]></system-err>
      </testcase>
      <testcase name="Test Cases/1-3 Purchase return-Add" classname="Test Cases/1-3 Purchase return-Add" status="PASSED">
         <system-out><![CDATA[2019-04-25 15:47:28 - [TEST_CASE][PASSED] - Test Cases/1-3 Purchase return-Add: null]]></system-out>
         <system-err><![CDATA[]]></system-err>
      </testcase>
      <system-out><![CDATA[2019-04-25 15:47:15 - [TEST_SUITE][INCOMPLETE] - 1-3 Purchase return Test Suite: null]]></system-out>
      <system-err><![CDATA[2019-04-25 15:47:15 - [TEST_SUITE][INCOMPLETE] - 1-3 Purchase return Test Suite: null]]></system-err>
   </testsuite>
</testsuites>
