<?xml version="1.0" encoding="UTF-8"?>
<testsuites name="3-4 Transfer Test suite" time="14" tests="3" failures="0" errors="0">
   <testsuite name="3-4 Transfer Test suite" tests="3" failures="0" errors="0" time="14" timestamp="2019-04-23 14:06:13" hostname="KennyIC_Chen - KennyIC_Chen.compal.com" id="Test Suites/3-4 Transfer Test suite">
      <properties>
         <property name="deviceName" value=""/>
         <property name="devicePlatform" value=""/>
         <property name="logFolder" value="C:\\Users\\KennyIC_chen.COMPAL\\git\\PSItest\\Reports\\3-4 Transfer Test suite\\20190423_140611"/>
         <property name="logFiles" value="C:\\Users\\KennyIC_chen.COMPAL\\git\\PSItest\\Reports\\3-4 Transfer Test suite\\20190423_140611\\execution0.log"/>
         <property name="attachments" value=""/>
         <property name="hostName" value="KennyIC_Chen - KennyIC_Chen.compal.com"/>
         <property name="os" value="Windows 10 64bit"/>
         <property name="katalonVersion" value="5.10.1.1"/>
         <property name="browser" value="Chrome 73.0.3683.103"/>
         <property name="hostAddress" value="10.109.102.148"/>
         <property name="sessionId" value="9f49006532a1c2ccf759a81b553a918f"/>
         <property name="seleniumVersion" value="3.7.1"/>
         <property name="proxyInformation" value="ProxyInformation{proxyOption=NO_PROXY, proxyServerType=HTTP, password=, proxyServerAddress=, proxyServerPort=0}"/>
         <property name="platform" value="Windows 10"/>
      </properties>
      <testcase name="Test Cases/others/Login" classname="Test Cases/others/Login" status="PASSED">
         <system-out><![CDATA[2019-04-23 14:06:13 - [TEST_CASE][PASSED] - Test Cases/others/Login: Test Cases/others/Login

2019-04-23 14:06:14 - [TEST_STEP][PASSED] - openBrowser(""): Browser is opened with url: ''

2019-04-23 14:06:14 - [MESSAGE][INFO] - Starting 'Chrome' driver

2019-04-23 14:06:14 - [MESSAGE][INFO] - Action delay is set to 0 seconds

2019-04-23 14:06:17 - [MESSAGE][PASSED] - Browser is opened with url: ''

2019-04-23 14:06:17 - [TEST_STEP][PASSED] - navigateToUrl("https://psi-azcldap.unicore.com.tw/login"): Navigate to 'https://psi-azcldap.unicore.com.tw/login' successfully

2019-04-23 14:06:20 - [MESSAGE][PASSED] - Navigate to 'https://psi-azcldap.unicore.com.tw/login' successfully

2019-04-23 14:06:20 - [TEST_STEP][PASSED] - maximizeWindow(): Current window maximized

2019-04-23 14:06:21 - [MESSAGE][PASSED] - Current window maximized

2019-04-23 14:06:21 - [TEST_STEP][PASSED] - setText(findTestObject("Other/Login/ID-QWE"), "QWE"): Text 'QWE' is set on object 'Object Repository/Other/Login/ID-QWE'

2019-04-23 14:06:21 - [MESSAGE][PASSED] - Text 'QWE' is set on object 'Object Repository/Other/Login/ID-QWE'

2019-04-23 14:06:21 - [TEST_STEP][PASSED] - setEncryptedText(findTestObject("Other/Login/PW-QWE"), "5opu+sh6ATw="): Text ****** has been set on object 'Object Repository/Other/Login/PW-QWE'

2019-04-23 14:06:21 - [MESSAGE][PASSED] - Text ****** has been set on object 'Object Repository/Other/Login/PW-QWE'

2019-04-23 14:06:21 - [TEST_STEP][PASSED] - click(findTestObject("Other/Login/Login Button")): Object: 'Object Repository/Other/Login/Login Button' is clicked on

2019-04-23 14:06:21 - [MESSAGE][PASSED] - Object: 'Object Repository/Other/Login/Login Button' is clicked on

2019-04-23 14:06:21 - [TEST_STEP][PASSED] - verifyElementClickable(findTestObject("Other/Login/Verify button")): Object 'Object Repository/Other/Login/Verify button' is clickable

2019-04-23 14:06:22 - [MESSAGE][PASSED] - Object 'Object Repository/Other/Login/Verify button' is clickable]]></system-out>
         <system-err><![CDATA[]]></system-err>
      </testcase>
      <testcase name="Test Cases/3-4 Transfer" classname="Test Cases/3-4 Transfer" status="PASSED">
         <system-out><![CDATA[2019-04-23 14:06:22 - [TEST_CASE][PASSED] - Test Cases/3-4 Transfer: Test Cases/3-4 Transfer

2019-04-23 14:06:22 - [TEST_STEP][PASSED] - click(findTestObject("Object Repository/3-4 Transfer/Transfer button")): Object: 'Object Repository/3-4 Transfer/Transfer button' is clicked on

2019-04-23 14:06:22 - [MESSAGE][PASSED] - Object: 'Object Repository/3-4 Transfer/Transfer button' is clicked on

2019-04-23 14:06:22 - [TEST_STEP][PASSED] - click(findTestObject("Object Repository/3-4 Transfer/Transfer note add")): Object: 'Object Repository/3-4 Transfer/Transfer note add' is clicked on

2019-04-23 14:06:23 - [MESSAGE][PASSED] - Object: 'Object Repository/3-4 Transfer/Transfer note add' is clicked on

2019-04-23 14:06:23 - [TEST_STEP][PASSED] - click(findTestObject("3-4 Transfer/Transfer employee button")): Object: 'Object Repository/3-4 Transfer/Transfer employee button' is clicked on

2019-04-23 14:06:23 - [MESSAGE][PASSED] - Object: 'Object Repository/3-4 Transfer/Transfer employee button' is clicked on

2019-04-23 14:06:23 - [TEST_STEP][PASSED] - click(findTestObject("Object Repository/3-4 Transfer/Transfer employee")): Object: 'Object Repository/3-4 Transfer/Transfer employee' is clicked on

2019-04-23 14:06:23 - [MESSAGE][PASSED] - Object: 'Object Repository/3-4 Transfer/Transfer employee' is clicked on

2019-04-23 14:06:23 - [TEST_STEP][PASSED] - setText(findTestObject("Object Repository/3-4 Transfer/Transfer note"), "Testing"): Text 'Testing' is set on object 'Object Repository/3-4 Transfer/Transfer note'

2019-04-23 14:06:23 - [MESSAGE][PASSED] - Text 'Testing' is set on object 'Object Repository/3-4 Transfer/Transfer note'

2019-04-23 14:06:23 - [TEST_STEP][PASSED] - click(findTestObject("Object Repository/3-4 Transfer/Transfer item add")): Object: 'Object Repository/3-4 Transfer/Transfer item add' is clicked on

2019-04-23 14:06:23 - [MESSAGE][PASSED] - Object: 'Object Repository/3-4 Transfer/Transfer item add' is clicked on

2019-04-23 14:06:23 - [TEST_STEP][PASSED] - click(findTestObject("3-4 Transfer/Transfer item add select")): Object: 'Object Repository/3-4 Transfer/Transfer item add select' is clicked on

2019-04-23 14:06:24 - [MESSAGE][PASSED] - Object: 'Object Repository/3-4 Transfer/Transfer item add select' is clicked on

2019-04-23 14:06:24 - [TEST_STEP][PASSED] - click(findTestObject("3-4 Transfer/Item unit select button")): Object: 'Object Repository/3-4 Transfer/Item unit select button' is clicked on

2019-04-23 14:06:24 - [MESSAGE][PASSED] - Object: 'Object Repository/3-4 Transfer/Item unit select button' is clicked on

2019-04-23 14:06:24 - [TEST_STEP][PASSED] - click(findTestObject("3-4 Transfer/Item unit select")): Object: 'Object Repository/3-4 Transfer/Item unit select' is clicked on

2019-04-23 14:06:25 - [MESSAGE][PASSED] - Object: 'Object Repository/3-4 Transfer/Item unit select' is clicked on

2019-04-23 14:06:25 - [TEST_STEP][PASSED] - click(findTestObject("3-4 Transfer/Item warehouse 1 button")): Object: 'Object Repository/3-4 Transfer/Item warehouse 1 button' is clicked on

2019-04-23 14:06:25 - [MESSAGE][PASSED] - Object: 'Object Repository/3-4 Transfer/Item warehouse 1 button' is clicked on

2019-04-23 14:06:25 - [TEST_STEP][PASSED] - click(findTestObject("Object Repository/3-4 Transfer/Item warehouse 1 select")): Object: 'Object Repository/3-4 Transfer/Item warehouse 1 select' is clicked on

2019-04-23 14:06:26 - [MESSAGE][PASSED] - Object: 'Object Repository/3-4 Transfer/Item warehouse 1 select' is clicked on

2019-04-23 14:06:26 - [TEST_STEP][PASSED] - click(findTestObject("3-4 Transfer/Item warehouse 2 button")): Object: 'Object Repository/3-4 Transfer/Item warehouse 2 button' is clicked on

2019-04-23 14:06:26 - [MESSAGE][PASSED] - Object: 'Object Repository/3-4 Transfer/Item warehouse 2 button' is clicked on

2019-04-23 14:06:26 - [TEST_STEP][PASSED] - click(findTestObject("Object Repository/3-4 Transfer/Item warehouse 2 select")): Object: 'Object Repository/3-4 Transfer/Item warehouse 2 select' is clicked on

2019-04-23 14:06:26 - [MESSAGE][PASSED] - Object: 'Object Repository/3-4 Transfer/Item warehouse 2 select' is clicked on

2019-04-23 14:06:26 - [TEST_STEP][PASSED] - setText(findTestObject("Object Repository/3-4 Transfer/Item QTY"), "1"): Text '1' is set on object 'Object Repository/3-4 Transfer/Item QTY'

2019-04-23 14:06:26 - [MESSAGE][PASSED] - Text '1' is set on object 'Object Repository/3-4 Transfer/Item QTY'

2019-04-23 14:06:26 - [TEST_STEP][PASSED] - setText(findTestObject("Object Repository/3-4 Transfer/Item Batch number"), "88888888"): Text '88888888' is set on object 'Object Repository/3-4 Transfer/Item Batch number'

2019-04-23 14:06:27 - [MESSAGE][PASSED] - Text '88888888' is set on object 'Object Repository/3-4 Transfer/Item Batch number'

2019-04-23 14:06:27 - [TEST_STEP][PASSED] - click(findTestObject("3-4 Transfer/Save button")): Object: 'Object Repository/3-4 Transfer/Save button' is clicked on

2019-04-23 14:06:27 - [MESSAGE][PASSED] - Object: 'Object Repository/3-4 Transfer/Save button' is clicked on]]></system-out>
         <system-err><![CDATA[]]></system-err>
      </testcase>
      <testcase name="Test Cases/others/Accept and verify" classname="Test Cases/others/Accept and verify" status="PASSED">
         <system-out><![CDATA[2019-04-23 14:06:27 - [TEST_CASE][PASSED] - Test Cases/others/Accept and verify: Test Cases/others/Accept and verify

2019-04-23 14:06:27 - [TEST_STEP][PASSED] - waitForAlert(5): Alert is present after 5 second(s).

2019-04-23 14:06:27 - [MESSAGE][PASSED] - Alert is present after 5 second(s).

2019-04-23 14:06:27 - [TEST_STEP][PASSED] - acceptAlert(): Alert accepted

2019-04-23 14:06:27 - [MESSAGE][PASSED] - Alert accepted

2019-04-23 14:06:27 - [TEST_STEP][PASSED] - verifyElementClickable(findTestObject("Other/Accept and verify/Verify button")): Object 'Object Repository/Other/Accept and verify/Verify button' is clickable

2019-04-23 14:06:27 - [MESSAGE][PASSED] - Object 'Object Repository/Other/Accept and verify/Verify button' is clickable]]></system-out>
         <system-err><![CDATA[]]></system-err>
      </testcase>
      <system-out><![CDATA[2019-04-23 14:06:13 - [TEST_SUITE][PASSED] - 3-4 Transfer Test suite: Test Cases/others/Accept and verify]]></system-out>
      <system-err><![CDATA[]]></system-err>
   </testsuite>
</testsuites>
