<?xml version="1.0" encoding="UTF-8"?>
<testsuites name="2-2 Sale return Test Suite" time="21" tests="3" failures="0" errors="0">
   <testsuite name="2-2 Sale return Test Suite" tests="3" failures="0" errors="0" time="21" timestamp="2019-04-29 11:12:25" hostname="KennyIC_Chen - KennyIC_Chen.compal.com" id="Test Suites/2-2 Sale return Test Suite">
      <properties>
         <property name="deviceName" value=""/>
         <property name="devicePlatform" value=""/>
         <property name="logFolder" value="C:\\Users\\KennyIC_chen.COMPAL\\git\\PSItest\\Reports\\2-2 Sale return Test Suite\\20190429_111223"/>
         <property name="logFiles" value="C:\\Users\\KennyIC_chen.COMPAL\\git\\PSItest\\Reports\\2-2 Sale return Test Suite\\20190429_111223\\execution0.log"/>
         <property name="attachments" value=""/>
         <property name="hostName" value="KennyIC_Chen - KennyIC_Chen.compal.com"/>
         <property name="os" value="Windows 10 64bit"/>
         <property name="katalonVersion" value="5.10.1.1"/>
         <property name="browser" value="Chrome 73.0.3683.103"/>
         <property name="hostAddress" value="10.109.98.147"/>
         <property name="sessionId" value="5b4aa1c584d8ffef088cba80c8f7d52c"/>
         <property name="seleniumVersion" value="3.7.1"/>
         <property name="proxyInformation" value="ProxyInformation{proxyOption=NO_PROXY, proxyServerType=HTTP, password=, proxyServerAddress=, proxyServerPort=0}"/>
         <property name="platform" value="Windows 10"/>
      </properties>
      <testcase name="Test Cases/Others/Login" classname="Test Cases/Others/Login" status="PASSED">
         <system-out><![CDATA[2019-04-29 11:12:25 - [TEST_CASE][PASSED] - Test Cases/Others/Login: Test Cases/Others/Login

2019-04-29 11:12:25 - [TEST_STEP][PASSED] - openBrowser(""): Browser is opened with url: ''

2019-04-29 11:12:25 - [MESSAGE][INFO] - Starting 'Chrome' driver

2019-04-29 11:12:25 - [MESSAGE][INFO] - Action delay is set to 0 seconds

2019-04-29 11:12:28 - [MESSAGE][PASSED] - Browser is opened with url: ''

2019-04-29 11:12:28 - [TEST_STEP][PASSED] - navigateToUrl("https://psi-azcldap.unicore.com.tw/login"): Navigate to 'https://psi-azcldap.unicore.com.tw/login' successfully

2019-04-29 11:12:33 - [MESSAGE][PASSED] - Navigate to 'https://psi-azcldap.unicore.com.tw/login' successfully

2019-04-29 11:12:33 - [TEST_STEP][PASSED] - maximizeWindow(): Current window maximized

2019-04-29 11:12:34 - [MESSAGE][PASSED] - Current window maximized

2019-04-29 11:12:34 - [TEST_STEP][PASSED] - setText(findTestObject("Others/Login/ID-QWE"), "QWE"): Text 'QWE' is set on object 'Object Repository/Others/Login/ID-QWE'

2019-04-29 11:12:34 - [MESSAGE][PASSED] - Text 'QWE' is set on object 'Object Repository/Others/Login/ID-QWE'

2019-04-29 11:12:34 - [TEST_STEP][PASSED] - setEncryptedText(findTestObject("Others/Login/PW-QWE"), "5opu+sh6ATw="): Text ****** has been set on object 'Object Repository/Others/Login/PW-QWE'

2019-04-29 11:12:34 - [MESSAGE][PASSED] - Text ****** has been set on object 'Object Repository/Others/Login/PW-QWE'

2019-04-29 11:12:34 - [TEST_STEP][PASSED] - click(findTestObject("Others/Login/Login Button")): Object: 'Object Repository/Others/Login/Login Button' is clicked on

2019-04-29 11:12:34 - [MESSAGE][PASSED] - Object: 'Object Repository/Others/Login/Login Button' is clicked on

2019-04-29 11:12:34 - [TEST_STEP][PASSED] - verifyElementClickable(findTestObject("Others/Login/Verify button")): Object 'Object Repository/Others/Login/Verify button' is clickable

2019-04-29 11:12:35 - [MESSAGE][PASSED] - Object 'Object Repository/Others/Login/Verify button' is clickable]]></system-out>
         <system-err><![CDATA[]]></system-err>
      </testcase>
      <testcase name="Test Cases/2-2 Sale Return-Add" classname="Test Cases/2-2 Sale Return-Add" status="PASSED">
         <system-out><![CDATA[2019-04-29 11:12:35 - [TEST_CASE][PASSED] - Test Cases/2-2 Sale Return-Add: Test Cases/2-2 Sale Return-Add

2019-04-29 11:12:35 - [TEST_STEP][PASSED] - click(findTestObject("Object Repository/2-2 Sale Return/Sale return button")): Object: 'Object Repository/2-2 Sale Return/Sale return button' is clicked on

2019-04-29 11:12:35 - [MESSAGE][PASSED] - Object: 'Object Repository/2-2 Sale Return/Sale return button' is clicked on

2019-04-29 11:12:35 - [TEST_STEP][PASSED] - click(findTestObject("Object Repository/2-2 Sale Return/Add button")): Object: 'Object Repository/2-2 Sale Return/Add button' is clicked on

2019-04-29 11:12:35 - [MESSAGE][PASSED] - Object: 'Object Repository/2-2 Sale Return/Add button' is clicked on

2019-04-29 11:12:35 - [TEST_STEP][PASSED] - click(findTestObject("2-2 Sale Return/Sale customer button")): Object: 'Object Repository/2-2 Sale Return/Sale customer button' is clicked on

2019-04-29 11:12:35 - [MESSAGE][PASSED] - Object: 'Object Repository/2-2 Sale Return/Sale customer button' is clicked on

2019-04-29 11:12:35 - [TEST_STEP][PASSED] - click(findTestObject("Object Repository/2-2 Sale Return/Sale customer 0000")): Object: 'Object Repository/2-2 Sale Return/Sale customer 0000' is clicked on

2019-04-29 11:12:36 - [MESSAGE][PASSED] - Object: 'Object Repository/2-2 Sale Return/Sale customer 0000' is clicked on

2019-04-29 11:12:36 - [TEST_STEP][PASSED] - click(findTestObject("2-2 Sale Return/Sale return date button")): Object: 'Object Repository/2-2 Sale Return/Sale return date button' is clicked on

2019-04-29 11:12:36 - [MESSAGE][PASSED] - Object: 'Object Repository/2-2 Sale Return/Sale return date button' is clicked on

2019-04-29 11:12:36 - [TEST_STEP][PASSED] - click(findTestObject("Object Repository/2-2 Sale Return/Sale return date", ["date":today_check()])): null

2019-04-29 11:12:36 - [TEST_STEP][PASSED] - today = new java.util.Date(): null

2019-04-29 11:12:36 - [TEST_STEP][PASSED] - return today.format(d): Object: 'Object Repository/2-2 Sale Return/Sale return date' is clicked on

2019-04-29 11:12:36 - [MESSAGE][PASSED] - Object: 'Object Repository/2-2 Sale Return/Sale return date' is clicked on

2019-04-29 11:12:36 - [TEST_STEP][PASSED] - click(findTestObject("2-2 Sale Return/Sale return payment button")): Object: 'Object Repository/2-2 Sale Return/Sale return payment button' is clicked on

2019-04-29 11:12:36 - [MESSAGE][PASSED] - Object: 'Object Repository/2-2 Sale Return/Sale return payment button' is clicked on

2019-04-29 11:12:36 - [TEST_STEP][PASSED] - selectOptionByValue(findTestObject("Object Repository/2-2 Sale Return/Sale return payment select"), "1: 5", true): All options with value '1: 5' are selected in object 'Object Repository/2-2 Sale Return/Sale return payment select'  using regular expression

2019-04-29 11:12:37 - [MESSAGE][PASSED] - All options with value '1: 5' are selected in object 'Object Repository/2-2 Sale Return/Sale return payment select'  using regular expression

2019-04-29 11:12:37 - [TEST_STEP][PASSED] - click(findTestObject("2-2 Sale Return/Sale return payment 1 button")): Object: 'Object Repository/2-2 Sale Return/Sale return payment 1 button' is clicked on

2019-04-29 11:12:37 - [MESSAGE][PASSED] - Object: 'Object Repository/2-2 Sale Return/Sale return payment 1 button' is clicked on

2019-04-29 11:12:37 - [TEST_STEP][PASSED] - click(findTestObject("Object Repository/2-2 Sale Return/Sale return payment 1 next month 10", ["xxx":abc(5)])): null

2019-04-29 11:12:37 - [TEST_STEP][PASSED] - today = new java.util.Date(): null

2019-04-29 11:12:37 - [TEST_STEP][PASSED] - day1 = Date().plus(num): null

2019-04-29 11:12:37 - [TEST_STEP][PASSED] - if (day1.format("MM") > today.format("MM")): Object: 'Object Repository/2-2 Sale Return/Sale return payment 1 next month 10' is clicked on

2019-04-29 11:12:37 - [TEST_STEP][PASSED] - click(findTestObject("2-2 Sale Return/Sale return payment next month")): Object: 'Object Repository/2-2 Sale Return/Sale return payment next month' is clicked on

2019-04-29 11:12:37 - [MESSAGE][PASSED] - Object: 'Object Repository/2-2 Sale Return/Sale return payment next month' is clicked on

2019-04-29 11:12:37 - [TEST_STEP][PASSED] - return day1.format(d): Object: 'Object Repository/2-2 Sale Return/Sale return payment 1 next month 10' is clicked on

2019-04-29 11:12:37 - [MESSAGE][PASSED] - Object: 'Object Repository/2-2 Sale Return/Sale return payment 1 next month 10' is clicked on

2019-04-29 11:12:37 - [TEST_STEP][PASSED] - click(findTestObject("2-2 Sale Return/Sale return payment 2 button")): Object: 'Object Repository/2-2 Sale Return/Sale return payment 2 button' is clicked on

2019-04-29 11:12:37 - [MESSAGE][PASSED] - Object: 'Object Repository/2-2 Sale Return/Sale return payment 2 button' is clicked on

2019-04-29 11:12:37 - [TEST_STEP][PASSED] - click(findTestObject("Object Repository/2-2 Sale Return/Sale return payment 2 next month 15", ["xxx":abc(10)])): null

2019-04-29 11:12:37 - [TEST_STEP][PASSED] - today = new java.util.Date(): null

2019-04-29 11:12:37 - [TEST_STEP][PASSED] - day1 = Date().plus(num): null

2019-04-29 11:12:37 - [TEST_STEP][PASSED] - if (day1.format("MM") > today.format("MM")): Object: 'Object Repository/2-2 Sale Return/Sale return payment 2 next month 15' is clicked on

2019-04-29 11:12:37 - [TEST_STEP][PASSED] - click(findTestObject("2-2 Sale Return/Sale return payment next month")): Object: 'Object Repository/2-2 Sale Return/Sale return payment next month' is clicked on

2019-04-29 11:12:37 - [MESSAGE][PASSED] - Object: 'Object Repository/2-2 Sale Return/Sale return payment next month' is clicked on

2019-04-29 11:12:37 - [TEST_STEP][PASSED] - return day1.format(d): Object: 'Object Repository/2-2 Sale Return/Sale return payment 2 next month 15' is clicked on

2019-04-29 11:12:37 - [MESSAGE][PASSED] - Object: 'Object Repository/2-2 Sale Return/Sale return payment 2 next month 15' is clicked on

2019-04-29 11:12:37 - [TEST_STEP][PASSED] - click(findTestObject("2-2 Sale Return/Sale return payment 3 button")): Object: 'Object Repository/2-2 Sale Return/Sale return payment 3 button' is clicked on

2019-04-29 11:12:37 - [MESSAGE][PASSED] - Object: 'Object Repository/2-2 Sale Return/Sale return payment 3 button' is clicked on

2019-04-29 11:12:37 - [TEST_STEP][PASSED] - click(findTestObject("Object Repository/2-2 Sale Return/Sale return payment 3 next month 20", ["xxx":abc(15)])): null

2019-04-29 11:12:37 - [TEST_STEP][PASSED] - today = new java.util.Date(): null

2019-04-29 11:12:37 - [TEST_STEP][PASSED] - day1 = Date().plus(num): null

2019-04-29 11:12:37 - [TEST_STEP][PASSED] - if (day1.format("MM") > today.format("MM")): Object: 'Object Repository/2-2 Sale Return/Sale return payment 3 next month 20' is clicked on

2019-04-29 11:12:37 - [TEST_STEP][PASSED] - click(findTestObject("2-2 Sale Return/Sale return payment next month")): Object: 'Object Repository/2-2 Sale Return/Sale return payment next month' is clicked on

2019-04-29 11:12:37 - [MESSAGE][PASSED] - Object: 'Object Repository/2-2 Sale Return/Sale return payment next month' is clicked on

2019-04-29 11:12:37 - [TEST_STEP][PASSED] - return day1.format(d): Object: 'Object Repository/2-2 Sale Return/Sale return payment 3 next month 20' is clicked on

2019-04-29 11:12:37 - [MESSAGE][PASSED] - Object: 'Object Repository/2-2 Sale Return/Sale return payment 3 next month 20' is clicked on

2019-04-29 11:12:37 - [TEST_STEP][PASSED] - click(findTestObject("2-2 Sale Return/Sale return invoice button")): Object: 'Object Repository/2-2 Sale Return/Sale return invoice button' is clicked on

2019-04-29 11:12:38 - [MESSAGE][PASSED] - Object: 'Object Repository/2-2 Sale Return/Sale return invoice button' is clicked on

2019-04-29 11:12:38 - [TEST_STEP][PASSED] - selectOptionByValue(findTestObject("Object Repository/2-2 Sale Return/Sale return invoice select"), "1: 2", true): All options with value '1: 2' are selected in object 'Object Repository/2-2 Sale Return/Sale return invoice select'  using regular expression

2019-04-29 11:12:38 - [MESSAGE][PASSED] - All options with value '1: 2' are selected in object 'Object Repository/2-2 Sale Return/Sale return invoice select'  using regular expression

2019-04-29 11:12:38 - [TEST_STEP][PASSED] - setText(findTestObject("Object Repository/2-2 Sale Return/Sale return invoice number"), Invoice_number): Text 'AB-12345678' is set on object 'Object Repository/2-2 Sale Return/Sale return invoice number'

2019-04-29 11:12:38 - [MESSAGE][PASSED] - Text 'AB-12345678' is set on object 'Object Repository/2-2 Sale Return/Sale return invoice number'

2019-04-29 11:12:38 - [TEST_STEP][PASSED] - click(findTestObject("2-2 Sale Return/Sale return employee button")): Object: 'Object Repository/2-2 Sale Return/Sale return employee button' is clicked on

2019-04-29 11:12:38 - [MESSAGE][PASSED] - Object: 'Object Repository/2-2 Sale Return/Sale return employee button' is clicked on

2019-04-29 11:12:38 - [TEST_STEP][PASSED] - click(findTestObject("Object Repository/2-2 Sale Return/Sale return employee 0000")): Object: 'Object Repository/2-2 Sale Return/Sale return employee 0000' is clicked on

2019-04-29 11:12:39 - [MESSAGE][PASSED] - Object: 'Object Repository/2-2 Sale Return/Sale return employee 0000' is clicked on

2019-04-29 11:12:39 - [TEST_STEP][PASSED] - setText(findTestObject("Object Repository/2-2 Sale Return/Sale return bill number"), "88888888"): Text '88888888' is set on object 'Object Repository/2-2 Sale Return/Sale return bill number'

2019-04-29 11:12:39 - [MESSAGE][PASSED] - Text '88888888' is set on object 'Object Repository/2-2 Sale Return/Sale return bill number'

2019-04-29 11:12:39 - [TEST_STEP][PASSED] - click(findTestObject("2-2 Sale Return/Sale return tax button")): Object: 'Object Repository/2-2 Sale Return/Sale return tax button' is clicked on

2019-04-29 11:12:39 - [MESSAGE][PASSED] - Object: 'Object Repository/2-2 Sale Return/Sale return tax button' is clicked on

2019-04-29 11:12:39 - [TEST_STEP][PASSED] - selectOptionByValue(findTestObject("Object Repository/2-2 Sale Return/Sale return tax select"), "1: 2", true): All options with value '1: 2' are selected in object 'Object Repository/2-2 Sale Return/Sale return tax select'  using regular expression

2019-04-29 11:12:39 - [MESSAGE][PASSED] - All options with value '1: 2' are selected in object 'Object Repository/2-2 Sale Return/Sale return tax select'  using regular expression

2019-04-29 11:12:39 - [TEST_STEP][PASSED] - setText(findTestObject("Object Repository/2-2 Sale Return/Sale return note"), time()): null

2019-04-29 11:12:39 - [TEST_STEP][PASSED] - date = new java.util.Date(): null

2019-04-29 11:12:39 - [TEST_STEP][PASSED] - sdf = new java.text.SimpleDateFormat(yyyy-MM-dd HH:mm): null

2019-04-29 11:12:39 - [TEST_STEP][PASSED] - return (internal.GlobalVariable.Note + sdf.format(date)): Text 'Testing2019-04-29 11:12' is set on object 'Object Repository/2-2 Sale Return/Sale return note'

2019-04-29 11:12:39 - [MESSAGE][PASSED] - Text 'Testing2019-04-29 11:12' is set on object 'Object Repository/2-2 Sale Return/Sale return note'

2019-04-29 11:12:39 - [TEST_STEP][PASSED] - click(findTestObject("Object Repository/2-2 Sale Return/Item add button")): Object: 'Object Repository/2-2 Sale Return/Item add button' is clicked on

2019-04-29 11:12:39 - [MESSAGE][PASSED] - Object: 'Object Repository/2-2 Sale Return/Item add button' is clicked on

2019-04-29 11:12:39 - [TEST_STEP][PASSED] - click(findTestObject("Object Repository/2-2 Sale Return/Item good")): Object: 'Object Repository/2-2 Sale Return/Item good' is clicked on

2019-04-29 11:12:40 - [MESSAGE][PASSED] - Object: 'Object Repository/2-2 Sale Return/Item good' is clicked on

2019-04-29 11:12:40 - [TEST_STEP][PASSED] - setText(findTestObject("Object Repository/2-2 Sale Return/Item number"), "2"): Text '2' is set on object 'Object Repository/2-2 Sale Return/Item number'

2019-04-29 11:12:40 - [MESSAGE][PASSED] - Text '2' is set on object 'Object Repository/2-2 Sale Return/Item number'

2019-04-29 11:12:40 - [TEST_STEP][PASSED] - setText(findTestObject("Object Repository/2-2 Sale Return/Item price"), "300"): Text '300' is set on object 'Object Repository/2-2 Sale Return/Item price'

2019-04-29 11:12:40 - [MESSAGE][PASSED] - Text '300' is set on object 'Object Repository/2-2 Sale Return/Item price'

2019-04-29 11:12:40 - [TEST_STEP][PASSED] - setText(findTestObject("Object Repository/2-2 Sale Return/Item total price"), "600"): Text '600' is set on object 'Object Repository/2-2 Sale Return/Item total price'

2019-04-29 11:12:41 - [MESSAGE][PASSED] - Text '600' is set on object 'Object Repository/2-2 Sale Return/Item total price'

2019-04-29 11:12:41 - [TEST_STEP][PASSED] - click(findTestObject("2-2 Sale Return/Item warehouse button")): Object: 'Object Repository/2-2 Sale Return/Item warehouse button' is clicked on

2019-04-29 11:12:41 - [MESSAGE][PASSED] - Object: 'Object Repository/2-2 Sale Return/Item warehouse button' is clicked on

2019-04-29 11:12:41 - [TEST_STEP][PASSED] - click(findTestObject("Object Repository/2-2 Sale Return/Item warehouse")): Object: 'Object Repository/2-2 Sale Return/Item warehouse' is clicked on

2019-04-29 11:12:41 - [MESSAGE][PASSED] - Object: 'Object Repository/2-2 Sale Return/Item warehouse' is clicked on

2019-04-29 11:12:41 - [TEST_STEP][PASSED] - setText(findTestObject("Object Repository/2-2 Sale Return/Item tax"), "30"): Text '30' is set on object 'Object Repository/2-2 Sale Return/Item tax'

2019-04-29 11:12:42 - [MESSAGE][PASSED] - Text '30' is set on object 'Object Repository/2-2 Sale Return/Item tax'

2019-04-29 11:12:42 - [TEST_STEP][PASSED] - click(findTestObject("Object Repository/2-2 Sale Return/Sale return save")): Object: 'Object Repository/2-2 Sale Return/Sale return save' is clicked on

2019-04-29 11:12:42 - [MESSAGE][PASSED] - Object: 'Object Repository/2-2 Sale Return/Sale return save' is clicked on]]></system-out>
         <system-err><![CDATA[]]></system-err>
      </testcase>
      <testcase name="Test Cases/Others/Accept and verify" classname="Test Cases/Others/Accept and verify" status="PASSED">
         <system-out><![CDATA[2019-04-29 11:12:42 - [TEST_CASE][PASSED] - Test Cases/Others/Accept and verify: Test Cases/Others/Accept and verify

2019-04-29 11:12:42 - [TEST_STEP][PASSED] - delay(3): Delayed 3 second(s)

2019-04-29 11:12:45 - [MESSAGE][PASSED] - Delayed 3 second(s)

2019-04-29 11:12:45 - [TEST_STEP][PASSED] - waitForAlert(5): Alert is present after 5 second(s).

2019-04-29 11:12:45 - [MESSAGE][PASSED] - Alert is present after 5 second(s).

2019-04-29 11:12:45 - [TEST_STEP][PASSED] - acceptAlert(): Alert accepted

2019-04-29 11:12:45 - [MESSAGE][PASSED] - Alert accepted

2019-04-29 11:12:45 - [TEST_STEP][PASSED] - verifyElementClickable(findTestObject("Others/Accept and verify/Verify button")): Object 'Object Repository/Others/Accept and verify/Verify button' is clickable

2019-04-29 11:12:45 - [MESSAGE][PASSED] - Object 'Object Repository/Others/Accept and verify/Verify button' is clickable]]></system-out>
         <system-err><![CDATA[]]></system-err>
      </testcase>
      <system-out><![CDATA[2019-04-29 11:12:25 - [TEST_SUITE][PASSED] - 2-2 Sale return Test Suite: Test Cases/Others/Accept and verify]]></system-out>
      <system-err><![CDATA[]]></system-err>
   </testsuite>
</testsuites>
