<?xml version="1.0" encoding="UTF-8"?>
<testsuites name="2-2 Sale return Test Suite" time="38" tests="5" failures="0" errors="0">
   <testsuite name="2-2 Sale return Test Suite" tests="5" failures="0" errors="0" time="38" timestamp="2019-06-05 10:22:55" hostname="KennyIC_Chen - Larry_Chen.compal.com" id="Test Suites/2-2 Sale return Test Suite">
      <properties>
         <property name="deviceName" value=""/>
         <property name="devicePlatform" value=""/>
         <property name="logFolder" value="D:\\Kenny\\D\\Katalon Studio\\PSI\\PSItest\\Reports\\2-2 Sale return Test Suite\\20190605_101617"/>
         <property name="logFiles" value="D:\\Kenny\\D\\Katalon Studio\\PSI\\PSItest\\Reports\\2-2 Sale return Test Suite\\20190605_101617\\execution0.log"/>
         <property name="attachments" value=""/>
         <property name="hostName" value="KennyIC_Chen - Larry_Chen.compal.com"/>
         <property name="os" value="Windows 10 64bit"/>
         <property name="katalonVersion" value="5.10.1.1"/>
         <property name="browser" value="Chrome 74.0.3729.169"/>
         <property name="hostAddress" value="10.109.102.145"/>
         <property name="sessionId" value="0cd5f3a26083cad13df1d899e799067e"/>
         <property name="seleniumVersion" value="3.7.1"/>
         <property name="proxyInformation" value="ProxyInformation{proxyOption=NO_PROXY, proxyServerType=HTTP, password=, proxyServerAddress=, proxyServerPort=0}"/>
         <property name="platform" value="Windows 10"/>
      </properties>
      <testcase name="Test Cases/Others/Login" classname="Test Cases/Others/Login" status="PASSED">
         <system-out><![CDATA[2019-06-05 10:22:56 - [TEST_CASE][PASSED] - Test Cases/Others/Login: Test Cases/Others/Login

2019-06-05 10:22:58 - [TEST_STEP][PASSED] - openBrowser(""): Browser is opened with url: ''

2019-06-05 10:22:59 - [MESSAGE][INFO] - Starting 'Chrome' driver

2019-06-05 10:22:59 - [MESSAGE][INFO] - Action delay is set to 0 seconds

2019-06-05 10:23:05 - [MESSAGE][PASSED] - Browser is opened with url: ''

2019-06-05 10:23:05 - [TEST_STEP][PASSED] - navigateToUrl("https://psi-azcldap.unicore.com.tw/login"): Navigate to 'https://psi-azcldap.unicore.com.tw/login' successfully

2019-06-05 10:23:13 - [MESSAGE][PASSED] - Navigate to 'https://psi-azcldap.unicore.com.tw/login' successfully

2019-06-05 10:23:13 - [TEST_STEP][PASSED] - maximizeWindow(): Current window maximized

2019-06-05 10:23:14 - [MESSAGE][PASSED] - Current window maximized

2019-06-05 10:23:14 - [TEST_STEP][PASSED] - setText(findTestObject("Others/Login/ID-QWE"), "QWE"): Text 'QWE' is set on object 'Object Repository/Others/Login/ID-QWE'

2019-06-05 10:23:14 - [MESSAGE][PASSED] - Text 'QWE' is set on object 'Object Repository/Others/Login/ID-QWE'

2019-06-05 10:23:14 - [TEST_STEP][PASSED] - setEncryptedText(findTestObject("Others/Login/PW-QWE"), "5opu+sh6ATw="): Text ****** has been set on object 'Object Repository/Others/Login/PW-QWE'

2019-06-05 10:23:15 - [MESSAGE][PASSED] - Text ****** has been set on object 'Object Repository/Others/Login/PW-QWE'

2019-06-05 10:23:15 - [TEST_STEP][PASSED] - click(findTestObject("Others/Login/Login Button")): Object: 'Object Repository/Others/Login/Login Button' is clicked on

2019-06-05 10:23:15 - [MESSAGE][PASSED] - Object: 'Object Repository/Others/Login/Login Button' is clicked on

2019-06-05 10:23:15 - [TEST_STEP][PASSED] - verifyElementClickable(findTestObject("Others/Login/Verify button")): Object 'Object Repository/Others/Login/Verify button' is clickable

2019-06-05 10:23:16 - [MESSAGE][PASSED] - Object 'Object Repository/Others/Login/Verify button' is clickable]]></system-out>
         <system-err><![CDATA[]]></system-err>
      </testcase>
      <testcase name="Test Cases/2 Out/2-2 Sale Return/2-2 Sale Return-Add" classname="Test Cases/2 Out/2-2 Sale Return/2-2 Sale Return-Add" status="PASSED">
         <system-out><![CDATA[2019-06-05 10:23:16 - [TEST_CASE][PASSED] - Test Cases/2 Out/2-2 Sale Return/2-2 Sale Return-Add: Test Cases/2 Out/2-2 Sale Return/2-2 Sale Return-Add

2019-06-05 10:23:16 - [TEST_STEP][PASSED] - click(findTestObject("2 Out/2-2 Sale Return/2-2 Sale Return-add/Sale return button")): Object: 'Object Repository/2 Out/2-2 Sale Return/2-2 Sale Return-add/Sale return button' is clicked on

2019-06-05 10:23:17 - [MESSAGE][PASSED] - Object: 'Object Repository/2 Out/2-2 Sale Return/2-2 Sale Return-add/Sale return button' is clicked on

2019-06-05 10:23:17 - [TEST_STEP][PASSED] - click(findTestObject("2 Out/2-2 Sale Return/2-2 Sale Return-add/Add button")): Object: 'Object Repository/2 Out/2-2 Sale Return/2-2 Sale Return-add/Add button' is clicked on

2019-06-05 10:23:18 - [MESSAGE][PASSED] - Object: 'Object Repository/2 Out/2-2 Sale Return/2-2 Sale Return-add/Add button' is clicked on

2019-06-05 10:23:18 - [TEST_STEP][PASSED] - click(findTestObject("2 Out/2-2 Sale Return/2-2 Sale Return-add/Sale customer button")): Object: 'Object Repository/2 Out/2-2 Sale Return/2-2 Sale Return-add/Sale customer button' is clicked on

2019-06-05 10:23:19 - [MESSAGE][PASSED] - Object: 'Object Repository/2 Out/2-2 Sale Return/2-2 Sale Return-add/Sale customer button' is clicked on

2019-06-05 10:23:19 - [TEST_STEP][PASSED] - click(findTestObject("2 Out/2-2 Sale Return/2-2 Sale Return-add/Sale customer 0000")): Object: 'Object Repository/2 Out/2-2 Sale Return/2-2 Sale Return-add/Sale customer 0000' is clicked on

2019-06-05 10:23:20 - [MESSAGE][PASSED] - Object: 'Object Repository/2 Out/2-2 Sale Return/2-2 Sale Return-add/Sale customer 0000' is clicked on

2019-06-05 10:23:20 - [TEST_STEP][PASSED] - click(findTestObject("2 Out/2-2 Sale Return/2-2 Sale Return-add/Sale return date button")): Object: 'Object Repository/2 Out/2-2 Sale Return/2-2 Sale Return-add/Sale return date button' is clicked on

2019-06-05 10:23:20 - [MESSAGE][PASSED] - Object: 'Object Repository/2 Out/2-2 Sale Return/2-2 Sale Return-add/Sale return date button' is clicked on

2019-06-05 10:23:20 - [TEST_STEP][PASSED] - click(findTestObject("2 Out/2-2 Sale Return/2-2 Sale Return-add/Sale return date", ["date":today_check()])): null

2019-06-05 10:23:20 - [TEST_STEP][PASSED] - today = new java.util.Date(): null

2019-06-05 10:23:20 - [TEST_STEP][PASSED] - return today.format(d): Object: 'Object Repository/2 Out/2-2 Sale Return/2-2 Sale Return-add/Sale return date' is clicked on

2019-06-05 10:23:20 - [MESSAGE][PASSED] - Object: 'Object Repository/2 Out/2-2 Sale Return/2-2 Sale Return-add/Sale return date' is clicked on

2019-06-05 10:23:20 - [TEST_STEP][PASSED] - click(findTestObject("2 Out/2-2 Sale Return/2-2 Sale Return-add/Sale return payment button")): Object: 'Object Repository/2 Out/2-2 Sale Return/2-2 Sale Return-add/Sale return payment button' is clicked on

2019-06-05 10:23:21 - [MESSAGE][PASSED] - Object: 'Object Repository/2 Out/2-2 Sale Return/2-2 Sale Return-add/Sale return payment button' is clicked on

2019-06-05 10:23:21 - [TEST_STEP][PASSED] - selectOptionByValue(findTestObject("2 Out/2-2 Sale Return/2-2 Sale Return-add/Sale return payment select"), "1: 5", true): All options with value '1: 5' are selected in object 'Object Repository/2 Out/2-2 Sale Return/2-2 Sale Return-add/Sale return payment select'  using regular expression

2019-06-05 10:23:21 - [MESSAGE][PASSED] - All options with value '1: 5' are selected in object 'Object Repository/2 Out/2-2 Sale Return/2-2 Sale Return-add/Sale return payment select'  using regular expression

2019-06-05 10:23:21 - [TEST_STEP][PASSED] - click(findTestObject("2 Out/2-2 Sale Return/2-2 Sale Return-add/Sale return payment 1 button")): Object: 'Object Repository/2 Out/2-2 Sale Return/2-2 Sale Return-add/Sale return payment 1 button' is clicked on

2019-06-05 10:23:21 - [MESSAGE][PASSED] - Object: 'Object Repository/2 Out/2-2 Sale Return/2-2 Sale Return-add/Sale return payment 1 button' is clicked on

2019-06-05 10:23:21 - [TEST_STEP][PASSED] - click(findTestObject("2 Out/2-2 Sale Return/2-2 Sale Return-add/Sale return payment 1 next month 10", ["xxx":abc(5)])): null

2019-06-05 10:23:21 - [TEST_STEP][PASSED] - today = new java.util.Date(): null

2019-06-05 10:23:21 - [TEST_STEP][PASSED] - day1 = Date().plus(num): null

2019-06-05 10:23:21 - [TEST_STEP][PASSED] - if (day1.format("MM") > today.format("MM")): null

2019-06-05 10:23:21 - [TEST_STEP][PASSED] - else: Object: 'Object Repository/2 Out/2-2 Sale Return/2-2 Sale Return-add/Sale return payment 1 next month 10' is clicked on

2019-06-05 10:23:21 - [TEST_STEP][PASSED] - return day1.format(d): Object: 'Object Repository/2 Out/2-2 Sale Return/2-2 Sale Return-add/Sale return payment 1 next month 10' is clicked on

2019-06-05 10:23:21 - [MESSAGE][PASSED] - Object: 'Object Repository/2 Out/2-2 Sale Return/2-2 Sale Return-add/Sale return payment 1 next month 10' is clicked on

2019-06-05 10:23:21 - [TEST_STEP][PASSED] - click(findTestObject("2 Out/2-2 Sale Return/2-2 Sale Return-add/Sale return payment 2 button")): Object: 'Object Repository/2 Out/2-2 Sale Return/2-2 Sale Return-add/Sale return payment 2 button' is clicked on

2019-06-05 10:23:22 - [MESSAGE][PASSED] - Object: 'Object Repository/2 Out/2-2 Sale Return/2-2 Sale Return-add/Sale return payment 2 button' is clicked on

2019-06-05 10:23:22 - [TEST_STEP][PASSED] - click(findTestObject("2 Out/2-2 Sale Return/2-2 Sale Return-add/Sale return payment 2 next month 15", ["xxx":abc(10)])): null

2019-06-05 10:23:22 - [TEST_STEP][PASSED] - today = new java.util.Date(): null

2019-06-05 10:23:22 - [TEST_STEP][PASSED] - day1 = Date().plus(num): null

2019-06-05 10:23:22 - [TEST_STEP][PASSED] - if (day1.format("MM") > today.format("MM")): null

2019-06-05 10:23:22 - [TEST_STEP][PASSED] - else: Object: 'Object Repository/2 Out/2-2 Sale Return/2-2 Sale Return-add/Sale return payment 2 next month 15' is clicked on

2019-06-05 10:23:22 - [TEST_STEP][PASSED] - return day1.format(d): Object: 'Object Repository/2 Out/2-2 Sale Return/2-2 Sale Return-add/Sale return payment 2 next month 15' is clicked on

2019-06-05 10:23:22 - [MESSAGE][PASSED] - Object: 'Object Repository/2 Out/2-2 Sale Return/2-2 Sale Return-add/Sale return payment 2 next month 15' is clicked on

2019-06-05 10:23:22 - [TEST_STEP][PASSED] - click(findTestObject("2 Out/2-2 Sale Return/2-2 Sale Return-add/Sale return payment 3 button")): Object: 'Object Repository/2 Out/2-2 Sale Return/2-2 Sale Return-add/Sale return payment 3 button' is clicked on

2019-06-05 10:23:22 - [MESSAGE][PASSED] - Object: 'Object Repository/2 Out/2-2 Sale Return/2-2 Sale Return-add/Sale return payment 3 button' is clicked on

2019-06-05 10:23:22 - [TEST_STEP][PASSED] - click(findTestObject("2 Out/2-2 Sale Return/2-2 Sale Return-add/Sale return payment 3 next month 20", ["xxx":abc(15)])): null

2019-06-05 10:23:22 - [TEST_STEP][PASSED] - today = new java.util.Date(): null

2019-06-05 10:23:22 - [TEST_STEP][PASSED] - day1 = Date().plus(num): null

2019-06-05 10:23:22 - [TEST_STEP][PASSED] - if (day1.format("MM") > today.format("MM")): null

2019-06-05 10:23:22 - [TEST_STEP][PASSED] - else: Object: 'Object Repository/2 Out/2-2 Sale Return/2-2 Sale Return-add/Sale return payment 3 next month 20' is clicked on

2019-06-05 10:23:22 - [TEST_STEP][PASSED] - return day1.format(d): Object: 'Object Repository/2 Out/2-2 Sale Return/2-2 Sale Return-add/Sale return payment 3 next month 20' is clicked on

2019-06-05 10:23:22 - [MESSAGE][PASSED] - Object: 'Object Repository/2 Out/2-2 Sale Return/2-2 Sale Return-add/Sale return payment 3 next month 20' is clicked on

2019-06-05 10:23:22 - [TEST_STEP][PASSED] - click(findTestObject("2 Out/2-2 Sale Return/2-2 Sale Return-add/Sale return invoice button")): Object: 'Object Repository/2 Out/2-2 Sale Return/2-2 Sale Return-add/Sale return invoice button' is clicked on

2019-06-05 10:23:22 - [MESSAGE][PASSED] - Object: 'Object Repository/2 Out/2-2 Sale Return/2-2 Sale Return-add/Sale return invoice button' is clicked on

2019-06-05 10:23:22 - [TEST_STEP][PASSED] - selectOptionByValue(findTestObject("2 Out/2-2 Sale Return/2-2 Sale Return-add/Sale return invoice select"), "1: 2", true): All options with value '1: 2' are selected in object 'Object Repository/2 Out/2-2 Sale Return/2-2 Sale Return-add/Sale return invoice select'  using regular expression

2019-06-05 10:23:22 - [MESSAGE][PASSED] - All options with value '1: 2' are selected in object 'Object Repository/2 Out/2-2 Sale Return/2-2 Sale Return-add/Sale return invoice select'  using regular expression

2019-06-05 10:23:22 - [TEST_STEP][PASSED] - setText(findTestObject("2 Out/2-2 Sale Return/2-2 Sale Return-add/Sale return invoice number"), Invoice_number): Text 'AB-12345678' is set on object 'Object Repository/2 Out/2-2 Sale Return/2-2 Sale Return-add/Sale return invoice number'

2019-06-05 10:23:23 - [MESSAGE][PASSED] - Text 'AB-12345678' is set on object 'Object Repository/2 Out/2-2 Sale Return/2-2 Sale Return-add/Sale return invoice number'

2019-06-05 10:23:23 - [TEST_STEP][PASSED] - click(findTestObject("2 Out/2-2 Sale Return/2-2 Sale Return-add/Sale return employee button")): Object: 'Object Repository/2 Out/2-2 Sale Return/2-2 Sale Return-add/Sale return employee button' is clicked on

2019-06-05 10:23:23 - [MESSAGE][PASSED] - Object: 'Object Repository/2 Out/2-2 Sale Return/2-2 Sale Return-add/Sale return employee button' is clicked on

2019-06-05 10:23:23 - [TEST_STEP][PASSED] - click(findTestObject("2 Out/2-2 Sale Return/2-2 Sale Return-add/Sale return employee 0000")): Object: 'Object Repository/2 Out/2-2 Sale Return/2-2 Sale Return-add/Sale return employee 0000' is clicked on

2019-06-05 10:23:23 - [MESSAGE][PASSED] - Object: 'Object Repository/2 Out/2-2 Sale Return/2-2 Sale Return-add/Sale return employee 0000' is clicked on

2019-06-05 10:23:23 - [TEST_STEP][PASSED] - setText(findTestObject("2 Out/2-2 Sale Return/2-2 Sale Return-add/Sale return bill number"), "88888888"): Text '88888888' is set on object 'Object Repository/2 Out/2-2 Sale Return/2-2 Sale Return-add/Sale return bill number'

2019-06-05 10:23:24 - [MESSAGE][PASSED] - Text '88888888' is set on object 'Object Repository/2 Out/2-2 Sale Return/2-2 Sale Return-add/Sale return bill number'

2019-06-05 10:23:24 - [TEST_STEP][PASSED] - click(findTestObject("2 Out/2-2 Sale Return/2-2 Sale Return-add/Sale return tax button")): Object: 'Object Repository/2 Out/2-2 Sale Return/2-2 Sale Return-add/Sale return tax button' is clicked on

2019-06-05 10:23:24 - [MESSAGE][PASSED] - Object: 'Object Repository/2 Out/2-2 Sale Return/2-2 Sale Return-add/Sale return tax button' is clicked on

2019-06-05 10:23:24 - [TEST_STEP][PASSED] - selectOptionByValue(findTestObject("2 Out/2-2 Sale Return/2-2 Sale Return-add/Sale return tax select"), "1: 2", true): All options with value '1: 2' are selected in object 'Object Repository/2 Out/2-2 Sale Return/2-2 Sale Return-add/Sale return tax select'  using regular expression

2019-06-05 10:23:24 - [MESSAGE][PASSED] - All options with value '1: 2' are selected in object 'Object Repository/2 Out/2-2 Sale Return/2-2 Sale Return-add/Sale return tax select'  using regular expression

2019-06-05 10:23:24 - [TEST_STEP][PASSED] - setText(findTestObject("2 Out/2-2 Sale Return/2-2 Sale Return-add/Sale return note"), time()): null

2019-06-05 10:23:24 - [TEST_STEP][PASSED] - date = new java.util.Date(): null

2019-06-05 10:23:24 - [TEST_STEP][PASSED] - sdf = new java.text.SimpleDateFormat(yyyyMMddHHmm): null

2019-06-05 10:23:24 - [TEST_STEP][PASSED] - Time = Note + sdf.format(date): null

2019-06-05 10:23:24 - [TEST_STEP][PASSED] - return internal.GlobalVariable.Time: Text 'Testing201906051023' is set on object 'Object Repository/2 Out/2-2 Sale Return/2-2 Sale Return-add/Sale return note'

2019-06-05 10:23:24 - [MESSAGE][PASSED] - Text 'Testing201906051023' is set on object 'Object Repository/2 Out/2-2 Sale Return/2-2 Sale Return-add/Sale return note'

2019-06-05 10:23:24 - [TEST_STEP][PASSED] - click(findTestObject("2 Out/2-2 Sale Return/2-2 Sale Return-add/Item add button")): Object: 'Object Repository/2 Out/2-2 Sale Return/2-2 Sale Return-add/Item add button' is clicked on

2019-06-05 10:23:24 - [MESSAGE][PASSED] - Object: 'Object Repository/2 Out/2-2 Sale Return/2-2 Sale Return-add/Item add button' is clicked on

2019-06-05 10:23:24 - [TEST_STEP][PASSED] - click(findTestObject("2 Out/2-2 Sale Return/2-2 Sale Return-add/Item good")): Object: 'Object Repository/2 Out/2-2 Sale Return/2-2 Sale Return-add/Item good' is clicked on

2019-06-05 10:23:25 - [MESSAGE][PASSED] - Object: 'Object Repository/2 Out/2-2 Sale Return/2-2 Sale Return-add/Item good' is clicked on

2019-06-05 10:23:25 - [TEST_STEP][PASSED] - setText(findTestObject("2 Out/2-2 Sale Return/2-2 Sale Return-add/Item number"), "2"): Text '2' is set on object 'Object Repository/2 Out/2-2 Sale Return/2-2 Sale Return-add/Item number'

2019-06-05 10:23:25 - [MESSAGE][PASSED] - Text '2' is set on object 'Object Repository/2 Out/2-2 Sale Return/2-2 Sale Return-add/Item number'

2019-06-05 10:23:25 - [TEST_STEP][PASSED] - setText(findTestObject("2 Out/2-2 Sale Return/2-2 Sale Return-add/Item price"), "300"): Text '300' is set on object 'Object Repository/2 Out/2-2 Sale Return/2-2 Sale Return-add/Item price'

2019-06-05 10:23:25 - [MESSAGE][PASSED] - Text '300' is set on object 'Object Repository/2 Out/2-2 Sale Return/2-2 Sale Return-add/Item price'

2019-06-05 10:23:25 - [TEST_STEP][PASSED] - setText(findTestObject("2 Out/2-2 Sale Return/2-2 Sale Return-add/Item total price"), "600"): Text '600' is set on object 'Object Repository/2 Out/2-2 Sale Return/2-2 Sale Return-add/Item total price'

2019-06-05 10:23:26 - [MESSAGE][PASSED] - Text '600' is set on object 'Object Repository/2 Out/2-2 Sale Return/2-2 Sale Return-add/Item total price'

2019-06-05 10:23:26 - [TEST_STEP][PASSED] - click(findTestObject("2 Out/2-2 Sale Return/2-2 Sale Return-add/Item warehouse button")): Object: 'Object Repository/2 Out/2-2 Sale Return/2-2 Sale Return-add/Item warehouse button' is clicked on

2019-06-05 10:23:26 - [MESSAGE][PASSED] - Object: 'Object Repository/2 Out/2-2 Sale Return/2-2 Sale Return-add/Item warehouse button' is clicked on

2019-06-05 10:23:26 - [TEST_STEP][PASSED] - click(findTestObject("2 Out/2-2 Sale Return/2-2 Sale Return-add/Item warehouse")): Object: 'Object Repository/2 Out/2-2 Sale Return/2-2 Sale Return-add/Item warehouse' is clicked on

2019-06-05 10:23:26 - [MESSAGE][PASSED] - Object: 'Object Repository/2 Out/2-2 Sale Return/2-2 Sale Return-add/Item warehouse' is clicked on

2019-06-05 10:23:26 - [TEST_STEP][PASSED] - setText(findTestObject("2 Out/2-2 Sale Return/2-2 Sale Return-add/Item tax"), "30"): Text '30' is set on object 'Object Repository/2 Out/2-2 Sale Return/2-2 Sale Return-add/Item tax'

2019-06-05 10:23:26 - [MESSAGE][PASSED] - Text '30' is set on object 'Object Repository/2 Out/2-2 Sale Return/2-2 Sale Return-add/Item tax'

2019-06-05 10:23:26 - [TEST_STEP][PASSED] - click(findTestObject("2 Out/2-2 Sale Return/2-2 Sale Return-add/Sale return save")): Object: 'Object Repository/2 Out/2-2 Sale Return/2-2 Sale Return-add/Sale return save' is clicked on

2019-06-05 10:23:27 - [MESSAGE][PASSED] - Object: 'Object Repository/2 Out/2-2 Sale Return/2-2 Sale Return-add/Sale return save' is clicked on]]></system-out>
         <system-err><![CDATA[]]></system-err>
      </testcase>
      <testcase name="Test Cases/Others/Accept and verify" classname="Test Cases/Others/Accept and verify" status="PASSED">
         <system-out><![CDATA[2019-06-05 10:23:27 - [TEST_CASE][PASSED] - Test Cases/Others/Accept and verify: Test Cases/Others/Accept and verify

2019-06-05 10:23:27 - [TEST_STEP][PASSED] - delay(1): Delayed 1 second(s)

2019-06-05 10:23:28 - [MESSAGE][PASSED] - Delayed 1 second(s)

2019-06-05 10:23:28 - [TEST_STEP][PASSED] - waitForAlert(5): Alert is present after 5 second(s).

2019-06-05 10:23:28 - [MESSAGE][PASSED] - Alert is present after 5 second(s).

2019-06-05 10:23:28 - [TEST_STEP][PASSED] - acceptAlert(): Alert accepted

2019-06-05 10:23:28 - [MESSAGE][PASSED] - Alert accepted

2019-06-05 10:23:28 - [TEST_STEP][PASSED] - verifyElementClickable(findTestObject("Others/Accept and verify/Verify button")): Object 'Object Repository/Others/Accept and verify/Verify button' is clickable

2019-06-05 10:23:28 - [MESSAGE][PASSED] - Object 'Object Repository/Others/Accept and verify/Verify button' is clickable]]></system-out>
         <system-err><![CDATA[]]></system-err>
      </testcase>
      <testcase name="Test Cases/2 Out/2-2 Sale Return/2-2 Sale Return-Edit" classname="Test Cases/2 Out/2-2 Sale Return/2-2 Sale Return-Edit" status="PASSED">
         <system-out><![CDATA[2019-06-05 10:23:28 - [TEST_CASE][PASSED] - Test Cases/2 Out/2-2 Sale Return/2-2 Sale Return-Edit: Test Cases/2 Out/2-2 Sale Return/2-2 Sale Return-Edit

2019-06-05 10:23:28 - [TEST_STEP][PASSED] - click(findTestObject("Object Repository/2 Out/2-2 Sale Return/2-2 Sale Return-edit/Sort by number")): Object: 'Object Repository/2 Out/2-2 Sale Return/2-2 Sale Return-edit/Sort by number' is clicked on

2019-06-05 10:23:28 - [MESSAGE][PASSED] - Object: 'Object Repository/2 Out/2-2 Sale Return/2-2 Sale Return-edit/Sort by number' is clicked on

2019-06-05 10:23:28 - [TEST_STEP][PASSED] - click(findTestObject("Object Repository/2 Out/2-2 Sale Return/2-2 Sale Return-edit/Sort by number")): Object: 'Object Repository/2 Out/2-2 Sale Return/2-2 Sale Return-edit/Sort by number' is clicked on

2019-06-05 10:23:28 - [MESSAGE][PASSED] - Object: 'Object Repository/2 Out/2-2 Sale Return/2-2 Sale Return-edit/Sort by number' is clicked on

2019-06-05 10:23:28 - [TEST_STEP][PASSED] - XXX = Time: null

2019-06-05 10:23:28 - [TEST_STEP][PASSED] - click(findTestObject("Object Repository/2 Out/2-2 Sale Return/2-2 Sale Return-edit/Select by note", ["xxx":XXX])): Object: 'Object Repository/2 Out/2-2 Sale Return/2-2 Sale Return-edit/Select by note' is clicked on

2019-06-05 10:23:28 - [MESSAGE][PASSED] - Object: 'Object Repository/2 Out/2-2 Sale Return/2-2 Sale Return-edit/Select by note' is clicked on

2019-06-05 10:23:28 - [TEST_STEP][PASSED] - click(findTestObject("Object Repository/2 Out/2-2 Sale Return/2-2 Sale Return-edit/Edit button")): Object: 'Object Repository/2 Out/2-2 Sale Return/2-2 Sale Return-edit/Edit button' is clicked on

2019-06-05 10:23:28 - [MESSAGE][PASSED] - Object: 'Object Repository/2 Out/2-2 Sale Return/2-2 Sale Return-edit/Edit button' is clicked on

2019-06-05 10:23:28 - [TEST_STEP][PASSED] - click(findTestObject("Object Repository/2 Out/2-2 Sale Return/2-2 Sale Return-edit/New item button")): Object: 'Object Repository/2 Out/2-2 Sale Return/2-2 Sale Return-edit/New item button' is clicked on

2019-06-05 10:23:28 - [MESSAGE][PASSED] - Object: 'Object Repository/2 Out/2-2 Sale Return/2-2 Sale Return-edit/New item button' is clicked on

2019-06-05 10:23:28 - [TEST_STEP][PASSED] - click(findTestObject("Object Repository/2 Out/2-2 Sale Return/2-2 Sale Return-edit/Select new item")): Object: 'Object Repository/2 Out/2-2 Sale Return/2-2 Sale Return-edit/Select new item' is clicked on

2019-06-05 10:23:29 - [MESSAGE][PASSED] - Object: 'Object Repository/2 Out/2-2 Sale Return/2-2 Sale Return-edit/Select new item' is clicked on

2019-06-05 10:23:29 - [TEST_STEP][PASSED] - setText(findTestObject("2 Out/2-2 Sale Return/2-2 Sale Return-edit/Item number"), "5"): Text '5' is set on object 'Object Repository/2 Out/2-2 Sale Return/2-2 Sale Return-edit/Item number'

2019-06-05 10:23:30 - [MESSAGE][PASSED] - Text '5' is set on object 'Object Repository/2 Out/2-2 Sale Return/2-2 Sale Return-edit/Item number'

2019-06-05 10:23:30 - [TEST_STEP][PASSED] - setText(findTestObject("2 Out/2-2 Sale Return/2-2 Sale Return-edit/Item price"), "1"): Text '1' is set on object 'Object Repository/2 Out/2-2 Sale Return/2-2 Sale Return-edit/Item price'

2019-06-05 10:23:30 - [MESSAGE][PASSED] - Text '1' is set on object 'Object Repository/2 Out/2-2 Sale Return/2-2 Sale Return-edit/Item price'

2019-06-05 10:23:30 - [TEST_STEP][PASSED] - setText(findTestObject("2 Out/2-2 Sale Return/2-2 Sale Return-edit/Item total price"), "5"): Text '5' is set on object 'Object Repository/2 Out/2-2 Sale Return/2-2 Sale Return-edit/Item total price'

2019-06-05 10:23:30 - [MESSAGE][PASSED] - Text '5' is set on object 'Object Repository/2 Out/2-2 Sale Return/2-2 Sale Return-edit/Item total price'

2019-06-05 10:23:30 - [TEST_STEP][PASSED] - click(findTestObject("2 Out/2-2 Sale Return/2-2 Sale Return-edit/Item warehouse button")): Object: 'Object Repository/2 Out/2-2 Sale Return/2-2 Sale Return-edit/Item warehouse button' is clicked on

2019-06-05 10:23:31 - [MESSAGE][PASSED] - Object: 'Object Repository/2 Out/2-2 Sale Return/2-2 Sale Return-edit/Item warehouse button' is clicked on

2019-06-05 10:23:31 - [TEST_STEP][PASSED] - click(findTestObject("Object Repository/2 Out/2-2 Sale Return/2-2 Sale Return-edit/Select warehouse")): Object: 'Object Repository/2 Out/2-2 Sale Return/2-2 Sale Return-edit/Select warehouse' is clicked on

2019-06-05 10:23:31 - [MESSAGE][PASSED] - Object: 'Object Repository/2 Out/2-2 Sale Return/2-2 Sale Return-edit/Select warehouse' is clicked on

2019-06-05 10:23:31 - [TEST_STEP][PASSED] - click(findTestObject("Object Repository/2 Out/2-2 Sale Return/2-2 Sale Return-edit/Save button")): Object: 'Object Repository/2 Out/2-2 Sale Return/2-2 Sale Return-edit/Save button' is clicked on

2019-06-05 10:23:32 - [MESSAGE][PASSED] - Object: 'Object Repository/2 Out/2-2 Sale Return/2-2 Sale Return-edit/Save button' is clicked on]]></system-out>
         <system-err><![CDATA[]]></system-err>
      </testcase>
      <testcase name="Test Cases/Others/Accept and verify" classname="Test Cases/Others/Accept and verify" status="PASSED">
         <system-out><![CDATA[2019-06-05 10:23:32 - [TEST_CASE][PASSED] - Test Cases/Others/Accept and verify: Test Cases/Others/Accept and verify

2019-06-05 10:23:32 - [TEST_STEP][PASSED] - delay(1): Delayed 1 second(s)

2019-06-05 10:23:33 - [MESSAGE][PASSED] - Delayed 1 second(s)

2019-06-05 10:23:33 - [TEST_STEP][PASSED] - waitForAlert(5): Alert is present after 5 second(s).

2019-06-05 10:23:33 - [MESSAGE][PASSED] - Alert is present after 5 second(s).

2019-06-05 10:23:33 - [TEST_STEP][PASSED] - acceptAlert(): Alert accepted

2019-06-05 10:23:33 - [MESSAGE][PASSED] - Alert accepted

2019-06-05 10:23:33 - [TEST_STEP][PASSED] - verifyElementClickable(findTestObject("Others/Accept and verify/Verify button")): Object 'Object Repository/Others/Accept and verify/Verify button' is clickable

2019-06-05 10:23:33 - [MESSAGE][PASSED] - Object 'Object Repository/Others/Accept and verify/Verify button' is clickable]]></system-out>
         <system-err><![CDATA[]]></system-err>
      </testcase>
      <system-out><![CDATA[2019-06-05 10:22:55 - [TEST_SUITE][PASSED] - 2-2 Sale return Test Suite: Test Cases/Others/Accept and verify]]></system-out>
      <system-err><![CDATA[]]></system-err>
   </testsuite>
</testsuites>
