<?xml version="1.0" encoding="UTF-8"?>
<testsuites name="3-1 Stock Take Test Suite" time="17" tests="4" failures="0" errors="0">
   <testsuite name="3-1 Stock Take Test Suite" tests="4" failures="0" errors="0" time="17" timestamp="2019-05-30 10:26:53" hostname="KennyIC_Chen - Larry_Chen.compal.com" id="Test Suites/3-1 Stock Take Test Suite">
      <properties>
         <property name="deviceName" value=""/>
         <property name="devicePlatform" value=""/>
         <property name="logFolder" value="D:\\Kenny\\D\\Katalon Studio\\PSI\\PSItest\\Reports\\3-1 Stock Take Test Suite\\20190530_102651"/>
         <property name="logFiles" value="D:\\Kenny\\D\\Katalon Studio\\PSI\\PSItest\\Reports\\3-1 Stock Take Test Suite\\20190530_102651\\execution0.log"/>
         <property name="attachments" value=""/>
         <property name="hostName" value="KennyIC_Chen - Larry_Chen.compal.com"/>
         <property name="os" value="Windows 10 64bit"/>
         <property name="katalonVersion" value="5.10.1.1"/>
         <property name="browser" value="Chrome 74.0.3729.169"/>
         <property name="hostAddress" value="10.109.102.145"/>
         <property name="sessionId" value="2dcdce882feb58201f2b7ba7590b39ca"/>
         <property name="seleniumVersion" value="3.7.1"/>
         <property name="proxyInformation" value="ProxyInformation{proxyOption=NO_PROXY, proxyServerType=HTTP, password=, proxyServerAddress=, proxyServerPort=0}"/>
         <property name="platform" value="Windows 10"/>
      </properties>
      <testcase name="Test Cases/Others/Login" classname="Test Cases/Others/Login" status="PASSED">
         <system-out><![CDATA[2019-05-30 10:26:53 - [TEST_CASE][PASSED] - Test Cases/Others/Login: Test Cases/Others/Login

2019-05-30 10:26:53 - [TEST_STEP][PASSED] - openBrowser(""): Browser is opened with url: ''

2019-05-30 10:26:53 - [MESSAGE][INFO] - Starting 'Chrome' driver

2019-05-30 10:26:53 - [MESSAGE][INFO] - Action delay is set to 0 seconds

2019-05-30 10:26:56 - [MESSAGE][PASSED] - Browser is opened with url: ''

2019-05-30 10:26:56 - [TEST_STEP][PASSED] - navigateToUrl("https://psi-azcldap.unicore.com.tw/login"): Navigate to 'https://psi-azcldap.unicore.com.tw/login' successfully

2019-05-30 10:26:59 - [MESSAGE][PASSED] - Navigate to 'https://psi-azcldap.unicore.com.tw/login' successfully

2019-05-30 10:26:59 - [TEST_STEP][PASSED] - maximizeWindow(): Current window maximized

2019-05-30 10:27:00 - [MESSAGE][PASSED] - Current window maximized

2019-05-30 10:27:00 - [TEST_STEP][PASSED] - setText(findTestObject("Others/Login/ID-QWE"), "QWE"): Text 'QWE' is set on object 'Object Repository/Others/Login/ID-QWE'

2019-05-30 10:27:01 - [MESSAGE][PASSED] - Text 'QWE' is set on object 'Object Repository/Others/Login/ID-QWE'

2019-05-30 10:27:01 - [TEST_STEP][PASSED] - setEncryptedText(findTestObject("Others/Login/PW-QWE"), "5opu+sh6ATw="): Text ****** has been set on object 'Object Repository/Others/Login/PW-QWE'

2019-05-30 10:27:01 - [MESSAGE][PASSED] - Text ****** has been set on object 'Object Repository/Others/Login/PW-QWE'

2019-05-30 10:27:01 - [TEST_STEP][PASSED] - click(findTestObject("Others/Login/Login Button")): Object: 'Object Repository/Others/Login/Login Button' is clicked on

2019-05-30 10:27:01 - [MESSAGE][PASSED] - Object: 'Object Repository/Others/Login/Login Button' is clicked on

2019-05-30 10:27:01 - [TEST_STEP][PASSED] - verifyElementClickable(findTestObject("Others/Login/Verify button")): Object 'Object Repository/Others/Login/Verify button' is clickable

2019-05-30 10:27:01 - [MESSAGE][PASSED] - Object 'Object Repository/Others/Login/Verify button' is clickable]]></system-out>
         <system-err><![CDATA[]]></system-err>
      </testcase>
      <testcase name="Test Cases/3 Stock/3-1 Stock Take/3-1 Stock Take-add" classname="Test Cases/3 Stock/3-1 Stock Take/3-1 Stock Take-add" status="PASSED">
         <system-out><![CDATA[2019-05-30 10:27:01 - [TEST_CASE][PASSED] - Test Cases/3 Stock/3-1 Stock Take/3-1 Stock Take-add: Test Cases/3 Stock/3-1 Stock Take/3-1 Stock Take-add

2019-05-30 10:27:02 - [TEST_STEP][PASSED] - click(findTestObject("3 Stock/3-1 Stock take/3-1 Stock take - add/Stock take button")): Object: 'Object Repository/3 Stock/3-1 Stock take/3-1 Stock take - add/Stock take button' is clicked on

2019-05-30 10:27:02 - [MESSAGE][PASSED] - Object: 'Object Repository/3 Stock/3-1 Stock take/3-1 Stock take - add/Stock take button' is clicked on

2019-05-30 10:27:02 - [TEST_STEP][PASSED] - click(findTestObject("3 Stock/3-1 Stock take/3-1 Stock take - add/Add button")): Object: 'Object Repository/3 Stock/3-1 Stock take/3-1 Stock take - add/Add button' is clicked on

2019-05-30 10:27:02 - [MESSAGE][PASSED] - Object: 'Object Repository/3 Stock/3-1 Stock take/3-1 Stock take - add/Add button' is clicked on

2019-05-30 10:27:02 - [TEST_STEP][PASSED] - click(findTestObject("3 Stock/3-1 Stock take/3-1 Stock take - add/Stock take date")): Object: 'Object Repository/3 Stock/3-1 Stock take/3-1 Stock take - add/Stock take date' is clicked on

2019-05-30 10:27:02 - [MESSAGE][PASSED] - Object: 'Object Repository/3 Stock/3-1 Stock take/3-1 Stock take - add/Stock take date' is clicked on

2019-05-30 10:27:02 - [TEST_STEP][PASSED] - click(findTestObject("3 Stock/3-1 Stock take/3-1 Stock take - add/Date 18", ["date":today_check()])): null

2019-05-30 10:27:02 - [TEST_STEP][PASSED] - today = new java.util.Date(): null

2019-05-30 10:27:02 - [TEST_STEP][PASSED] - return today.format(d): Object: 'Object Repository/3 Stock/3-1 Stock take/3-1 Stock take - add/Date 18' is clicked on

2019-05-30 10:27:02 - [MESSAGE][PASSED] - Object: 'Object Repository/3 Stock/3-1 Stock take/3-1 Stock take - add/Date 18' is clicked on

2019-05-30 10:27:02 - [TEST_STEP][PASSED] - click(findTestObject("3 Stock/3-1 Stock take/3-1 Stock take - add/Employee button")): Object: 'Object Repository/3 Stock/3-1 Stock take/3-1 Stock take - add/Employee button' is clicked on

2019-05-30 10:27:02 - [MESSAGE][PASSED] - Object: 'Object Repository/3 Stock/3-1 Stock take/3-1 Stock take - add/Employee button' is clicked on

2019-05-30 10:27:02 - [TEST_STEP][PASSED] - click(findTestObject("3 Stock/3-1 Stock take/3-1 Stock take - add/Employee Larry")): Object: 'Object Repository/3 Stock/3-1 Stock take/3-1 Stock take - add/Employee Larry' is clicked on

2019-05-30 10:27:03 - [MESSAGE][PASSED] - Object: 'Object Repository/3 Stock/3-1 Stock take/3-1 Stock take - add/Employee Larry' is clicked on

2019-05-30 10:27:03 - [TEST_STEP][PASSED] - click(findTestObject("3 Stock/3-1 Stock take/3-1 Stock take - add/Warehouse button")): Object: 'Object Repository/3 Stock/3-1 Stock take/3-1 Stock take - add/Warehouse button' is clicked on

2019-05-30 10:27:03 - [MESSAGE][PASSED] - Object: 'Object Repository/3 Stock/3-1 Stock take/3-1 Stock take - add/Warehouse button' is clicked on

2019-05-30 10:27:03 - [TEST_STEP][PASSED] - click(findTestObject("3 Stock/3-1 Stock take/3-1 Stock take - add/Warehouse 111")): Object: 'Object Repository/3 Stock/3-1 Stock take/3-1 Stock take - add/Warehouse 111' is clicked on

2019-05-30 10:27:04 - [MESSAGE][PASSED] - Object: 'Object Repository/3 Stock/3-1 Stock take/3-1 Stock take - add/Warehouse 111' is clicked on

2019-05-30 10:27:04 - [TEST_STEP][PASSED] - click(findTestObject("3 Stock/3-1 Stock take/3-1 Stock take - add/Class button")): Object: 'Object Repository/3 Stock/3-1 Stock take/3-1 Stock take - add/Class button' is clicked on

2019-05-30 10:27:04 - [MESSAGE][PASSED] - Object: 'Object Repository/3 Stock/3-1 Stock take/3-1 Stock take - add/Class button' is clicked on

2019-05-30 10:27:04 - [TEST_STEP][PASSED] - click(findTestObject("3 Stock/3-1 Stock take/3-1 Stock take - add/Class IPAD")): Object: 'Object Repository/3 Stock/3-1 Stock take/3-1 Stock take - add/Class IPAD' is clicked on

2019-05-30 10:27:04 - [MESSAGE][PASSED] - Object: 'Object Repository/3 Stock/3-1 Stock take/3-1 Stock take - add/Class IPAD' is clicked on

2019-05-30 10:27:04 - [TEST_STEP][PASSED] - click(findTestObject("3 Stock/3-1 Stock take/3-1 Stock take - add/Class ok button")): Object: 'Object Repository/3 Stock/3-1 Stock take/3-1 Stock take - add/Class ok button' is clicked on

2019-05-30 10:27:04 - [MESSAGE][PASSED] - Object: 'Object Repository/3 Stock/3-1 Stock take/3-1 Stock take - add/Class ok button' is clicked on

2019-05-30 10:27:04 - [TEST_STEP][PASSED] - setText(findTestObject("3 Stock/3-1 Stock take/3-1 Stock take - add/Note"), time()): null

2019-05-30 10:27:04 - [TEST_STEP][PASSED] - date = new java.util.Date(): null

2019-05-30 10:27:04 - [TEST_STEP][PASSED] - sdf = new java.text.SimpleDateFormat(yyyyMMddHHmm): null

2019-05-30 10:27:04 - [TEST_STEP][PASSED] - Time = Note + sdf.format(date): null

2019-05-30 10:27:04 - [TEST_STEP][PASSED] - return (internal.GlobalVariable.Note + sdf.format(date)): Text 'Testing201905301027' is set on object 'Object Repository/3 Stock/3-1 Stock take/3-1 Stock take - add/Note'

2019-05-30 10:27:05 - [MESSAGE][PASSED] - Text 'Testing201905301027' is set on object 'Object Repository/3 Stock/3-1 Stock take/3-1 Stock take - add/Note'

2019-05-30 10:27:05 - [TEST_STEP][PASSED] - qqq = <not implemented yet for class: org.codehaus.groovy.ast.expr.EmptyExpression>: null

2019-05-30 10:27:05 - [TEST_STEP][PASSED] - qqq = getAttribute(findTestObject("3 Stock/3-1 Stock take/3-1 Stock take - add/Stock number"), "value"): Attribute 'value' of object 'Object Repository/3 Stock/3-1 Stock take/3-1 Stock take - add/Stock number' is: '-1,873'

2019-05-30 10:27:05 - [MESSAGE][PASSED] - Attribute 'value' of object 'Object Repository/3 Stock/3-1 Stock take/3-1 Stock take - add/Stock number' is: '-1,873'

2019-05-30 10:27:05 - [TEST_STEP][PASSED] - qqq = qqq.replaceAll(",", ""): null

2019-05-30 10:27:05 - [TEST_STEP][PASSED] - kkk = qqq.toInteger(): null

2019-05-30 10:27:05 - [TEST_STEP][PASSED] - kkk = kkk - 10: null

2019-05-30 10:27:05 - [TEST_STEP][PASSED] - sendKeys(findTestObject("3 Stock/3-1 Stock take/3-1 Stock take - add/Stock number"), Keys.chord(CONTROL, "a")): Keys 'CONTROL + a' sent to object: 'Object Repository/3 Stock/3-1 Stock take/3-1 Stock take - add/Stock number'

2019-05-30 10:27:05 - [MESSAGE][PASSED] - Keys 'CONTROL + a' sent to object: 'Object Repository/3 Stock/3-1 Stock take/3-1 Stock take - add/Stock number'

2019-05-30 10:27:05 - [TEST_STEP][PASSED] - sendKeys(findTestObject("3 Stock/3-1 Stock take/3-1 Stock take - add/Stock number"), Keys.chord(DELETE)): Keys 'DELETE + ' sent to object: 'Object Repository/3 Stock/3-1 Stock take/3-1 Stock take - add/Stock number'

2019-05-30 10:27:05 - [MESSAGE][PASSED] - Keys 'DELETE + ' sent to object: 'Object Repository/3 Stock/3-1 Stock take/3-1 Stock take - add/Stock number'

2019-05-30 10:27:05 - [TEST_STEP][PASSED] - sendKeys(findTestObject("3 Stock/3-1 Stock take/3-1 Stock take - add/Stock number"), kkk.toString()): Keys '-1883' sent to object: 'Object Repository/3 Stock/3-1 Stock take/3-1 Stock take - add/Stock number'

2019-05-30 10:27:05 - [MESSAGE][PASSED] - Keys '-1883' sent to object: 'Object Repository/3 Stock/3-1 Stock take/3-1 Stock take - add/Stock number'

2019-05-30 10:27:05 - [TEST_STEP][PASSED] - selectOptionByValue(findTestObject("3 Stock/3-1 Stock take/3-1 Stock take - add/Stock take done"), "Y", true): All options with value 'Y' are selected in object 'Object Repository/3 Stock/3-1 Stock take/3-1 Stock take - add/Stock take done'  using regular expression

2019-05-30 10:27:05 - [MESSAGE][PASSED] - All options with value 'Y' are selected in object 'Object Repository/3 Stock/3-1 Stock take/3-1 Stock take - add/Stock take done'  using regular expression

2019-05-30 10:27:05 - [TEST_STEP][PASSED] - setText(findTestObject("3 Stock/3-1 Stock take/3-1 Stock take - add/Stock take IPAD note"), "-10"): Text '-10' is set on object 'Object Repository/3 Stock/3-1 Stock take/3-1 Stock take - add/Stock take IPAD note'

2019-05-30 10:27:05 - [MESSAGE][PASSED] - Text '-10' is set on object 'Object Repository/3 Stock/3-1 Stock take/3-1 Stock take - add/Stock take IPAD note'

2019-05-30 10:27:05 - [TEST_STEP][PASSED] - selectOptionByValue(findTestObject("3 Stock/3-1 Stock take/3-1 Stock take - add/Done select"), "Y", true): All options with value 'Y' are selected in object 'Object Repository/3 Stock/3-1 Stock take/3-1 Stock take - add/Done select'  using regular expression

2019-05-30 10:27:05 - [MESSAGE][PASSED] - All options with value 'Y' are selected in object 'Object Repository/3 Stock/3-1 Stock take/3-1 Stock take - add/Done select'  using regular expression

2019-05-30 10:27:05 - [TEST_STEP][PASSED] - click(findTestObject("3 Stock/3-1 Stock take/3-1 Stock take - add/Done")): Object: 'Object Repository/3 Stock/3-1 Stock take/3-1 Stock take - add/Done' is clicked on

2019-05-30 10:27:05 - [MESSAGE][PASSED] - Object: 'Object Repository/3 Stock/3-1 Stock take/3-1 Stock take - add/Done' is clicked on]]></system-out>
         <system-err><![CDATA[]]></system-err>
      </testcase>
      <testcase name="Test Cases/Others/Accept and verify" classname="Test Cases/Others/Accept and verify" status="PASSED">
         <system-out><![CDATA[2019-05-30 10:27:05 - [TEST_CASE][PASSED] - Test Cases/Others/Accept and verify: Test Cases/Others/Accept and verify

2019-05-30 10:27:05 - [TEST_STEP][PASSED] - delay(3): Delayed 3 second(s)

2019-05-30 10:27:08 - [MESSAGE][PASSED] - Delayed 3 second(s)

2019-05-30 10:27:08 - [TEST_STEP][PASSED] - waitForAlert(5): Alert is present after 5 second(s).

2019-05-30 10:27:08 - [MESSAGE][PASSED] - Alert is present after 5 second(s).

2019-05-30 10:27:08 - [TEST_STEP][PASSED] - acceptAlert(): Alert accepted

2019-05-30 10:27:08 - [MESSAGE][PASSED] - Alert accepted

2019-05-30 10:27:08 - [TEST_STEP][PASSED] - verifyElementClickable(findTestObject("Others/Accept and verify/Verify button")): Object 'Object Repository/Others/Accept and verify/Verify button' is clickable

2019-05-30 10:27:09 - [MESSAGE][PASSED] - Object 'Object Repository/Others/Accept and verify/Verify button' is clickable]]></system-out>
         <system-err><![CDATA[]]></system-err>
      </testcase>
      <testcase name="Test Cases/3 Stock/3-1 Stock Take/3-1 Stock Take-edit" classname="Test Cases/3 Stock/3-1 Stock Take/3-1 Stock Take-edit" status="PASSED">
         <system-out><![CDATA[2019-05-30 10:27:09 - [TEST_CASE][PASSED] - Test Cases/3 Stock/3-1 Stock Take/3-1 Stock Take-edit: Test Cases/3 Stock/3-1 Stock Take/3-1 Stock Take-edit

2019-05-30 10:27:09 - [TEST_STEP][PASSED] - click(findTestObject("3 Stock/3-1 Stock take/3-1 Stock take - edit/Sort by no")): Object: 'Object Repository/3 Stock/3-1 Stock take/3-1 Stock take - edit/Sort by no' is clicked on

2019-05-30 10:27:09 - [MESSAGE][PASSED] - Object: 'Object Repository/3 Stock/3-1 Stock take/3-1 Stock take - edit/Sort by no' is clicked on

2019-05-30 10:27:09 - [TEST_STEP][PASSED] - click(findTestObject("3 Stock/3-1 Stock take/3-1 Stock take - edit/Sort by no")): Object: 'Object Repository/3 Stock/3-1 Stock take/3-1 Stock take - edit/Sort by no' is clicked on

2019-05-30 10:27:09 - [MESSAGE][PASSED] - Object: 'Object Repository/3 Stock/3-1 Stock take/3-1 Stock take - edit/Sort by no' is clicked on

2019-05-30 10:27:09 - [TEST_STEP][PASSED] - XXX = Time: null

2019-05-30 10:27:09 - [TEST_STEP][PASSED] - click(findTestObject("3 Stock/3-1 Stock take/3-1 Stock take - edit/Select by note", ["xxx":XXX])): Object: 'Object Repository/3 Stock/3-1 Stock take/3-1 Stock take - edit/Select by note' is clicked on

2019-05-30 10:27:09 - [MESSAGE][PASSED] - Object: 'Object Repository/3 Stock/3-1 Stock take/3-1 Stock take - edit/Select by note' is clicked on

2019-05-30 10:27:09 - [TEST_STEP][PASSED] - click(findTestObject("3 Stock/3-1 Stock take/3-1 Stock take - edit/Edit button")): Object: 'Object Repository/3 Stock/3-1 Stock take/3-1 Stock take - edit/Edit button' is clicked on

2019-05-30 10:27:09 - [MESSAGE][PASSED] - Object: 'Object Repository/3 Stock/3-1 Stock take/3-1 Stock take - edit/Edit button' is clicked on

2019-05-30 10:27:09 - [TEST_STEP][PASSED] - qqq = <not implemented yet for class: org.codehaus.groovy.ast.expr.EmptyExpression>: null

2019-05-30 10:27:09 - [TEST_STEP][PASSED] - qqq = getAttribute(findTestObject("3 Stock/3-1 Stock take/3-1 Stock take - edit/Edit number"), "value"): Attribute 'value' of object 'Object Repository/3 Stock/3-1 Stock take/3-1 Stock take - edit/Edit number' is: '-1,883'

2019-05-30 10:27:10 - [MESSAGE][PASSED] - Attribute 'value' of object 'Object Repository/3 Stock/3-1 Stock take/3-1 Stock take - edit/Edit number' is: '-1,883'

2019-05-30 10:27:10 - [TEST_STEP][PASSED] - qqq = qqq.replaceAll(",", ""): null

2019-05-30 10:27:10 - [TEST_STEP][PASSED] - kkk = qqq.toInteger(): null

2019-05-30 10:27:10 - [TEST_STEP][PASSED] - kkk = kkk - 10: null

2019-05-30 10:27:10 - [TEST_STEP][PASSED] - setText(findTestObject("3 Stock/3-1 Stock take/3-1 Stock take - edit/Edit number"), kkk.toString()): Text '-1893' is set on object 'Object Repository/3 Stock/3-1 Stock take/3-1 Stock take - edit/Edit number'

2019-05-30 10:27:10 - [MESSAGE][PASSED] - Text '-1893' is set on object 'Object Repository/3 Stock/3-1 Stock take/3-1 Stock take - edit/Edit number'

2019-05-30 10:27:10 - [TEST_STEP][PASSED] - setText(findTestObject("3 Stock/3-1 Stock take/3-1 Stock take - edit/Edit note"), "-20"): Text '-20' is set on object 'Object Repository/3 Stock/3-1 Stock take/3-1 Stock take - edit/Edit note'

2019-05-30 10:27:10 - [MESSAGE][PASSED] - Text '-20' is set on object 'Object Repository/3 Stock/3-1 Stock take/3-1 Stock take - edit/Edit note'

2019-05-30 10:27:10 - [TEST_STEP][PASSED] - click(findTestObject("3 Stock/3-1 Stock take/3-1 Stock take - edit/Save button")): Object: 'Object Repository/3 Stock/3-1 Stock take/3-1 Stock take - edit/Save button' is clicked on

2019-05-30 10:27:10 - [MESSAGE][PASSED] - Object: 'Object Repository/3 Stock/3-1 Stock take/3-1 Stock take - edit/Save button' is clicked on]]></system-out>
         <system-err><![CDATA[]]></system-err>
      </testcase>
      <system-out><![CDATA[2019-05-30 10:26:53 - [TEST_SUITE][PASSED] - 3-1 Stock Take Test Suite: Test Cases/3 Stock/3-1 Stock Take/3-1 Stock Take-edit]]></system-out>
      <system-err><![CDATA[]]></system-err>
   </testsuite>
</testsuites>
