<?xml version="1.0" encoding="UTF-8"?>
<testsuites name="Order Test Suite" time="20" tests="3" failures="0" errors="0">
   <testsuite name="Order Test Suite" tests="3" failures="0" errors="0" time="20" timestamp="2019-04-19 17:13:30" hostname="KennyIC_Chen - KennyIC_Chen.compal.com" id="Test Suites/Order Test Suite">
      <properties>
         <property name="deviceName" value=""/>
         <property name="devicePlatform" value=""/>
         <property name="logFolder" value="C:\\Users\\KennyIC_chen.COMPAL\\git\\PSItest\\Reports\\Order Test Suite\\20190419_171329"/>
         <property name="logFiles" value="C:\\Users\\KennyIC_chen.COMPAL\\git\\PSItest\\Reports\\Order Test Suite\\20190419_171329\\execution0.log"/>
         <property name="attachments" value=""/>
         <property name="hostName" value="KennyIC_Chen - KennyIC_Chen.compal.com"/>
         <property name="os" value="Windows 10 64bit"/>
         <property name="katalonVersion" value="5.10.1.1"/>
         <property name="browser" value="Chrome 73.0.3683.103"/>
         <property name="hostAddress" value="192.168.1.206"/>
         <property name="sessionId" value="101158405b444207e1be0923224a34f6"/>
         <property name="seleniumVersion" value="3.7.1"/>
         <property name="proxyInformation" value="ProxyInformation{proxyOption=NO_PROXY, proxyServerType=HTTP, password=, proxyServerAddress=, proxyServerPort=0}"/>
         <property name="platform" value="Windows 10"/>
      </properties>
      <testcase name="Test Cases/Login" classname="Test Cases/Login" status="PASSED">
         <system-out><![CDATA[2019-04-19 17:13:31 - [TEST_CASE][PASSED] - Test Cases/Login: Test Cases/Login

2019-04-19 17:13:31 - [TEST_STEP][PASSED] - openBrowser(""): Browser is opened with url: ''

2019-04-19 17:13:31 - [MESSAGE][INFO] - Starting 'Chrome' driver

2019-04-19 17:13:31 - [MESSAGE][INFO] - Action delay is set to 0 seconds

2019-04-19 17:13:34 - [MESSAGE][PASSED] - Browser is opened with url: ''

2019-04-19 17:13:34 - [TEST_STEP][PASSED] - navigateToUrl("https://psi-azcldap.unicore.com.tw/login"): Navigate to 'https://psi-azcldap.unicore.com.tw/login' successfully

2019-04-19 17:13:40 - [MESSAGE][PASSED] - Navigate to 'https://psi-azcldap.unicore.com.tw/login' successfully

2019-04-19 17:13:40 - [TEST_STEP][PASSED] - maximizeWindow(): Current window maximized

2019-04-19 17:13:41 - [MESSAGE][PASSED] - Current window maximized

2019-04-19 17:13:41 - [TEST_STEP][PASSED] - setText(findTestObject("Login/ID-QWE"), "QWE"): Text 'QWE' is set on object 'Object Repository/Login/ID-QWE'

2019-04-19 17:13:42 - [MESSAGE][PASSED] - Text 'QWE' is set on object 'Object Repository/Login/ID-QWE'

2019-04-19 17:13:42 - [TEST_STEP][PASSED] - setEncryptedText(findTestObject("Login/PW-QWE"), "5opu+sh6ATw="): Text ****** has been set on object 'Object Repository/Login/PW-QWE'

2019-04-19 17:13:42 - [MESSAGE][PASSED] - Text ****** has been set on object 'Object Repository/Login/PW-QWE'

2019-04-19 17:13:42 - [TEST_STEP][PASSED] - click(findTestObject("Login/Login Button")): Object: 'Object Repository/Login/Login Button' is clicked on

2019-04-19 17:13:42 - [MESSAGE][PASSED] - Object: 'Object Repository/Login/Login Button' is clicked on

2019-04-19 17:13:42 - [TEST_STEP][PASSED] - verifyElementClickable(findTestObject("Login/Verify button")): Object 'Object Repository/Login/Verify button' is clickable

2019-04-19 17:13:42 - [MESSAGE][PASSED] - Object 'Object Repository/Login/Verify button' is clickable]]></system-out>
         <system-err><![CDATA[]]></system-err>
      </testcase>
      <testcase name="Test Cases/Order-Add" classname="Test Cases/Order-Add" status="PASSED">
         <system-out><![CDATA[2019-04-19 17:13:42 - [TEST_CASE][PASSED] - Test Cases/Order-Add: Test Cases/Order-Add

2019-04-19 17:13:43 - [TEST_STEP][PASSED] - click(findTestObject("Object Repository/Order/New button")): Object: 'Object Repository/Order/New button' is clicked on

2019-04-19 17:13:43 - [MESSAGE][PASSED] - Object: 'Object Repository/Order/New button' is clicked on

2019-04-19 17:13:43 - [TEST_STEP][PASSED] - delay(1): Delayed 1 second(s)

2019-04-19 17:13:44 - [MESSAGE][PASSED] - Delayed 1 second(s)

2019-04-19 17:13:44 - [TEST_STEP][PASSED] - click(findTestObject("Object Repository/Order/Order button")): Object: 'Object Repository/Order/Order button' is clicked on

2019-04-19 17:13:44 - [MESSAGE][PASSED] - Object: 'Object Repository/Order/Order button' is clicked on

2019-04-19 17:13:44 - [TEST_STEP][PASSED] - delay(1): Delayed 1 second(s)

2019-04-19 17:13:45 - [MESSAGE][PASSED] - Delayed 1 second(s)

2019-04-19 17:13:45 - [TEST_STEP][PASSED] - click(findTestObject("Order/Vendor button")): Object: 'Object Repository/Order/Vendor button' is clicked on

2019-04-19 17:13:45 - [MESSAGE][PASSED] - Object: 'Object Repository/Order/Vendor button' is clicked on

2019-04-19 17:13:45 - [TEST_STEP][PASSED] - click(findTestObject("Object Repository/Order/Vendor 2324")): Object: 'Object Repository/Order/Vendor 2324' is clicked on

2019-04-19 17:13:45 - [MESSAGE][PASSED] - Object: 'Object Repository/Order/Vendor 2324' is clicked on

2019-04-19 17:13:45 - [TEST_STEP][PASSED] - click(findTestObject("Order/Employee button")): Object: 'Object Repository/Order/Employee button' is clicked on

2019-04-19 17:13:46 - [MESSAGE][PASSED] - Object: 'Object Repository/Order/Employee button' is clicked on

2019-04-19 17:13:46 - [TEST_STEP][PASSED] - click(findTestObject("Object Repository/Order/Emplyee Larry")): Object: 'Object Repository/Order/Emplyee Larry' is clicked on

2019-04-19 17:13:46 - [MESSAGE][PASSED] - Object: 'Object Repository/Order/Emplyee Larry' is clicked on

2019-04-19 17:13:46 - [TEST_STEP][PASSED] - click(findTestObject("Order/Ship button")): Object: 'Object Repository/Order/Ship button' is clicked on

2019-04-19 17:13:46 - [MESSAGE][PASSED] - Object: 'Object Repository/Order/Ship button' is clicked on

2019-04-19 17:13:46 - [TEST_STEP][PASSED] - click(findTestObject("Object Repository/Order/Ship 1")): Object: 'Object Repository/Order/Ship 1' is clicked on

2019-04-19 17:13:47 - [MESSAGE][PASSED] - Object: 'Object Repository/Order/Ship 1' is clicked on

2019-04-19 17:13:47 - [TEST_STEP][PASSED] - click(findTestObject("Order/TAX select")): Object: 'Object Repository/Order/TAX select' is clicked on

2019-04-19 17:13:47 - [MESSAGE][PASSED] - Object: 'Object Repository/Order/TAX select' is clicked on

2019-04-19 17:13:47 - [TEST_STEP][PASSED] - selectOptionByValue(findTestObject("Object Repository/Order/TAX1"), "0: 1", true): All options with value '0: 1' are selected in object 'Object Repository/Order/TAX1'  using regular expression

2019-04-19 17:13:47 - [MESSAGE][PASSED] - All options with value '0: 1' are selected in object 'Object Repository/Order/TAX1'  using regular expression

2019-04-19 17:13:47 - [TEST_STEP][PASSED] - setText(findTestObject("Order/Note"), "Testing"): Text 'Testing' is set on object 'Object Repository/Order/Note'

2019-04-19 17:13:47 - [MESSAGE][PASSED] - Text 'Testing' is set on object 'Object Repository/Order/Note'

2019-04-19 17:13:47 - [TEST_STEP][PASSED] - click(findTestObject("Object Repository/Order/Add item")): Object: 'Object Repository/Order/Add item' is clicked on

2019-04-19 17:13:47 - [MESSAGE][PASSED] - Object: 'Object Repository/Order/Add item' is clicked on

2019-04-19 17:13:47 - [TEST_STEP][PASSED] - click(findTestObject("Object Repository/Order/Item IPAD")): Object: 'Object Repository/Order/Item IPAD' is clicked on

2019-04-19 17:13:48 - [MESSAGE][PASSED] - Object: 'Object Repository/Order/Item IPAD' is clicked on

2019-04-19 17:13:48 - [TEST_STEP][PASSED] - click(findTestObject("Order/Unit button")): Object: 'Object Repository/Order/Unit button' is clicked on

2019-04-19 17:13:48 - [MESSAGE][PASSED] - Object: 'Object Repository/Order/Unit button' is clicked on

2019-04-19 17:13:48 - [TEST_STEP][PASSED] - click(findTestObject("Order/Unit Change")): Object: 'Object Repository/Order/Unit Change' is clicked on

2019-04-19 17:13:48 - [MESSAGE][PASSED] - Object: 'Object Repository/Order/Unit Change' is clicked on

2019-04-19 17:13:48 - [TEST_STEP][PASSED] - setText(findTestObject("Object Repository/Order/Qty"), "10"): Text '10' is set on object 'Object Repository/Order/Qty'

2019-04-19 17:13:49 - [MESSAGE][PASSED] - Text '10' is set on object 'Object Repository/Order/Qty'

2019-04-19 17:13:49 - [TEST_STEP][PASSED] - setText(findTestObject("Object Repository/Order/Price"), "200"): Text '200' is set on object 'Object Repository/Order/Price'

2019-04-19 17:13:49 - [MESSAGE][PASSED] - Text '200' is set on object 'Object Repository/Order/Price'

2019-04-19 17:13:49 - [TEST_STEP][PASSED] - setText(findTestObject("Object Repository/Order/Total Price"), "2000"): Text '2000' is set on object 'Object Repository/Order/Total Price'

2019-04-19 17:13:49 - [MESSAGE][PASSED] - Text '2000' is set on object 'Object Repository/Order/Total Price'

2019-04-19 17:13:49 - [TEST_STEP][PASSED] - click(findTestObject("Object Repository/Order/Save")): Object: 'Object Repository/Order/Save' is clicked on

2019-04-19 17:13:49 - [MESSAGE][PASSED] - Object: 'Object Repository/Order/Save' is clicked on

2019-04-19 17:13:49 - [TEST_STEP][PASSED] - delay(1): Delayed 1 second(s)

2019-04-19 17:13:50 - [MESSAGE][PASSED] - Delayed 1 second(s)

2019-04-19 17:13:50 - [TEST_STEP][NOT_RUN] - acceptAlert(): NOT_RUN: acceptAlert()

2019-04-19 17:13:50 - [MESSAGE][NOT_RUN] - NOT_RUN: acceptAlert()

2019-04-19 17:13:50 - [TEST_STEP][NOT_RUN] - verifyElementClickable(findTestObject("Order/Order button")): NOT_RUN: verifyElementClickable(findTestObject("Order/Order button"))

2019-04-19 17:13:50 - [MESSAGE][NOT_RUN] - NOT_RUN: verifyElementClickable(findTestObject("Order/Order button"))]]></system-out>
         <system-err><![CDATA[]]></system-err>
      </testcase>
      <testcase name="Test Cases/Accept and verify" classname="Test Cases/Accept and verify" status="PASSED">
         <system-out><![CDATA[2019-04-19 17:13:50 - [TEST_CASE][PASSED] - Test Cases/Accept and verify: Test Cases/Accept and verify

2019-04-19 17:13:50 - [TEST_STEP][PASSED] - acceptAlert(): Alert accepted

2019-04-19 17:13:50 - [MESSAGE][PASSED] - Alert accepted

2019-04-19 17:13:50 - [TEST_STEP][PASSED] - verifyElementClickable(findTestObject("Accept and verify/Verify button")): Object 'Object Repository/Accept and verify/Verify button' is clickable

2019-04-19 17:13:50 - [MESSAGE][PASSED] - Object 'Object Repository/Accept and verify/Verify button' is clickable]]></system-out>
         <system-err><![CDATA[]]></system-err>
      </testcase>
      <system-out><![CDATA[2019-04-19 17:13:30 - [TEST_SUITE][PASSED] - Order Test Suite: Test Cases/Accept and verify]]></system-out>
      <system-err><![CDATA[]]></system-err>
   </testsuite>
</testsuites>
