<?xml version="1.0" encoding="UTF-8"?>
<testsuites name="3-5 Batch number maintain" time="15" tests="3" failures="0" errors="0">
   <testsuite name="3-5 Batch number maintain" tests="3" failures="0" errors="0" time="15" timestamp="2019-04-29 10:16:04" hostname="KennyIC_Chen - KennyIC_Chen.compal.com" id="Test Suites/3-5 Batch number maintain">
      <properties>
         <property name="deviceName" value=""/>
         <property name="devicePlatform" value=""/>
         <property name="logFolder" value="C:\\Users\\KennyIC_chen.COMPAL\\git\\PSItest\\Reports\\3-5 Batch number maintain\\20190429_101603"/>
         <property name="logFiles" value="C:\\Users\\KennyIC_chen.COMPAL\\git\\PSItest\\Reports\\3-5 Batch number maintain\\20190429_101603\\execution0.log"/>
         <property name="attachments" value=""/>
         <property name="hostName" value="KennyIC_Chen - KennyIC_Chen.compal.com"/>
         <property name="os" value="Windows 10 64bit"/>
         <property name="katalonVersion" value="5.10.1.1"/>
         <property name="browser" value="Chrome 73.0.3683.103"/>
         <property name="hostAddress" value="10.109.98.147"/>
         <property name="sessionId" value="85da2fdf9d781846e457e045281c4359"/>
         <property name="seleniumVersion" value="3.7.1"/>
         <property name="proxyInformation" value="ProxyInformation{proxyOption=NO_PROXY, proxyServerType=HTTP, password=, proxyServerAddress=, proxyServerPort=0}"/>
         <property name="platform" value="Windows 10"/>
      </properties>
      <testcase name="Test Cases/Others/Login" classname="Test Cases/Others/Login" status="PASSED">
         <system-out><![CDATA[2019-04-29 10:16:05 - [TEST_CASE][PASSED] - Test Cases/Others/Login: Test Cases/Others/Login

2019-04-29 10:16:05 - [TEST_STEP][PASSED] - openBrowser(""): Browser is opened with url: ''

2019-04-29 10:16:05 - [MESSAGE][INFO] - Starting 'Chrome' driver

2019-04-29 10:16:05 - [MESSAGE][INFO] - Action delay is set to 0 seconds

2019-04-29 10:16:08 - [MESSAGE][PASSED] - Browser is opened with url: ''

2019-04-29 10:16:08 - [TEST_STEP][PASSED] - navigateToUrl("https://psi-azcldap.unicore.com.tw/login"): Navigate to 'https://psi-azcldap.unicore.com.tw/login' successfully

2019-04-29 10:16:12 - [MESSAGE][PASSED] - Navigate to 'https://psi-azcldap.unicore.com.tw/login' successfully

2019-04-29 10:16:12 - [TEST_STEP][PASSED] - maximizeWindow(): Current window maximized

2019-04-29 10:16:13 - [MESSAGE][PASSED] - Current window maximized

2019-04-29 10:16:13 - [TEST_STEP][PASSED] - setText(findTestObject("Others/Login/ID-QWE"), "QWE"): Text 'QWE' is set on object 'Object Repository/Others/Login/ID-QWE'

2019-04-29 10:16:13 - [MESSAGE][PASSED] - Text 'QWE' is set on object 'Object Repository/Others/Login/ID-QWE'

2019-04-29 10:16:13 - [TEST_STEP][PASSED] - setEncryptedText(findTestObject("Others/Login/PW-QWE"), "5opu+sh6ATw="): Text ****** has been set on object 'Object Repository/Others/Login/PW-QWE'

2019-04-29 10:16:13 - [MESSAGE][PASSED] - Text ****** has been set on object 'Object Repository/Others/Login/PW-QWE'

2019-04-29 10:16:13 - [TEST_STEP][PASSED] - click(findTestObject("Others/Login/Login Button")): Object: 'Object Repository/Others/Login/Login Button' is clicked on

2019-04-29 10:16:13 - [MESSAGE][PASSED] - Object: 'Object Repository/Others/Login/Login Button' is clicked on

2019-04-29 10:16:13 - [TEST_STEP][PASSED] - verifyElementClickable(findTestObject("Others/Login/Verify button")): Object 'Object Repository/Others/Login/Verify button' is clickable

2019-04-29 10:16:14 - [MESSAGE][PASSED] - Object 'Object Repository/Others/Login/Verify button' is clickable]]></system-out>
         <system-err><![CDATA[]]></system-err>
      </testcase>
      <testcase name="Test Cases/3-5 Batch number maintain-Add" classname="Test Cases/3-5 Batch number maintain-Add" status="PASSED">
         <system-out><![CDATA[2019-04-29 10:16:14 - [TEST_CASE][PASSED] - Test Cases/3-5 Batch number maintain-Add: Test Cases/3-5 Batch number maintain-Add

2019-04-29 10:16:14 - [TEST_STEP][PASSED] - click(findTestObject("Object Repository/3-5 Btach number maintain/Batch maintain button")): Object: 'Object Repository/3-5 Btach number maintain/Batch maintain button' is clicked on

2019-04-29 10:16:14 - [MESSAGE][PASSED] - Object: 'Object Repository/3-5 Btach number maintain/Batch maintain button' is clicked on

2019-04-29 10:16:14 - [TEST_STEP][PASSED] - click(findTestObject("Object Repository/3-5 Btach number maintain/Batch maintain add button")): Object: 'Object Repository/3-5 Btach number maintain/Batch maintain add button' is clicked on

2019-04-29 10:16:14 - [MESSAGE][PASSED] - Object: 'Object Repository/3-5 Btach number maintain/Batch maintain add button' is clicked on

2019-04-29 10:16:14 - [TEST_STEP][PASSED] - click(findTestObject("3-5 Btach number maintain/Item button")): Object: 'Object Repository/3-5 Btach number maintain/Item button' is clicked on

2019-04-29 10:16:14 - [MESSAGE][PASSED] - Object: 'Object Repository/3-5 Btach number maintain/Item button' is clicked on

2019-04-29 10:16:14 - [TEST_STEP][PASSED] - click(findTestObject("3-5 Btach number maintain/Item select")): Object: 'Object Repository/3-5 Btach number maintain/Item select' is clicked on

2019-04-29 10:16:15 - [MESSAGE][PASSED] - Object: 'Object Repository/3-5 Btach number maintain/Item select' is clicked on

2019-04-29 10:16:15 - [TEST_STEP][PASSED] - setText(findTestObject("Object Repository/3-5 Btach number maintain/Item life day"), "30"): Text '30' is set on object 'Object Repository/3-5 Btach number maintain/Item life day'

2019-04-29 10:16:15 - [MESSAGE][PASSED] - Text '30' is set on object 'Object Repository/3-5 Btach number maintain/Item life day'

2019-04-29 10:16:15 - [TEST_STEP][PASSED] - setText(findTestObject("Object Repository/3-5 Btach number maintain/item batch code"), "77889900"): Text '77889900' is set on object 'Object Repository/3-5 Btach number maintain/item batch code'

2019-04-29 10:16:15 - [MESSAGE][PASSED] - Text '77889900' is set on object 'Object Repository/3-5 Btach number maintain/item batch code'

2019-04-29 10:16:15 - [TEST_STEP][PASSED] - click(findTestObject("3-5 Btach number maintain/item life date")): Object: 'Object Repository/3-5 Btach number maintain/item life date' is clicked on

2019-04-29 10:16:16 - [MESSAGE][PASSED] - Object: 'Object Repository/3-5 Btach number maintain/item life date' is clicked on

2019-04-29 10:16:16 - [TEST_STEP][PASSED] - click(findTestObject("3-5 Btach number maintain/Item life date next month")): Object: 'Object Repository/3-5 Btach number maintain/Item life date next month' is clicked on

2019-04-29 10:16:16 - [MESSAGE][PASSED] - Object: 'Object Repository/3-5 Btach number maintain/Item life date next month' is clicked on

2019-04-29 10:16:16 - [TEST_STEP][PASSED] - click(findTestObject("3-5 Btach number maintain/Item life date next month 23")): Object: 'Object Repository/3-5 Btach number maintain/Item life date next month 23' is clicked on

2019-04-29 10:16:16 - [MESSAGE][PASSED] - Object: 'Object Repository/3-5 Btach number maintain/Item life date next month 23' is clicked on

2019-04-29 10:16:16 - [TEST_STEP][PASSED] - click(findTestObject("3-5 Btach number maintain/Item enable")): Object: 'Object Repository/3-5 Btach number maintain/Item enable' is clicked on

2019-04-29 10:16:16 - [MESSAGE][PASSED] - Object: 'Object Repository/3-5 Btach number maintain/Item enable' is clicked on

2019-04-29 10:16:16 - [TEST_STEP][PASSED] - selectOptionByValue(findTestObject("Object Repository/3-5 Btach number maintain/Item enable select"), "0: Y", true): All options with value '0: Y' are selected in object 'Object Repository/3-5 Btach number maintain/Item enable select'  using regular expression

2019-04-29 10:16:16 - [MESSAGE][PASSED] - All options with value '0: Y' are selected in object 'Object Repository/3-5 Btach number maintain/Item enable select'  using regular expression

2019-04-29 10:16:16 - [TEST_STEP][PASSED] - setText(findTestObject("Object Repository/3-5 Btach number maintain/Item note"), time()): null

2019-04-29 10:16:16 - [TEST_STEP][PASSED] - date = new java.util.Date(): null

2019-04-29 10:16:16 - [TEST_STEP][PASSED] - sdf = new java.text.SimpleDateFormat(yyyyMMddHHmm): null

2019-04-29 10:16:16 - [TEST_STEP][PASSED] - return (internal.GlobalVariable.Note + sdf.format(date)): Text 'Testing201904291016' is set on object 'Object Repository/3-5 Btach number maintain/Item note'

2019-04-29 10:16:16 - [MESSAGE][PASSED] - Text 'Testing201904291016' is set on object 'Object Repository/3-5 Btach number maintain/Item note'

2019-04-29 10:16:16 - [TEST_STEP][PASSED] - click(findTestObject("Object Repository/3-5 Btach number maintain/Save button")): Object: 'Object Repository/3-5 Btach number maintain/Save button' is clicked on

2019-04-29 10:16:16 - [MESSAGE][PASSED] - Object: 'Object Repository/3-5 Btach number maintain/Save button' is clicked on]]></system-out>
         <system-err><![CDATA[]]></system-err>
      </testcase>
      <testcase name="Test Cases/Others/Accept and verify" classname="Test Cases/Others/Accept and verify" status="PASSED">
         <system-out><![CDATA[2019-04-29 10:16:16 - [TEST_CASE][PASSED] - Test Cases/Others/Accept and verify: Test Cases/Others/Accept and verify

2019-04-29 10:16:16 - [TEST_STEP][PASSED] - delay(3): Delayed 3 second(s)

2019-04-29 10:16:19 - [MESSAGE][PASSED] - Delayed 3 second(s)

2019-04-29 10:16:19 - [TEST_STEP][PASSED] - waitForAlert(5): Alert is present after 5 second(s).

2019-04-29 10:16:20 - [MESSAGE][PASSED] - Alert is present after 5 second(s).

2019-04-29 10:16:20 - [TEST_STEP][PASSED] - acceptAlert(): Alert accepted

2019-04-29 10:16:20 - [MESSAGE][PASSED] - Alert accepted

2019-04-29 10:16:20 - [TEST_STEP][PASSED] - verifyElementClickable(findTestObject("Others/Accept and verify/Verify button")): Object 'Object Repository/Others/Accept and verify/Verify button' is clickable

2019-04-29 10:16:20 - [MESSAGE][PASSED] - Object 'Object Repository/Others/Accept and verify/Verify button' is clickable]]></system-out>
         <system-err><![CDATA[]]></system-err>
      </testcase>
      <system-out><![CDATA[2019-04-29 10:16:04 - [TEST_SUITE][PASSED] - 3-5 Batch number maintain: Test Cases/Others/Accept and verify]]></system-out>
      <system-err><![CDATA[]]></system-err>
   </testsuite>
</testsuites>
