<?xml version="1.0" encoding="UTF-8"?>
<testsuites name="1-1 Order Test Suite" time="37" tests="3" failures="0" errors="0">
   <testsuite name="1-1 Order Test Suite" tests="3" failures="0" errors="0" time="37" timestamp="2019-04-29 09:42:22" hostname="KennyIC_Chen - KennyIC_Chen.compal.com" id="Test Suites/1-1 Order Test Suite">
      <properties>
         <property name="deviceName" value=""/>
         <property name="devicePlatform" value=""/>
         <property name="logFolder" value="C:\\Users\\KennyIC_chen.COMPAL\\git\\PSItest\\Reports\\1-1 Order Test Suite\\20190429_094218"/>
         <property name="logFiles" value="C:\\Users\\KennyIC_chen.COMPAL\\git\\PSItest\\Reports\\1-1 Order Test Suite\\20190429_094218\\execution0.log"/>
         <property name="attachments" value=""/>
         <property name="hostName" value="KennyIC_Chen - KennyIC_Chen.compal.com"/>
         <property name="os" value="Windows 10 64bit"/>
         <property name="katalonVersion" value="5.10.1.1"/>
         <property name="browser" value="Chrome 73.0.3683.103"/>
         <property name="hostAddress" value="10.109.98.147"/>
         <property name="sessionId" value="de27a4d38a244f00a8cfc0c4c965b782"/>
         <property name="seleniumVersion" value="3.7.1"/>
         <property name="proxyInformation" value="ProxyInformation{proxyOption=NO_PROXY, proxyServerType=HTTP, password=, proxyServerAddress=, proxyServerPort=0}"/>
         <property name="platform" value="Windows 10"/>
      </properties>
      <testcase name="Test Cases/Others/Login" classname="Test Cases/Others/Login" status="PASSED">
         <system-out><![CDATA[2019-04-29 09:42:23 - [TEST_CASE][PASSED] - Test Cases/Others/Login: Test Cases/Others/Login

2019-04-29 09:42:23 - [TEST_STEP][PASSED] - openBrowser(""): Browser is opened with url: ''

2019-04-29 09:42:24 - [MESSAGE][INFO] - Starting 'Chrome' driver

2019-04-29 09:42:24 - [MESSAGE][INFO] - Action delay is set to 0 seconds

2019-04-29 09:42:39 - [MESSAGE][PASSED] - Browser is opened with url: ''

2019-04-29 09:42:39 - [TEST_STEP][PASSED] - navigateToUrl("https://psi-azcldap.unicore.com.tw/login"): Navigate to 'https://psi-azcldap.unicore.com.tw/login' successfully

2019-04-29 09:42:46 - [MESSAGE][PASSED] - Navigate to 'https://psi-azcldap.unicore.com.tw/login' successfully

2019-04-29 09:42:46 - [TEST_STEP][PASSED] - maximizeWindow(): Current window maximized

2019-04-29 09:42:47 - [MESSAGE][PASSED] - Current window maximized

2019-04-29 09:42:47 - [TEST_STEP][PASSED] - setText(findTestObject("Others/Login/ID-QWE"), "QWE"): Text 'QWE' is set on object 'Object Repository/Others/Login/ID-QWE'

2019-04-29 09:42:49 - [MESSAGE][PASSED] - Text 'QWE' is set on object 'Object Repository/Others/Login/ID-QWE'

2019-04-29 09:42:49 - [TEST_STEP][PASSED] - setEncryptedText(findTestObject("Others/Login/PW-QWE"), "5opu+sh6ATw="): Text ****** has been set on object 'Object Repository/Others/Login/PW-QWE'

2019-04-29 09:42:49 - [MESSAGE][PASSED] - Text ****** has been set on object 'Object Repository/Others/Login/PW-QWE'

2019-04-29 09:42:49 - [TEST_STEP][PASSED] - click(findTestObject("Others/Login/Login Button")): Object: 'Object Repository/Others/Login/Login Button' is clicked on

2019-04-29 09:42:49 - [MESSAGE][PASSED] - Object: 'Object Repository/Others/Login/Login Button' is clicked on

2019-04-29 09:42:49 - [TEST_STEP][PASSED] - verifyElementClickable(findTestObject("Others/Login/Verify button")): Object 'Object Repository/Others/Login/Verify button' is clickable

2019-04-29 09:42:50 - [MESSAGE][PASSED] - Object 'Object Repository/Others/Login/Verify button' is clickable]]></system-out>
         <system-err><![CDATA[]]></system-err>
      </testcase>
      <testcase name="Test Cases/1-1 Order-Add" classname="Test Cases/1-1 Order-Add" status="PASSED">
         <system-out><![CDATA[2019-04-29 09:42:50 - [TEST_CASE][PASSED] - Test Cases/1-1 Order-Add: Test Cases/1-1 Order-Add

2019-04-29 09:42:50 - [TEST_STEP][PASSED] - click(findTestObject("1-1 Order/New button")): Object: 'Object Repository/1-1 Order/New button' is clicked on

2019-04-29 09:42:50 - [MESSAGE][PASSED] - Object: 'Object Repository/1-1 Order/New button' is clicked on

2019-04-29 09:42:50 - [TEST_STEP][PASSED] - click(findTestObject("1-1 Order/Order button")): Object: 'Object Repository/1-1 Order/Order button' is clicked on

2019-04-29 09:42:51 - [MESSAGE][PASSED] - Object: 'Object Repository/1-1 Order/Order button' is clicked on

2019-04-29 09:42:51 - [TEST_STEP][PASSED] - click(findTestObject("1-1 Order/Vendor button")): Object: 'Object Repository/1-1 Order/Vendor button' is clicked on

2019-04-29 09:42:51 - [MESSAGE][PASSED] - Object: 'Object Repository/1-1 Order/Vendor button' is clicked on

2019-04-29 09:42:51 - [TEST_STEP][PASSED] - click(findTestObject("1-1 Order/Vendor 2324")): Object: 'Object Repository/1-1 Order/Vendor 2324' is clicked on

2019-04-29 09:42:52 - [MESSAGE][PASSED] - Object: 'Object Repository/1-1 Order/Vendor 2324' is clicked on

2019-04-29 09:42:52 - [TEST_STEP][PASSED] - click(findTestObject("1-1 Order/Employee button")): Object: 'Object Repository/1-1 Order/Employee button' is clicked on

2019-04-29 09:42:52 - [MESSAGE][PASSED] - Object: 'Object Repository/1-1 Order/Employee button' is clicked on

2019-04-29 09:42:52 - [TEST_STEP][PASSED] - click(findTestObject("1-1 Order/Emplyee Larry")): Object: 'Object Repository/1-1 Order/Emplyee Larry' is clicked on

2019-04-29 09:42:53 - [MESSAGE][PASSED] - Object: 'Object Repository/1-1 Order/Emplyee Larry' is clicked on

2019-04-29 09:42:53 - [TEST_STEP][PASSED] - click(findTestObject("1-1 Order/Ship button")): Object: 'Object Repository/1-1 Order/Ship button' is clicked on

2019-04-29 09:42:53 - [MESSAGE][PASSED] - Object: 'Object Repository/1-1 Order/Ship button' is clicked on

2019-04-29 09:42:53 - [TEST_STEP][PASSED] - click(findTestObject("1-1 Order/Ship 1")): Object: 'Object Repository/1-1 Order/Ship 1' is clicked on

2019-04-29 09:42:54 - [MESSAGE][PASSED] - Object: 'Object Repository/1-1 Order/Ship 1' is clicked on

2019-04-29 09:42:54 - [TEST_STEP][PASSED] - click(findTestObject("1-1 Order/TAX select")): Object: 'Object Repository/1-1 Order/TAX select' is clicked on

2019-04-29 09:42:54 - [MESSAGE][PASSED] - Object: 'Object Repository/1-1 Order/TAX select' is clicked on

2019-04-29 09:42:54 - [TEST_STEP][PASSED] - selectOptionByValue(findTestObject("1-1 Order/TAX1"), "0: 1", true): All options with value '0: 1' are selected in object 'Object Repository/1-1 Order/TAX1'  using regular expression

2019-04-29 09:42:54 - [MESSAGE][PASSED] - All options with value '0: 1' are selected in object 'Object Repository/1-1 Order/TAX1'  using regular expression

2019-04-29 09:42:54 - [TEST_STEP][PASSED] - setText(findTestObject("1-1 Order/Note"), time()): null

2019-04-29 09:42:54 - [TEST_STEP][PASSED] - date = new java.util.Date(): null

2019-04-29 09:42:55 - [TEST_STEP][PASSED] - sdf = new java.text.SimpleDateFormat(yyyyMMddHHmm): null

2019-04-29 09:42:55 - [TEST_STEP][PASSED] - return (internal.GlobalVariable.Note + sdf.format(date)): Text 'Testing201904290942' is set on object 'Object Repository/1-1 Order/Note'

2019-04-29 09:42:55 - [MESSAGE][PASSED] - Text 'Testing201904290942' is set on object 'Object Repository/1-1 Order/Note'

2019-04-29 09:42:55 - [TEST_STEP][PASSED] - click(findTestObject("1-1 Order/Add item")): Object: 'Object Repository/1-1 Order/Add item' is clicked on

2019-04-29 09:42:55 - [MESSAGE][PASSED] - Object: 'Object Repository/1-1 Order/Add item' is clicked on

2019-04-29 09:42:55 - [TEST_STEP][PASSED] - click(findTestObject("1-1 Order/Item IPAD")): Object: 'Object Repository/1-1 Order/Item IPAD' is clicked on

2019-04-29 09:42:56 - [MESSAGE][PASSED] - Object: 'Object Repository/1-1 Order/Item IPAD' is clicked on

2019-04-29 09:42:56 - [TEST_STEP][PASSED] - click(findTestObject("1-1 Order/Unit button")): Object: 'Object Repository/1-1 Order/Unit button' is clicked on

2019-04-29 09:42:56 - [MESSAGE][PASSED] - Object: 'Object Repository/1-1 Order/Unit button' is clicked on

2019-04-29 09:42:56 - [TEST_STEP][PASSED] - click(findTestObject("1-1 Order/Unit Change")): Object: 'Object Repository/1-1 Order/Unit Change' is clicked on

2019-04-29 09:42:57 - [MESSAGE][PASSED] - Object: 'Object Repository/1-1 Order/Unit Change' is clicked on

2019-04-29 09:42:57 - [TEST_STEP][PASSED] - setText(findTestObject("1-1 Order/Qty"), "10"): Text '10' is set on object 'Object Repository/1-1 Order/Qty'

2019-04-29 09:42:57 - [MESSAGE][PASSED] - Text '10' is set on object 'Object Repository/1-1 Order/Qty'

2019-04-29 09:42:57 - [TEST_STEP][PASSED] - setText(findTestObject("1-1 Order/Price"), "200"): Text '200' is set on object 'Object Repository/1-1 Order/Price'

2019-04-29 09:42:57 - [MESSAGE][PASSED] - Text '200' is set on object 'Object Repository/1-1 Order/Price'

2019-04-29 09:42:57 - [TEST_STEP][PASSED] - setText(findTestObject("1-1 Order/Total Price"), "2000"): Text '2000' is set on object 'Object Repository/1-1 Order/Total Price'

2019-04-29 09:42:57 - [MESSAGE][PASSED] - Text '2000' is set on object 'Object Repository/1-1 Order/Total Price'

2019-04-29 09:42:57 - [TEST_STEP][PASSED] - click(findTestObject("1-1 Order/Save")): Object: 'Object Repository/1-1 Order/Save' is clicked on

2019-04-29 09:42:57 - [MESSAGE][PASSED] - Object: 'Object Repository/1-1 Order/Save' is clicked on

2019-04-29 09:42:57 - [TEST_STEP][PASSED] - delay(1): Delayed 1 second(s)

2019-04-29 09:42:58 - [MESSAGE][PASSED] - Delayed 1 second(s)

2019-04-29 09:42:58 - [TEST_STEP][NOT_RUN] - acceptAlert(): NOT_RUN: acceptAlert()

2019-04-29 09:42:58 - [MESSAGE][NOT_RUN] - NOT_RUN: acceptAlert()

2019-04-29 09:42:58 - [TEST_STEP][NOT_RUN] - verifyElementClickable(findTestObject("1-1 Order/Order button")): NOT_RUN: verifyElementClickable(findTestObject("1-1 Order/Order button"))

2019-04-29 09:42:58 - [MESSAGE][NOT_RUN] - NOT_RUN: verifyElementClickable(findTestObject("1-1 Order/Order button"))]]></system-out>
         <system-err><![CDATA[]]></system-err>
      </testcase>
      <testcase name="Test Cases/Others/Accept and verify" classname="Test Cases/Others/Accept and verify" status="PASSED">
         <system-out><![CDATA[2019-04-29 09:42:58 - [TEST_CASE][PASSED] - Test Cases/Others/Accept and verify: Test Cases/Others/Accept and verify

2019-04-29 09:42:58 - [TEST_STEP][PASSED] - waitForAlert(5): Alert is present after 5 second(s).

2019-04-29 09:42:58 - [MESSAGE][PASSED] - Alert is present after 5 second(s).

2019-04-29 09:42:58 - [TEST_STEP][PASSED] - acceptAlert(): Alert accepted

2019-04-29 09:42:58 - [MESSAGE][PASSED] - Alert accepted

2019-04-29 09:42:58 - [TEST_STEP][PASSED] - verifyElementClickable(findTestObject("Others/Accept and verify/Verify button")): Object 'Object Repository/Others/Accept and verify/Verify button' is clickable

2019-04-29 09:42:58 - [MESSAGE][PASSED] - Object 'Object Repository/Others/Accept and verify/Verify button' is clickable]]></system-out>
         <system-err><![CDATA[]]></system-err>
      </testcase>
      <system-out><![CDATA[2019-04-29 09:42:22 - [TEST_SUITE][PASSED] - 1-1 Order Test Suite: Test Cases/Others/Accept and verify]]></system-out>
      <system-err><![CDATA[]]></system-err>
   </testsuite>
</testsuites>
