<?xml version="1.0" encoding="UTF-8"?>
<testsuites name="3-5 Batch number maintain" time="34" tests="6" failures="0" errors="0">
   <testsuite name="3-5 Batch number maintain" tests="6" failures="0" errors="0" time="34" timestamp="2019-07-03 12:01:44" hostname="KennyIC_Chen - Larry_Chen.compal.com" id="Test Suites/3-5 Batch number maintain">
      <properties>
         <property name="deviceName" value=""/>
         <property name="devicePlatform" value=""/>
         <property name="logFolder" value="D:\\Kenny\\D\\Katalon Studio\\PSI\\PSItest\\Reports\\3-5 Batch number maintain\\20190703_120139"/>
         <property name="logFiles" value="D:\\Kenny\\D\\Katalon Studio\\PSI\\PSItest\\Reports\\3-5 Batch number maintain\\20190703_120139\\execution0.log"/>
         <property name="attachments" value="D:\\Kenny\\D\\Katalon Studio\\PSI\\PSItest\\Reports\\3-5 Batch number maintain\\20190703_120139\\1562126525599.png, D:\\Kenny\\D\\Katalon Studio\\PSI\\PSItest\\Reports\\3-5 Batch number maintain\\20190703_120139\\1562126530088.png, D:\\Kenny\\D\\Katalon Studio\\PSI\\PSItest\\Reports\\3-5 Batch number maintain\\20190703_120139\\1562126533628.png, D:\\Kenny\\D\\Katalon Studio\\PSI\\PSItest\\Reports\\3-5 Batch number maintain\\20190703_120139\\1562126536772.png"/>
         <property name="hostName" value="KennyIC_Chen - Larry_Chen.compal.com"/>
         <property name="os" value="Windows 10 64bit"/>
         <property name="katalonVersion" value="5.10.1.1"/>
         <property name="browser" value="Chrome 74.0.3729.169"/>
         <property name="hostAddress" value="10.109.102.145"/>
         <property name="sessionId" value="31580506348a8a665c0c2747896a2752"/>
         <property name="seleniumVersion" value="3.7.1"/>
         <property name="proxyInformation" value="ProxyInformation{proxyOption=NO_PROXY, proxyServerType=HTTP, password=, proxyServerAddress=, proxyServerPort=0}"/>
         <property name="platform" value="Windows 10"/>
      </properties>
      <testcase name="Test Cases/Others/Login" classname="Test Cases/Others/Login" status="PASSED">
         <system-out><![CDATA[2019-07-03 12:01:44 - [TEST_CASE][PASSED] - Test Cases/Others/Login: Test Cases/Others/Login

2019-07-03 12:01:45 - [TEST_STEP][PASSED] - openBrowser(""): Browser is opened with url: ''

2019-07-03 12:01:46 - [MESSAGE][INFO] - Starting 'Chrome' driver

2019-07-03 12:01:46 - [MESSAGE][INFO] - Action delay is set to 0 seconds

2019-07-03 12:01:51 - [MESSAGE][PASSED] - Browser is opened with url: ''

2019-07-03 12:01:51 - [TEST_STEP][PASSED] - navigateToUrl("https://psi-azcldap.unicore.com.tw/login"): Navigate to 'https://psi-azcldap.unicore.com.tw/login' successfully

2019-07-03 12:01:58 - [MESSAGE][PASSED] - Navigate to 'https://psi-azcldap.unicore.com.tw/login' successfully

2019-07-03 12:01:58 - [TEST_STEP][PASSED] - maximizeWindow(): Current window maximized

2019-07-03 12:01:59 - [MESSAGE][PASSED] - Current window maximized

2019-07-03 12:01:59 - [TEST_STEP][PASSED] - setText(findTestObject("Others/Login/ID-QWE"), "QWE"): Text 'QWE' is set on object 'Object Repository/Others/Login/ID-QWE'

2019-07-03 12:01:59 - [MESSAGE][PASSED] - Text 'QWE' is set on object 'Object Repository/Others/Login/ID-QWE'

2019-07-03 12:01:59 - [TEST_STEP][PASSED] - setEncryptedText(findTestObject("Others/Login/PW-QWE"), "5opu+sh6ATw="): Text ****** has been set on object 'Object Repository/Others/Login/PW-QWE'

2019-07-03 12:02:00 - [MESSAGE][PASSED] - Text ****** has been set on object 'Object Repository/Others/Login/PW-QWE'

2019-07-03 12:02:00 - [TEST_STEP][PASSED] - click(findTestObject("Others/Login/Login Button")): Object: 'Object Repository/Others/Login/Login Button' is clicked on

2019-07-03 12:02:00 - [MESSAGE][PASSED] - Object: 'Object Repository/Others/Login/Login Button' is clicked on

2019-07-03 12:02:00 - [TEST_STEP][PASSED] - verifyElementClickable(findTestObject("Others/Login/Verify button")): Object 'Object Repository/Others/Login/Verify button' is clickable

2019-07-03 12:02:01 - [MESSAGE][PASSED] - Object 'Object Repository/Others/Login/Verify button' is clickable]]></system-out>
         <system-err><![CDATA[]]></system-err>
      </testcase>
      <testcase name="Test Cases/3 Stock/3-5 Batch no maintain/3-5 Batch no maintain-Add" classname="Test Cases/3 Stock/3-5 Batch no maintain/3-5 Batch no maintain-Add" status="PASSED">
         <system-out><![CDATA[2019-07-03 12:02:01 - [TEST_CASE][PASSED] - Test Cases/3 Stock/3-5 Batch no maintain/3-5 Batch no maintain-Add: Test Cases/3 Stock/3-5 Batch no maintain/3-5 Batch no maintain-Add

2019-07-03 12:02:01 - [TEST_STEP][PASSED] - click(findTestObject("3 Stock/3-5 Batch number maintain/Add/Batch maintain button")): Object: 'Object Repository/3 Stock/3-5 Batch number maintain/Add/Batch maintain button' is clicked on

2019-07-03 12:02:02 - [MESSAGE][PASSED] - Object: 'Object Repository/3 Stock/3-5 Batch number maintain/Add/Batch maintain button' is clicked on

2019-07-03 12:02:02 - [TEST_STEP][PASSED] - click(findTestObject("3 Stock/3-5 Batch number maintain/Add/Batch maintain add button")): Object: 'Object Repository/3 Stock/3-5 Batch number maintain/Add/Batch maintain add button' is clicked on

2019-07-03 12:02:02 - [MESSAGE][PASSED] - Object: 'Object Repository/3 Stock/3-5 Batch number maintain/Add/Batch maintain add button' is clicked on

2019-07-03 12:02:02 - [TEST_STEP][PASSED] - click(findTestObject("3 Stock/3-5 Batch number maintain/Add/Item button")): Object: 'Object Repository/3 Stock/3-5 Batch number maintain/Add/Item button' is clicked on

2019-07-03 12:02:03 - [MESSAGE][PASSED] - Object: 'Object Repository/3 Stock/3-5 Batch number maintain/Add/Item button' is clicked on

2019-07-03 12:02:03 - [TEST_STEP][PASSED] - click(findTestObject("3 Stock/3-5 Batch number maintain/Add/Item select")): Object: 'Object Repository/3 Stock/3-5 Batch number maintain/Add/Item select' is clicked on

2019-07-03 12:02:03 - [MESSAGE][PASSED] - Object: 'Object Repository/3 Stock/3-5 Batch number maintain/Add/Item select' is clicked on

2019-07-03 12:02:03 - [TEST_STEP][PASSED] - setText(findTestObject("3 Stock/3-5 Batch number maintain/Add/Item life day"), "30"): Text '30' is set on object 'Object Repository/3 Stock/3-5 Batch number maintain/Add/Item life day'

2019-07-03 12:02:03 - [MESSAGE][PASSED] - Text '30' is set on object 'Object Repository/3 Stock/3-5 Batch number maintain/Add/Item life day'

2019-07-03 12:02:03 - [TEST_STEP][PASSED] - setText(findTestObject("3 Stock/3-5 Batch number maintain/Add/item batch code"), time()): null

2019-07-03 12:02:03 - [TEST_STEP][PASSED] - date = new java.util.Date(): null

2019-07-03 12:02:03 - [TEST_STEP][PASSED] - sdf = new java.text.SimpleDateFormat(yyyyMMddHHmm): null

2019-07-03 12:02:03 - [TEST_STEP][PASSED] - Time = Note + sdf.format(date): null

2019-07-03 12:02:03 - [TEST_STEP][PASSED] - return internal.GlobalVariable.Time: Text 'Testing201907031202' is set on object 'Object Repository/3 Stock/3-5 Batch number maintain/Add/item batch code'

2019-07-03 12:02:04 - [MESSAGE][PASSED] - Text 'Testing201907031202' is set on object 'Object Repository/3 Stock/3-5 Batch number maintain/Add/item batch code'

2019-07-03 12:02:04 - [TEST_STEP][PASSED] - click(findTestObject("3 Stock/3-5 Batch number maintain/Add/item life date")): Object: 'Object Repository/3 Stock/3-5 Batch number maintain/Add/item life date' is clicked on

2019-07-03 12:02:04 - [MESSAGE][PASSED] - Object: 'Object Repository/3 Stock/3-5 Batch number maintain/Add/item life date' is clicked on

2019-07-03 12:02:04 - [TEST_STEP][PASSED] - click(findTestObject("3 Stock/3-5 Batch number maintain/Add/Item life date next month 23", ["xxx":abc(0)])): null

2019-07-03 12:02:04 - [TEST_STEP][PASSED] - today = new java.util.Date(): null

2019-07-03 12:02:04 - [TEST_STEP][PASSED] - day1 = Date().plus(num): null

2019-07-03 12:02:04 - [TEST_STEP][PASSED] - if (day1.format("MM") > today.format("MM")): null

2019-07-03 12:02:04 - [TEST_STEP][PASSED] - else: Object: 'Object Repository/3 Stock/3-5 Batch number maintain/Add/Item life date next month 23' is clicked on

2019-07-03 12:02:04 - [TEST_STEP][PASSED] - return day1.format(d): Object: 'Object Repository/3 Stock/3-5 Batch number maintain/Add/Item life date next month 23' is clicked on

2019-07-03 12:02:04 - [MESSAGE][PASSED] - Object: 'Object Repository/3 Stock/3-5 Batch number maintain/Add/Item life date next month 23' is clicked on

2019-07-03 12:02:04 - [TEST_STEP][PASSED] - click(findTestObject("3 Stock/3-5 Batch number maintain/Add/Item enable")): Object: 'Object Repository/3 Stock/3-5 Batch number maintain/Add/Item enable' is clicked on

2019-07-03 12:02:04 - [MESSAGE][PASSED] - Object: 'Object Repository/3 Stock/3-5 Batch number maintain/Add/Item enable' is clicked on

2019-07-03 12:02:04 - [TEST_STEP][PASSED] - selectOptionByValue(findTestObject("3 Stock/3-5 Batch number maintain/Add/Item enable select"), "0: Y", true): All options with value '0: Y' are selected in object 'Object Repository/3 Stock/3-5 Batch number maintain/Add/Item enable select'  using regular expression

2019-07-03 12:02:05 - [MESSAGE][PASSED] - All options with value '0: Y' are selected in object 'Object Repository/3 Stock/3-5 Batch number maintain/Add/Item enable select'  using regular expression

2019-07-03 12:02:05 - [TEST_STEP][PASSED] - setText(findTestObject("3 Stock/3-5 Batch number maintain/Add/Item note"), time()): null

2019-07-03 12:02:05 - [TEST_STEP][PASSED] - date = new java.util.Date(): null

2019-07-03 12:02:05 - [TEST_STEP][PASSED] - sdf = new java.text.SimpleDateFormat(yyyyMMddHHmm): null

2019-07-03 12:02:05 - [TEST_STEP][PASSED] - Time = Note + sdf.format(date): null

2019-07-03 12:02:05 - [TEST_STEP][PASSED] - return internal.GlobalVariable.Time: Text 'Testing201907031202' is set on object 'Object Repository/3 Stock/3-5 Batch number maintain/Add/Item note'

2019-07-03 12:02:05 - [MESSAGE][PASSED] - Text 'Testing201907031202' is set on object 'Object Repository/3 Stock/3-5 Batch number maintain/Add/Item note'

2019-07-03 12:02:05 - [TEST_STEP][PASSED] - takeScreenshot(): Taking screenshot successfully

2019-07-03 12:02:06 - [MESSAGE][PASSED] - Taking screenshot successfully
[[ATTACHMENT|D:\\Kenny\\D\\Katalon Studio\\PSI\\PSItest\\Reports\\3-5 Batch number maintain\\20190703_120139\\1562126525599.png]]

2019-07-03 12:02:06 - [TEST_STEP][PASSED] - click(findTestObject("3 Stock/3-5 Batch number maintain/Add/Save button")): Object: 'Object Repository/3 Stock/3-5 Batch number maintain/Add/Save button' is clicked on

2019-07-03 12:02:06 - [MESSAGE][PASSED] - Object: 'Object Repository/3 Stock/3-5 Batch number maintain/Add/Save button' is clicked on]]></system-out>
         <system-err><![CDATA[]]></system-err>
      </testcase>
      <testcase name="Test Cases/Others/Accept and verify" classname="Test Cases/Others/Accept and verify" status="PASSED">
         <system-out><![CDATA[2019-07-03 12:02:06 - [TEST_CASE][PASSED] - Test Cases/Others/Accept and verify: Test Cases/Others/Accept and verify

2019-07-03 12:02:06 - [TEST_STEP][PASSED] - delay(1): Delayed 1 second(s)

2019-07-03 12:02:07 - [MESSAGE][PASSED] - Delayed 1 second(s)

2019-07-03 12:02:07 - [TEST_STEP][PASSED] - waitForAlert(5): Alert is present after 5 second(s).

2019-07-03 12:02:07 - [MESSAGE][PASSED] - Alert is present after 5 second(s).

2019-07-03 12:02:07 - [TEST_STEP][PASSED] - acceptAlert(): Alert accepted

2019-07-03 12:02:07 - [MESSAGE][PASSED] - Alert accepted

2019-07-03 12:02:07 - [TEST_STEP][PASSED] - verifyElementClickable(findTestObject("Others/Accept and verify/Verify button")): Object 'Object Repository/Others/Accept and verify/Verify button' is clickable

2019-07-03 12:02:07 - [MESSAGE][PASSED] - Object 'Object Repository/Others/Accept and verify/Verify button' is clickable]]></system-out>
         <system-err><![CDATA[]]></system-err>
      </testcase>
      <testcase name="Test Cases/3 Stock/3-5 Batch no maintain/3-5 Batch no maintain-Edit" classname="Test Cases/3 Stock/3-5 Batch no maintain/3-5 Batch no maintain-Edit" status="PASSED">
         <system-out><![CDATA[2019-07-03 12:02:07 - [TEST_CASE][PASSED] - Test Cases/3 Stock/3-5 Batch no maintain/3-5 Batch no maintain-Edit: Test Cases/3 Stock/3-5 Batch no maintain/3-5 Batch no maintain-Edit

2019-07-03 12:02:07 - [TEST_STEP][PASSED] - delay(1): Delayed 1 second(s)

2019-07-03 12:02:08 - [MESSAGE][PASSED] - Delayed 1 second(s)

2019-07-03 12:02:08 - [TEST_STEP][PASSED] - click(findTestObject("3 Stock/3-5 Batch number maintain/Edit/Sort by number")): Object: 'Object Repository/3 Stock/3-5 Batch number maintain/Edit/Sort by number' is clicked on

2019-07-03 12:02:09 - [MESSAGE][PASSED] - Object: 'Object Repository/3 Stock/3-5 Batch number maintain/Edit/Sort by number' is clicked on

2019-07-03 12:02:09 - [TEST_STEP][PASSED] - click(findTestObject("3 Stock/3-5 Batch number maintain/Edit/Sort by number")): Object: 'Object Repository/3 Stock/3-5 Batch number maintain/Edit/Sort by number' is clicked on

2019-07-03 12:02:09 - [MESSAGE][PASSED] - Object: 'Object Repository/3 Stock/3-5 Batch number maintain/Edit/Sort by number' is clicked on

2019-07-03 12:02:09 - [TEST_STEP][PASSED] - XXX = Time: null

2019-07-03 12:02:09 - [TEST_STEP][PASSED] - click(findTestObject("3 Stock/3-5 Batch number maintain/Edit/Select by number", ["xxx":XXX])): Object: 'Object Repository/3 Stock/3-5 Batch number maintain/Edit/Select by number' is clicked on

2019-07-03 12:02:09 - [MESSAGE][PASSED] - Object: 'Object Repository/3 Stock/3-5 Batch number maintain/Edit/Select by number' is clicked on

2019-07-03 12:02:09 - [TEST_STEP][PASSED] - click(findTestObject("3 Stock/3-5 Batch number maintain/Edit/Edit button")): Object: 'Object Repository/3 Stock/3-5 Batch number maintain/Edit/Edit button' is clicked on

2019-07-03 12:02:09 - [MESSAGE][PASSED] - Object: 'Object Repository/3 Stock/3-5 Batch number maintain/Edit/Edit button' is clicked on

2019-07-03 12:02:09 - [TEST_STEP][PASSED] - sendKeys(findTestObject("3 Stock/3-5 Batch number maintain/Edit/Life days"), Keys.chord(CONTROL, "a")): Keys 'CONTROL + a' sent to object: 'Object Repository/3 Stock/3-5 Batch number maintain/Edit/Life days'

2019-07-03 12:02:09 - [MESSAGE][PASSED] - Keys 'CONTROL + a' sent to object: 'Object Repository/3 Stock/3-5 Batch number maintain/Edit/Life days'

2019-07-03 12:02:09 - [TEST_STEP][PASSED] - sendKeys(findTestObject("3 Stock/3-5 Batch number maintain/Edit/Life days"), Keys.chord(DELETE)): Keys 'DELETE + ' sent to object: 'Object Repository/3 Stock/3-5 Batch number maintain/Edit/Life days'

2019-07-03 12:02:09 - [MESSAGE][PASSED] - Keys 'DELETE + ' sent to object: 'Object Repository/3 Stock/3-5 Batch number maintain/Edit/Life days'

2019-07-03 12:02:09 - [TEST_STEP][PASSED] - setText(findTestObject("3 Stock/3-5 Batch number maintain/Edit/Life days"), "60"): Text '60' is set on object 'Object Repository/3 Stock/3-5 Batch number maintain/Edit/Life days'

2019-07-03 12:02:10 - [MESSAGE][PASSED] - Text '60' is set on object 'Object Repository/3 Stock/3-5 Batch number maintain/Edit/Life days'

2019-07-03 12:02:10 - [TEST_STEP][PASSED] - takeScreenshot(): Taking screenshot successfully

2019-07-03 12:02:10 - [MESSAGE][PASSED] - Taking screenshot successfully
[[ATTACHMENT|D:\\Kenny\\D\\Katalon Studio\\PSI\\PSItest\\Reports\\3-5 Batch number maintain\\20190703_120139\\1562126530088.png]]

2019-07-03 12:02:10 - [TEST_STEP][PASSED] - click(findTestObject("3 Stock/3-5 Batch number maintain/Edit/Save button")): Object: 'Object Repository/3 Stock/3-5 Batch number maintain/Edit/Save button' is clicked on

2019-07-03 12:02:10 - [MESSAGE][PASSED] - Object: 'Object Repository/3 Stock/3-5 Batch number maintain/Edit/Save button' is clicked on]]></system-out>
         <system-err><![CDATA[]]></system-err>
      </testcase>
      <testcase name="Test Cases/Others/Accept and verify" classname="Test Cases/Others/Accept and verify" status="PASSED">
         <system-out><![CDATA[2019-07-03 12:02:10 - [TEST_CASE][PASSED] - Test Cases/Others/Accept and verify: Test Cases/Others/Accept and verify

2019-07-03 12:02:10 - [TEST_STEP][PASSED] - delay(1): Delayed 1 second(s)

2019-07-03 12:02:11 - [MESSAGE][PASSED] - Delayed 1 second(s)

2019-07-03 12:02:11 - [TEST_STEP][PASSED] - waitForAlert(5): Alert is present after 5 second(s).

2019-07-03 12:02:11 - [MESSAGE][PASSED] - Alert is present after 5 second(s).

2019-07-03 12:02:11 - [TEST_STEP][PASSED] - acceptAlert(): Alert accepted

2019-07-03 12:02:11 - [MESSAGE][PASSED] - Alert accepted

2019-07-03 12:02:11 - [TEST_STEP][PASSED] - verifyElementClickable(findTestObject("Others/Accept and verify/Verify button")): Object 'Object Repository/Others/Accept and verify/Verify button' is clickable

2019-07-03 12:02:12 - [MESSAGE][PASSED] - Object 'Object Repository/Others/Accept and verify/Verify button' is clickable]]></system-out>
         <system-err><![CDATA[]]></system-err>
      </testcase>
      <testcase name="Test Cases/3 Stock/3-5 Batch no maintain/3-5 Batch no maintain-Delete" classname="Test Cases/3 Stock/3-5 Batch no maintain/3-5 Batch no maintain-Delete" status="PASSED">
         <system-out><![CDATA[2019-07-03 12:02:12 - [TEST_CASE][PASSED] - Test Cases/3 Stock/3-5 Batch no maintain/3-5 Batch no maintain-Delete: Test Cases/3 Stock/3-5 Batch no maintain/3-5 Batch no maintain-Delete

2019-07-03 12:02:12 - [TEST_STEP][PASSED] - click(findTestObject("3 Stock/3-5 Batch number maintain/Delete/Sort by batch number no")): Object: 'Object Repository/3 Stock/3-5 Batch number maintain/Delete/Sort by batch number no' is clicked on

2019-07-03 12:02:13 - [MESSAGE][PASSED] - Object: 'Object Repository/3 Stock/3-5 Batch number maintain/Delete/Sort by batch number no' is clicked on

2019-07-03 12:02:13 - [TEST_STEP][PASSED] - click(findTestObject("3 Stock/3-5 Batch number maintain/Delete/Sort by batch number no")): Object: 'Object Repository/3 Stock/3-5 Batch number maintain/Delete/Sort by batch number no' is clicked on

2019-07-03 12:02:13 - [MESSAGE][PASSED] - Object: 'Object Repository/3 Stock/3-5 Batch number maintain/Delete/Sort by batch number no' is clicked on

2019-07-03 12:02:13 - [TEST_STEP][PASSED] - XXX = Time: null

2019-07-03 12:02:13 - [TEST_STEP][PASSED] - click(findTestObject("3 Stock/3-5 Batch number maintain/Delete/Select batch number by note")): Object: 'Object Repository/3 Stock/3-5 Batch number maintain/Delete/Select batch number by note' is clicked on

2019-07-03 12:02:13 - [MESSAGE][PASSED] - Object: 'Object Repository/3 Stock/3-5 Batch number maintain/Delete/Select batch number by note' is clicked on

2019-07-03 12:02:13 - [TEST_STEP][PASSED] - click(findTestObject("3 Stock/3-5 Batch number maintain/Delete/Batch number delete button")): Object: 'Object Repository/3 Stock/3-5 Batch number maintain/Delete/Batch number delete button' is clicked on

2019-07-03 12:02:13 - [MESSAGE][PASSED] - Object: 'Object Repository/3 Stock/3-5 Batch number maintain/Delete/Batch number delete button' is clicked on

2019-07-03 12:02:13 - [TEST_STEP][PASSED] - takeScreenshot(): Taking screenshot successfully

2019-07-03 12:02:14 - [MESSAGE][PASSED] - Taking screenshot successfully
[[ATTACHMENT|D:\\Kenny\\D\\Katalon Studio\\PSI\\PSItest\\Reports\\3-5 Batch number maintain\\20190703_120139\\1562126533628.png]]

2019-07-03 12:02:14 - [TEST_STEP][PASSED] - click(findTestObject("3 Stock/3-5 Batch number maintain/Delete/Ok button")): Object: 'Object Repository/3 Stock/3-5 Batch number maintain/Delete/Ok button' is clicked on

2019-07-03 12:02:14 - [MESSAGE][PASSED] - Object: 'Object Repository/3 Stock/3-5 Batch number maintain/Delete/Ok button' is clicked on

2019-07-03 12:02:14 - [TEST_STEP][PASSED] - delay(2): Delayed 2 second(s)

2019-07-03 12:02:16 - [MESSAGE][PASSED] - Delayed 2 second(s)

2019-07-03 12:02:16 - [TEST_STEP][PASSED] - click(findTestObject("3 Stock/3-5 Batch number maintain/Delete/Sort by batch number no")): Object: 'Object Repository/3 Stock/3-5 Batch number maintain/Delete/Sort by batch number no' is clicked on

2019-07-03 12:02:16 - [MESSAGE][PASSED] - Object: 'Object Repository/3 Stock/3-5 Batch number maintain/Delete/Sort by batch number no' is clicked on

2019-07-03 12:02:16 - [TEST_STEP][PASSED] - click(findTestObject("3 Stock/3-5 Batch number maintain/Delete/Sort by batch number no")): Object: 'Object Repository/3 Stock/3-5 Batch number maintain/Delete/Sort by batch number no' is clicked on

2019-07-03 12:02:16 - [MESSAGE][PASSED] - Object: 'Object Repository/3 Stock/3-5 Batch number maintain/Delete/Sort by batch number no' is clicked on

2019-07-03 12:02:16 - [TEST_STEP][PASSED] - takeScreenshot(): Taking screenshot successfully

2019-07-03 12:02:17 - [MESSAGE][PASSED] - Taking screenshot successfully
[[ATTACHMENT|D:\\Kenny\\D\\Katalon Studio\\PSI\\PSItest\\Reports\\3-5 Batch number maintain\\20190703_120139\\1562126536772.png]]

2019-07-03 12:02:17 - [TEST_STEP][PASSED] - ZZZ = getText(findTestObject("3 Stock/3-5 Batch number maintain/Delete/Select batch number by note")): Text of object 'Object Repository/3 Stock/3-5 Batch number maintain/Delete/Select batch number by note' is: '2019/07/03'

2019-07-03 12:02:17 - [MESSAGE][PASSED] - Text of object 'Object Repository/3 Stock/3-5 Batch number maintain/Delete/Select batch number by note' is: '2019/07/03'

2019-07-03 12:02:17 - [TEST_STEP][PASSED] - verifyNotMatch(XXX, ZZZ, true): Actual text 'Testing201907031202' and expected text '2019/07/03' are not matched  using regular expression

2019-07-03 12:02:17 - [MESSAGE][PASSED] - Actual text 'Testing201907031202' and expected text '2019/07/03' are not matched  using regular expression]]></system-out>
         <system-err><![CDATA[]]></system-err>
      </testcase>
      <system-out><![CDATA[2019-07-03 12:01:44 - [TEST_SUITE][PASSED] - 3-5 Batch number maintain: Test Cases/3 Stock/3-5 Batch no maintain/3-5 Batch no maintain-Delete]]></system-out>
      <system-err><![CDATA[]]></system-err>
   </testsuite>
</testsuites>
