<?xml version="1.0" encoding="UTF-8"?>
<testsuites name="2-1 Sale Test Suite" time="21" tests="3" failures="0" errors="0">
   <testsuite name="2-1 Sale Test Suite" tests="3" failures="0" errors="0" time="21" timestamp="2019-04-25 16:40:23" hostname="KennyIC_Chen - KennyIC_Chen.compal.com" id="Test Suites/2-1 Sale Test Suite">
      <properties>
         <property name="deviceName" value=""/>
         <property name="devicePlatform" value=""/>
         <property name="logFolder" value="C:\\Users\\KennyIC_chen.COMPAL\\git\\PSItest\\Reports\\2-1 Sale Test Suite\\20190425_164021"/>
         <property name="logFiles" value="C:\\Users\\KennyIC_chen.COMPAL\\git\\PSItest\\Reports\\2-1 Sale Test Suite\\20190425_164021\\execution0.log"/>
         <property name="attachments" value=""/>
         <property name="hostName" value="KennyIC_Chen - KennyIC_Chen.compal.com"/>
         <property name="os" value="Windows 10 64bit"/>
         <property name="katalonVersion" value="5.10.1.1"/>
         <property name="browser" value="Chrome 73.0.3683.103"/>
         <property name="hostAddress" value="10.109.102.148"/>
         <property name="sessionId" value="f01e6fbd61f7c3896d163a33fab3be0b"/>
         <property name="seleniumVersion" value="3.7.1"/>
         <property name="proxyInformation" value="ProxyInformation{proxyOption=NO_PROXY, proxyServerType=HTTP, password=, proxyServerAddress=, proxyServerPort=0}"/>
         <property name="platform" value="Windows 10"/>
      </properties>
      <testcase name="Test Cases/Others/Login" classname="Test Cases/Others/Login" status="PASSED">
         <system-out><![CDATA[2019-04-25 16:40:23 - [TEST_CASE][PASSED] - Test Cases/Others/Login: Test Cases/Others/Login

2019-04-25 16:40:23 - [TEST_STEP][PASSED] - openBrowser(""): Browser is opened with url: ''

2019-04-25 16:40:24 - [MESSAGE][INFO] - Starting 'Chrome' driver

2019-04-25 16:40:24 - [MESSAGE][INFO] - Action delay is set to 0 seconds

2019-04-25 16:40:27 - [MESSAGE][PASSED] - Browser is opened with url: ''

2019-04-25 16:40:27 - [TEST_STEP][PASSED] - navigateToUrl("https://psi-azcldap.unicore.com.tw/login"): Navigate to 'https://psi-azcldap.unicore.com.tw/login' successfully

2019-04-25 16:40:33 - [MESSAGE][PASSED] - Navigate to 'https://psi-azcldap.unicore.com.tw/login' successfully

2019-04-25 16:40:33 - [TEST_STEP][PASSED] - maximizeWindow(): Current window maximized

2019-04-25 16:40:34 - [MESSAGE][PASSED] - Current window maximized

2019-04-25 16:40:34 - [TEST_STEP][PASSED] - setText(findTestObject("Others/Login/ID-QWE"), "QWE"): Text 'QWE' is set on object 'Object Repository/Others/Login/ID-QWE'

2019-04-25 16:40:34 - [MESSAGE][PASSED] - Text 'QWE' is set on object 'Object Repository/Others/Login/ID-QWE'

2019-04-25 16:40:34 - [TEST_STEP][PASSED] - setEncryptedText(findTestObject("Others/Login/PW-QWE"), "5opu+sh6ATw="): Text ****** has been set on object 'Object Repository/Others/Login/PW-QWE'

2019-04-25 16:40:34 - [MESSAGE][PASSED] - Text ****** has been set on object 'Object Repository/Others/Login/PW-QWE'

2019-04-25 16:40:34 - [TEST_STEP][PASSED] - click(findTestObject("Others/Login/Login Button")): Object: 'Object Repository/Others/Login/Login Button' is clicked on

2019-04-25 16:40:34 - [MESSAGE][PASSED] - Object: 'Object Repository/Others/Login/Login Button' is clicked on

2019-04-25 16:40:34 - [TEST_STEP][PASSED] - verifyElementClickable(findTestObject("Others/Login/Verify button")): Object 'Object Repository/Others/Login/Verify button' is clickable

2019-04-25 16:40:35 - [MESSAGE][PASSED] - Object 'Object Repository/Others/Login/Verify button' is clickable]]></system-out>
         <system-err><![CDATA[]]></system-err>
      </testcase>
      <testcase name="Test Cases/2-1 Sale-add" classname="Test Cases/2-1 Sale-add" status="PASSED">
         <system-out><![CDATA[2019-04-25 16:40:35 - [TEST_CASE][PASSED] - Test Cases/2-1 Sale-add: Test Cases/2-1 Sale-add

2019-04-25 16:40:35 - [TEST_STEP][PASSED] - click(findTestObject("2-1 Sale/Sale button")): Object: 'Object Repository/2-1 Sale/Sale button' is clicked on

2019-04-25 16:40:35 - [MESSAGE][PASSED] - Object: 'Object Repository/2-1 Sale/Sale button' is clicked on

2019-04-25 16:40:35 - [TEST_STEP][PASSED] - click(findTestObject("2-1 Sale/Sale add button")): Object: 'Object Repository/2-1 Sale/Sale add button' is clicked on

2019-04-25 16:40:35 - [MESSAGE][PASSED] - Object: 'Object Repository/2-1 Sale/Sale add button' is clicked on

2019-04-25 16:40:35 - [TEST_STEP][PASSED] - click(findTestObject("2-1 Sale/Sale customer button")): Object: 'Object Repository/2-1 Sale/Sale customer button' is clicked on

2019-04-25 16:40:36 - [MESSAGE][PASSED] - Object: 'Object Repository/2-1 Sale/Sale customer button' is clicked on

2019-04-25 16:40:36 - [TEST_STEP][PASSED] - click(findTestObject("2-1 Sale/Sale customer 95230")): Object: 'Object Repository/2-1 Sale/Sale customer 95230' is clicked on

2019-04-25 16:40:36 - [MESSAGE][PASSED] - Object: 'Object Repository/2-1 Sale/Sale customer 95230' is clicked on

2019-04-25 16:40:36 - [TEST_STEP][PASSED] - click(findTestObject("2-1 Sale/Sale date button")): Object: 'Object Repository/2-1 Sale/Sale date button' is clicked on

2019-04-25 16:40:36 - [MESSAGE][PASSED] - Object: 'Object Repository/2-1 Sale/Sale date button' is clicked on

2019-04-25 16:40:36 - [TEST_STEP][PASSED] - click(findTestObject("2-1 Sale/Sale date 22")): Object: 'Object Repository/2-1 Sale/Sale date 22' is clicked on

2019-04-25 16:40:36 - [MESSAGE][PASSED] - Object: 'Object Repository/2-1 Sale/Sale date 22' is clicked on

2019-04-25 16:40:36 - [TEST_STEP][PASSED] - click(findTestObject("2-1 Sale/Sale sales button")): Object: 'Object Repository/2-1 Sale/Sale sales button' is clicked on

2019-04-25 16:40:36 - [MESSAGE][PASSED] - Object: 'Object Repository/2-1 Sale/Sale sales button' is clicked on

2019-04-25 16:40:36 - [TEST_STEP][PASSED] - click(findTestObject("2-1 Sale/Sale sales 0001")): Object: 'Object Repository/2-1 Sale/Sale sales 0001' is clicked on

2019-04-25 16:40:37 - [MESSAGE][PASSED] - Object: 'Object Repository/2-1 Sale/Sale sales 0001' is clicked on

2019-04-25 16:40:37 - [TEST_STEP][PASSED] - click(findTestObject("2-1 Sale/Sale ship type button")): Object: 'Object Repository/2-1 Sale/Sale ship type button' is clicked on

2019-04-25 16:40:37 - [MESSAGE][PASSED] - Object: 'Object Repository/2-1 Sale/Sale ship type button' is clicked on

2019-04-25 16:40:37 - [TEST_STEP][PASSED] - selectOptionByValue(findTestObject("2-1 Sale/Sale ship type select"), "0: 2", true): All options with value '0: 2' are selected in object 'Object Repository/2-1 Sale/Sale ship type select'  using regular expression

2019-04-25 16:40:37 - [MESSAGE][PASSED] - All options with value '0: 2' are selected in object 'Object Repository/2-1 Sale/Sale ship type select'  using regular expression

2019-04-25 16:40:37 - [TEST_STEP][PASSED] - click(findTestObject("2-1 Sale/Sale payment type button")): Object: 'Object Repository/2-1 Sale/Sale payment type button' is clicked on

2019-04-25 16:40:37 - [MESSAGE][PASSED] - Object: 'Object Repository/2-1 Sale/Sale payment type button' is clicked on

2019-04-25 16:40:37 - [TEST_STEP][PASSED] - selectOptionByValue(findTestObject("2-1 Sale/Sale payment type select"), "0: 4", true): All options with value '0: 4' are selected in object 'Object Repository/2-1 Sale/Sale payment type select'  using regular expression

2019-04-25 16:40:38 - [MESSAGE][PASSED] - All options with value '0: 4' are selected in object 'Object Repository/2-1 Sale/Sale payment type select'  using regular expression

2019-04-25 16:40:38 - [TEST_STEP][PASSED] - click(findTestObject("2-1 Sale/Sale payment 1")): Object: 'Object Repository/2-1 Sale/Sale payment 1' is clicked on

2019-04-25 16:40:38 - [MESSAGE][PASSED] - Object: 'Object Repository/2-1 Sale/Sale payment 1' is clicked on

2019-04-25 16:40:38 - [TEST_STEP][PASSED] - click(findTestObject("2-1 Sale/Sale payment 1 next month 10", ["xxx":abc(5)])): null

2019-04-25 16:40:38 - [TEST_STEP][PASSED] - today = new java.util.Date(): null

2019-04-25 16:40:38 - [TEST_STEP][PASSED] - day1 = Date().plus(num): null

2019-04-25 16:40:38 - [TEST_STEP][PASSED] - if (day1.format("MM") > today.format("MM")): null

2019-04-25 16:40:38 - [TEST_STEP][PASSED] - else: Object: 'Object Repository/2-1 Sale/Sale payment 1 next month 10' is clicked on

2019-04-25 16:40:38 - [TEST_STEP][PASSED] - return day1.format(d): Object: 'Object Repository/2-1 Sale/Sale payment 1 next month 10' is clicked on

2019-04-25 16:40:38 - [MESSAGE][PASSED] - Object: 'Object Repository/2-1 Sale/Sale payment 1 next month 10' is clicked on

2019-04-25 16:40:38 - [TEST_STEP][PASSED] - click(findTestObject("2-1 Sale/Sale payment 2")): Object: 'Object Repository/2-1 Sale/Sale payment 2' is clicked on

2019-04-25 16:40:38 - [MESSAGE][PASSED] - Object: 'Object Repository/2-1 Sale/Sale payment 2' is clicked on

2019-04-25 16:40:38 - [TEST_STEP][PASSED] - click(findTestObject("2-1 Sale/Sale payment 2 next month 15", ["xxx":abc(10)])): null

2019-04-25 16:40:38 - [TEST_STEP][PASSED] - today = new java.util.Date(): null

2019-04-25 16:40:38 - [TEST_STEP][PASSED] - day1 = Date().plus(num): null

2019-04-25 16:40:38 - [TEST_STEP][PASSED] - if (day1.format("MM") > today.format("MM")): Object: 'Object Repository/2-1 Sale/Sale payment 2 next month 15' is clicked on

2019-04-25 16:40:38 - [TEST_STEP][PASSED] - click(findTestObject("2-1 Sale/Sale payment next month")): Object: 'Object Repository/2-1 Sale/Sale payment next month' is clicked on

2019-04-25 16:40:38 - [MESSAGE][PASSED] - Object: 'Object Repository/2-1 Sale/Sale payment next month' is clicked on

2019-04-25 16:40:38 - [TEST_STEP][PASSED] - return day1.format(d): Object: 'Object Repository/2-1 Sale/Sale payment 2 next month 15' is clicked on

2019-04-25 16:40:38 - [MESSAGE][PASSED] - Object: 'Object Repository/2-1 Sale/Sale payment 2 next month 15' is clicked on

2019-04-25 16:40:38 - [TEST_STEP][PASSED] - click(findTestObject("2-1 Sale/Sale payment 3")): Object: 'Object Repository/2-1 Sale/Sale payment 3' is clicked on

2019-04-25 16:40:38 - [MESSAGE][PASSED] - Object: 'Object Repository/2-1 Sale/Sale payment 3' is clicked on

2019-04-25 16:40:38 - [TEST_STEP][PASSED] - click(findTestObject("2-1 Sale/Sale payment 3 next month 20", ["xxx":abc(15)])): null

2019-04-25 16:40:38 - [TEST_STEP][PASSED] - today = new java.util.Date(): null

2019-04-25 16:40:38 - [TEST_STEP][PASSED] - day1 = Date().plus(num): null

2019-04-25 16:40:38 - [TEST_STEP][PASSED] - if (day1.format("MM") > today.format("MM")): Object: 'Object Repository/2-1 Sale/Sale payment 3 next month 20' is clicked on

2019-04-25 16:40:38 - [TEST_STEP][PASSED] - click(findTestObject("2-1 Sale/Sale payment next month")): Object: 'Object Repository/2-1 Sale/Sale payment next month' is clicked on

2019-04-25 16:40:38 - [MESSAGE][PASSED] - Object: 'Object Repository/2-1 Sale/Sale payment next month' is clicked on

2019-04-25 16:40:38 - [TEST_STEP][PASSED] - return day1.format(d): Object: 'Object Repository/2-1 Sale/Sale payment 3 next month 20' is clicked on

2019-04-25 16:40:38 - [MESSAGE][PASSED] - Object: 'Object Repository/2-1 Sale/Sale payment 3 next month 20' is clicked on

2019-04-25 16:40:38 - [TEST_STEP][PASSED] - click(findTestObject("2-1 Sale/Sale invoice number")): Object: 'Object Repository/2-1 Sale/Sale invoice number' is clicked on

2019-04-25 16:40:38 - [MESSAGE][PASSED] - Object: 'Object Repository/2-1 Sale/Sale invoice number' is clicked on

2019-04-25 16:40:38 - [TEST_STEP][PASSED] - selectOptionByValue(findTestObject("2-1 Sale/Sale invoice select"), "3: 4", true): All options with value '3: 4' are selected in object 'Object Repository/2-1 Sale/Sale invoice select'  using regular expression

2019-04-25 16:40:38 - [MESSAGE][PASSED] - All options with value '3: 4' are selected in object 'Object Repository/2-1 Sale/Sale invoice select'  using regular expression

2019-04-25 16:40:38 - [TEST_STEP][PASSED] - click(findTestObject("2-1 Sale/Sale TAX button")): Object: 'Object Repository/2-1 Sale/Sale TAX button' is clicked on

2019-04-25 16:40:39 - [MESSAGE][PASSED] - Object: 'Object Repository/2-1 Sale/Sale TAX button' is clicked on

2019-04-25 16:40:39 - [TEST_STEP][PASSED] - selectOptionByValue(findTestObject("2-1 Sale/Sale TAX select"), "1: 2", true): All options with value '1: 2' are selected in object 'Object Repository/2-1 Sale/Sale TAX select'  using regular expression

2019-04-25 16:40:39 - [MESSAGE][PASSED] - All options with value '1: 2' are selected in object 'Object Repository/2-1 Sale/Sale TAX select'  using regular expression

2019-04-25 16:40:39 - [TEST_STEP][PASSED] - setText(findTestObject("2-1 Sale/Sale invoice number"), Invoice_number): Text 'AB-12345678' is set on object 'Object Repository/2-1 Sale/Sale invoice number'

2019-04-25 16:40:39 - [MESSAGE][PASSED] - Text 'AB-12345678' is set on object 'Object Repository/2-1 Sale/Sale invoice number'

2019-04-25 16:40:39 - [TEST_STEP][PASSED] - setText(findTestObject("2-1 Sale/Sale GUI number"), "12345678"): Text '12345678' is set on object 'Object Repository/2-1 Sale/Sale GUI number'

2019-04-25 16:40:39 - [MESSAGE][PASSED] - Text '12345678' is set on object 'Object Repository/2-1 Sale/Sale GUI number'

2019-04-25 16:40:39 - [TEST_STEP][PASSED] - click(findTestObject("2-1 Sale/Sale contact window button")): Object: 'Object Repository/2-1 Sale/Sale contact window button' is clicked on

2019-04-25 16:40:39 - [MESSAGE][PASSED] - Object: 'Object Repository/2-1 Sale/Sale contact window button' is clicked on

2019-04-25 16:40:39 - [TEST_STEP][PASSED] - click(findTestObject("2-1 Sale/Sale contact window 0001")): Object: 'Object Repository/2-1 Sale/Sale contact window 0001' is clicked on

2019-04-25 16:40:40 - [MESSAGE][PASSED] - Object: 'Object Repository/2-1 Sale/Sale contact window 0001' is clicked on

2019-04-25 16:40:40 - [TEST_STEP][PASSED] - selectOptionByValue(findTestObject("2-1 Sale/Sale city select"), "1: 2", true): All options with value '1: 2' are selected in object 'Object Repository/2-1 Sale/Sale city select'  using regular expression

2019-04-25 16:40:40 - [MESSAGE][PASSED] - All options with value '1: 2' are selected in object 'Object Repository/2-1 Sale/Sale city select'  using regular expression

2019-04-25 16:40:40 - [TEST_STEP][PASSED] - selectOptionByValue(findTestObject("2-1 Sale/Sale dist select"), "9: 17", true): All options with value '9: 17' are selected in object 'Object Repository/2-1 Sale/Sale dist select'  using regular expression

2019-04-25 16:40:41 - [MESSAGE][PASSED] - All options with value '9: 17' are selected in object 'Object Repository/2-1 Sale/Sale dist select'  using regular expression

2019-04-25 16:40:41 - [TEST_STEP][PASSED] - setText(findTestObject("2-1 Sale/Sale address"), "瑞光路584號"): Text '瑞光路584號' is set on object 'Object Repository/2-1 Sale/Sale address'

2019-04-25 16:40:41 - [MESSAGE][PASSED] - Text '瑞光路584號' is set on object 'Object Repository/2-1 Sale/Sale address'

2019-04-25 16:40:41 - [TEST_STEP][PASSED] - setText(findTestObject("2-1 Sale/Sale note"), time()): null

2019-04-25 16:40:41 - [TEST_STEP][PASSED] - date = new java.util.Date(): null

2019-04-25 16:40:41 - [TEST_STEP][PASSED] - sdf = new java.text.SimpleDateFormat(yyyy-MM-dd HH:mm): null

2019-04-25 16:40:41 - [TEST_STEP][PASSED] - return (internal.GlobalVariable.Note + sdf.format(date)): Text 'Testing2019-04-25 16:40' is set on object 'Object Repository/2-1 Sale/Sale note'

2019-04-25 16:40:41 - [MESSAGE][PASSED] - Text 'Testing2019-04-25 16:40' is set on object 'Object Repository/2-1 Sale/Sale note'

2019-04-25 16:40:41 - [TEST_STEP][PASSED] - click(findTestObject("2-1 Sale/Item add button")): Object: 'Object Repository/2-1 Sale/Item add button' is clicked on

2019-04-25 16:40:41 - [MESSAGE][PASSED] - Object: 'Object Repository/2-1 Sale/Item add button' is clicked on

2019-04-25 16:40:41 - [TEST_STEP][PASSED] - click(findTestObject("2-1 Sale/Item ipad")): Object: 'Object Repository/2-1 Sale/Item ipad' is clicked on

2019-04-25 16:40:42 - [MESSAGE][PASSED] - Object: 'Object Repository/2-1 Sale/Item ipad' is clicked on

2019-04-25 16:40:42 - [TEST_STEP][PASSED] - setText(findTestObject("2-1 Sale/Item number"), "2"): Text '2' is set on object 'Object Repository/2-1 Sale/Item number'

2019-04-25 16:40:42 - [MESSAGE][PASSED] - Text '2' is set on object 'Object Repository/2-1 Sale/Item number'

2019-04-25 16:40:42 - [TEST_STEP][PASSED] - setText(findTestObject("2-1 Sale/Item price"), "300"): Text '300' is set on object 'Object Repository/2-1 Sale/Item price'

2019-04-25 16:40:42 - [MESSAGE][PASSED] - Text '300' is set on object 'Object Repository/2-1 Sale/Item price'

2019-04-25 16:40:42 - [TEST_STEP][PASSED] - setText(findTestObject("2-1 Sale/Item total price"), "600"): Text '600' is set on object 'Object Repository/2-1 Sale/Item total price'

2019-04-25 16:40:42 - [MESSAGE][PASSED] - Text '600' is set on object 'Object Repository/2-1 Sale/Item total price'

2019-04-25 16:40:42 - [TEST_STEP][PASSED] - setText(findTestObject("2-1 Sale/Item discount"), "0.9"): Text '0.9' is set on object 'Object Repository/2-1 Sale/Item discount'

2019-04-25 16:40:42 - [MESSAGE][PASSED] - Text '0.9' is set on object 'Object Repository/2-1 Sale/Item discount'

2019-04-25 16:40:42 - [TEST_STEP][PASSED] - click(findTestObject("2-1 Sale/Item warehouse button")): Object: 'Object Repository/2-1 Sale/Item warehouse button' is clicked on

2019-04-25 16:40:43 - [MESSAGE][PASSED] - Object: 'Object Repository/2-1 Sale/Item warehouse button' is clicked on

2019-04-25 16:40:43 - [TEST_STEP][PASSED] - click(findTestObject("2-1 Sale/Item warehouse 0testwarehous0")): Object: 'Object Repository/2-1 Sale/Item warehouse 0testwarehous0' is clicked on

2019-04-25 16:40:43 - [MESSAGE][PASSED] - Object: 'Object Repository/2-1 Sale/Item warehouse 0testwarehous0' is clicked on

2019-04-25 16:40:43 - [TEST_STEP][PASSED] - setText(findTestObject("2-1 Sale/Item note"), "item testing"): Text 'item testing' is set on object 'Object Repository/2-1 Sale/Item note'

2019-04-25 16:40:43 - [MESSAGE][PASSED] - Text 'item testing' is set on object 'Object Repository/2-1 Sale/Item note'

2019-04-25 16:40:43 - [TEST_STEP][PASSED] - click(findTestObject("2-1 Sale/Sale save button")): Object: 'Object Repository/2-1 Sale/Sale save button' is clicked on

2019-04-25 16:40:43 - [MESSAGE][PASSED] - Object: 'Object Repository/2-1 Sale/Sale save button' is clicked on]]></system-out>
         <system-err><![CDATA[]]></system-err>
      </testcase>
      <testcase name="Test Cases/Others/Accept and verify" classname="Test Cases/Others/Accept and verify" status="PASSED">
         <system-out><![CDATA[2019-04-25 16:40:43 - [TEST_CASE][PASSED] - Test Cases/Others/Accept and verify: Test Cases/Others/Accept and verify

2019-04-25 16:40:44 - [TEST_STEP][PASSED] - waitForAlert(5): Alert is present after 5 second(s).

2019-04-25 16:40:44 - [MESSAGE][PASSED] - Alert is present after 5 second(s).

2019-04-25 16:40:44 - [TEST_STEP][PASSED] - acceptAlert(): Alert accepted

2019-04-25 16:40:44 - [MESSAGE][PASSED] - Alert accepted

2019-04-25 16:40:44 - [TEST_STEP][PASSED] - verifyElementClickable(findTestObject("Others/Accept and verify/Verify button")): Object 'Object Repository/Others/Accept and verify/Verify button' is clickable

2019-04-25 16:40:44 - [MESSAGE][PASSED] - Object 'Object Repository/Others/Accept and verify/Verify button' is clickable]]></system-out>
         <system-err><![CDATA[]]></system-err>
      </testcase>
      <system-out><![CDATA[2019-04-25 16:40:23 - [TEST_SUITE][PASSED] - 2-1 Sale Test Suite: Test Cases/Others/Accept and verify]]></system-out>
      <system-err><![CDATA[]]></system-err>
   </testsuite>
</testsuites>
