<?xml version="1.0" encoding="UTF-8"?>
<testsuites name="1-1 Order Test Suite" time="13" tests="3" failures="0" errors="0">
   <testsuite name="1-1 Order Test Suite" tests="3" failures="0" errors="0" time="13" timestamp="2019-05-13 12:05:25" hostname="KennyIC_Chen - KennyIC_Chen.compal.com" id="Test Suites/1-1 Order Test Suite">
      <properties>
         <property name="deviceName" value=""/>
         <property name="devicePlatform" value=""/>
         <property name="logFolder" value="C:\\Users\\KennyIC_chen.COMPAL\\git\\PSItest\\Reports\\1-1 Order Test Suite\\20190513_120524"/>
         <property name="logFiles" value="C:\\Users\\KennyIC_chen.COMPAL\\git\\PSItest\\Reports\\1-1 Order Test Suite\\20190513_120524\\execution0.log"/>
         <property name="attachments" value=""/>
         <property name="hostName" value="KennyIC_Chen - KennyIC_Chen.compal.com"/>
         <property name="os" value="Windows 10 64bit"/>
         <property name="katalonVersion" value="5.10.1.1"/>
         <property name="browser" value="Chrome 73.0.3683.103"/>
         <property name="hostAddress" value="10.109.98.148"/>
         <property name="sessionId" value="b2d6465496b7f18ac0879c90cf0df8a2"/>
         <property name="seleniumVersion" value="3.7.1"/>
         <property name="proxyInformation" value="ProxyInformation{proxyOption=NO_PROXY, proxyServerType=HTTP, password=, proxyServerAddress=, proxyServerPort=0}"/>
         <property name="platform" value="Windows 10"/>
      </properties>
      <testcase name="Test Cases/Others/Login" classname="Test Cases/Others/Login" status="PASSED">
         <system-out><![CDATA[2019-05-13 12:05:26 - [TEST_CASE][PASSED] - Test Cases/Others/Login: Test Cases/Others/Login

2019-05-13 12:05:26 - [TEST_STEP][PASSED] - openBrowser(""): Browser is opened with url: ''

2019-05-13 12:05:27 - [MESSAGE][INFO] - Starting 'Chrome' driver

2019-05-13 12:05:27 - [MESSAGE][INFO] - Action delay is set to 0 seconds

2019-05-13 12:05:30 - [MESSAGE][PASSED] - Browser is opened with url: ''

2019-05-13 12:05:30 - [TEST_STEP][PASSED] - navigateToUrl("https://psi-azcldap.unicore.com.tw/login"): Navigate to 'https://psi-azcldap.unicore.com.tw/login' successfully

2019-05-13 12:05:36 - [MESSAGE][PASSED] - Navigate to 'https://psi-azcldap.unicore.com.tw/login' successfully

2019-05-13 12:05:36 - [TEST_STEP][PASSED] - maximizeWindow(): Current window maximized

2019-05-13 12:05:37 - [MESSAGE][PASSED] - Current window maximized

2019-05-13 12:05:37 - [TEST_STEP][PASSED] - setText(findTestObject("Others/Login/ID-QWE"), "QWE"): Text 'QWE' is set on object 'Object Repository/Others/Login/ID-QWE'

2019-05-13 12:05:37 - [MESSAGE][PASSED] - Text 'QWE' is set on object 'Object Repository/Others/Login/ID-QWE'

2019-05-13 12:05:37 - [TEST_STEP][PASSED] - setEncryptedText(findTestObject("Others/Login/PW-QWE"), "5opu+sh6ATw="): Text ****** has been set on object 'Object Repository/Others/Login/PW-QWE'

2019-05-13 12:05:38 - [MESSAGE][PASSED] - Text ****** has been set on object 'Object Repository/Others/Login/PW-QWE'

2019-05-13 12:05:38 - [TEST_STEP][PASSED] - click(findTestObject("Others/Login/Login Button")): Object: 'Object Repository/Others/Login/Login Button' is clicked on

2019-05-13 12:05:38 - [MESSAGE][PASSED] - Object: 'Object Repository/Others/Login/Login Button' is clicked on

2019-05-13 12:05:38 - [TEST_STEP][PASSED] - verifyElementClickable(findTestObject("Others/Login/Verify button")): Object 'Object Repository/Others/Login/Verify button' is clickable

2019-05-13 12:05:38 - [MESSAGE][PASSED] - Object 'Object Repository/Others/Login/Verify button' is clickable]]></system-out>
         <system-err><![CDATA[]]></system-err>
      </testcase>
      <testcase name="Test Cases/1-1 Order-Add - Copy" classname="Test Cases/1-1 Order-Add - Copy" status="PASSED">
         <system-out><![CDATA[2019-05-13 12:05:38 - [TEST_CASE][PASSED] - Test Cases/1-1 Order-Add - Copy: Test Cases/1-1 Order-Add - Copy

2019-05-13 12:05:38 - [TEST_STEP][PASSED] - var1 = <not implemented yet for class: org.codehaus.groovy.ast.expr.EmptyExpression>: null

2019-05-13 12:05:38 - [TEST_STEP][PASSED] - var1 = 20: null]]></system-out>
         <system-err><![CDATA[]]></system-err>
      </testcase>
      <testcase name="Test Cases/New Test Case" classname="Test Cases/New Test Case" status="PASSED">
         <system-out><![CDATA[2019-05-13 12:05:38 - [TEST_CASE][PASSED] - Test Cases/New Test Case: Test Cases/New Test Case

2019-05-13 12:05:38 - [TEST_STEP][PASSED] - println("var1"): null]]></system-out>
         <system-err><![CDATA[]]></system-err>
      </testcase>
      <system-out><![CDATA[2019-05-13 12:05:25 - [TEST_SUITE][PASSED] - 1-1 Order Test Suite: Test Cases/New Test Case]]></system-out>
      <system-err><![CDATA[]]></system-err>
   </testsuite>
</testsuites>
