<?xml version="1.0" encoding="UTF-8"?>
<testsuites name="2-1 Sale Test Suite" time="54" tests="6" failures="0" errors="0">
   <testsuite name="2-1 Sale Test Suite" tests="6" failures="0" errors="0" time="54" timestamp="2019-07-03 10:37:24" hostname="KennyIC_Chen - Larry_Chen.compal.com" id="Test Suites/2-1 Sale Test Suite">
      <properties>
         <property name="deviceName" value=""/>
         <property name="devicePlatform" value=""/>
         <property name="logFolder" value="D:\\Kenny\\D\\Katalon Studio\\PSI\\PSItest\\Reports\\2-1 Sale Test Suite\\20190703_103719"/>
         <property name="logFiles" value="D:\\Kenny\\D\\Katalon Studio\\PSI\\PSItest\\Reports\\2-1 Sale Test Suite\\20190703_103719\\execution0.log"/>
         <property name="attachments" value="D:\\Kenny\\D\\Katalon Studio\\PSI\\PSItest\\Reports\\2-1 Sale Test Suite\\20190703_103719\\1562121473005.png, D:\\Kenny\\D\\Katalon Studio\\PSI\\PSItest\\Reports\\2-1 Sale Test Suite\\20190703_103719\\1562121481275.png, D:\\Kenny\\D\\Katalon Studio\\PSI\\PSItest\\Reports\\2-1 Sale Test Suite\\20190703_103719\\1562121484607.png, D:\\Kenny\\D\\Katalon Studio\\PSI\\PSItest\\Reports\\2-1 Sale Test Suite\\20190703_103719\\1562121487701.png"/>
         <property name="hostName" value="KennyIC_Chen - Larry_Chen.compal.com"/>
         <property name="os" value="Windows 10 64bit"/>
         <property name="katalonVersion" value="5.10.1.1"/>
         <property name="browser" value="Chrome 74.0.3729.169"/>
         <property name="hostAddress" value="10.109.102.145"/>
         <property name="sessionId" value="5957a239960870584a968ed4857360f0"/>
         <property name="seleniumVersion" value="3.7.1"/>
         <property name="proxyInformation" value="ProxyInformation{proxyOption=NO_PROXY, proxyServerType=HTTP, password=, proxyServerAddress=, proxyServerPort=0}"/>
         <property name="platform" value="Windows 10"/>
      </properties>
      <testcase name="Test Cases/Others/Login" classname="Test Cases/Others/Login" status="PASSED">
         <system-out><![CDATA[2019-07-03 10:37:25 - [TEST_CASE][PASSED] - Test Cases/Others/Login: Test Cases/Others/Login

2019-07-03 10:37:26 - [TEST_STEP][PASSED] - openBrowser(""): Browser is opened with url: ''

2019-07-03 10:37:26 - [MESSAGE][INFO] - Starting 'Chrome' driver

2019-07-03 10:37:27 - [MESSAGE][INFO] - Action delay is set to 0 seconds

2019-07-03 10:37:31 - [MESSAGE][PASSED] - Browser is opened with url: ''

2019-07-03 10:37:31 - [TEST_STEP][PASSED] - navigateToUrl("https://psi-azcldap.unicore.com.tw/login"): Navigate to 'https://psi-azcldap.unicore.com.tw/login' successfully

2019-07-03 10:37:36 - [MESSAGE][PASSED] - Navigate to 'https://psi-azcldap.unicore.com.tw/login' successfully

2019-07-03 10:37:36 - [TEST_STEP][PASSED] - maximizeWindow(): Current window maximized

2019-07-03 10:37:38 - [MESSAGE][PASSED] - Current window maximized

2019-07-03 10:37:38 - [TEST_STEP][PASSED] - setText(findTestObject("Others/Login/ID-QWE"), "QWE"): Text 'QWE' is set on object 'Object Repository/Others/Login/ID-QWE'

2019-07-03 10:37:38 - [MESSAGE][PASSED] - Text 'QWE' is set on object 'Object Repository/Others/Login/ID-QWE'

2019-07-03 10:37:38 - [TEST_STEP][PASSED] - setEncryptedText(findTestObject("Others/Login/PW-QWE"), "5opu+sh6ATw="): Text ****** has been set on object 'Object Repository/Others/Login/PW-QWE'

2019-07-03 10:37:38 - [MESSAGE][PASSED] - Text ****** has been set on object 'Object Repository/Others/Login/PW-QWE'

2019-07-03 10:37:38 - [TEST_STEP][PASSED] - click(findTestObject("Others/Login/Login Button")): Object: 'Object Repository/Others/Login/Login Button' is clicked on

2019-07-03 10:37:39 - [MESSAGE][PASSED] - Object: 'Object Repository/Others/Login/Login Button' is clicked on

2019-07-03 10:37:39 - [TEST_STEP][PASSED] - verifyElementClickable(findTestObject("Others/Login/Verify button")): Object 'Object Repository/Others/Login/Verify button' is clickable

2019-07-03 10:37:39 - [MESSAGE][PASSED] - Object 'Object Repository/Others/Login/Verify button' is clickable]]></system-out>
         <system-err><![CDATA[]]></system-err>
      </testcase>
      <testcase name="Test Cases/2 Out/2-1 Sale/Add" classname="Test Cases/2 Out/2-1 Sale/Add" status="PASSED">
         <system-out><![CDATA[2019-07-03 10:37:39 - [TEST_CASE][PASSED] - Test Cases/2 Out/2-1 Sale/Add: Test Cases/2 Out/2-1 Sale/Add

2019-07-03 10:37:40 - [TEST_STEP][PASSED] - click(findTestObject("2 Out/2-1 Sale/Add/Sale button")): Object: 'Object Repository/2 Out/2-1 Sale/Add/Sale button' is clicked on

2019-07-03 10:37:40 - [MESSAGE][PASSED] - Object: 'Object Repository/2 Out/2-1 Sale/Add/Sale button' is clicked on

2019-07-03 10:37:40 - [TEST_STEP][PASSED] - click(findTestObject("2 Out/2-1 Sale/Add/Sale add button")): Object: 'Object Repository/2 Out/2-1 Sale/Add/Sale add button' is clicked on

2019-07-03 10:37:41 - [MESSAGE][PASSED] - Object: 'Object Repository/2 Out/2-1 Sale/Add/Sale add button' is clicked on

2019-07-03 10:37:41 - [TEST_STEP][PASSED] - click(findTestObject("2 Out/2-1 Sale/Add/Sale customer button")): Object: 'Object Repository/2 Out/2-1 Sale/Add/Sale customer button' is clicked on

2019-07-03 10:37:42 - [MESSAGE][PASSED] - Object: 'Object Repository/2 Out/2-1 Sale/Add/Sale customer button' is clicked on

2019-07-03 10:37:42 - [TEST_STEP][PASSED] - click(findTestObject("2 Out/2-1 Sale/Add/Sale customer 95230")): Object: 'Object Repository/2 Out/2-1 Sale/Add/Sale customer 95230' is clicked on

2019-07-03 10:37:42 - [MESSAGE][PASSED] - Object: 'Object Repository/2 Out/2-1 Sale/Add/Sale customer 95230' is clicked on

2019-07-03 10:37:42 - [TEST_STEP][PASSED] - click(findTestObject("2 Out/2-1 Sale/Add/Sale date button")): Object: 'Object Repository/2 Out/2-1 Sale/Add/Sale date button' is clicked on

2019-07-03 10:37:43 - [MESSAGE][PASSED] - Object: 'Object Repository/2 Out/2-1 Sale/Add/Sale date button' is clicked on

2019-07-03 10:37:43 - [TEST_STEP][PASSED] - click(findTestObject("2 Out/2-1 Sale/Add/Sale date today", ["date":today_check()])): null

2019-07-03 10:37:43 - [TEST_STEP][PASSED] - today = new java.util.Date(): null

2019-07-03 10:37:43 - [TEST_STEP][PASSED] - return today.format(d): Object: 'Object Repository/2 Out/2-1 Sale/Add/Sale date today' is clicked on

2019-07-03 10:37:43 - [MESSAGE][PASSED] - Object: 'Object Repository/2 Out/2-1 Sale/Add/Sale date today' is clicked on

2019-07-03 10:37:43 - [TEST_STEP][PASSED] - click(findTestObject("2 Out/2-1 Sale/Add/Sale sales button")): Object: 'Object Repository/2 Out/2-1 Sale/Add/Sale sales button' is clicked on

2019-07-03 10:37:43 - [MESSAGE][PASSED] - Object: 'Object Repository/2 Out/2-1 Sale/Add/Sale sales button' is clicked on

2019-07-03 10:37:43 - [TEST_STEP][PASSED] - click(findTestObject("2 Out/2-1 Sale/Add/Sale sales 0001")): Object: 'Object Repository/2 Out/2-1 Sale/Add/Sale sales 0001' is clicked on

2019-07-03 10:37:44 - [MESSAGE][PASSED] - Object: 'Object Repository/2 Out/2-1 Sale/Add/Sale sales 0001' is clicked on

2019-07-03 10:37:44 - [TEST_STEP][PASSED] - click(findTestObject("2 Out/2-1 Sale/Add/Sale ship type button")): Object: 'Object Repository/2 Out/2-1 Sale/Add/Sale ship type button' is clicked on

2019-07-03 10:37:44 - [MESSAGE][PASSED] - Object: 'Object Repository/2 Out/2-1 Sale/Add/Sale ship type button' is clicked on

2019-07-03 10:37:44 - [TEST_STEP][PASSED] - selectOptionByValue(findTestObject("2 Out/2-1 Sale/Add/Sale ship type select"), "0: 2", true): All options with value '0: 2' are selected in object 'Object Repository/2 Out/2-1 Sale/Add/Sale ship type select'  using regular expression

2019-07-03 10:37:44 - [MESSAGE][PASSED] - All options with value '0: 2' are selected in object 'Object Repository/2 Out/2-1 Sale/Add/Sale ship type select'  using regular expression

2019-07-03 10:37:44 - [TEST_STEP][PASSED] - click(findTestObject("2 Out/2-1 Sale/Add/Sale payment type button")): Object: 'Object Repository/2 Out/2-1 Sale/Add/Sale payment type button' is clicked on

2019-07-03 10:37:44 - [MESSAGE][PASSED] - Object: 'Object Repository/2 Out/2-1 Sale/Add/Sale payment type button' is clicked on

2019-07-03 10:37:44 - [TEST_STEP][PASSED] - selectOptionByValue(findTestObject("2 Out/2-1 Sale/Add/Sale payment type select"), "0: 4", true): All options with value '0: 4' are selected in object 'Object Repository/2 Out/2-1 Sale/Add/Sale payment type select'  using regular expression

2019-07-03 10:37:45 - [MESSAGE][PASSED] - All options with value '0: 4' are selected in object 'Object Repository/2 Out/2-1 Sale/Add/Sale payment type select'  using regular expression

2019-07-03 10:37:45 - [TEST_STEP][PASSED] - click(findTestObject("2 Out/2-1 Sale/Add/Sale payment 1")): Object: 'Object Repository/2 Out/2-1 Sale/Add/Sale payment 1' is clicked on

2019-07-03 10:37:45 - [MESSAGE][PASSED] - Object: 'Object Repository/2 Out/2-1 Sale/Add/Sale payment 1' is clicked on

2019-07-03 10:37:45 - [TEST_STEP][PASSED] - click(findTestObject("2 Out/2-1 Sale/Add/Sale payment 1 next month 10", ["xxx":month_check(5)])): null

2019-07-03 10:37:45 - [TEST_STEP][PASSED] - today = new java.util.Date(): null

2019-07-03 10:37:45 - [TEST_STEP][PASSED] - day1 = Date().plus(num): null

2019-07-03 10:37:45 - [TEST_STEP][PASSED] - if (day1.format("MM") > today.format("MM")): null

2019-07-03 10:37:45 - [TEST_STEP][PASSED] - else: Object: 'Object Repository/2 Out/2-1 Sale/Add/Sale payment 1 next month 10' is clicked on

2019-07-03 10:37:45 - [TEST_STEP][PASSED] - return day1.format(d): Object: 'Object Repository/2 Out/2-1 Sale/Add/Sale payment 1 next month 10' is clicked on

2019-07-03 10:37:45 - [MESSAGE][PASSED] - Object: 'Object Repository/2 Out/2-1 Sale/Add/Sale payment 1 next month 10' is clicked on

2019-07-03 10:37:45 - [TEST_STEP][PASSED] - click(findTestObject("2 Out/2-1 Sale/Add/Sale payment 2")): Object: 'Object Repository/2 Out/2-1 Sale/Add/Sale payment 2' is clicked on

2019-07-03 10:37:45 - [MESSAGE][PASSED] - Object: 'Object Repository/2 Out/2-1 Sale/Add/Sale payment 2' is clicked on

2019-07-03 10:37:45 - [TEST_STEP][PASSED] - click(findTestObject("2 Out/2-1 Sale/Add/Sale payment 2 next month 15", ["xxx":month_check(10)])): null

2019-07-03 10:37:45 - [TEST_STEP][PASSED] - today = new java.util.Date(): null

2019-07-03 10:37:45 - [TEST_STEP][PASSED] - day1 = Date().plus(num): null

2019-07-03 10:37:45 - [TEST_STEP][PASSED] - if (day1.format("MM") > today.format("MM")): null

2019-07-03 10:37:45 - [TEST_STEP][PASSED] - else: Object: 'Object Repository/2 Out/2-1 Sale/Add/Sale payment 2 next month 15' is clicked on

2019-07-03 10:37:45 - [TEST_STEP][PASSED] - return day1.format(d): Object: 'Object Repository/2 Out/2-1 Sale/Add/Sale payment 2 next month 15' is clicked on

2019-07-03 10:37:45 - [MESSAGE][PASSED] - Object: 'Object Repository/2 Out/2-1 Sale/Add/Sale payment 2 next month 15' is clicked on

2019-07-03 10:37:45 - [TEST_STEP][PASSED] - click(findTestObject("2 Out/2-1 Sale/Add/Sale payment 3")): Object: 'Object Repository/2 Out/2-1 Sale/Add/Sale payment 3' is clicked on

2019-07-03 10:37:45 - [MESSAGE][PASSED] - Object: 'Object Repository/2 Out/2-1 Sale/Add/Sale payment 3' is clicked on

2019-07-03 10:37:45 - [TEST_STEP][PASSED] - click(findTestObject("2 Out/2-1 Sale/Add/Sale payment 3 next month 20", ["xxx":month_check(15)])): null

2019-07-03 10:37:45 - [TEST_STEP][PASSED] - today = new java.util.Date(): null

2019-07-03 10:37:45 - [TEST_STEP][PASSED] - day1 = Date().plus(num): null

2019-07-03 10:37:45 - [TEST_STEP][PASSED] - if (day1.format("MM") > today.format("MM")): null

2019-07-03 10:37:45 - [TEST_STEP][PASSED] - else: Object: 'Object Repository/2 Out/2-1 Sale/Add/Sale payment 3 next month 20' is clicked on

2019-07-03 10:37:45 - [TEST_STEP][PASSED] - return day1.format(d): Object: 'Object Repository/2 Out/2-1 Sale/Add/Sale payment 3 next month 20' is clicked on

2019-07-03 10:37:46 - [MESSAGE][PASSED] - Object: 'Object Repository/2 Out/2-1 Sale/Add/Sale payment 3 next month 20' is clicked on

2019-07-03 10:37:46 - [TEST_STEP][PASSED] - click(findTestObject("2 Out/2-1 Sale/Add/Sale invoice number")): Object: 'Object Repository/2 Out/2-1 Sale/Add/Sale invoice number' is clicked on

2019-07-03 10:37:46 - [MESSAGE][PASSED] - Object: 'Object Repository/2 Out/2-1 Sale/Add/Sale invoice number' is clicked on

2019-07-03 10:37:46 - [TEST_STEP][PASSED] - selectOptionByValue(findTestObject("2 Out/2-1 Sale/Add/Sale invoice select"), "3: 4", true): All options with value '3: 4' are selected in object 'Object Repository/2 Out/2-1 Sale/Add/Sale invoice select'  using regular expression

2019-07-03 10:37:46 - [MESSAGE][PASSED] - All options with value '3: 4' are selected in object 'Object Repository/2 Out/2-1 Sale/Add/Sale invoice select'  using regular expression

2019-07-03 10:37:46 - [TEST_STEP][PASSED] - click(findTestObject("2 Out/2-1 Sale/Add/Sale TAX button")): Object: 'Object Repository/2 Out/2-1 Sale/Add/Sale TAX button' is clicked on

2019-07-03 10:37:46 - [MESSAGE][PASSED] - Object: 'Object Repository/2 Out/2-1 Sale/Add/Sale TAX button' is clicked on

2019-07-03 10:37:46 - [TEST_STEP][PASSED] - selectOptionByValue(findTestObject("2 Out/2-1 Sale/Add/Sale TAX select"), "1: 2", true): All options with value '1: 2' are selected in object 'Object Repository/2 Out/2-1 Sale/Add/Sale TAX select'  using regular expression

2019-07-03 10:37:46 - [MESSAGE][PASSED] - All options with value '1: 2' are selected in object 'Object Repository/2 Out/2-1 Sale/Add/Sale TAX select'  using regular expression

2019-07-03 10:37:46 - [TEST_STEP][PASSED] - setText(findTestObject("2 Out/2-1 Sale/Add/Sale invoice number"), Invoice_number): Text 'AB-12345678' is set on object 'Object Repository/2 Out/2-1 Sale/Add/Sale invoice number'

2019-07-03 10:37:47 - [MESSAGE][PASSED] - Text 'AB-12345678' is set on object 'Object Repository/2 Out/2-1 Sale/Add/Sale invoice number'

2019-07-03 10:37:47 - [TEST_STEP][PASSED] - setText(findTestObject("2 Out/2-1 Sale/Add/Sale GUI number"), "12345678"): Text '12345678' is set on object 'Object Repository/2 Out/2-1 Sale/Add/Sale GUI number'

2019-07-03 10:37:47 - [MESSAGE][PASSED] - Text '12345678' is set on object 'Object Repository/2 Out/2-1 Sale/Add/Sale GUI number'

2019-07-03 10:37:47 - [TEST_STEP][PASSED] - click(findTestObject("2 Out/2-1 Sale/Add/Sale contact window button")): Object: 'Object Repository/2 Out/2-1 Sale/Add/Sale contact window button' is clicked on

2019-07-03 10:37:47 - [MESSAGE][PASSED] - Object: 'Object Repository/2 Out/2-1 Sale/Add/Sale contact window button' is clicked on

2019-07-03 10:37:47 - [TEST_STEP][PASSED] - click(findTestObject("2 Out/2-1 Sale/Add/Sale contact window 0001")): Object: 'Object Repository/2 Out/2-1 Sale/Add/Sale contact window 0001' is clicked on

2019-07-03 10:37:47 - [MESSAGE][PASSED] - Object: 'Object Repository/2 Out/2-1 Sale/Add/Sale contact window 0001' is clicked on

2019-07-03 10:37:47 - [TEST_STEP][PASSED] - selectOptionByValue(findTestObject("2 Out/2-1 Sale/Add/Sale city select"), "1: 2", true): All options with value '1: 2' are selected in object 'Object Repository/2 Out/2-1 Sale/Add/Sale city select'  using regular expression

2019-07-03 10:37:48 - [MESSAGE][PASSED] - All options with value '1: 2' are selected in object 'Object Repository/2 Out/2-1 Sale/Add/Sale city select'  using regular expression

2019-07-03 10:37:48 - [TEST_STEP][PASSED] - selectOptionByValue(findTestObject("2 Out/2-1 Sale/Add/Sale dist select"), "9: 17", true): All options with value '9: 17' are selected in object 'Object Repository/2 Out/2-1 Sale/Add/Sale dist select'  using regular expression

2019-07-03 10:37:49 - [MESSAGE][PASSED] - All options with value '9: 17' are selected in object 'Object Repository/2 Out/2-1 Sale/Add/Sale dist select'  using regular expression

2019-07-03 10:37:49 - [TEST_STEP][PASSED] - setText(findTestObject("2 Out/2-1 Sale/Add/Sale address"), "瑞光路584號"): Text '瑞光路584號' is set on object 'Object Repository/2 Out/2-1 Sale/Add/Sale address'

2019-07-03 10:37:49 - [MESSAGE][PASSED] - Text '瑞光路584號' is set on object 'Object Repository/2 Out/2-1 Sale/Add/Sale address'

2019-07-03 10:37:49 - [TEST_STEP][PASSED] - setText(findTestObject("2 Out/2-1 Sale/Add/Sale note"), time()): null

2019-07-03 10:37:49 - [TEST_STEP][PASSED] - date = new java.util.Date(): null

2019-07-03 10:37:49 - [TEST_STEP][PASSED] - sdf = new java.text.SimpleDateFormat(yyyyMMddHHmm): null

2019-07-03 10:37:49 - [TEST_STEP][PASSED] - Time = Note + sdf.format(date): null

2019-07-03 10:37:49 - [TEST_STEP][PASSED] - return internal.GlobalVariable.Time: Text 'Testing201907031037' is set on object 'Object Repository/2 Out/2-1 Sale/Add/Sale note'

2019-07-03 10:37:49 - [MESSAGE][PASSED] - Text 'Testing201907031037' is set on object 'Object Repository/2 Out/2-1 Sale/Add/Sale note'

2019-07-03 10:37:49 - [TEST_STEP][PASSED] - click(findTestObject("2 Out/2-1 Sale/Add/Item add button")): Object: 'Object Repository/2 Out/2-1 Sale/Add/Item add button' is clicked on

2019-07-03 10:37:49 - [MESSAGE][PASSED] - Object: 'Object Repository/2 Out/2-1 Sale/Add/Item add button' is clicked on

2019-07-03 10:37:49 - [TEST_STEP][PASSED] - click(findTestObject("2 Out/2-1 Sale/Add/Item ipad")): Object: 'Object Repository/2 Out/2-1 Sale/Add/Item ipad' is clicked on

2019-07-03 10:37:50 - [MESSAGE][PASSED] - Object: 'Object Repository/2 Out/2-1 Sale/Add/Item ipad' is clicked on

2019-07-03 10:37:50 - [TEST_STEP][PASSED] - setText(findTestObject("2 Out/2-1 Sale/Add/Item number"), "2"): Text '2' is set on object 'Object Repository/2 Out/2-1 Sale/Add/Item number'

2019-07-03 10:37:50 - [MESSAGE][PASSED] - Text '2' is set on object 'Object Repository/2 Out/2-1 Sale/Add/Item number'

2019-07-03 10:37:50 - [TEST_STEP][PASSED] - setText(findTestObject("2 Out/2-1 Sale/Add/Item price"), "300"): Text '300' is set on object 'Object Repository/2 Out/2-1 Sale/Add/Item price'

2019-07-03 10:37:50 - [MESSAGE][PASSED] - Text '300' is set on object 'Object Repository/2 Out/2-1 Sale/Add/Item price'

2019-07-03 10:37:50 - [TEST_STEP][PASSED] - setText(findTestObject("2 Out/2-1 Sale/Add/Item total price"), "600"): Text '600' is set on object 'Object Repository/2 Out/2-1 Sale/Add/Item total price'

2019-07-03 10:37:51 - [MESSAGE][PASSED] - Text '600' is set on object 'Object Repository/2 Out/2-1 Sale/Add/Item total price'

2019-07-03 10:37:51 - [TEST_STEP][PASSED] - setText(findTestObject("2 Out/2-1 Sale/Add/Item discount"), "0.9"): Text '0.9' is set on object 'Object Repository/2 Out/2-1 Sale/Add/Item discount'

2019-07-03 10:37:51 - [MESSAGE][PASSED] - Text '0.9' is set on object 'Object Repository/2 Out/2-1 Sale/Add/Item discount'

2019-07-03 10:37:51 - [TEST_STEP][PASSED] - click(findTestObject("2 Out/2-1 Sale/Add/Item warehouse button")): Object: 'Object Repository/2 Out/2-1 Sale/Add/Item warehouse button' is clicked on

2019-07-03 10:37:51 - [MESSAGE][PASSED] - Object: 'Object Repository/2 Out/2-1 Sale/Add/Item warehouse button' is clicked on

2019-07-03 10:37:51 - [TEST_STEP][PASSED] - click(findTestObject("2 Out/2-1 Sale/Add/Item warehouse 0testwarehous0")): Object: 'Object Repository/2 Out/2-1 Sale/Add/Item warehouse 0testwarehous0' is clicked on

2019-07-03 10:37:52 - [MESSAGE][PASSED] - Object: 'Object Repository/2 Out/2-1 Sale/Add/Item warehouse 0testwarehous0' is clicked on

2019-07-03 10:37:52 - [TEST_STEP][PASSED] - setText(findTestObject("2 Out/2-1 Sale/Add/Item note"), "item testing"): Text 'item testing' is set on object 'Object Repository/2 Out/2-1 Sale/Add/Item note'

2019-07-03 10:37:52 - [MESSAGE][PASSED] - Text 'item testing' is set on object 'Object Repository/2 Out/2-1 Sale/Add/Item note'

2019-07-03 10:37:52 - [TEST_STEP][PASSED] - takeScreenshot(): Taking screenshot successfully

2019-07-03 10:37:53 - [MESSAGE][PASSED] - Taking screenshot successfully
[[ATTACHMENT|D:\\Kenny\\D\\Katalon Studio\\PSI\\PSItest\\Reports\\2-1 Sale Test Suite\\20190703_103719\\1562121473005.png]]

2019-07-03 10:37:53 - [TEST_STEP][PASSED] - click(findTestObject("2 Out/2-1 Sale/Add/Sale save button")): Object: 'Object Repository/2 Out/2-1 Sale/Add/Sale save button' is clicked on

2019-07-03 10:37:53 - [MESSAGE][PASSED] - Object: 'Object Repository/2 Out/2-1 Sale/Add/Sale save button' is clicked on]]></system-out>
         <system-err><![CDATA[]]></system-err>
      </testcase>
      <testcase name="Test Cases/Others/Accept and verify" classname="Test Cases/Others/Accept and verify" status="PASSED">
         <system-out><![CDATA[2019-07-03 10:37:53 - [TEST_CASE][PASSED] - Test Cases/Others/Accept and verify: Test Cases/Others/Accept and verify

2019-07-03 10:37:54 - [TEST_STEP][PASSED] - delay(1): Delayed 1 second(s)

2019-07-03 10:37:55 - [MESSAGE][PASSED] - Delayed 1 second(s)

2019-07-03 10:37:55 - [TEST_STEP][PASSED] - waitForAlert(5): Alert is present after 5 second(s).

2019-07-03 10:37:55 - [MESSAGE][PASSED] - Alert is present after 5 second(s).

2019-07-03 10:37:55 - [TEST_STEP][PASSED] - acceptAlert(): Alert accepted

2019-07-03 10:37:55 - [MESSAGE][PASSED] - Alert accepted

2019-07-03 10:37:55 - [TEST_STEP][PASSED] - verifyElementClickable(findTestObject("Others/Accept and verify/Verify button")): Object 'Object Repository/Others/Accept and verify/Verify button' is clickable

2019-07-03 10:37:55 - [MESSAGE][PASSED] - Object 'Object Repository/Others/Accept and verify/Verify button' is clickable]]></system-out>
         <system-err><![CDATA[]]></system-err>
      </testcase>
      <testcase name="Test Cases/2 Out/2-1 Sale/Edit" classname="Test Cases/2 Out/2-1 Sale/Edit" status="PASSED">
         <system-out><![CDATA[2019-07-03 10:37:55 - [TEST_CASE][PASSED] - Test Cases/2 Out/2-1 Sale/Edit: Test Cases/2 Out/2-1 Sale/Edit

2019-07-03 10:37:56 - [TEST_STEP][PASSED] - delay(1): Delayed 1 second(s)

2019-07-03 10:37:57 - [MESSAGE][PASSED] - Delayed 1 second(s)

2019-07-03 10:37:57 - [TEST_STEP][PASSED] - click(findTestObject("2 Out/2-1 Sale/Edit/Sort by number")): Object: 'Object Repository/2 Out/2-1 Sale/Edit/Sort by number' is clicked on

2019-07-03 10:37:57 - [MESSAGE][PASSED] - Object: 'Object Repository/2 Out/2-1 Sale/Edit/Sort by number' is clicked on

2019-07-03 10:37:57 - [TEST_STEP][PASSED] - click(findTestObject("2 Out/2-1 Sale/Edit/Sort by number")): Object: 'Object Repository/2 Out/2-1 Sale/Edit/Sort by number' is clicked on

2019-07-03 10:37:57 - [MESSAGE][PASSED] - Object: 'Object Repository/2 Out/2-1 Sale/Edit/Sort by number' is clicked on

2019-07-03 10:37:57 - [TEST_STEP][PASSED] - XXX = Time: null

2019-07-03 10:37:57 - [TEST_STEP][PASSED] - click(findTestObject("2 Out/2-1 Sale/Edit/Select by note", ["xxx":XXX])): Object: 'Object Repository/2 Out/2-1 Sale/Edit/Select by note' is clicked on

2019-07-03 10:37:57 - [MESSAGE][PASSED] - Object: 'Object Repository/2 Out/2-1 Sale/Edit/Select by note' is clicked on

2019-07-03 10:37:57 - [TEST_STEP][PASSED] - click(findTestObject("2 Out/2-1 Sale/Edit/Edit button")): Object: 'Object Repository/2 Out/2-1 Sale/Edit/Edit button' is clicked on

2019-07-03 10:37:58 - [MESSAGE][PASSED] - Object: 'Object Repository/2 Out/2-1 Sale/Edit/Edit button' is clicked on

2019-07-03 10:37:58 - [TEST_STEP][PASSED] - click(findTestObject("2 Out/2-1 Sale/Edit/New item button")): Object: 'Object Repository/2 Out/2-1 Sale/Edit/New item button' is clicked on

2019-07-03 10:37:58 - [MESSAGE][PASSED] - Object: 'Object Repository/2 Out/2-1 Sale/Edit/New item button' is clicked on

2019-07-03 10:37:58 - [TEST_STEP][PASSED] - click(findTestObject("2 Out/2-1 Sale/Edit/Select item")): Object: 'Object Repository/2 Out/2-1 Sale/Edit/Select item' is clicked on

2019-07-03 10:37:59 - [MESSAGE][PASSED] - Object: 'Object Repository/2 Out/2-1 Sale/Edit/Select item' is clicked on

2019-07-03 10:37:59 - [TEST_STEP][PASSED] - setText(findTestObject("2 Out/2-1 Sale/Edit/Item number"), "5"): Text '5' is set on object 'Object Repository/2 Out/2-1 Sale/Edit/Item number'

2019-07-03 10:37:59 - [MESSAGE][PASSED] - Text '5' is set on object 'Object Repository/2 Out/2-1 Sale/Edit/Item number'

2019-07-03 10:37:59 - [TEST_STEP][PASSED] - setText(findTestObject("2 Out/2-1 Sale/Edit/Item price"), "1"): Text '1' is set on object 'Object Repository/2 Out/2-1 Sale/Edit/Item price'

2019-07-03 10:37:59 - [MESSAGE][PASSED] - Text '1' is set on object 'Object Repository/2 Out/2-1 Sale/Edit/Item price'

2019-07-03 10:37:59 - [TEST_STEP][PASSED] - setText(findTestObject("2 Out/2-1 Sale/Edit/Item total price"), "5"): Text '5' is set on object 'Object Repository/2 Out/2-1 Sale/Edit/Item total price'

2019-07-03 10:38:00 - [MESSAGE][PASSED] - Text '5' is set on object 'Object Repository/2 Out/2-1 Sale/Edit/Item total price'

2019-07-03 10:38:00 - [TEST_STEP][PASSED] - click(findTestObject("2 Out/2-1 Sale/Edit/Item warehouse button")): Object: 'Object Repository/2 Out/2-1 Sale/Edit/Item warehouse button' is clicked on

2019-07-03 10:38:00 - [MESSAGE][PASSED] - Object: 'Object Repository/2 Out/2-1 Sale/Edit/Item warehouse button' is clicked on

2019-07-03 10:38:00 - [TEST_STEP][PASSED] - click(findTestObject("2 Out/2-1 Sale/Edit/Select warehouse")): Object: 'Object Repository/2 Out/2-1 Sale/Edit/Select warehouse' is clicked on

2019-07-03 10:38:01 - [MESSAGE][PASSED] - Object: 'Object Repository/2 Out/2-1 Sale/Edit/Select warehouse' is clicked on

2019-07-03 10:38:01 - [TEST_STEP][PASSED] - takeScreenshot(): Taking screenshot successfully

2019-07-03 10:38:01 - [MESSAGE][PASSED] - Taking screenshot successfully
[[ATTACHMENT|D:\\Kenny\\D\\Katalon Studio\\PSI\\PSItest\\Reports\\2-1 Sale Test Suite\\20190703_103719\\1562121481275.png]]

2019-07-03 10:38:01 - [TEST_STEP][PASSED] - click(findTestObject("2 Out/2-1 Sale/Edit/Save button")): Object: 'Object Repository/2 Out/2-1 Sale/Edit/Save button' is clicked on

2019-07-03 10:38:02 - [MESSAGE][PASSED] - Object: 'Object Repository/2 Out/2-1 Sale/Edit/Save button' is clicked on]]></system-out>
         <system-err><![CDATA[]]></system-err>
      </testcase>
      <testcase name="Test Cases/Others/Accept and verify" classname="Test Cases/Others/Accept and verify" status="PASSED">
         <system-out><![CDATA[2019-07-03 10:38:02 - [TEST_CASE][PASSED] - Test Cases/Others/Accept and verify: Test Cases/Others/Accept and verify

2019-07-03 10:38:02 - [TEST_STEP][PASSED] - delay(1): Delayed 1 second(s)

2019-07-03 10:38:03 - [MESSAGE][PASSED] - Delayed 1 second(s)

2019-07-03 10:38:03 - [TEST_STEP][PASSED] - waitForAlert(5): Alert is present after 5 second(s).

2019-07-03 10:38:03 - [MESSAGE][PASSED] - Alert is present after 5 second(s).

2019-07-03 10:38:03 - [TEST_STEP][PASSED] - acceptAlert(): Alert accepted

2019-07-03 10:38:03 - [MESSAGE][PASSED] - Alert accepted

2019-07-03 10:38:03 - [TEST_STEP][PASSED] - verifyElementClickable(findTestObject("Others/Accept and verify/Verify button")): Object 'Object Repository/Others/Accept and verify/Verify button' is clickable

2019-07-03 10:38:03 - [MESSAGE][PASSED] - Object 'Object Repository/Others/Accept and verify/Verify button' is clickable]]></system-out>
         <system-err><![CDATA[]]></system-err>
      </testcase>
      <testcase name="Test Cases/2 Out/2-1 Sale/Delete" classname="Test Cases/2 Out/2-1 Sale/Delete" status="PASSED">
         <system-out><![CDATA[2019-07-03 10:38:03 - [TEST_CASE][PASSED] - Test Cases/2 Out/2-1 Sale/Delete: Test Cases/2 Out/2-1 Sale/Delete

2019-07-03 10:38:03 - [TEST_STEP][PASSED] - click(findTestObject("2 Out/2-1 Sale/Delete/Sort by sale no")): Object: 'Object Repository/2 Out/2-1 Sale/Delete/Sort by sale no' is clicked on

2019-07-03 10:38:04 - [MESSAGE][PASSED] - Object: 'Object Repository/2 Out/2-1 Sale/Delete/Sort by sale no' is clicked on

2019-07-03 10:38:04 - [TEST_STEP][PASSED] - click(findTestObject("2 Out/2-1 Sale/Delete/Sort by sale no")): Object: 'Object Repository/2 Out/2-1 Sale/Delete/Sort by sale no' is clicked on

2019-07-03 10:38:04 - [MESSAGE][PASSED] - Object: 'Object Repository/2 Out/2-1 Sale/Delete/Sort by sale no' is clicked on

2019-07-03 10:38:04 - [TEST_STEP][PASSED] - XXX = Time: null

2019-07-03 10:38:04 - [TEST_STEP][PASSED] - click(findTestObject("Object Repository/2 Out/2-1 Sale/Delete/Select sale by note", ["xxx":XXX])): Object: 'Object Repository/2 Out/2-1 Sale/Delete/Select sale by note' is clicked on

2019-07-03 10:38:04 - [MESSAGE][PASSED] - Object: 'Object Repository/2 Out/2-1 Sale/Delete/Select sale by note' is clicked on

2019-07-03 10:38:04 - [TEST_STEP][PASSED] - click(findTestObject("Object Repository/2 Out/2-1 Sale/Delete/Sale delete button")): Object: 'Object Repository/2 Out/2-1 Sale/Delete/Sale delete button' is clicked on

2019-07-03 10:38:04 - [MESSAGE][PASSED] - Object: 'Object Repository/2 Out/2-1 Sale/Delete/Sale delete button' is clicked on

2019-07-03 10:38:04 - [TEST_STEP][PASSED] - takeScreenshot(): Taking screenshot successfully

2019-07-03 10:38:05 - [MESSAGE][PASSED] - Taking screenshot successfully
[[ATTACHMENT|D:\\Kenny\\D\\Katalon Studio\\PSI\\PSItest\\Reports\\2-1 Sale Test Suite\\20190703_103719\\1562121484607.png]]

2019-07-03 10:38:05 - [TEST_STEP][PASSED] - click(findTestObject("Object Repository/2 Out/2-1 Sale/Delete/Ok button")): Object: 'Object Repository/2 Out/2-1 Sale/Delete/Ok button' is clicked on

2019-07-03 10:38:05 - [MESSAGE][PASSED] - Object: 'Object Repository/2 Out/2-1 Sale/Delete/Ok button' is clicked on

2019-07-03 10:38:05 - [TEST_STEP][PASSED] - delay(2): Delayed 2 second(s)

2019-07-03 10:38:07 - [MESSAGE][PASSED] - Delayed 2 second(s)

2019-07-03 10:38:07 - [TEST_STEP][PASSED] - click(findTestObject("2 Out/2-1 Sale/Delete/Sort by sale no")): Object: 'Object Repository/2 Out/2-1 Sale/Delete/Sort by sale no' is clicked on

2019-07-03 10:38:07 - [MESSAGE][PASSED] - Object: 'Object Repository/2 Out/2-1 Sale/Delete/Sort by sale no' is clicked on

2019-07-03 10:38:07 - [TEST_STEP][PASSED] - click(findTestObject("2 Out/2-1 Sale/Delete/Sort by sale no")): Object: 'Object Repository/2 Out/2-1 Sale/Delete/Sort by sale no' is clicked on

2019-07-03 10:38:07 - [MESSAGE][PASSED] - Object: 'Object Repository/2 Out/2-1 Sale/Delete/Sort by sale no' is clicked on

2019-07-03 10:38:07 - [TEST_STEP][PASSED] - takeScreenshot(): Taking screenshot successfully

2019-07-03 10:38:08 - [MESSAGE][PASSED] - Taking screenshot successfully
[[ATTACHMENT|D:\\Kenny\\D\\Katalon Studio\\PSI\\PSItest\\Reports\\2-1 Sale Test Suite\\20190703_103719\\1562121487701.png]]

2019-07-03 10:38:08 - [TEST_STEP][PASSED] - ZZZ = getText(findTestObject("Object Repository/2 Out/2-1 Sale/Delete/Select sale by note")): Text of object 'Object Repository/2 Out/2-1 Sale/Delete/Select sale by note' is: 'Testing201907031030'

2019-07-03 10:38:08 - [MESSAGE][PASSED] - Text of object 'Object Repository/2 Out/2-1 Sale/Delete/Select sale by note' is: 'Testing201907031030'

2019-07-03 10:38:08 - [TEST_STEP][PASSED] - verifyNotMatch(XXX, ZZZ, true): Actual text 'Testing201907031037' and expected text 'Testing201907031030' are not matched  using regular expression

2019-07-03 10:38:08 - [MESSAGE][PASSED] - Actual text 'Testing201907031037' and expected text 'Testing201907031030' are not matched  using regular expression

2019-07-03 10:38:08 - [TEST_STEP][PASSED] - delay(10): Delayed 10 second(s)

2019-07-03 10:38:18 - [MESSAGE][PASSED] - Delayed 10 second(s)]]></system-out>
         <system-err><![CDATA[]]></system-err>
      </testcase>
      <system-out><![CDATA[2019-07-03 10:37:24 - [TEST_SUITE][PASSED] - 2-1 Sale Test Suite: Test Cases/2 Out/2-1 Sale/Delete]]></system-out>
      <system-err><![CDATA[]]></system-err>
   </testsuite>
</testsuites>
