<?xml version="1.0" encoding="UTF-8"?>
<testsuites name="3-3 Adjust Test Suite" time="16" tests="3" failures="0" errors="0">
   <testsuite name="3-3 Adjust Test Suite" tests="3" failures="0" errors="0" time="16" timestamp="2019-05-31 13:45:24" hostname="KennyIC_Chen - Larry_Chen.compal.com" id="Test Suites/3-3 Adjust Test Suite">
      <properties>
         <property name="deviceName" value=""/>
         <property name="devicePlatform" value=""/>
         <property name="logFolder" value="D:\\Kenny\\D\\Katalon Studio\\PSI\\PSItest\\Reports\\3-3 Adjust Test Suite\\20190531_134522"/>
         <property name="logFiles" value="D:\\Kenny\\D\\Katalon Studio\\PSI\\PSItest\\Reports\\3-3 Adjust Test Suite\\20190531_134522\\execution0.log"/>
         <property name="attachments" value=""/>
         <property name="hostName" value="KennyIC_Chen - Larry_Chen.compal.com"/>
         <property name="os" value="Windows 10 64bit"/>
         <property name="katalonVersion" value="5.10.1.1"/>
         <property name="browser" value="Chrome 74.0.3729.169"/>
         <property name="hostAddress" value="10.109.98.51"/>
         <property name="sessionId" value="f740ba8018b20f64a6bed2cf10284a4c"/>
         <property name="seleniumVersion" value="3.7.1"/>
         <property name="proxyInformation" value="ProxyInformation{proxyOption=NO_PROXY, proxyServerType=HTTP, password=, proxyServerAddress=, proxyServerPort=0}"/>
         <property name="platform" value="Windows 10"/>
      </properties>
      <testcase name="Test Cases/Others/Login" classname="Test Cases/Others/Login" status="PASSED">
         <system-out><![CDATA[2019-05-31 13:45:24 - [TEST_CASE][PASSED] - Test Cases/Others/Login: Test Cases/Others/Login

2019-05-31 13:45:24 - [TEST_STEP][PASSED] - openBrowser(""): Browser is opened with url: ''

2019-05-31 13:45:24 - [MESSAGE][INFO] - Starting 'Chrome' driver

2019-05-31 13:45:24 - [MESSAGE][INFO] - Action delay is set to 0 seconds

2019-05-31 13:45:27 - [MESSAGE][PASSED] - Browser is opened with url: ''

2019-05-31 13:45:27 - [TEST_STEP][PASSED] - navigateToUrl("https://psi-azcldap.unicore.com.tw/login"): Navigate to 'https://psi-azcldap.unicore.com.tw/login' successfully

2019-05-31 13:45:30 - [MESSAGE][PASSED] - Navigate to 'https://psi-azcldap.unicore.com.tw/login' successfully

2019-05-31 13:45:30 - [TEST_STEP][PASSED] - maximizeWindow(): Current window maximized

2019-05-31 13:45:31 - [MESSAGE][PASSED] - Current window maximized

2019-05-31 13:45:31 - [TEST_STEP][PASSED] - setText(findTestObject("Others/Login/ID-QWE"), "QWE"): Text 'QWE' is set on object 'Object Repository/Others/Login/ID-QWE'

2019-05-31 13:45:31 - [MESSAGE][PASSED] - Text 'QWE' is set on object 'Object Repository/Others/Login/ID-QWE'

2019-05-31 13:45:31 - [TEST_STEP][PASSED] - setEncryptedText(findTestObject("Others/Login/PW-QWE"), "5opu+sh6ATw="): Text ****** has been set on object 'Object Repository/Others/Login/PW-QWE'

2019-05-31 13:45:31 - [MESSAGE][PASSED] - Text ****** has been set on object 'Object Repository/Others/Login/PW-QWE'

2019-05-31 13:45:31 - [TEST_STEP][PASSED] - click(findTestObject("Others/Login/Login Button")): Object: 'Object Repository/Others/Login/Login Button' is clicked on

2019-05-31 13:45:32 - [MESSAGE][PASSED] - Object: 'Object Repository/Others/Login/Login Button' is clicked on

2019-05-31 13:45:32 - [TEST_STEP][PASSED] - verifyElementClickable(findTestObject("Others/Login/Verify button")): Object 'Object Repository/Others/Login/Verify button' is clickable

2019-05-31 13:45:32 - [MESSAGE][PASSED] - Object 'Object Repository/Others/Login/Verify button' is clickable]]></system-out>
         <system-err><![CDATA[]]></system-err>
      </testcase>
      <testcase name="Test Cases/3 Stock/3-3 Adjust/3-3 Adjust-add" classname="Test Cases/3 Stock/3-3 Adjust/3-3 Adjust-add" status="PASSED">
         <system-out><![CDATA[2019-05-31 13:45:32 - [TEST_CASE][PASSED] - Test Cases/3 Stock/3-3 Adjust/3-3 Adjust-add: Test Cases/3 Stock/3-3 Adjust/3-3 Adjust-add

2019-05-31 13:45:32 - [TEST_STEP][PASSED] - click(findTestObject("3 Stock/3-3 Adjuset/3-3 Adjuset-add/Adjuset button")): Object: 'Object Repository/3 Stock/3-3 Adjuset/3-3 Adjuset-add/Adjuset button' is clicked on

2019-05-31 13:45:32 - [MESSAGE][PASSED] - Object: 'Object Repository/3 Stock/3-3 Adjuset/3-3 Adjuset-add/Adjuset button' is clicked on

2019-05-31 13:45:32 - [TEST_STEP][PASSED] - click(findTestObject("3 Stock/3-3 Adjuset/3-3 Adjuset-add/Add button")): Object: 'Object Repository/3 Stock/3-3 Adjuset/3-3 Adjuset-add/Add button' is clicked on

2019-05-31 13:45:32 - [MESSAGE][PASSED] - Object: 'Object Repository/3 Stock/3-3 Adjuset/3-3 Adjuset-add/Add button' is clicked on

2019-05-31 13:45:32 - [TEST_STEP][PASSED] - click(findTestObject("3 Stock/3-3 Adjuset/3-3 Adjuset-add/Adjust type button")): Object: 'Object Repository/3 Stock/3-3 Adjuset/3-3 Adjuset-add/Adjust type button' is clicked on

2019-05-31 13:45:33 - [MESSAGE][PASSED] - Object: 'Object Repository/3 Stock/3-3 Adjuset/3-3 Adjuset-add/Adjust type button' is clicked on

2019-05-31 13:45:33 - [TEST_STEP][PASSED] - selectOptionByValue(findTestObject("3 Stock/3-3 Adjuset/3-3 Adjuset-add/Adjust type select"), "0: 2", true): All options with value '0: 2' are selected in object 'Object Repository/3 Stock/3-3 Adjuset/3-3 Adjuset-add/Adjust type select'  using regular expression

2019-05-31 13:45:33 - [MESSAGE][PASSED] - All options with value '0: 2' are selected in object 'Object Repository/3 Stock/3-3 Adjuset/3-3 Adjuset-add/Adjust type select'  using regular expression

2019-05-31 13:45:33 - [TEST_STEP][PASSED] - click(findTestObject("3 Stock/3-3 Adjuset/3-3 Adjuset-add/Adjust employee button")): Object: 'Object Repository/3 Stock/3-3 Adjuset/3-3 Adjuset-add/Adjust employee button' is clicked on

2019-05-31 13:45:33 - [MESSAGE][PASSED] - Object: 'Object Repository/3 Stock/3-3 Adjuset/3-3 Adjuset-add/Adjust employee button' is clicked on

2019-05-31 13:45:33 - [TEST_STEP][PASSED] - click(findTestObject("3 Stock/3-3 Adjuset/3-3 Adjuset-add/Adjust employee")): Object: 'Object Repository/3 Stock/3-3 Adjuset/3-3 Adjuset-add/Adjust employee' is clicked on

2019-05-31 13:45:34 - [MESSAGE][PASSED] - Object: 'Object Repository/3 Stock/3-3 Adjuset/3-3 Adjuset-add/Adjust employee' is clicked on

2019-05-31 13:45:34 - [TEST_STEP][PASSED] - setText(findTestObject("3 Stock/3-3 Adjuset/3-3 Adjuset-add/input__comments"), time()): null

2019-05-31 13:45:34 - [TEST_STEP][PASSED] - date = new java.util.Date(): null

2019-05-31 13:45:34 - [TEST_STEP][PASSED] - sdf = new java.text.SimpleDateFormat(yyyyMMddHHmm): null

2019-05-31 13:45:34 - [TEST_STEP][PASSED] - return (internal.GlobalVariable.Note + sdf.format(date)): Text 'Testing201905311345' is set on object 'Object Repository/3 Stock/3-3 Adjuset/3-3 Adjuset-add/input__comments'

2019-05-31 13:45:34 - [MESSAGE][PASSED] - Text 'Testing201905311345' is set on object 'Object Repository/3 Stock/3-3 Adjuset/3-3 Adjuset-add/input__comments'

2019-05-31 13:45:34 - [TEST_STEP][PASSED] - click(findTestObject("3 Stock/3-3 Adjuset/3-3 Adjuset-add/Adjust item button")): Object: 'Object Repository/3 Stock/3-3 Adjuset/3-3 Adjuset-add/Adjust item button' is clicked on

2019-05-31 13:45:34 - [MESSAGE][PASSED] - Object: 'Object Repository/3 Stock/3-3 Adjuset/3-3 Adjuset-add/Adjust item button' is clicked on

2019-05-31 13:45:34 - [TEST_STEP][PASSED] - click(findTestObject("3 Stock/3-3 Adjuset/3-3 Adjuset-add/item select")): Object: 'Object Repository/3 Stock/3-3 Adjuset/3-3 Adjuset-add/item select' is clicked on

2019-05-31 13:45:35 - [MESSAGE][PASSED] - Object: 'Object Repository/3 Stock/3-3 Adjuset/3-3 Adjuset-add/item select' is clicked on

2019-05-31 13:45:35 - [TEST_STEP][PASSED] - click(findTestObject("3 Stock/3-3 Adjuset/3-3 Adjuset-add/Item unit button")): Object: 'Object Repository/3 Stock/3-3 Adjuset/3-3 Adjuset-add/Item unit button' is clicked on

2019-05-31 13:45:35 - [MESSAGE][PASSED] - Object: 'Object Repository/3 Stock/3-3 Adjuset/3-3 Adjuset-add/Item unit button' is clicked on

2019-05-31 13:45:35 - [TEST_STEP][PASSED] - click(findTestObject("3 Stock/3-3 Adjuset/3-3 Adjuset-add/item unit")): Object: 'Object Repository/3 Stock/3-3 Adjuset/3-3 Adjuset-add/item unit' is clicked on

2019-05-31 13:45:35 - [MESSAGE][PASSED] - Object: 'Object Repository/3 Stock/3-3 Adjuset/3-3 Adjuset-add/item unit' is clicked on

2019-05-31 13:45:35 - [TEST_STEP][PASSED] - click(findTestObject("3 Stock/3-3 Adjuset/3-3 Adjuset-add/item warehouse button")): Object: 'Object Repository/3 Stock/3-3 Adjuset/3-3 Adjuset-add/item warehouse button' is clicked on

2019-05-31 13:45:36 - [MESSAGE][PASSED] - Object: 'Object Repository/3 Stock/3-3 Adjuset/3-3 Adjuset-add/item warehouse button' is clicked on

2019-05-31 13:45:36 - [TEST_STEP][PASSED] - click(findTestObject("3 Stock/3-3 Adjuset/3-3 Adjuset-add/item warehouse")): Object: 'Object Repository/3 Stock/3-3 Adjuset/3-3 Adjuset-add/item warehouse' is clicked on

2019-05-31 13:45:36 - [MESSAGE][PASSED] - Object: 'Object Repository/3 Stock/3-3 Adjuset/3-3 Adjuset-add/item warehouse' is clicked on

2019-05-31 13:45:36 - [TEST_STEP][PASSED] - setText(findTestObject("3 Stock/3-3 Adjuset/3-3 Adjuset-add/item qty"), "10"): Text '10' is set on object 'Object Repository/3 Stock/3-3 Adjuset/3-3 Adjuset-add/item qty'

2019-05-31 13:45:36 - [MESSAGE][PASSED] - Text '10' is set on object 'Object Repository/3 Stock/3-3 Adjuset/3-3 Adjuset-add/item qty'

2019-05-31 13:45:36 - [TEST_STEP][PASSED] - setText(findTestObject("3 Stock/3-3 Adjuset/3-3 Adjuset-add/item price"), "120"): Text '120' is set on object 'Object Repository/3 Stock/3-3 Adjuset/3-3 Adjuset-add/item price'

2019-05-31 13:45:36 - [MESSAGE][PASSED] - Text '120' is set on object 'Object Repository/3 Stock/3-3 Adjuset/3-3 Adjuset-add/item price'

2019-05-31 13:45:36 - [TEST_STEP][PASSED] - setText(findTestObject("3 Stock/3-3 Adjuset/3-3 Adjuset-add/item price 1"), "150"): Text '150' is set on object 'Object Repository/3 Stock/3-3 Adjuset/3-3 Adjuset-add/item price 1'

2019-05-31 13:45:36 - [MESSAGE][PASSED] - Text '150' is set on object 'Object Repository/3 Stock/3-3 Adjuset/3-3 Adjuset-add/item price 1'

2019-05-31 13:45:36 - [TEST_STEP][PASSED] - click(findTestObject("3 Stock/3-3 Adjuset/3-3 Adjuset-add/save")): Object: 'Object Repository/3 Stock/3-3 Adjuset/3-3 Adjuset-add/save' is clicked on

2019-05-31 13:45:37 - [MESSAGE][PASSED] - Object: 'Object Repository/3 Stock/3-3 Adjuset/3-3 Adjuset-add/save' is clicked on]]></system-out>
         <system-err><![CDATA[]]></system-err>
      </testcase>
      <testcase name="Test Cases/Others/Accept and verify" classname="Test Cases/Others/Accept and verify" status="PASSED">
         <system-out><![CDATA[2019-05-31 13:45:37 - [TEST_CASE][PASSED] - Test Cases/Others/Accept and verify: Test Cases/Others/Accept and verify

2019-05-31 13:45:37 - [TEST_STEP][PASSED] - delay(3): Delayed 3 second(s)

2019-05-31 13:45:40 - [MESSAGE][PASSED] - Delayed 3 second(s)

2019-05-31 13:45:40 - [TEST_STEP][PASSED] - waitForAlert(5): Alert is present after 5 second(s).

2019-05-31 13:45:40 - [MESSAGE][PASSED] - Alert is present after 5 second(s).

2019-05-31 13:45:40 - [TEST_STEP][PASSED] - acceptAlert(): Alert accepted

2019-05-31 13:45:40 - [MESSAGE][PASSED] - Alert accepted

2019-05-31 13:45:40 - [TEST_STEP][PASSED] - verifyElementClickable(findTestObject("Others/Accept and verify/Verify button")): Object 'Object Repository/Others/Accept and verify/Verify button' is clickable

2019-05-31 13:45:40 - [MESSAGE][PASSED] - Object 'Object Repository/Others/Accept and verify/Verify button' is clickable]]></system-out>
         <system-err><![CDATA[]]></system-err>
      </testcase>
      <system-out><![CDATA[2019-05-31 13:45:24 - [TEST_SUITE][PASSED] - 3-3 Adjust Test Suite: Test Cases/Others/Accept and verify]]></system-out>
      <system-err><![CDATA[]]></system-err>
   </testsuite>
</testsuites>
