<?xml version="1.0" encoding="UTF-8"?>
<testsuites name="1-3 Purchase return Test Suite" time="27" tests="3" failures="0" errors="0">
   <testsuite name="1-3 Purchase return Test Suite" tests="3" failures="0" errors="0" time="27" timestamp="2019-04-25 15:30:51" hostname="KennyIC_Chen - KennyIC_Chen.compal.com" id="Test Suites/1-3 Purchase return Test Suite">
      <properties>
         <property name="deviceName" value=""/>
         <property name="devicePlatform" value=""/>
         <property name="logFolder" value="C:\\Users\\KennyIC_chen.COMPAL\\git\\PSItest\\Reports\\1-3 Purchase return Test Suite\\20190425_153049"/>
         <property name="logFiles" value="C:\\Users\\KennyIC_chen.COMPAL\\git\\PSItest\\Reports\\1-3 Purchase return Test Suite\\20190425_153049\\execution0.log"/>
         <property name="attachments" value=""/>
         <property name="hostName" value="KennyIC_Chen - KennyIC_Chen.compal.com"/>
         <property name="os" value="Windows 10 64bit"/>
         <property name="katalonVersion" value="5.10.1.1"/>
         <property name="browser" value="Chrome 73.0.3683.103"/>
         <property name="hostAddress" value="10.109.102.148"/>
         <property name="sessionId" value="53f357d2da820867205106dd23853cda"/>
         <property name="seleniumVersion" value="3.7.1"/>
         <property name="proxyInformation" value="ProxyInformation{proxyOption=NO_PROXY, proxyServerType=HTTP, password=, proxyServerAddress=, proxyServerPort=0}"/>
         <property name="platform" value="Windows 10"/>
      </properties>
      <testcase name="Test Cases/Others/Login" classname="Test Cases/Others/Login" status="PASSED">
         <system-out><![CDATA[2019-04-25 15:30:51 - [TEST_CASE][PASSED] - Test Cases/Others/Login: Test Cases/Others/Login

2019-04-25 15:30:52 - [TEST_STEP][PASSED] - openBrowser(""): Browser is opened with url: ''

2019-04-25 15:30:52 - [MESSAGE][INFO] - Starting 'Chrome' driver

2019-04-25 15:30:52 - [MESSAGE][INFO] - Action delay is set to 0 seconds

2019-04-25 15:30:55 - [MESSAGE][PASSED] - Browser is opened with url: ''

2019-04-25 15:30:55 - [TEST_STEP][PASSED] - navigateToUrl("https://psi-azcldap.unicore.com.tw/login"): Navigate to 'https://psi-azcldap.unicore.com.tw/login' successfully

2019-04-25 15:31:09 - [MESSAGE][PASSED] - Navigate to 'https://psi-azcldap.unicore.com.tw/login' successfully

2019-04-25 15:31:09 - [TEST_STEP][PASSED] - maximizeWindow(): Current window maximized

2019-04-25 15:31:10 - [MESSAGE][PASSED] - Current window maximized

2019-04-25 15:31:10 - [TEST_STEP][PASSED] - setText(findTestObject("Others/Login/ID-QWE"), "QWE"): Text 'QWE' is set on object 'Object Repository/Others/Login/ID-QWE'

2019-04-25 15:31:10 - [MESSAGE][PASSED] - Text 'QWE' is set on object 'Object Repository/Others/Login/ID-QWE'

2019-04-25 15:31:10 - [TEST_STEP][PASSED] - setEncryptedText(findTestObject("Others/Login/PW-QWE"), "5opu+sh6ATw="): Text ****** has been set on object 'Object Repository/Others/Login/PW-QWE'

2019-04-25 15:31:10 - [MESSAGE][PASSED] - Text ****** has been set on object 'Object Repository/Others/Login/PW-QWE'

2019-04-25 15:31:10 - [TEST_STEP][PASSED] - click(findTestObject("Others/Login/Login Button")): Object: 'Object Repository/Others/Login/Login Button' is clicked on

2019-04-25 15:31:10 - [MESSAGE][PASSED] - Object: 'Object Repository/Others/Login/Login Button' is clicked on

2019-04-25 15:31:10 - [TEST_STEP][PASSED] - verifyElementClickable(findTestObject("Others/Login/Verify button")): Object 'Object Repository/Others/Login/Verify button' is clickable

2019-04-25 15:31:11 - [MESSAGE][PASSED] - Object 'Object Repository/Others/Login/Verify button' is clickable]]></system-out>
         <system-err><![CDATA[]]></system-err>
      </testcase>
      <testcase name="Test Cases/1-3 Purchase return-Add" classname="Test Cases/1-3 Purchase return-Add" status="PASSED">
         <system-out><![CDATA[2019-04-25 15:31:11 - [TEST_CASE][PASSED] - Test Cases/1-3 Purchase return-Add: Test Cases/1-3 Purchase return-Add

2019-04-25 15:31:11 - [TEST_STEP][PASSED] - click(findTestObject("1-3 Return/Return button")): Object: 'Object Repository/1-3 Return/Return button' is clicked on

2019-04-25 15:31:11 - [MESSAGE][PASSED] - Object: 'Object Repository/1-3 Return/Return button' is clicked on

2019-04-25 15:31:11 - [TEST_STEP][PASSED] - click(findTestObject("1-3 Return/Add button")): Object: 'Object Repository/1-3 Return/Add button' is clicked on

2019-04-25 15:31:12 - [MESSAGE][PASSED] - Object: 'Object Repository/1-3 Return/Add button' is clicked on

2019-04-25 15:31:12 - [TEST_STEP][PASSED] - click(findTestObject("1-3 Return/Customer button")): Object: 'Object Repository/1-3 Return/Customer button' is clicked on

2019-04-25 15:31:12 - [MESSAGE][PASSED] - Object: 'Object Repository/1-3 Return/Customer button' is clicked on

2019-04-25 15:31:12 - [TEST_STEP][PASSED] - click(findTestObject("1-3 Return/Customer 95230")): Object: 'Object Repository/1-3 Return/Customer 95230' is clicked on

2019-04-25 15:31:12 - [MESSAGE][PASSED] - Object: 'Object Repository/1-3 Return/Customer 95230' is clicked on

2019-04-25 15:31:12 - [TEST_STEP][PASSED] - click(findTestObject("1-3 Return/Payment select")): Object: 'Object Repository/1-3 Return/Payment select' is clicked on

2019-04-25 15:31:12 - [MESSAGE][PASSED] - Object: 'Object Repository/1-3 Return/Payment select' is clicked on

2019-04-25 15:31:12 - [TEST_STEP][PASSED] - selectOptionByValue(findTestObject("1-3 Return/Payment"), "0: 1", true): All options with value '0: 1' are selected in object 'Object Repository/1-3 Return/Payment'  using regular expression

2019-04-25 15:31:12 - [MESSAGE][PASSED] - All options with value '0: 1' are selected in object 'Object Repository/1-3 Return/Payment'  using regular expression

2019-04-25 15:31:12 - [TEST_STEP][PASSED] - click(findTestObject("1-3 Return/Payment date 1")): Object: 'Object Repository/1-3 Return/Payment date 1' is clicked on

2019-04-25 15:31:13 - [MESSAGE][PASSED] - Object: 'Object Repository/1-3 Return/Payment date 1' is clicked on

2019-04-25 15:31:13 - [TEST_STEP][PASSED] - click(findTestObject("1-3 Return/Payment date 1 next month 10", ["xxx":abc(5)])): null

2019-04-25 15:31:13 - [TEST_STEP][PASSED] - today = new java.util.Date(): null

2019-04-25 15:31:13 - [TEST_STEP][PASSED] - day1 = Date().plus(num): null

2019-04-25 15:31:13 - [TEST_STEP][PASSED] - if (day1.format("MM") > today.format("MM")): null

2019-04-25 15:31:13 - [TEST_STEP][PASSED] - else: Object: 'Object Repository/1-3 Return/Payment date 1 next month 10' is clicked on

2019-04-25 15:31:13 - [TEST_STEP][PASSED] - return day1.format(d): Object: 'Object Repository/1-3 Return/Payment date 1 next month 10' is clicked on

2019-04-25 15:31:13 - [MESSAGE][PASSED] - Object: 'Object Repository/1-3 Return/Payment date 1 next month 10' is clicked on

2019-04-25 15:31:13 - [TEST_STEP][PASSED] - click(findTestObject("1-3 Return/Payment date 2")): Object: 'Object Repository/1-3 Return/Payment date 2' is clicked on

2019-04-25 15:31:13 - [MESSAGE][PASSED] - Object: 'Object Repository/1-3 Return/Payment date 2' is clicked on

2019-04-25 15:31:13 - [TEST_STEP][PASSED] - click(findTestObject("1-3 Return/Payment date 2 next month 15", ["xxx":abc(10)])): null

2019-04-25 15:31:13 - [TEST_STEP][PASSED] - today = new java.util.Date(): null

2019-04-25 15:31:13 - [TEST_STEP][PASSED] - day1 = Date().plus(num): null

2019-04-25 15:31:13 - [TEST_STEP][PASSED] - if (day1.format("MM") > today.format("MM")): Object: 'Object Repository/1-3 Return/Payment date 2 next month 15' is clicked on

2019-04-25 15:31:13 - [TEST_STEP][PASSED] - click(findTestObject("1-2 Purchase/Payment date 1 next month")): Object: 'Object Repository/1-2 Purchase/Payment date 1 next month' is clicked on

2019-04-25 15:31:13 - [MESSAGE][PASSED] - Object: 'Object Repository/1-2 Purchase/Payment date 1 next month' is clicked on

2019-04-25 15:31:13 - [TEST_STEP][PASSED] - return day1.format(d): Object: 'Object Repository/1-3 Return/Payment date 2 next month 15' is clicked on

2019-04-25 15:31:13 - [MESSAGE][PASSED] - Object: 'Object Repository/1-3 Return/Payment date 2 next month 15' is clicked on

2019-04-25 15:31:13 - [TEST_STEP][PASSED] - click(findTestObject("1-3 Return/Payment date 3")): Object: 'Object Repository/1-3 Return/Payment date 3' is clicked on

2019-04-25 15:31:13 - [MESSAGE][PASSED] - Object: 'Object Repository/1-3 Return/Payment date 3' is clicked on

2019-04-25 15:31:13 - [TEST_STEP][PASSED] - click(findTestObject("1-3 Return/Payment date 3 next month 20", ["xxx":abc(15)])): null

2019-04-25 15:31:13 - [TEST_STEP][PASSED] - today = new java.util.Date(): null

2019-04-25 15:31:13 - [TEST_STEP][PASSED] - day1 = Date().plus(num): null

2019-04-25 15:31:13 - [TEST_STEP][PASSED] - if (day1.format("MM") > today.format("MM")): Object: 'Object Repository/1-3 Return/Payment date 3 next month 20' is clicked on

2019-04-25 15:31:13 - [TEST_STEP][PASSED] - click(findTestObject("1-2 Purchase/Payment date 1 next month")): Object: 'Object Repository/1-2 Purchase/Payment date 1 next month' is clicked on

2019-04-25 15:31:13 - [MESSAGE][PASSED] - Object: 'Object Repository/1-2 Purchase/Payment date 1 next month' is clicked on

2019-04-25 15:31:13 - [TEST_STEP][PASSED] - return day1.format(d): Object: 'Object Repository/1-3 Return/Payment date 3 next month 20' is clicked on

2019-04-25 15:31:13 - [MESSAGE][PASSED] - Object: 'Object Repository/1-3 Return/Payment date 3 next month 20' is clicked on

2019-04-25 15:31:13 - [TEST_STEP][PASSED] - click(findTestObject("1-3 Return/Invoice select")): Object: 'Object Repository/1-3 Return/Invoice select' is clicked on

2019-04-25 15:31:13 - [MESSAGE][PASSED] - Object: 'Object Repository/1-3 Return/Invoice select' is clicked on

2019-04-25 15:31:13 - [TEST_STEP][PASSED] - selectOptionByValue(findTestObject("1-3 Return/Invoice"), "3: 4", true): All options with value '3: 4' are selected in object 'Object Repository/1-3 Return/Invoice'  using regular expression

2019-04-25 15:31:14 - [MESSAGE][PASSED] - All options with value '3: 4' are selected in object 'Object Repository/1-3 Return/Invoice'  using regular expression

2019-04-25 15:31:14 - [TEST_STEP][PASSED] - setText(findTestObject("1-3 Return/Invoice number"), Invoice_number): Text 'AB-12345678' is set on object 'Object Repository/1-3 Return/Invoice number'

2019-04-25 15:31:14 - [MESSAGE][PASSED] - Text 'AB-12345678' is set on object 'Object Repository/1-3 Return/Invoice number'

2019-04-25 15:31:14 - [TEST_STEP][PASSED] - click(findTestObject("1-3 Return/Empolyee button")): Object: 'Object Repository/1-3 Return/Empolyee button' is clicked on

2019-04-25 15:31:14 - [MESSAGE][PASSED] - Object: 'Object Repository/1-3 Return/Empolyee button' is clicked on

2019-04-25 15:31:14 - [TEST_STEP][PASSED] - click(findTestObject("1-3 Return/Employee Larry")): Object: 'Object Repository/1-3 Return/Employee Larry' is clicked on

2019-04-25 15:31:14 - [MESSAGE][PASSED] - Object: 'Object Repository/1-3 Return/Employee Larry' is clicked on

2019-04-25 15:31:14 - [TEST_STEP][PASSED] - setText(findTestObject("1-3 Return/Purchase number"), "BB87654321"): Text 'BB87654321' is set on object 'Object Repository/1-3 Return/Purchase number'

2019-04-25 15:31:15 - [MESSAGE][PASSED] - Text 'BB87654321' is set on object 'Object Repository/1-3 Return/Purchase number'

2019-04-25 15:31:15 - [TEST_STEP][PASSED] - setText(findTestObject("1-3 Return/Comment"), time()): null

2019-04-25 15:31:15 - [TEST_STEP][PASSED] - date = new java.util.Date(): null

2019-04-25 15:31:15 - [TEST_STEP][PASSED] - sdf = new java.text.SimpleDateFormat(yyyy-MM-dd HH:mm): null

2019-04-25 15:31:15 - [TEST_STEP][PASSED] - return (internal.GlobalVariable.Note + sdf.format(date)): Text 'Testing2019-04-25 15:31' is set on object 'Object Repository/1-3 Return/Comment'

2019-04-25 15:31:15 - [MESSAGE][PASSED] - Text 'Testing2019-04-25 15:31' is set on object 'Object Repository/1-3 Return/Comment'

2019-04-25 15:31:15 - [TEST_STEP][PASSED] - click(findTestObject("1-3 Return/New item button")): Object: 'Object Repository/1-3 Return/New item button' is clicked on

2019-04-25 15:31:15 - [MESSAGE][PASSED] - Object: 'Object Repository/1-3 Return/New item button' is clicked on

2019-04-25 15:31:15 - [TEST_STEP][PASSED] - click(findTestObject("1-3 Return/Item IPAD")): Object: 'Object Repository/1-3 Return/Item IPAD' is clicked on

2019-04-25 15:31:16 - [MESSAGE][PASSED] - Object: 'Object Repository/1-3 Return/Item IPAD' is clicked on

2019-04-25 15:31:16 - [TEST_STEP][PASSED] - click(findTestObject("1-3 Return/Unit button")): Object: 'Object Repository/1-3 Return/Unit button' is clicked on

2019-04-25 15:31:16 - [MESSAGE][PASSED] - Object: 'Object Repository/1-3 Return/Unit button' is clicked on

2019-04-25 15:31:16 - [TEST_STEP][PASSED] - click(findTestObject("1-3 Return/Unit Change")): Object: 'Object Repository/1-3 Return/Unit Change' is clicked on

2019-04-25 15:31:16 - [MESSAGE][PASSED] - Object: 'Object Repository/1-3 Return/Unit Change' is clicked on

2019-04-25 15:31:16 - [TEST_STEP][PASSED] - setText(findTestObject("1-3 Return/Number"), "10"): Text '10' is set on object 'Object Repository/1-3 Return/Number'

2019-04-25 15:31:16 - [MESSAGE][PASSED] - Text '10' is set on object 'Object Repository/1-3 Return/Number'

2019-04-25 15:31:16 - [TEST_STEP][PASSED] - setText(findTestObject("1-3 Return/Price"), "200"): Text '200' is set on object 'Object Repository/1-3 Return/Price'

2019-04-25 15:31:16 - [MESSAGE][PASSED] - Text '200' is set on object 'Object Repository/1-3 Return/Price'

2019-04-25 15:31:16 - [TEST_STEP][PASSED] - setText(findTestObject("1-3 Return/Total price"), "2000"): Text '2000' is set on object 'Object Repository/1-3 Return/Total price'

2019-04-25 15:31:17 - [MESSAGE][PASSED] - Text '2000' is set on object 'Object Repository/1-3 Return/Total price'

2019-04-25 15:31:17 - [TEST_STEP][PASSED] - click(findTestObject("1-3 Return/Warehouse button")): Object: 'Object Repository/1-3 Return/Warehouse button' is clicked on

2019-04-25 15:31:17 - [MESSAGE][PASSED] - Object: 'Object Repository/1-3 Return/Warehouse button' is clicked on

2019-04-25 15:31:17 - [TEST_STEP][PASSED] - click(findTestObject("1-3 Return/Warehouse 111")): Object: 'Object Repository/1-3 Return/Warehouse 111' is clicked on

2019-04-25 15:31:17 - [MESSAGE][PASSED] - Object: 'Object Repository/1-3 Return/Warehouse 111' is clicked on

2019-04-25 15:31:17 - [TEST_STEP][PASSED] - click(findTestObject("1-3 Return/Save")): Object: 'Object Repository/1-3 Return/Save' is clicked on

2019-04-25 15:31:17 - [MESSAGE][PASSED] - Object: 'Object Repository/1-3 Return/Save' is clicked on]]></system-out>
         <system-err><![CDATA[]]></system-err>
      </testcase>
      <testcase name="Test Cases/Others/Accept and verify" classname="Test Cases/Others/Accept and verify" status="PASSED">
         <system-out><![CDATA[2019-04-25 15:31:17 - [TEST_CASE][PASSED] - Test Cases/Others/Accept and verify: Test Cases/Others/Accept and verify

2019-04-25 15:31:17 - [TEST_STEP][PASSED] - waitForAlert(5): Alert is present after 5 second(s).

2019-04-25 15:31:18 - [MESSAGE][PASSED] - Alert is present after 5 second(s).

2019-04-25 15:31:18 - [TEST_STEP][PASSED] - acceptAlert(): Alert accepted

2019-04-25 15:31:18 - [MESSAGE][PASSED] - Alert accepted

2019-04-25 15:31:18 - [TEST_STEP][PASSED] - verifyElementClickable(findTestObject("Others/Accept and verify/Verify button")): Object 'Object Repository/Others/Accept and verify/Verify button' is clickable

2019-04-25 15:31:18 - [MESSAGE][PASSED] - Object 'Object Repository/Others/Accept and verify/Verify button' is clickable]]></system-out>
         <system-err><![CDATA[]]></system-err>
      </testcase>
      <system-out><![CDATA[2019-04-25 15:30:51 - [TEST_SUITE][PASSED] - 1-3 Purchase return Test Suite: Test Cases/Others/Accept and verify]]></system-out>
      <system-err><![CDATA[]]></system-err>
   </testsuite>
</testsuites>
