<?xml version="1.0" encoding="UTF-8"?>
<testsuites name="3-4 Transfer Test suite" time="18" tests="3" failures="0" errors="0">
   <testsuite name="3-4 Transfer Test suite" tests="3" failures="0" errors="0" time="18" timestamp="2019-04-29 10:15:35" hostname="KennyIC_Chen - KennyIC_Chen.compal.com" id="Test Suites/3-4 Transfer Test suite">
      <properties>
         <property name="deviceName" value=""/>
         <property name="devicePlatform" value=""/>
         <property name="logFolder" value="C:\\Users\\KennyIC_chen.COMPAL\\git\\PSItest\\Reports\\3-4 Transfer Test suite\\20190429_101534"/>
         <property name="logFiles" value="C:\\Users\\KennyIC_chen.COMPAL\\git\\PSItest\\Reports\\3-4 Transfer Test suite\\20190429_101534\\execution0.log"/>
         <property name="attachments" value=""/>
         <property name="hostName" value="KennyIC_Chen - KennyIC_Chen.compal.com"/>
         <property name="os" value="Windows 10 64bit"/>
         <property name="katalonVersion" value="5.10.1.1"/>
         <property name="browser" value="Chrome 73.0.3683.103"/>
         <property name="hostAddress" value="10.109.98.147"/>
         <property name="sessionId" value="4c0ecf5c276287a6c695867049471740"/>
         <property name="seleniumVersion" value="3.7.1"/>
         <property name="proxyInformation" value="ProxyInformation{proxyOption=NO_PROXY, proxyServerType=HTTP, password=, proxyServerAddress=, proxyServerPort=0}"/>
         <property name="platform" value="Windows 10"/>
      </properties>
      <testcase name="Test Cases/Others/Login" classname="Test Cases/Others/Login" status="PASSED">
         <system-out><![CDATA[2019-04-29 10:15:36 - [TEST_CASE][PASSED] - Test Cases/Others/Login: Test Cases/Others/Login

2019-04-29 10:15:36 - [TEST_STEP][PASSED] - openBrowser(""): Browser is opened with url: ''

2019-04-29 10:15:36 - [MESSAGE][INFO] - Starting 'Chrome' driver

2019-04-29 10:15:36 - [MESSAGE][INFO] - Action delay is set to 0 seconds

2019-04-29 10:15:40 - [MESSAGE][PASSED] - Browser is opened with url: ''

2019-04-29 10:15:40 - [TEST_STEP][PASSED] - navigateToUrl("https://psi-azcldap.unicore.com.tw/login"): Navigate to 'https://psi-azcldap.unicore.com.tw/login' successfully

2019-04-29 10:15:43 - [MESSAGE][PASSED] - Navigate to 'https://psi-azcldap.unicore.com.tw/login' successfully

2019-04-29 10:15:43 - [TEST_STEP][PASSED] - maximizeWindow(): Current window maximized

2019-04-29 10:15:44 - [MESSAGE][PASSED] - Current window maximized

2019-04-29 10:15:44 - [TEST_STEP][PASSED] - setText(findTestObject("Others/Login/ID-QWE"), "QWE"): Text 'QWE' is set on object 'Object Repository/Others/Login/ID-QWE'

2019-04-29 10:15:45 - [MESSAGE][PASSED] - Text 'QWE' is set on object 'Object Repository/Others/Login/ID-QWE'

2019-04-29 10:15:45 - [TEST_STEP][PASSED] - setEncryptedText(findTestObject("Others/Login/PW-QWE"), "5opu+sh6ATw="): Text ****** has been set on object 'Object Repository/Others/Login/PW-QWE'

2019-04-29 10:15:45 - [MESSAGE][PASSED] - Text ****** has been set on object 'Object Repository/Others/Login/PW-QWE'

2019-04-29 10:15:45 - [TEST_STEP][PASSED] - click(findTestObject("Others/Login/Login Button")): Object: 'Object Repository/Others/Login/Login Button' is clicked on

2019-04-29 10:15:45 - [MESSAGE][PASSED] - Object: 'Object Repository/Others/Login/Login Button' is clicked on

2019-04-29 10:15:45 - [TEST_STEP][PASSED] - verifyElementClickable(findTestObject("Others/Login/Verify button")): Object 'Object Repository/Others/Login/Verify button' is clickable

2019-04-29 10:15:45 - [MESSAGE][PASSED] - Object 'Object Repository/Others/Login/Verify button' is clickable]]></system-out>
         <system-err><![CDATA[]]></system-err>
      </testcase>
      <testcase name="Test Cases/3-4 Transfer-Add" classname="Test Cases/3-4 Transfer-Add" status="PASSED">
         <system-out><![CDATA[2019-04-29 10:15:45 - [TEST_CASE][PASSED] - Test Cases/3-4 Transfer-Add: Test Cases/3-4 Transfer-Add

2019-04-29 10:15:46 - [TEST_STEP][PASSED] - click(findTestObject("Object Repository/3-4 Transfer/Transfer button")): Object: 'Object Repository/3-4 Transfer/Transfer button' is clicked on

2019-04-29 10:15:46 - [MESSAGE][PASSED] - Object: 'Object Repository/3-4 Transfer/Transfer button' is clicked on

2019-04-29 10:15:46 - [TEST_STEP][PASSED] - click(findTestObject("Object Repository/3-4 Transfer/Transfer note add")): Object: 'Object Repository/3-4 Transfer/Transfer note add' is clicked on

2019-04-29 10:15:46 - [MESSAGE][PASSED] - Object: 'Object Repository/3-4 Transfer/Transfer note add' is clicked on

2019-04-29 10:15:46 - [TEST_STEP][PASSED] - click(findTestObject("3-4 Transfer/Transfer employee button")): Object: 'Object Repository/3-4 Transfer/Transfer employee button' is clicked on

2019-04-29 10:15:46 - [MESSAGE][PASSED] - Object: 'Object Repository/3-4 Transfer/Transfer employee button' is clicked on

2019-04-29 10:15:46 - [TEST_STEP][PASSED] - click(findTestObject("Object Repository/3-4 Transfer/Transfer employee")): Object: 'Object Repository/3-4 Transfer/Transfer employee' is clicked on

2019-04-29 10:15:47 - [MESSAGE][PASSED] - Object: 'Object Repository/3-4 Transfer/Transfer employee' is clicked on

2019-04-29 10:15:47 - [TEST_STEP][PASSED] - setText(findTestObject("Object Repository/3-4 Transfer/Transfer note"), time()): null

2019-04-29 10:15:47 - [TEST_STEP][PASSED] - date = new java.util.Date(): null

2019-04-29 10:15:47 - [TEST_STEP][PASSED] - sdf = new java.text.SimpleDateFormat(yyyyMMddHHmm): null

2019-04-29 10:15:47 - [TEST_STEP][PASSED] - return (internal.GlobalVariable.Note + sdf.format(date)): Text 'Testing201904291015' is set on object 'Object Repository/3-4 Transfer/Transfer note'

2019-04-29 10:15:47 - [MESSAGE][PASSED] - Text 'Testing201904291015' is set on object 'Object Repository/3-4 Transfer/Transfer note'

2019-04-29 10:15:47 - [TEST_STEP][PASSED] - click(findTestObject("Object Repository/3-4 Transfer/Transfer item add")): Object: 'Object Repository/3-4 Transfer/Transfer item add' is clicked on

2019-04-29 10:15:47 - [MESSAGE][PASSED] - Object: 'Object Repository/3-4 Transfer/Transfer item add' is clicked on

2019-04-29 10:15:47 - [TEST_STEP][PASSED] - click(findTestObject("3-4 Transfer/Transfer item add select")): Object: 'Object Repository/3-4 Transfer/Transfer item add select' is clicked on

2019-04-29 10:15:48 - [MESSAGE][PASSED] - Object: 'Object Repository/3-4 Transfer/Transfer item add select' is clicked on

2019-04-29 10:15:48 - [TEST_STEP][PASSED] - click(findTestObject("3-4 Transfer/Item unit select button")): Object: 'Object Repository/3-4 Transfer/Item unit select button' is clicked on

2019-04-29 10:15:48 - [MESSAGE][PASSED] - Object: 'Object Repository/3-4 Transfer/Item unit select button' is clicked on

2019-04-29 10:15:48 - [TEST_STEP][PASSED] - click(findTestObject("3-4 Transfer/Item unit select")): Object: 'Object Repository/3-4 Transfer/Item unit select' is clicked on

2019-04-29 10:15:48 - [MESSAGE][PASSED] - Object: 'Object Repository/3-4 Transfer/Item unit select' is clicked on

2019-04-29 10:15:48 - [TEST_STEP][PASSED] - click(findTestObject("3-4 Transfer/Item warehouse 1 button")): Object: 'Object Repository/3-4 Transfer/Item warehouse 1 button' is clicked on

2019-04-29 10:15:48 - [MESSAGE][PASSED] - Object: 'Object Repository/3-4 Transfer/Item warehouse 1 button' is clicked on

2019-04-29 10:15:48 - [TEST_STEP][PASSED] - click(findTestObject("Object Repository/3-4 Transfer/Item warehouse 1 select")): Object: 'Object Repository/3-4 Transfer/Item warehouse 1 select' is clicked on

2019-04-29 10:15:49 - [MESSAGE][PASSED] - Object: 'Object Repository/3-4 Transfer/Item warehouse 1 select' is clicked on

2019-04-29 10:15:49 - [TEST_STEP][PASSED] - click(findTestObject("3-4 Transfer/Item warehouse 2 button")): Object: 'Object Repository/3-4 Transfer/Item warehouse 2 button' is clicked on

2019-04-29 10:15:49 - [MESSAGE][PASSED] - Object: 'Object Repository/3-4 Transfer/Item warehouse 2 button' is clicked on

2019-04-29 10:15:49 - [TEST_STEP][PASSED] - click(findTestObject("Object Repository/3-4 Transfer/Item warehouse 2 select")): Object: 'Object Repository/3-4 Transfer/Item warehouse 2 select' is clicked on

2019-04-29 10:15:50 - [MESSAGE][PASSED] - Object: 'Object Repository/3-4 Transfer/Item warehouse 2 select' is clicked on

2019-04-29 10:15:50 - [TEST_STEP][PASSED] - setText(findTestObject("Object Repository/3-4 Transfer/Item QTY"), "1"): Text '1' is set on object 'Object Repository/3-4 Transfer/Item QTY'

2019-04-29 10:15:50 - [MESSAGE][PASSED] - Text '1' is set on object 'Object Repository/3-4 Transfer/Item QTY'

2019-04-29 10:15:50 - [TEST_STEP][PASSED] - setText(findTestObject("Object Repository/3-4 Transfer/Item Batch number"), "88888888"): Text '88888888' is set on object 'Object Repository/3-4 Transfer/Item Batch number'

2019-04-29 10:15:50 - [MESSAGE][PASSED] - Text '88888888' is set on object 'Object Repository/3-4 Transfer/Item Batch number'

2019-04-29 10:15:50 - [TEST_STEP][PASSED] - click(findTestObject("3-4 Transfer/Save button")): Object: 'Object Repository/3-4 Transfer/Save button' is clicked on

2019-04-29 10:15:50 - [MESSAGE][PASSED] - Object: 'Object Repository/3-4 Transfer/Save button' is clicked on]]></system-out>
         <system-err><![CDATA[]]></system-err>
      </testcase>
      <testcase name="Test Cases/Others/Accept and verify" classname="Test Cases/Others/Accept and verify" status="PASSED">
         <system-out><![CDATA[2019-04-29 10:15:50 - [TEST_CASE][PASSED] - Test Cases/Others/Accept and verify: Test Cases/Others/Accept and verify

2019-04-29 10:15:50 - [TEST_STEP][PASSED] - delay(3): Delayed 3 second(s)

2019-04-29 10:15:53 - [MESSAGE][PASSED] - Delayed 3 second(s)

2019-04-29 10:15:53 - [TEST_STEP][PASSED] - waitForAlert(5): Alert is present after 5 second(s).

2019-04-29 10:15:53 - [MESSAGE][PASSED] - Alert is present after 5 second(s).

2019-04-29 10:15:53 - [TEST_STEP][PASSED] - acceptAlert(): Alert accepted

2019-04-29 10:15:53 - [MESSAGE][PASSED] - Alert accepted

2019-04-29 10:15:53 - [TEST_STEP][PASSED] - verifyElementClickable(findTestObject("Others/Accept and verify/Verify button")): Object 'Object Repository/Others/Accept and verify/Verify button' is clickable

2019-04-29 10:15:53 - [MESSAGE][PASSED] - Object 'Object Repository/Others/Accept and verify/Verify button' is clickable]]></system-out>
         <system-err><![CDATA[]]></system-err>
      </testcase>
      <system-out><![CDATA[2019-04-29 10:15:35 - [TEST_SUITE][PASSED] - 3-4 Transfer Test suite: Test Cases/Others/Accept and verify]]></system-out>
      <system-err><![CDATA[]]></system-err>
   </testsuite>
</testsuites>
