<?xml version="1.0" encoding="UTF-8"?>
<testsuites name="1-3 Purchase return Test Suite" time="53" tests="6" failures="0" errors="0">
   <testsuite name="1-3 Purchase return Test Suite" tests="6" failures="0" errors="0" time="53" timestamp="2019-07-03 09:59:33" hostname="KennyIC_Chen - Larry_Chen.compal.com" id="Test Suites/1-3 Purchase return Test Suite">
      <properties>
         <property name="deviceName" value=""/>
         <property name="devicePlatform" value=""/>
         <property name="logFolder" value="D:\\Kenny\\D\\Katalon Studio\\PSI\\PSItest\\Reports\\1-3 Purchase return Test Suite\\20190703_095911"/>
         <property name="logFiles" value="D:\\Kenny\\D\\Katalon Studio\\PSI\\PSItest\\Reports\\1-3 Purchase return Test Suite\\20190703_095911\\execution0.log"/>
         <property name="attachments" value="D:\\Kenny\\D\\Katalon Studio\\PSI\\PSItest\\Reports\\1-3 Purchase return Test Suite\\20190703_095911\\1562119200695.png, D:\\Kenny\\D\\Katalon Studio\\PSI\\PSItest\\Reports\\1-3 Purchase return Test Suite\\20190703_095911\\1562119208227.png, D:\\Kenny\\D\\Katalon Studio\\PSI\\PSItest\\Reports\\1-3 Purchase return Test Suite\\20190703_095911\\1562119211358.png, D:\\Kenny\\D\\Katalon Studio\\PSI\\PSItest\\Reports\\1-3 Purchase return Test Suite\\20190703_095911\\1562119214455.png"/>
         <property name="hostName" value="KennyIC_Chen - Larry_Chen.compal.com"/>
         <property name="os" value="Windows 10 64bit"/>
         <property name="katalonVersion" value="5.10.1.1"/>
         <property name="browser" value="Chrome 74.0.3729.169"/>
         <property name="hostAddress" value="10.109.102.145"/>
         <property name="sessionId" value="53874efa83043a0e8e1c6e5756b3386a"/>
         <property name="seleniumVersion" value="3.7.1"/>
         <property name="proxyInformation" value="ProxyInformation{proxyOption=NO_PROXY, proxyServerType=HTTP, password=, proxyServerAddress=, proxyServerPort=0}"/>
         <property name="platform" value="Windows 10"/>
      </properties>
      <testcase name="Test Cases/Others/Login" classname="Test Cases/Others/Login" status="PASSED">
         <system-out><![CDATA[2019-07-03 09:59:34 - [TEST_CASE][PASSED] - Test Cases/Others/Login: Test Cases/Others/Login

2019-07-03 09:59:35 - [TEST_STEP][PASSED] - openBrowser(""): Browser is opened with url: ''

2019-07-03 09:59:36 - [MESSAGE][INFO] - Starting 'Chrome' driver

2019-07-03 09:59:36 - [MESSAGE][INFO] - Action delay is set to 0 seconds

2019-07-03 09:59:41 - [MESSAGE][PASSED] - Browser is opened with url: ''

2019-07-03 09:59:41 - [TEST_STEP][PASSED] - navigateToUrl("https://psi-azcldap.unicore.com.tw/login"): Navigate to 'https://psi-azcldap.unicore.com.tw/login' successfully

2019-07-03 09:59:47 - [MESSAGE][PASSED] - Navigate to 'https://psi-azcldap.unicore.com.tw/login' successfully

2019-07-03 09:59:47 - [TEST_STEP][PASSED] - maximizeWindow(): Current window maximized

2019-07-03 09:59:49 - [MESSAGE][PASSED] - Current window maximized

2019-07-03 09:59:49 - [TEST_STEP][PASSED] - setText(findTestObject("Others/Login/ID-QWE"), "QWE"): Text 'QWE' is set on object 'Object Repository/Others/Login/ID-QWE'

2019-07-03 09:59:49 - [MESSAGE][PASSED] - Text 'QWE' is set on object 'Object Repository/Others/Login/ID-QWE'

2019-07-03 09:59:49 - [TEST_STEP][PASSED] - setEncryptedText(findTestObject("Others/Login/PW-QWE"), "5opu+sh6ATw="): Text ****** has been set on object 'Object Repository/Others/Login/PW-QWE'

2019-07-03 09:59:50 - [MESSAGE][PASSED] - Text ****** has been set on object 'Object Repository/Others/Login/PW-QWE'

2019-07-03 09:59:50 - [TEST_STEP][PASSED] - click(findTestObject("Others/Login/Login Button")): Object: 'Object Repository/Others/Login/Login Button' is clicked on

2019-07-03 09:59:50 - [MESSAGE][PASSED] - Object: 'Object Repository/Others/Login/Login Button' is clicked on

2019-07-03 09:59:50 - [TEST_STEP][PASSED] - verifyElementClickable(findTestObject("Others/Login/Verify button")): Object 'Object Repository/Others/Login/Verify button' is clickable

2019-07-03 09:59:51 - [MESSAGE][PASSED] - Object 'Object Repository/Others/Login/Verify button' is clickable]]></system-out>
         <system-err><![CDATA[]]></system-err>
      </testcase>
      <testcase name="Test Cases/1 In/1-3 Purchase return/1-3 Purchase return-Add" classname="Test Cases/1 In/1-3 Purchase return/1-3 Purchase return-Add" status="PASSED">
         <system-out><![CDATA[2019-07-03 09:59:51 - [TEST_CASE][PASSED] - Test Cases/1 In/1-3 Purchase return/1-3 Purchase return-Add: Test Cases/1 In/1-3 Purchase return/1-3 Purchase return-Add

2019-07-03 09:59:51 - [TEST_STEP][PASSED] - click(findTestObject("1 In/1-3 Return/Add/Return button")): Object: 'Object Repository/1 In/1-3 Return/Add/Return button' is clicked on

2019-07-03 09:59:51 - [MESSAGE][PASSED] - Object: 'Object Repository/1 In/1-3 Return/Add/Return button' is clicked on

2019-07-03 09:59:51 - [TEST_STEP][PASSED] - click(findTestObject("1 In/1-3 Return/Add/Add button")): Object: 'Object Repository/1 In/1-3 Return/Add/Add button' is clicked on

2019-07-03 09:59:51 - [MESSAGE][PASSED] - Object: 'Object Repository/1 In/1-3 Return/Add/Add button' is clicked on

2019-07-03 09:59:51 - [TEST_STEP][PASSED] - click(findTestObject("1 In/1-3 Return/Add/Customer button")): Object: 'Object Repository/1 In/1-3 Return/Add/Customer button' is clicked on

2019-07-03 09:59:52 - [MESSAGE][PASSED] - Object: 'Object Repository/1 In/1-3 Return/Add/Customer button' is clicked on

2019-07-03 09:59:52 - [TEST_STEP][PASSED] - click(findTestObject("1 In/1-3 Return/Add/Customer")): Object: 'Object Repository/1 In/1-3 Return/Add/Customer' is clicked on

2019-07-03 09:59:52 - [MESSAGE][PASSED] - Object: 'Object Repository/1 In/1-3 Return/Add/Customer' is clicked on

2019-07-03 09:59:52 - [TEST_STEP][PASSED] - click(findTestObject("1 In/1-3 Return/Add/Purchasedate")): Object: 'Object Repository/1 In/1-3 Return/Add/Purchasedate' is clicked on

2019-07-03 09:59:53 - [MESSAGE][PASSED] - Object: 'Object Repository/1 In/1-3 Return/Add/Purchasedate' is clicked on

2019-07-03 09:59:53 - [TEST_STEP][PASSED] - click(findTestObject("1 In/1-2 Purchase/Add/Payment date 1 next month_10", ["xxx":abc(0)])): null

2019-07-03 09:59:53 - [TEST_STEP][PASSED] - today = new java.util.Date(): null

2019-07-03 09:59:53 - [TEST_STEP][PASSED] - day1 = Date().plus(num): null

2019-07-03 09:59:53 - [TEST_STEP][PASSED] - if (day1.format("MM") > today.format("MM")): null

2019-07-03 09:59:53 - [TEST_STEP][PASSED] - else: Object: 'Object Repository/1 In/1-2 Purchase/Add/Payment date 1 next month_10' is clicked on

2019-07-03 09:59:53 - [TEST_STEP][PASSED] - return day1.format(d): Object: 'Object Repository/1 In/1-2 Purchase/Add/Payment date 1 next month_10' is clicked on

2019-07-03 09:59:53 - [MESSAGE][PASSED] - Object: 'Object Repository/1 In/1-2 Purchase/Add/Payment date 1 next month_10' is clicked on

2019-07-03 09:59:53 - [TEST_STEP][PASSED] - click(findTestObject("1 In/1-3 Return/Add/Payment select")): Object: 'Object Repository/1 In/1-3 Return/Add/Payment select' is clicked on

2019-07-03 09:59:53 - [MESSAGE][PASSED] - Object: 'Object Repository/1 In/1-3 Return/Add/Payment select' is clicked on

2019-07-03 09:59:53 - [TEST_STEP][PASSED] - selectOptionByValue(findTestObject("1 In/1-3 Return/Add/Payment"), "0: 1", true): All options with value '0: 1' are selected in object 'Object Repository/1 In/1-3 Return/Add/Payment'  using regular expression

2019-07-03 09:59:54 - [MESSAGE][PASSED] - All options with value '0: 1' are selected in object 'Object Repository/1 In/1-3 Return/Add/Payment'  using regular expression

2019-07-03 09:59:54 - [TEST_STEP][PASSED] - click(findTestObject("1 In/1-3 Return/Add/Payment Date 1")): Object: 'Object Repository/1 In/1-3 Return/Add/Payment Date 1' is clicked on

2019-07-03 09:59:54 - [MESSAGE][PASSED] - Object: 'Object Repository/1 In/1-3 Return/Add/Payment Date 1' is clicked on

2019-07-03 09:59:54 - [TEST_STEP][PASSED] - click(findTestObject("1 In/1-3 Return/Add/Payment date 1 next month 10", ["xxx":abc(5)])): null

2019-07-03 09:59:54 - [TEST_STEP][PASSED] - today = new java.util.Date(): null

2019-07-03 09:59:54 - [TEST_STEP][PASSED] - day1 = Date().plus(num): null

2019-07-03 09:59:54 - [TEST_STEP][PASSED] - if (day1.format("MM") > today.format("MM")): null

2019-07-03 09:59:54 - [TEST_STEP][PASSED] - else: Object: 'Object Repository/1 In/1-3 Return/Add/Payment date 1 next month 10' is clicked on

2019-07-03 09:59:54 - [TEST_STEP][PASSED] - return day1.format(d): Object: 'Object Repository/1 In/1-3 Return/Add/Payment date 1 next month 10' is clicked on

2019-07-03 09:59:54 - [MESSAGE][PASSED] - Object: 'Object Repository/1 In/1-3 Return/Add/Payment date 1 next month 10' is clicked on

2019-07-03 09:59:54 - [TEST_STEP][PASSED] - click(findTestObject("1 In/1-3 Return/Add/Payment Date 2")): Object: 'Object Repository/1 In/1-3 Return/Add/Payment Date 2' is clicked on

2019-07-03 09:59:54 - [MESSAGE][PASSED] - Object: 'Object Repository/1 In/1-3 Return/Add/Payment Date 2' is clicked on

2019-07-03 09:59:54 - [TEST_STEP][PASSED] - click(findTestObject("1 In/1-3 Return/Add/Payment date 2 next month 15", ["xxx":abc(10)])): null

2019-07-03 09:59:54 - [TEST_STEP][PASSED] - today = new java.util.Date(): null

2019-07-03 09:59:54 - [TEST_STEP][PASSED] - day1 = Date().plus(num): null

2019-07-03 09:59:54 - [TEST_STEP][PASSED] - if (day1.format("MM") > today.format("MM")): null

2019-07-03 09:59:54 - [TEST_STEP][PASSED] - else: Object: 'Object Repository/1 In/1-3 Return/Add/Payment date 2 next month 15' is clicked on

2019-07-03 09:59:54 - [TEST_STEP][PASSED] - return day1.format(d): Object: 'Object Repository/1 In/1-3 Return/Add/Payment date 2 next month 15' is clicked on

2019-07-03 09:59:54 - [MESSAGE][PASSED] - Object: 'Object Repository/1 In/1-3 Return/Add/Payment date 2 next month 15' is clicked on

2019-07-03 09:59:54 - [TEST_STEP][PASSED] - click(findTestObject("1 In/1-3 Return/Add/Payment Date 3")): Object: 'Object Repository/1 In/1-3 Return/Add/Payment Date 3' is clicked on

2019-07-03 09:59:55 - [MESSAGE][PASSED] - Object: 'Object Repository/1 In/1-3 Return/Add/Payment Date 3' is clicked on

2019-07-03 09:59:55 - [TEST_STEP][PASSED] - click(findTestObject("1 In/1-3 Return/Add/Payment date 3 next month 20", ["xxx":abc(15)])): null

2019-07-03 09:59:55 - [TEST_STEP][PASSED] - today = new java.util.Date(): null

2019-07-03 09:59:55 - [TEST_STEP][PASSED] - day1 = Date().plus(num): null

2019-07-03 09:59:55 - [TEST_STEP][PASSED] - if (day1.format("MM") > today.format("MM")): null

2019-07-03 09:59:55 - [TEST_STEP][PASSED] - else: Object: 'Object Repository/1 In/1-3 Return/Add/Payment date 3 next month 20' is clicked on

2019-07-03 09:59:55 - [TEST_STEP][PASSED] - return day1.format(d): Object: 'Object Repository/1 In/1-3 Return/Add/Payment date 3 next month 20' is clicked on

2019-07-03 09:59:55 - [MESSAGE][PASSED] - Object: 'Object Repository/1 In/1-3 Return/Add/Payment date 3 next month 20' is clicked on

2019-07-03 09:59:55 - [TEST_STEP][PASSED] - click(findTestObject("1 In/1-3 Return/Add/Invoice select")): Object: 'Object Repository/1 In/1-3 Return/Add/Invoice select' is clicked on

2019-07-03 09:59:55 - [MESSAGE][PASSED] - Object: 'Object Repository/1 In/1-3 Return/Add/Invoice select' is clicked on

2019-07-03 09:59:55 - [TEST_STEP][PASSED] - selectOptionByValue(findTestObject("1 In/1-3 Return/Add/Invoice"), "3: 4", true): All options with value '3: 4' are selected in object 'Object Repository/1 In/1-3 Return/Add/Invoice'  using regular expression

2019-07-03 09:59:55 - [MESSAGE][PASSED] - All options with value '3: 4' are selected in object 'Object Repository/1 In/1-3 Return/Add/Invoice'  using regular expression

2019-07-03 09:59:55 - [TEST_STEP][PASSED] - setText(findTestObject("1 In/1-3 Return/Add/Invoice number"), Invoice_number): Text 'AB-12345678' is set on object 'Object Repository/1 In/1-3 Return/Add/Invoice number'

2019-07-03 09:59:55 - [MESSAGE][PASSED] - Text 'AB-12345678' is set on object 'Object Repository/1 In/1-3 Return/Add/Invoice number'

2019-07-03 09:59:55 - [TEST_STEP][PASSED] - click(findTestObject("1 In/1-3 Return/Add/Empolyee button")): Object: 'Object Repository/1 In/1-3 Return/Add/Empolyee button' is clicked on

2019-07-03 09:59:56 - [MESSAGE][PASSED] - Object: 'Object Repository/1 In/1-3 Return/Add/Empolyee button' is clicked on

2019-07-03 09:59:56 - [TEST_STEP][PASSED] - click(findTestObject("1 In/1-3 Return/Add/Employee Larry")): Object: 'Object Repository/1 In/1-3 Return/Add/Employee Larry' is clicked on

2019-07-03 09:59:56 - [MESSAGE][PASSED] - Object: 'Object Repository/1 In/1-3 Return/Add/Employee Larry' is clicked on

2019-07-03 09:59:56 - [TEST_STEP][PASSED] - setText(findTestObject("1 In/1-3 Return/Add/Purchase number"), "BB87654321"): Text 'BB87654321' is set on object 'Object Repository/1 In/1-3 Return/Add/Purchase number'

2019-07-03 09:59:57 - [MESSAGE][PASSED] - Text 'BB87654321' is set on object 'Object Repository/1 In/1-3 Return/Add/Purchase number'

2019-07-03 09:59:57 - [TEST_STEP][PASSED] - setText(findTestObject("1 In/1-3 Return/Add/Note"), time()): null

2019-07-03 09:59:57 - [TEST_STEP][PASSED] - date = new java.util.Date(): null

2019-07-03 09:59:57 - [TEST_STEP][PASSED] - sdf = new java.text.SimpleDateFormat(yyyyMMddHHmm): null

2019-07-03 09:59:57 - [TEST_STEP][PASSED] - Time = Note + sdf.format(date): null

2019-07-03 09:59:57 - [TEST_STEP][PASSED] - return internal.GlobalVariable.Time: Text 'Testing201907030959' is set on object 'Object Repository/1 In/1-3 Return/Add/Note'

2019-07-03 09:59:57 - [MESSAGE][PASSED] - Text 'Testing201907030959' is set on object 'Object Repository/1 In/1-3 Return/Add/Note'

2019-07-03 09:59:57 - [TEST_STEP][PASSED] - click(findTestObject("1 In/1-3 Return/Add/New item button")): Object: 'Object Repository/1 In/1-3 Return/Add/New item button' is clicked on

2019-07-03 09:59:57 - [MESSAGE][PASSED] - Object: 'Object Repository/1 In/1-3 Return/Add/New item button' is clicked on

2019-07-03 09:59:57 - [TEST_STEP][PASSED] - click(findTestObject("1 In/1-3 Return/Add/Item IPAD")): Object: 'Object Repository/1 In/1-3 Return/Add/Item IPAD' is clicked on

2019-07-03 09:59:58 - [MESSAGE][PASSED] - Object: 'Object Repository/1 In/1-3 Return/Add/Item IPAD' is clicked on

2019-07-03 09:59:58 - [TEST_STEP][PASSED] - click(findTestObject("1 In/1-3 Return/Add/Unit button")): Object: 'Object Repository/1 In/1-3 Return/Add/Unit button' is clicked on

2019-07-03 09:59:58 - [MESSAGE][PASSED] - Object: 'Object Repository/1 In/1-3 Return/Add/Unit button' is clicked on

2019-07-03 09:59:58 - [TEST_STEP][PASSED] - click(findTestObject("1 In/1-3 Return/Add/Unit Change")): Object: 'Object Repository/1 In/1-3 Return/Add/Unit Change' is clicked on

2019-07-03 09:59:59 - [MESSAGE][PASSED] - Object: 'Object Repository/1 In/1-3 Return/Add/Unit Change' is clicked on

2019-07-03 09:59:59 - [TEST_STEP][PASSED] - setText(findTestObject("1 In/1-3 Return/Add/Number"), "10"): Text '10' is set on object 'Object Repository/1 In/1-3 Return/Add/Number'

2019-07-03 09:59:59 - [MESSAGE][PASSED] - Text '10' is set on object 'Object Repository/1 In/1-3 Return/Add/Number'

2019-07-03 09:59:59 - [TEST_STEP][PASSED] - setText(findTestObject("1 In/1-3 Return/Add/Price"), "200"): Text '200' is set on object 'Object Repository/1 In/1-3 Return/Add/Price'

2019-07-03 09:59:59 - [MESSAGE][PASSED] - Text '200' is set on object 'Object Repository/1 In/1-3 Return/Add/Price'

2019-07-03 09:59:59 - [TEST_STEP][PASSED] - setText(findTestObject("1 In/1-3 Return/Add/Total price"), "2000"): Text '2000' is set on object 'Object Repository/1 In/1-3 Return/Add/Total price'

2019-07-03 09:59:59 - [MESSAGE][PASSED] - Text '2000' is set on object 'Object Repository/1 In/1-3 Return/Add/Total price'

2019-07-03 09:59:59 - [TEST_STEP][PASSED] - click(findTestObject("1 In/1-3 Return/Add/Warehouse button")): Object: 'Object Repository/1 In/1-3 Return/Add/Warehouse button' is clicked on

2019-07-03 09:59:59 - [MESSAGE][PASSED] - Object: 'Object Repository/1 In/1-3 Return/Add/Warehouse button' is clicked on

2019-07-03 09:59:59 - [TEST_STEP][PASSED] - click(findTestObject("1 In/1-3 Return/Add/Warehouse 111")): Object: 'Object Repository/1 In/1-3 Return/Add/Warehouse 111' is clicked on

2019-07-03 10:00:00 - [MESSAGE][PASSED] - Object: 'Object Repository/1 In/1-3 Return/Add/Warehouse 111' is clicked on

2019-07-03 10:00:00 - [TEST_STEP][PASSED] - takeScreenshot(): Taking screenshot successfully

2019-07-03 10:00:01 - [MESSAGE][PASSED] - Taking screenshot successfully
[[ATTACHMENT|D:\\Kenny\\D\\Katalon Studio\\PSI\\PSItest\\Reports\\1-3 Purchase return Test Suite\\20190703_095911\\1562119200695.png]]

2019-07-03 10:00:01 - [TEST_STEP][PASSED] - click(findTestObject("1 In/1-3 Return/Add/Save")): Object: 'Object Repository/1 In/1-3 Return/Add/Save' is clicked on

2019-07-03 10:00:01 - [MESSAGE][PASSED] - Object: 'Object Repository/1 In/1-3 Return/Add/Save' is clicked on]]></system-out>
         <system-err><![CDATA[]]></system-err>
      </testcase>
      <testcase name="Test Cases/Others/Accept and verify" classname="Test Cases/Others/Accept and verify" status="PASSED">
         <system-out><![CDATA[2019-07-03 10:00:01 - [TEST_CASE][PASSED] - Test Cases/Others/Accept and verify: Test Cases/Others/Accept and verify

2019-07-03 10:00:01 - [TEST_STEP][PASSED] - delay(1): Delayed 1 second(s)

2019-07-03 10:00:03 - [MESSAGE][PASSED] - Delayed 1 second(s)

2019-07-03 10:00:03 - [TEST_STEP][PASSED] - waitForAlert(5): Alert is present after 5 second(s).

2019-07-03 10:00:03 - [MESSAGE][PASSED] - Alert is present after 5 second(s).

2019-07-03 10:00:03 - [TEST_STEP][PASSED] - acceptAlert(): Alert accepted

2019-07-03 10:00:03 - [MESSAGE][PASSED] - Alert accepted

2019-07-03 10:00:03 - [TEST_STEP][PASSED] - verifyElementClickable(findTestObject("Others/Accept and verify/Verify button")): Object 'Object Repository/Others/Accept and verify/Verify button' is clickable

2019-07-03 10:00:03 - [MESSAGE][PASSED] - Object 'Object Repository/Others/Accept and verify/Verify button' is clickable]]></system-out>
         <system-err><![CDATA[]]></system-err>
      </testcase>
      <testcase name="Test Cases/1 In/1-3 Purchase return/1-3 Purchase return-Edit" classname="Test Cases/1 In/1-3 Purchase return/1-3 Purchase return-Edit" status="PASSED">
         <system-out><![CDATA[2019-07-03 10:00:03 - [TEST_CASE][PASSED] - Test Cases/1 In/1-3 Purchase return/1-3 Purchase return-Edit: Test Cases/1 In/1-3 Purchase return/1-3 Purchase return-Edit

2019-07-03 10:00:03 - [TEST_STEP][PASSED] - delay(1): Delayed 1 second(s)

2019-07-03 10:00:04 - [MESSAGE][PASSED] - Delayed 1 second(s)

2019-07-03 10:00:04 - [TEST_STEP][PASSED] - click(findTestObject("Object Repository/1 In/1-3 Return/Edit/Sort button by no")): Object: 'Object Repository/1 In/1-3 Return/Edit/Sort button by no' is clicked on

2019-07-03 10:00:04 - [MESSAGE][PASSED] - Object: 'Object Repository/1 In/1-3 Return/Edit/Sort button by no' is clicked on

2019-07-03 10:00:04 - [TEST_STEP][PASSED] - click(findTestObject("Object Repository/1 In/1-3 Return/Edit/Sort button by no")): Object: 'Object Repository/1 In/1-3 Return/Edit/Sort button by no' is clicked on

2019-07-03 10:00:05 - [MESSAGE][PASSED] - Object: 'Object Repository/1 In/1-3 Return/Edit/Sort button by no' is clicked on

2019-07-03 10:00:05 - [TEST_STEP][PASSED] - XXX = Time: null

2019-07-03 10:00:05 - [TEST_STEP][PASSED] - click(findTestObject("1 In/1-3 Return/Edit/Select Purchase Return by note", ["xxx":XXX])): Object: 'Object Repository/1 In/1-3 Return/Edit/Select Purchase Return by note' is clicked on

2019-07-03 10:00:05 - [MESSAGE][PASSED] - Object: 'Object Repository/1 In/1-3 Return/Edit/Select Purchase Return by note' is clicked on

2019-07-03 10:00:05 - [TEST_STEP][PASSED] - click(findTestObject("Object Repository/1 In/1-3 Return/Edit/Edit button")): Object: 'Object Repository/1 In/1-3 Return/Edit/Edit button' is clicked on

2019-07-03 10:00:05 - [MESSAGE][PASSED] - Object: 'Object Repository/1 In/1-3 Return/Edit/Edit button' is clicked on

2019-07-03 10:00:05 - [TEST_STEP][PASSED] - click(findTestObject("Object Repository/1 In/1-3 Return/Edit/Add item button")): Object: 'Object Repository/1 In/1-3 Return/Edit/Add item button' is clicked on

2019-07-03 10:00:05 - [MESSAGE][PASSED] - Object: 'Object Repository/1 In/1-3 Return/Edit/Add item button' is clicked on

2019-07-03 10:00:05 - [TEST_STEP][PASSED] - click(findTestObject("Object Repository/1 In/1-3 Return/Edit/Select item")): Object: 'Object Repository/1 In/1-3 Return/Edit/Select item' is clicked on

2019-07-03 10:00:06 - [MESSAGE][PASSED] - Object: 'Object Repository/1 In/1-3 Return/Edit/Select item' is clicked on

2019-07-03 10:00:06 - [TEST_STEP][PASSED] - click(findTestObject("Object Repository/1 In/1-3 Return/Edit/Number button")): Object: 'Object Repository/1 In/1-3 Return/Edit/Number button' is clicked on

2019-07-03 10:00:06 - [MESSAGE][PASSED] - Object: 'Object Repository/1 In/1-3 Return/Edit/Number button' is clicked on

2019-07-03 10:00:06 - [TEST_STEP][PASSED] - setText(findTestObject("Object Repository/1 In/1-3 Return/Edit/Number text"), "5"): Text '5' is set on object 'Object Repository/1 In/1-3 Return/Edit/Number text'

2019-07-03 10:00:07 - [MESSAGE][PASSED] - Text '5' is set on object 'Object Repository/1 In/1-3 Return/Edit/Number text'

2019-07-03 10:00:07 - [TEST_STEP][PASSED] - setText(findTestObject("Object Repository/1 In/1-3 Return/Edit/Total price text"), "5"): Text '5' is set on object 'Object Repository/1 In/1-3 Return/Edit/Total price text'

2019-07-03 10:00:07 - [MESSAGE][PASSED] - Text '5' is set on object 'Object Repository/1 In/1-3 Return/Edit/Total price text'

2019-07-03 10:00:07 - [TEST_STEP][PASSED] - click(findTestObject("Object Repository/1 In/1-3 Return/Edit/Warehouse button")): Object: 'Object Repository/1 In/1-3 Return/Edit/Warehouse button' is clicked on

2019-07-03 10:00:07 - [MESSAGE][PASSED] - Object: 'Object Repository/1 In/1-3 Return/Edit/Warehouse button' is clicked on

2019-07-03 10:00:07 - [TEST_STEP][PASSED] - click(findTestObject("Object Repository/1 In/1-3 Return/Edit/Warehouse select")): Object: 'Object Repository/1 In/1-3 Return/Edit/Warehouse select' is clicked on

2019-07-03 10:00:08 - [MESSAGE][PASSED] - Object: 'Object Repository/1 In/1-3 Return/Edit/Warehouse select' is clicked on

2019-07-03 10:00:08 - [TEST_STEP][PASSED] - takeScreenshot(): Taking screenshot successfully

2019-07-03 10:00:08 - [MESSAGE][PASSED] - Taking screenshot successfully
[[ATTACHMENT|D:\\Kenny\\D\\Katalon Studio\\PSI\\PSItest\\Reports\\1-3 Purchase return Test Suite\\20190703_095911\\1562119208227.png]]

2019-07-03 10:00:08 - [TEST_STEP][PASSED] - click(findTestObject("Object Repository/1 In/1-3 Return/Edit/Save button")): Object: 'Object Repository/1 In/1-3 Return/Edit/Save button' is clicked on

2019-07-03 10:00:09 - [MESSAGE][PASSED] - Object: 'Object Repository/1 In/1-3 Return/Edit/Save button' is clicked on]]></system-out>
         <system-err><![CDATA[]]></system-err>
      </testcase>
      <testcase name="Test Cases/Others/Accept and verify" classname="Test Cases/Others/Accept and verify" status="PASSED">
         <system-out><![CDATA[2019-07-03 10:00:09 - [TEST_CASE][PASSED] - Test Cases/Others/Accept and verify: Test Cases/Others/Accept and verify

2019-07-03 10:00:09 - [TEST_STEP][PASSED] - delay(1): Delayed 1 second(s)

2019-07-03 10:00:10 - [MESSAGE][PASSED] - Delayed 1 second(s)

2019-07-03 10:00:10 - [TEST_STEP][PASSED] - waitForAlert(5): Alert is present after 5 second(s).

2019-07-03 10:00:10 - [MESSAGE][PASSED] - Alert is present after 5 second(s).

2019-07-03 10:00:10 - [TEST_STEP][PASSED] - acceptAlert(): Alert accepted

2019-07-03 10:00:10 - [MESSAGE][PASSED] - Alert accepted

2019-07-03 10:00:10 - [TEST_STEP][PASSED] - verifyElementClickable(findTestObject("Others/Accept and verify/Verify button")): Object 'Object Repository/Others/Accept and verify/Verify button' is clickable

2019-07-03 10:00:10 - [MESSAGE][PASSED] - Object 'Object Repository/Others/Accept and verify/Verify button' is clickable]]></system-out>
         <system-err><![CDATA[]]></system-err>
      </testcase>
      <testcase name="Test Cases/1 In/1-3 Purchase return/1-3 Purchase return-Delete" classname="Test Cases/1 In/1-3 Purchase return/1-3 Purchase return-Delete" status="PASSED">
         <system-out><![CDATA[2019-07-03 10:00:10 - [TEST_CASE][PASSED] - Test Cases/1 In/1-3 Purchase return/1-3 Purchase return-Delete: Test Cases/1 In/1-3 Purchase return/1-3 Purchase return-Delete

2019-07-03 10:00:10 - [TEST_STEP][PASSED] - click(findTestObject("1 In/1-3 Return/Delete/Sort by return no")): Object: 'Object Repository/1 In/1-3 Return/Delete/Sort by return no' is clicked on

2019-07-03 10:00:10 - [MESSAGE][PASSED] - Object: 'Object Repository/1 In/1-3 Return/Delete/Sort by return no' is clicked on

2019-07-03 10:00:10 - [TEST_STEP][PASSED] - click(findTestObject("1 In/1-3 Return/Delete/Sort by return no")): Object: 'Object Repository/1 In/1-3 Return/Delete/Sort by return no' is clicked on

2019-07-03 10:00:11 - [MESSAGE][PASSED] - Object: 'Object Repository/1 In/1-3 Return/Delete/Sort by return no' is clicked on

2019-07-03 10:00:11 - [TEST_STEP][PASSED] - XXX = Time: null

2019-07-03 10:00:11 - [TEST_STEP][PASSED] - click(findTestObject("Object Repository/1 In/1-3 Return/Delete/Select return by note", ["xxx":XXX])): Object: 'Object Repository/1 In/1-3 Return/Delete/Select return by note' is clicked on

2019-07-03 10:00:11 - [MESSAGE][PASSED] - Object: 'Object Repository/1 In/1-3 Return/Delete/Select return by note' is clicked on

2019-07-03 10:00:11 - [TEST_STEP][PASSED] - click(findTestObject("Object Repository/1 In/1-3 Return/Delete/Return delete button")): Object: 'Object Repository/1 In/1-3 Return/Delete/Return delete button' is clicked on

2019-07-03 10:00:11 - [MESSAGE][PASSED] - Object: 'Object Repository/1 In/1-3 Return/Delete/Return delete button' is clicked on

2019-07-03 10:00:11 - [TEST_STEP][PASSED] - takeScreenshot(): Taking screenshot successfully

2019-07-03 10:00:12 - [MESSAGE][PASSED] - Taking screenshot successfully
[[ATTACHMENT|D:\\Kenny\\D\\Katalon Studio\\PSI\\PSItest\\Reports\\1-3 Purchase return Test Suite\\20190703_095911\\1562119211358.png]]

2019-07-03 10:00:12 - [TEST_STEP][PASSED] - click(findTestObject("Object Repository/1 In/1-3 Return/Delete/Ok button")): Object: 'Object Repository/1 In/1-3 Return/Delete/Ok button' is clicked on

2019-07-03 10:00:12 - [MESSAGE][PASSED] - Object: 'Object Repository/1 In/1-3 Return/Delete/Ok button' is clicked on

2019-07-03 10:00:12 - [TEST_STEP][PASSED] - delay(2): Delayed 2 second(s)

2019-07-03 10:00:14 - [MESSAGE][PASSED] - Delayed 2 second(s)

2019-07-03 10:00:14 - [TEST_STEP][PASSED] - click(findTestObject("1 In/1-3 Return/Delete/Sort by return no")): Object: 'Object Repository/1 In/1-3 Return/Delete/Sort by return no' is clicked on

2019-07-03 10:00:14 - [MESSAGE][PASSED] - Object: 'Object Repository/1 In/1-3 Return/Delete/Sort by return no' is clicked on

2019-07-03 10:00:14 - [TEST_STEP][PASSED] - click(findTestObject("1 In/1-3 Return/Delete/Sort by return no")): Object: 'Object Repository/1 In/1-3 Return/Delete/Sort by return no' is clicked on

2019-07-03 10:00:14 - [MESSAGE][PASSED] - Object: 'Object Repository/1 In/1-3 Return/Delete/Sort by return no' is clicked on

2019-07-03 10:00:14 - [TEST_STEP][PASSED] - takeScreenshot(): Taking screenshot successfully

2019-07-03 10:00:15 - [MESSAGE][PASSED] - Taking screenshot successfully
[[ATTACHMENT|D:\\Kenny\\D\\Katalon Studio\\PSI\\PSItest\\Reports\\1-3 Purchase return Test Suite\\20190703_095911\\1562119214455.png]]

2019-07-03 10:00:15 - [TEST_STEP][PASSED] - ZZZ = getText(findTestObject("Object Repository/1 In/1-3 Return/Delete/Select return by note")): Text of object 'Object Repository/1 In/1-3 Return/Delete/Select return by note' is: ''

2019-07-03 10:00:15 - [MESSAGE][PASSED] - Text of object 'Object Repository/1 In/1-3 Return/Delete/Select return by note' is: ''

2019-07-03 10:00:15 - [TEST_STEP][PASSED] - verifyNotMatch(XXX, ZZZ, true): Actual text 'Testing201907030959' and expected text '' are not matched  using regular expression

2019-07-03 10:00:15 - [MESSAGE][PASSED] - Actual text 'Testing201907030959' and expected text '' are not matched  using regular expression

2019-07-03 10:00:15 - [TEST_STEP][PASSED] - delay(10): Delayed 10 second(s)

2019-07-03 10:00:25 - [MESSAGE][PASSED] - Delayed 10 second(s)]]></system-out>
         <system-err><![CDATA[]]></system-err>
      </testcase>
      <system-out><![CDATA[2019-07-03 09:59:33 - [TEST_SUITE][PASSED] - 1-3 Purchase return Test Suite: Test Cases/1 In/1-3 Purchase return/1-3 Purchase return-Delete]]></system-out>
      <system-err><![CDATA[]]></system-err>
   </testsuite>
</testsuites>
